{"Event":{"System":{"Provider":{"@Name":"Microsoft-Windows-Security-Auditing","@Guid":"54849625-5478-4994-a5ba-3e3b0328c30d"},"EventID":"4798","Version":"0","Level":"0","Task":"13824","Opcode":"0","Keywords":"0x8020000000000000","TimeCreated":{"@SystemTime":"2024-10-26 17:32:58.7800901"},"EventRecordID":"30397","Correlation":{"@ActivityID":"683aefe8-27dd-0000-daf0-3a68dd27db01"},"Execution":{"@ProcessID":"664","@ThreadID":"1348"},"Channel":"Security","Computer":"Server002","Security":null},"EventData":{"Data":[{"@Name":"TargetUserName","#text":"Guest"},{"@Name":"TargetDomainName","#text":"SERVER002"},{"@Name":"TargetSid","#text":"S-1-5-21-3962163828-2803415714-1403596700-501"},{"@Name":"SubjectUserSid","#text":"S-1-5-18"},{"@Name":"SubjectUserName","#text":"SERVER002$"},{"@Name":"SubjectDomainName","#text":"WORKGROUP"},{"@Name":"SubjectLogonId","#text":"0x3E7"},{"@Name":"CallerProcessId","#text":"0x1B0"},{"@Name":"CallerProcessName","#text":"C:\\Windows\\System32\\taskhostw.exe"}]}}}
{"Event":{"System":{"Provider":{"@Name":"Microsoft-Windows-Security-Auditing","@Guid":"54849625-5478-4994-a5ba-3e3b0328c30d"},"EventID":"4798","Version":"0","Level":"0","Task":"13824","Opcode":"0","Keywords":"0x8020000000000000","TimeCreated":{"@SystemTime":"2024-10-26 17:32:58.7804416"},"EventRecordID":"30398","Correlation":{"@ActivityID":"683aefe8-27dd-0000-daf0-3a68dd27db01"},"Execution":{"@ProcessID":"664","@ThreadID":"1348"},"Channel":"Security","Computer":"Server002","Security":null},"EventData":{"Data":[{"@Name":"TargetUserName","#text":"lplui"},{"@Name":"TargetDomainName","#text":"SERVER002"},{"@Name":"TargetSid","#text":"S-1-5-21-3962163828-2803415714-1403596700-1001"},{"@Name":"SubjectUserSid","#text":"S-1-5-18"},{"@Name":"SubjectUserName","#text":"SERVER002$"},{"@Name":"SubjectDomainName","#text":"WORKGROUP"},{"@Name":"SubjectLogonId","#text":"0x3E7"},{"@Name":"CallerProcessId","#text":"0x1B0"},{"@Name":"CallerProcessName","#text":"C:\\Windows\\System32\\taskhostw.exe"}]}}}
{"Event":{"System":{"Provider":{"@Name":"Microsoft-Windows-Security-Auditing","@Guid":"54849625-5478-4994-a5ba-3e3b0328c30d"},"EventID":"4672","Version":"0","Level":"0","Task":"12548","Opcode":"0","Keywords":"0x8020000000000000","TimeCreated":{"@SystemTime":"2024-10-26 17:33:38.9972680"},"EventRecordID":"30399","Correlation":{"@ActivityID":"683aefe8-27dd-0000-daf0-3a68dd27db01"},"Execution":{"@ProcessID":"664","@ThreadID":"764"},"Channel":"Security","Computer":"Server002","Security":null},"EventData":{"Data":[{"@Name":"SubjectUserSid","#text":"S-1-5-21-3962163828-2803415714-1403596700-1006"},{"@Name":"SubjectUserName","#text":"admin_test"},{"@Name":"SubjectDomainName","#text":"SERVER002"},{"@Name":"SubjectLogonId","#text":"0x229288"},{"@Name":"PrivilegeList","#text":"SeSecurityPrivilege, SeBackupPrivilege, SeRestorePrivilege, SeTakeOwnershipPrivilege, SeDebugPrivilege, SeSystemEnvironmentPrivilege, SeLoadDriverPrivilege, SeImpersonatePrivilege, SeDelegateSessionUserImpersonatePrivilege"}]}}}
{"Event":{"System":{"Provider":{"@Name":"Microsoft-Windows-Security-Auditing","@Guid":"54849625-5478-4994-a5ba-3e3b0328c30d"},"EventID":"4624","Version":"2","Level":"0","Task":"12544","Opcode":"0","Keywords":"0x8020000000000000","TimeCreated":{"@SystemTime":"2024-10-26 17:33:38.9973542"},"EventRecordID":"30400","Correlation":{"@ActivityID":"683aefe8-27dd-0000-daf0-3a68dd27db01"},"Execution":{"@ProcessID":"664","@ThreadID":"764"},"Channel":"Security","Computer":"Server002","Security":null},"EventData":{"Data":[{"@Name":"SubjectUserSid","#text":"S-1-0-0"},{"@Name":"SubjectUserName","#text":"-"},{"@Name":"SubjectDomainName","#text":"-"},{"@Name":"SubjectLogonId","#text":"0x0"},{"@Name":"TargetUserSid","#text":"S-1-5-21-3962163828-2803415714-1403596700-1006"},{"@Name":"TargetUserName","#text":"admin_test"},{"@Name":"TargetDomainName","#text":"SERVER002"},{"@Name":"TargetLogonId","#text":"0x229288"},{"@Name":"LogonType","#text":"3"},{"@Name":"LogonProcessName","#text":"NtLmSsp "},{"@Name":"AuthenticationPackageName","#text":"NTLM"},{"@Name":"WorkstationName","#text":"DESKTOP-3HL5B2P"},{"@Name":"LogonGuid","#text":"00000000-0000-0000-0000-000000000000"},{"@Name":"TransmittedServices","#text":"-"},{"@Name":"LmPackageName","#text":"NTLM V2"},{"@Name":"KeyLength","#text":"128"},{"@Name":"ProcessId","#text":"0x0"},{"@Name":"ProcessName","#text":"-"},{"@Name":"IpAddress","#text":"192.168.0.102"},{"@Name":"IpPort","#text":"60568"},{"@Name":"ImpersonationLevel","#text":"%%1833"},{"@Name":"RestrictedAdminMode","#text":"-"},{"@Name":"TargetOutboundUserName","#text":"-"},{"@Name":"TargetOutboundDomainName","#text":"-"},{"@Name":"VirtualAccount","#text":"%%1843"},{"@Name":"TargetLinkedLogonId","#text":"0x0"},{"@Name":"ElevatedToken","#text":"%%1842"}]}}}
