

{"Event":{"System":{"Provider":{"@Name":"Microsoft-Windows-WindowsUpdateClient","@Guid":"945a8954-c147-4acd-923f-40c45405a658"},"EventID":"19","Version":"1","Level":"4","Task":"1","Opcode":"13","Keywords":"0x8000000000000018","TimeCreated":{"@SystemTime":"2024-10-28 15:41:58.0411328"},"EventRecordID":"3568","Correlation":null,"Execution":{"@ProcessID":"4740","@ThreadID":"5872"},"Channel":"System","Computer":"Server002","Security":{"@UserID":"S-1-5-18"}},"EventData":{"Data":[{"@Name":"updateTitle","#text":"Security Intelligence Update for Microsoft Defender Antivirus - KB2267602 (Version 1.419.751.0) - Current Channel (Broad)"},{"@Name":"updateGuid","#text":"3178f124-d827-4c1c-a4b3-5cdd2ab4d101"},{"@Name":"updateRevisionNumber","#text":"200"},{"@Name":"serviceGuid","#text":"9482f4b4-e343-43b6-b170-9a65bc822c77"}]}}}
{"Event":{"System":{"Provider":{"@Name":"Microsoft-Windows-Kernel-General","@Guid":"a68ca8b7-004f-d7b6-a698-07e2de0f1f5d"},"EventID":"24","Version":"0","Level":"4","Task":"11","Opcode":"0","Keywords":"0x8000000000000010","TimeCreated":{"@SystemTime":"2024-10-28 15:42:19.3677714"},"EventRecordID":"3569","Correlation":null,"Execution":{"@ProcessID":"5744","@ThreadID":"6088"},"Channel":"System","Computer":"Server002","Security":{"@UserID":"S-1-5-19"}},"EventData":{"Data":[{"@Name":"ExitReason","#text":"0"},{"@Name":"CurrentBias","#text":"0"},{"@Name":"CurrentTimeZoneID","#text":"1"},{"@Name":"TimeZoneInfoCacheUpdated","#text":"0"},{"@Name":"FirstRefresh","#text":"0"}]}}}
{"Event":{"System":{"Provider":{"@Name":"Microsoft-Windows-Kernel-General","@Guid":"a68ca8b7-004f-d7b6-a698-07e2de0f1f5d"},"EventID":"1","Version":"2","Level":"4","Task":"5","Opcode":"0","Keywords":"0x8000000000000010","TimeCreated":{"@SystemTime":"2024-10-28 15:42:19.3682945"},"EventRecordID":"3570","Correlation":null,"Execution":{"@ProcessID":"5744","@ThreadID":"6088"},"Channel":"System","Computer":"Server002","Security":{"@UserID":"S-1-5-19"}},"EventData":{"Data":[{"@Name":"NewTime","#text":"2024-10-28 15:42:19.3676566"},{"@Name":"OldTime","#text":"2024-10-28 15:42:00.9469504"},{"@Name":"Reason","#text":"1"},{"@Name":"ProcessName","#text":"\\Device\\HarddiskVolume2\\Windows\\System32\\svchost.exe"},{"@Name":"ProcessID","#text":"5744"}]}}}
{"Event":{"System":{"Provider":{"@Name":"Microsoft-Windows-Time-Service","@Guid":"06edcfeb-0fd0-4e53-acca-a6f8bbf81bcb"},"EventID":"35","Version":"0","Level":"4","Task":"0","Opcode":"0","Keywords":"0x8000000000000000","TimeCreated":{"@SystemTime":"2024-10-28 15:42:19.3690384"},"EventRecordID":"3571","Correlation":null,"Execution":{"@ProcessID":"5744","@ThreadID":"5752"},"Channel":"System","Computer":"Server002","Security":{"@UserID":"S-1-5-19"}},"EventData":{"@Name":"TMP_EVENT_TIME_SOURCE_CHOSEN","Data":[{"@Name":"TimeSource","#text":"time.windows.com,0x9 (ntp.m|0x9|0.0.0.0:123-&gt;20.101.57.9:123)"},{"@Name":"TimeSourceRefId","#text":"154756372"},{"@Name":"CurrentStratumNumber","#text":"4"}]}}}
{"Event":{"System":{"Provider":{"@Name":"Microsoft-Windows-Kernel-General","@Guid":"a68ca8b7-004f-d7b6-a698-07e2de0f1f5d"},"EventID":"24","Version":"0","Level":"4","Task":"11","Opcode":"0","Keywords":"0x8000000000000010","TimeCreated":{"@SystemTime":"2024-10-28 15:42:19.3691389"},"EventRecordID":"3572","Correlation":null,"Execution":{"@ProcessID":"5744","@ThreadID":"6088"},"Channel":"System","Computer":"Server002","Security":{"@UserID":"S-1-5-19"}},"EventData":{"Data":[{"@Name":"ExitReason","#text":"0"},{"@Name":"CurrentBias","#text":"0"},{"@Name":"CurrentTimeZoneID","#text":"1"},{"@Name":"TimeZoneInfoCacheUpdated","#text":"0"},{"@Name":"FirstRefresh","#text":"0"}]}}}
{"Event":{"System":{"Provider":{"@Name":"Microsoft-Windows-Kernel-General","@Guid":"a68ca8b7-004f-d7b6-a698-07e2de0f1f5d"},"EventID":"1","Version":"2","Level":"4","Task":"5","Opcode":"0","Keywords":"0x8000000000000010","TimeCreated":{"@SystemTime":"2024-10-28 15:42:19.3693832"},"EventRecordID":"3573","Correlation":null,"Execution":{"@ProcessID":"5744","@ThreadID":"6088"},"Channel":"System","Computer":"Server002","Security":{"@UserID":"S-1-5-19"}},"EventData":{"Data":[{"@Name":"NewTime","#text":"2024-10-28 15:42:19.3690229"},{"@Name":"OldTime","#text":"2024-10-28 15:42:19.3676566"},{"@Name":"Reason","#text":"1"},{"@Name":"ProcessName","#text":"\\Device\\HarddiskVolume2\\Windows\\System32\\svchost.exe"},{"@Name":"ProcessID","#text":"5744"}]}}}
{"Event":{"System":{"Provider":{"@Name":"Service Control Manager","@Guid":"{555908d1-a6d7-4695-8e1e-26931d2012f4}","@EventSourceName":"Service Control Manager"},"EventID":{"@Qualifiers":"16384","#text":"7045"},"Version":"0","Level":"4","Task":"0","Opcode":"0","Keywords":"0x8080000000000000","TimeCreated":{"@SystemTime":"2024-10-28 15:42:33.0325627"},"EventRecordID":"3574","Correlation":null,"Execution":{"@ProcessID":"668","@ThreadID":"752"},"Channel":"System","Computer":"Server002","Security":{"@UserID":"S-1-5-21-3962163828-2803415714-1403596700-1006"}},"EventData":{"Data":[{"@Name":"ServiceName","#text":"KeyScrambler"},{"@Name":"ImagePath","#text":"System32\\drivers\\keyscrambler.sys"},{"@Name":"ServiceType","#text":"kernel mode driver"},{"@Name":"StartType","#text":"demand start"},{"@Name":"AccountName"}]}}}
{"Event":{"System":{"Provider":{"@Name":"Service Control Manager","@Guid":"{555908d1-a6d7-4695-8e1e-26931d2012f4}","@EventSourceName":"Service Control Manager"},"EventID":{"@Qualifiers":"16384","#text":"7045"},"Version":"0","Level":"4","Task":"0","Opcode":"0","Keywords":"0x8080000000000000","TimeCreated":{"@SystemTime":"2024-10-28 15:42:33.3266548"},"EventRecordID":"3575","Correlation":null,"Execution":{"@ProcessID":"668","@ThreadID":"752"},"Channel":"System","Computer":"Server002","Security":{"@UserID":"S-1-5-21-3962163828-2803415714-1403596700-1006"}},"EventData":{"Data":[{"@Name":"ServiceName","#text":"QFX Software Update Service"},{"@Name":"ImagePath","#text":"C:\\Program Files (x86)\\KeyScrambler\\x64\\QFXUpdateService.exe"},{"@Name":"ServiceType","#text":"user mode service"},{"@Name":"StartType","#text":"demand start"},{"@Name":"AccountName","#text":"LocalSystem"}]}}}
