{"Event":{"System":{"Provider":{"@Name":"PowerShell"},"EventID":{"@Qualifiers":"0","#text":"600"},"Version":"0","Level":"4","Task":"6","Opcode":"0","Keywords":"0x80000000000000","TimeCreated":{"@SystemTime":"2024-10-28 15:41:57.3284370"},"EventRecordID":"1043","Correlation":null,"Execution":{"@ProcessID":"0","@ThreadID":"0"},"Channel":"Windows PowerShell","Computer":"Server002","Security":null},"EventData":{"Data":"Registry, Started, \tProviderName=Registry\r\n\tNewProviderState=Started\r\n\r\n\tSequenceNumber=1\r\n\r\n\tHostName=ConsoleHost\r\n\tHostVersion=5.1.19041.5007\r\n\tHostId=75b773e5-d288-4ec9-8fb6-ee46dcc29c4a\r\n\tHostApplication=powershell.exe &amp; {Write-Host 1.Downloading KeyScrambler from official website to temp directory\r\nInvoke-WebRequest -Uri \"https://download.qfxsoftware.com/download/latest/KeyScrambler_Setup.exe\" -OutFile $env:Temp\\KeyScrambler_Setup.exe\r\nWrite-Host 2.Installing KeyScrambler with KeyScrambler_Setup.exe from temp directory\r\nStart-Process -FilePath $env:Temp\\KeyScrambler_Setup.exe -ArgumentList /S -Wait\r\nWrite-Host 3.Copying KeyScrambler.exe to temp folder,to avoid permission issues, which calls KeyScramblerIE.dll in CWD i.e. temp\r\nCopy-Item \"C:\\Program Files (x86)\\KeyScrambler\\KeyScrambler.exe\" -Destination $env:TEMP\\KeyScrambler.exe\r\nWrite-Host 4.Executing KeyScrambler.exe, you should see a popup of missing KeyScramblerIE.dll, you can close this popup\r\nStart-Process -FilePath $env:Temp\\KeyScrambler.exe\r\nWrite-Host 5.A modified KeyScramblerIE.dll can be copied to temp, which can be misused by scripter}\r\n\tEngineVersion=\r\n\tRunspaceId=\r\n\tPipelineId=\r\n\tCommandName=\r\n\tCommandType=\r\n\tScriptName=\r\n\tCommandPath=\r\n\tCommandLine=","Binary":""}}}
{"Event":{"System":{"Provider":{"@Name":"PowerShell"},"EventID":{"@Qualifiers":"0","#text":"600"},"Version":"0","Level":"4","Task":"6","Opcode":"0","Keywords":"0x80000000000000","TimeCreated":{"@SystemTime":"2024-10-28 15:41:57.3284370"},"EventRecordID":"1044","Correlation":null,"Execution":{"@ProcessID":"0","@ThreadID":"0"},"Channel":"Windows PowerShell","Computer":"Server002","Security":null},"EventData":{"Data":"Alias, Started, \tProviderName=Alias\r\n\tNewProviderState=Started\r\n\r\n\tSequenceNumber=3\r\n\r\n\tHostName=ConsoleHost\r\n\tHostVersion=5.1.19041.5007\r\n\tHostId=75b773e5-d288-4ec9-8fb6-ee46dcc29c4a\r\n\tHostApplication=powershell.exe &amp; {Write-Host 1.Downloading KeyScrambler from official website to temp directory\r\nInvoke-WebRequest -Uri \"https://download.qfxsoftware.com/download/latest/KeyScrambler_Setup.exe\" -OutFile $env:Temp\\KeyScrambler_Setup.exe\r\nWrite-Host 2.Installing KeyScrambler with KeyScrambler_Setup.exe from temp directory\r\nStart-Process -FilePath $env:Temp\\KeyScrambler_Setup.exe -ArgumentList /S -Wait\r\nWrite-Host 3.Copying KeyScrambler.exe to temp folder,to avoid permission issues, which calls KeyScramblerIE.dll in CWD i.e. temp\r\nCopy-Item \"C:\\Program Files (x86)\\KeyScrambler\\KeyScrambler.exe\" -Destination $env:TEMP\\KeyScrambler.exe\r\nWrite-Host 4.Executing KeyScrambler.exe, you should see a popup of missing KeyScramblerIE.dll, you can close this popup\r\nStart-Process -FilePath $env:Temp\\KeyScrambler.exe\r\nWrite-Host 5.A modified KeyScramblerIE.dll can be copied to temp, which can be misused by scripter}\r\n\tEngineVersion=\r\n\tRunspaceId=\r\n\tPipelineId=\r\n\tCommandName=\r\n\tCommandType=\r\n\tScriptName=\r\n\tCommandPath=\r\n\tCommandLine=","Binary":""}}}
{"Event":{"System":{"Provider":{"@Name":"PowerShell"},"EventID":{"@Qualifiers":"0","#text":"600"},"Version":"0","Level":"4","Task":"6","Opcode":"0","Keywords":"0x80000000000000","TimeCreated":{"@SystemTime":"2024-10-28 15:41:57.3284370"},"EventRecordID":"1045","Correlation":null,"Execution":{"@ProcessID":"0","@ThreadID":"0"},"Channel":"Windows PowerShell","Computer":"Server002","Security":null},"EventData":{"Data":"Environment, Started, \tProviderName=Environment\r\n\tNewProviderState=Started\r\n\r\n\tSequenceNumber=5\r\n\r\n\tHostName=ConsoleHost\r\n\tHostVersion=5.1.19041.5007\r\n\tHostId=75b773e5-d288-4ec9-8fb6-ee46dcc29c4a\r\n\tHostApplication=powershell.exe &amp; {Write-Host 1.Downloading KeyScrambler from official website to temp directory\r\nInvoke-WebRequest -Uri \"https://download.qfxsoftware.com/download/latest/KeyScrambler_Setup.exe\" -OutFile $env:Temp\\KeyScrambler_Setup.exe\r\nWrite-Host 2.Installing KeyScrambler with KeyScrambler_Setup.exe from temp directory\r\nStart-Process -FilePath $env:Temp\\KeyScrambler_Setup.exe -ArgumentList /S -Wait\r\nWrite-Host 3.Copying KeyScrambler.exe to temp folder,to avoid permission issues, which calls KeyScramblerIE.dll in CWD i.e. temp\r\nCopy-Item \"C:\\Program Files (x86)\\KeyScrambler\\KeyScrambler.exe\" -Destination $env:TEMP\\KeyScrambler.exe\r\nWrite-Host 4.Executing KeyScrambler.exe, you should see a popup of missing KeyScramblerIE.dll, you can close this popup\r\nStart-Process -FilePath $env:Temp\\KeyScrambler.exe\r\nWrite-Host 5.A modified KeyScramblerIE.dll can be copied to temp, which can be misused by scripter}\r\n\tEngineVersion=\r\n\tRunspaceId=\r\n\tPipelineId=\r\n\tCommandName=\r\n\tCommandType=\r\n\tScriptName=\r\n\tCommandPath=\r\n\tCommandLine=","Binary":""}}}
{"Event":{"System":{"Provider":{"@Name":"PowerShell"},"EventID":{"@Qualifiers":"0","#text":"600"},"Version":"0","Level":"4","Task":"6","Opcode":"0","Keywords":"0x80000000000000","TimeCreated":{"@SystemTime":"2024-10-28 15:41:57.3481793"},"EventRecordID":"1046","Correlation":null,"Execution":{"@ProcessID":"0","@ThreadID":"0"},"Channel":"Windows PowerShell","Computer":"Server002","Security":null},"EventData":{"Data":"FileSystem, Started, \tProviderName=FileSystem\r\n\tNewProviderState=Started\r\n\r\n\tSequenceNumber=7\r\n\r\n\tHostName=ConsoleHost\r\n\tHostVersion=5.1.19041.5007\r\n\tHostId=75b773e5-d288-4ec9-8fb6-ee46dcc29c4a\r\n\tHostApplication=powershell.exe &amp; {Write-Host 1.Downloading KeyScrambler from official website to temp directory\r\nInvoke-WebRequest -Uri \"https://download.qfxsoftware.com/download/latest/KeyScrambler_Setup.exe\" -OutFile $env:Temp\\KeyScrambler_Setup.exe\r\nWrite-Host 2.Installing KeyScrambler with KeyScrambler_Setup.exe from temp directory\r\nStart-Process -FilePath $env:Temp\\KeyScrambler_Setup.exe -ArgumentList /S -Wait\r\nWrite-Host 3.Copying KeyScrambler.exe to temp folder,to avoid permission issues, which calls KeyScramblerIE.dll in CWD i.e. temp\r\nCopy-Item \"C:\\Program Files (x86)\\KeyScrambler\\KeyScrambler.exe\" -Destination $env:TEMP\\KeyScrambler.exe\r\nWrite-Host 4.Executing KeyScrambler.exe, you should see a popup of missing KeyScramblerIE.dll, you can close this popup\r\nStart-Process -FilePath $env:Temp\\KeyScrambler.exe\r\nWrite-Host 5.A modified KeyScramblerIE.dll can be copied to temp, which can be misused by scripter}\r\n\tEngineVersion=\r\n\tRunspaceId=\r\n\tPipelineId=\r\n\tCommandName=\r\n\tCommandType=\r\n\tScriptName=\r\n\tCommandPath=\r\n\tCommandLine=","Binary":""}}}
{"Event":{"System":{"Provider":{"@Name":"PowerShell"},"EventID":{"@Qualifiers":"0","#text":"600"},"Version":"0","Level":"4","Task":"6","Opcode":"0","Keywords":"0x80000000000000","TimeCreated":{"@SystemTime":"2024-10-28 15:41:57.3481793"},"EventRecordID":"1047","Correlation":null,"Execution":{"@ProcessID":"0","@ThreadID":"0"},"Channel":"Windows PowerShell","Computer":"Server002","Security":null},"EventData":{"Data":"Function, Started, \tProviderName=Function\r\n\tNewProviderState=Started\r\n\r\n\tSequenceNumber=9\r\n\r\n\tHostName=ConsoleHost\r\n\tHostVersion=5.1.19041.5007\r\n\tHostId=75b773e5-d288-4ec9-8fb6-ee46dcc29c4a\r\n\tHostApplication=powershell.exe &amp; {Write-Host 1.Downloading KeyScrambler from official website to temp directory\r\nInvoke-WebRequest -Uri \"https://download.qfxsoftware.com/download/latest/KeyScrambler_Setup.exe\" -OutFile $env:Temp\\KeyScrambler_Setup.exe\r\nWrite-Host 2.Installing KeyScrambler with KeyScrambler_Setup.exe from temp directory\r\nStart-Process -FilePath $env:Temp\\KeyScrambler_Setup.exe -ArgumentList /S -Wait\r\nWrite-Host 3.Copying KeyScrambler.exe to temp folder,to avoid permission issues, which calls KeyScramblerIE.dll in CWD i.e. temp\r\nCopy-Item \"C:\\Program Files (x86)\\KeyScrambler\\KeyScrambler.exe\" -Destination $env:TEMP\\KeyScrambler.exe\r\nWrite-Host 4.Executing KeyScrambler.exe, you should see a popup of missing KeyScramblerIE.dll, you can close this popup\r\nStart-Process -FilePath $env:Temp\\KeyScrambler.exe\r\nWrite-Host 5.A modified KeyScramblerIE.dll can be copied to temp, which can be misused by scripter}\r\n\tEngineVersion=\r\n\tRunspaceId=\r\n\tPipelineId=\r\n\tCommandName=\r\n\tCommandType=\r\n\tScriptName=\r\n\tCommandPath=\r\n\tCommandLine=","Binary":""}}}
{"Event":{"System":{"Provider":{"@Name":"PowerShell"},"EventID":{"@Qualifiers":"0","#text":"600"},"Version":"0","Level":"4","Task":"6","Opcode":"0","Keywords":"0x80000000000000","TimeCreated":{"@SystemTime":"2024-10-28 15:41:57.3481793"},"EventRecordID":"1048","Correlation":null,"Execution":{"@ProcessID":"0","@ThreadID":"0"},"Channel":"Windows PowerShell","Computer":"Server002","Security":null},"EventData":{"Data":"Variable, Started, \tProviderName=Variable\r\n\tNewProviderState=Started\r\n\r\n\tSequenceNumber=11\r\n\r\n\tHostName=ConsoleHost\r\n\tHostVersion=5.1.19041.5007\r\n\tHostId=75b773e5-d288-4ec9-8fb6-ee46dcc29c4a\r\n\tHostApplication=powershell.exe &amp; {Write-Host 1.Downloading KeyScrambler from official website to temp directory\r\nInvoke-WebRequest -Uri \"https://download.qfxsoftware.com/download/latest/KeyScrambler_Setup.exe\" -OutFile $env:Temp\\KeyScrambler_Setup.exe\r\nWrite-Host 2.Installing KeyScrambler with KeyScrambler_Setup.exe from temp directory\r\nStart-Process -FilePath $env:Temp\\KeyScrambler_Setup.exe -ArgumentList /S -Wait\r\nWrite-Host 3.Copying KeyScrambler.exe to temp folder,to avoid permission issues, which calls KeyScramblerIE.dll in CWD i.e. temp\r\nCopy-Item \"C:\\Program Files (x86)\\KeyScrambler\\KeyScrambler.exe\" -Destination $env:TEMP\\KeyScrambler.exe\r\nWrite-Host 4.Executing KeyScrambler.exe, you should see a popup of missing KeyScramblerIE.dll, you can close this popup\r\nStart-Process -FilePath $env:Temp\\KeyScrambler.exe\r\nWrite-Host 5.A modified KeyScramblerIE.dll can be copied to temp, which can be misused by scripter}\r\n\tEngineVersion=\r\n\tRunspaceId=\r\n\tPipelineId=\r\n\tCommandName=\r\n\tCommandType=\r\n\tScriptName=\r\n\tCommandPath=\r\n\tCommandLine=","Binary":""}}}
{"Event":{"System":{"Provider":{"@Name":"PowerShell"},"EventID":{"@Qualifiers":"0","#text":"400"},"Version":"0","Level":"4","Task":"4","Opcode":"0","Keywords":"0x80000000000000","TimeCreated":{"@SystemTime":"2024-10-28 15:41:57.4788709"},"EventRecordID":"1049","Correlation":null,"Execution":{"@ProcessID":"0","@ThreadID":"0"},"Channel":"Windows PowerShell","Computer":"Server002","Security":null},"EventData":{"Data":"Available, None, \tNewEngineState=Available\r\n\tPreviousEngineState=None\r\n\r\n\tSequenceNumber=13\r\n\r\n\tHostName=ConsoleHost\r\n\tHostVersion=5.1.19041.5007\r\n\tHostId=75b773e5-d288-4ec9-8fb6-ee46dcc29c4a\r\n\tHostApplication=powershell.exe &amp; {Write-Host 1.Downloading KeyScrambler from official website to temp directory\r\nInvoke-WebRequest -Uri \"https://download.qfxsoftware.com/download/latest/KeyScrambler_Setup.exe\" -OutFile $env:Temp\\KeyScrambler_Setup.exe\r\nWrite-Host 2.Installing KeyScrambler with KeyScrambler_Setup.exe from temp directory\r\nStart-Process -FilePath $env:Temp\\KeyScrambler_Setup.exe -ArgumentList /S -Wait\r\nWrite-Host 3.Copying KeyScrambler.exe to temp folder,to avoid permission issues, which calls KeyScramblerIE.dll in CWD i.e. temp\r\nCopy-Item \"C:\\Program Files (x86)\\KeyScrambler\\KeyScrambler.exe\" -Destination $env:TEMP\\KeyScrambler.exe\r\nWrite-Host 4.Executing KeyScrambler.exe, you should see a popup of missing KeyScramblerIE.dll, you can close this popup\r\nStart-Process -FilePath $env:Temp\\KeyScrambler.exe\r\nWrite-Host 5.A modified KeyScramblerIE.dll can be copied to temp, which can be misused by scripter}\r\n\tEngineVersion=5.1.19041.5007\r\n\tRunspaceId=bb615803-e08c-447e-902c-bf16108344dd\r\n\tPipelineId=\r\n\tCommandName=\r\n\tCommandType=\r\n\tScriptName=\r\n\tCommandPath=\r\n\tCommandLine=","Binary":""}}}
{"Event":{"System":{"Provider":{"@Name":"PowerShell"},"EventID":{"@Qualifiers":"0","#text":"403"},"Version":"0","Level":"4","Task":"4","Opcode":"0","Keywords":"0x80000000000000","TimeCreated":{"@SystemTime":"2024-10-28 15:42:37.1645499"},"EventRecordID":"1050","Correlation":null,"Execution":{"@ProcessID":"0","@ThreadID":"0"},"Channel":"Windows PowerShell","Computer":"Server002","Security":null},"EventData":{"Data":"Stopped, Available, \tNewEngineState=Stopped\r\n\tPreviousEngineState=Available\r\n\r\n\tSequenceNumber=16\r\n\r\n\tHostName=ConsoleHost\r\n\tHostVersion=5.1.19041.5007\r\n\tHostId=75b773e5-d288-4ec9-8fb6-ee46dcc29c4a\r\n\tHostApplication=powershell.exe &amp; {Write-Host 1.Downloading KeyScrambler from official website to temp directory\r\nInvoke-WebRequest -Uri \"https://download.qfxsoftware.com/download/latest/KeyScrambler_Setup.exe\" -OutFile $env:Temp\\KeyScrambler_Setup.exe\r\nWrite-Host 2.Installing KeyScrambler with KeyScrambler_Setup.exe from temp directory\r\nStart-Process -FilePath $env:Temp\\KeyScrambler_Setup.exe -ArgumentList /S -Wait\r\nWrite-Host 3.Copying KeyScrambler.exe to temp folder,to avoid permission issues, which calls KeyScramblerIE.dll in CWD i.e. temp\r\nCopy-Item \"C:\\Program Files (x86)\\KeyScrambler\\KeyScrambler.exe\" -Destination $env:TEMP\\KeyScrambler.exe\r\nWrite-Host 4.Executing KeyScrambler.exe, you should see a popup of missing KeyScramblerIE.dll, you can close this popup\r\nStart-Process -FilePath $env:Temp\\KeyScrambler.exe\r\nWrite-Host 5.A modified KeyScramblerIE.dll can be copied to temp, which can be misused by scripter}\r\n\tEngineVersion=5.1.19041.5007\r\n\tRunspaceId=bb615803-e08c-447e-902c-bf16108344dd\r\n\tPipelineId=\r\n\tCommandName=\r\n\tCommandType=\r\n\tScriptName=\r\n\tCommandPath=\r\n\tCommandLine=","Binary":""}}}
