{"Event":{"System":{"Provider":{"@Name":"Microsoft-Windows-Sysmon","@Guid":"5770385f-c22a-43e0-bf4c-06f5698ffbd9"},"EventID":"1","Version":"5","Level":"4","Task":"1","Opcode":"0","Keywords":"0x8000000000000000","TimeCreated":{"@SystemTime":"2024-10-28 15:42:35.5293524"},"EventRecordID":"18036","Correlation":null,"Execution":{"@ProcessID":"3064","@ThreadID":"4036"},"Channel":"Microsoft-Windows-Sysmon/Operational","Computer":"Server002","Security":{"@UserID":"S-1-5-18"}},"EventData":{"Data":[{"@Name":"RuleName","#text":"-"},{"@Name":"UtcTime","#text":"2024-10-28 15:42:35.521"},{"@Name":"ProcessGuid","#text":"dbf410b3-b0eb-671f-eb00-000000003900"},{"@Name":"ProcessId","#text":"1272"},{"@Name":"Image","#text":"C:\\Windows\\SysWOW64\\regsvr32.exe"},{"@Name":"FileVersion","#text":"10.0.19041.1 (WinBuild.160101.0800)"},{"@Name":"Description","#text":"Microsoft(C) Register Server"},{"@Name":"Product","#text":"Microsoft® Windows® Operating System"},{"@Name":"Company","#text":"Microsoft Corporation"},{"@Name":"OriginalFileName","#text":"REGSVR32.EXE"},{"@Name":"CommandLine","#text":"\"regsvr32\" /s \"C:\\Program Files (x86)\\KeyScrambler\\x64\\KeyScramblerIE.dll\""},{"@Name":"CurrentDirectory","#text":"C:\\Program Files (x86)\\KeyScrambler\\"},{"@Name":"User","#text":"SERVER002\\admin_test"},{"@Name":"LogonGuid","#text":"dbf410b3-b0c0-671f-7c1d-120000000000"},{"@Name":"LogonId","#text":"0x121D7C"},{"@Name":"TerminalSessionId","#text":"0"},{"@Name":"IntegrityLevel","#text":"High"},{"@Name":"Hashes","#text":"SHA256=31AEE70F9705F6578C6B41849EA3B5A948A446F494F24BEFCF5B169A1C2A71D2"},{"@Name":"ParentProcessGuid","#text":"dbf410b3-b0e1-671f-d100-000000003900"},{"@Name":"ParentProcessId","#text":"1912"},{"@Name":"ParentImage","#text":"C:\\Users\\ADMIN_~1\\AppData\\Local\\Temp\\KeyScrambler_Setup.exe"},{"@Name":"ParentCommandLine","#text":"\"C:\\Users\\ADMIN_~1\\AppData\\Local\\Temp\\KeyScrambler_Setup.exe\" /S "},{"@Name":"ParentUser","#text":"SERVER002\\admin_test"}]}}}
{"Event":{"System":{"Provider":{"@Name":"Microsoft-Windows-Sysmon","@Guid":"5770385f-c22a-43e0-bf4c-06f5698ffbd9"},"EventID":"1","Version":"5","Level":"4","Task":"1","Opcode":"0","Keywords":"0x8000000000000000","TimeCreated":{"@SystemTime":"2024-10-28 15:42:35.5662606"},"EventRecordID":"18037","Correlation":null,"Execution":{"@ProcessID":"3064","@ThreadID":"4036"},"Channel":"Microsoft-Windows-Sysmon/Operational","Computer":"Server002","Security":{"@UserID":"S-1-5-18"}},"EventData":{"Data":[{"@Name":"RuleName","#text":"-"},{"@Name":"UtcTime","#text":"2024-10-28 15:42:35.559"},{"@Name":"ProcessGuid","#text":"dbf410b3-b0eb-671f-ec00-000000003900"},{"@Name":"ProcessId","#text":"5032"},{"@Name":"Image","#text":"C:\\Windows\\System32\\regsvr32.exe"},{"@Name":"FileVersion","#text":"10.0.19041.1 (WinBuild.160101.0800)"},{"@Name":"Description","#text":"Microsoft(C) Register Server"},{"@Name":"Product","#text":"Microsoft® Windows® Operating System"},{"@Name":"Company","#text":"Microsoft Corporation"},{"@Name":"OriginalFileName","#text":"REGSVR32.EXE"},{"@Name":"CommandLine","#text":" /s \"C:\\Program Files (x86)\\KeyScrambler\\x64\\KeyScramblerIE.dll\""},{"@Name":"CurrentDirectory","#text":"C:\\Program Files (x86)\\KeyScrambler\\"},{"@Name":"User","#text":"SERVER002\\admin_test"},{"@Name":"LogonGuid","#text":"dbf410b3-b0c0-671f-7c1d-120000000000"},{"@Name":"LogonId","#text":"0x121D7C"},{"@Name":"TerminalSessionId","#text":"0"},{"@Name":"IntegrityLevel","#text":"High"},{"@Name":"Hashes","#text":"SHA256=022CB167A29A32DAE848BE91AEF721C74F1975AF151807DAFCC5ED832DB246B7"},{"@Name":"ParentProcessGuid","#text":"dbf410b3-b0eb-671f-eb00-000000003900"},{"@Name":"ParentProcessId","#text":"1272"},{"@Name":"ParentImage","#text":"C:\\Windows\\SysWOW64\\regsvr32.exe"},{"@Name":"ParentCommandLine","#text":"\"regsvr32\" /s \"C:\\Program Files (x86)\\KeyScrambler\\x64\\KeyScramblerIE.dll\""},{"@Name":"ParentUser","#text":"SERVER002\\admin_test"}]}}}
{"Event":{"System":{"Provider":{"@Name":"Microsoft-Windows-Sysmon","@Guid":"5770385f-c22a-43e0-bf4c-06f5698ffbd9"},"EventID":"5","Version":"3","Level":"4","Task":"5","Opcode":"0","Keywords":"0x8000000000000000","TimeCreated":{"@SystemTime":"2024-10-28 15:42:35.6076261"},"EventRecordID":"18038","Correlation":null,"Execution":{"@ProcessID":"3064","@ThreadID":"4036"},"Channel":"Microsoft-Windows-Sysmon/Operational","Computer":"Server002","Security":{"@UserID":"S-1-5-18"}},"EventData":{"Data":[{"@Name":"RuleName","#text":"-"},{"@Name":"UtcTime","#text":"2024-10-28 15:42:35.603"},{"@Name":"ProcessGuid","#text":"dbf410b3-b0eb-671f-ec00-000000003900"},{"@Name":"ProcessId","#text":"5032"},{"@Name":"Image","#text":"C:\\Windows\\System32\\regsvr32.exe"},{"@Name":"User","#text":"SERVER002\\admin_test"}]}}}
{"Event":{"System":{"Provider":{"@Name":"Microsoft-Windows-Sysmon","@Guid":"5770385f-c22a-43e0-bf4c-06f5698ffbd9"},"EventID":"5","Version":"3","Level":"4","Task":"5","Opcode":"0","Keywords":"0x8000000000000000","TimeCreated":{"@SystemTime":"2024-10-28 15:42:35.6128249"},"EventRecordID":"18039","Correlation":null,"Execution":{"@ProcessID":"3064","@ThreadID":"4036"},"Channel":"Microsoft-Windows-Sysmon/Operational","Computer":"Server002","Security":{"@UserID":"S-1-5-18"}},"EventData":{"Data":[{"@Name":"RuleName","#text":"-"},{"@Name":"UtcTime","#text":"2024-10-28 15:42:35.612"},{"@Name":"ProcessGuid","#text":"dbf410b3-b0eb-671f-eb00-000000003900"},{"@Name":"ProcessId","#text":"1272"},{"@Name":"Image","#text":"C:\\Windows\\SysWOW64\\regsvr32.exe"},{"@Name":"User","#text":"SERVER002\\admin_test"}]}}}
{"Event":{"System":{"Provider":{"@Name":"Microsoft-Windows-Sysmon","@Guid":"5770385f-c22a-43e0-bf4c-06f5698ffbd9"},"EventID":"1","Version":"5","Level":"4","Task":"1","Opcode":"0","Keywords":"0x8000000000000000","TimeCreated":{"@SystemTime":"2024-10-28 15:42:35.6697396"},"EventRecordID":"18040","Correlation":null,"Execution":{"@ProcessID":"3064","@ThreadID":"4036"},"Channel":"Microsoft-Windows-Sysmon/Operational","Computer":"Server002","Security":{"@UserID":"S-1-5-18"}},"EventData":{"Data":[{"@Name":"RuleName","#text":"-"},{"@Name":"UtcTime","#text":"2024-10-28 15:42:35.664"},{"@Name":"ProcessGuid","#text":"dbf410b3-b0eb-671f-ed00-000000003900"},{"@Name":"ProcessId","#text":"5828"},{"@Name":"Image","#text":"C:\\Windows\\SysWOW64\\regsvr32.exe"},{"@Name":"FileVersion","#text":"10.0.19041.1 (WinBuild.160101.0800)"},{"@Name":"Description","#text":"Microsoft(C) Register Server"},{"@Name":"Product","#text":"Microsoft® Windows® Operating System"},{"@Name":"Company","#text":"Microsoft Corporation"},{"@Name":"OriginalFileName","#text":"REGSVR32.EXE"},{"@Name":"CommandLine","#text":"\"regsvr32\" /s \"C:\\Program Files (x86)\\KeyScrambler\\KeyScramblerIE.dll\""},{"@Name":"CurrentDirectory","#text":"C:\\Program Files (x86)\\KeyScrambler\\"},{"@Name":"User","#text":"SERVER002\\admin_test"},{"@Name":"LogonGuid","#text":"dbf410b3-b0c0-671f-7c1d-120000000000"},{"@Name":"LogonId","#text":"0x121D7C"},{"@Name":"TerminalSessionId","#text":"0"},{"@Name":"IntegrityLevel","#text":"High"},{"@Name":"Hashes","#text":"SHA256=31AEE70F9705F6578C6B41849EA3B5A948A446F494F24BEFCF5B169A1C2A71D2"},{"@Name":"ParentProcessGuid","#text":"dbf410b3-b0e1-671f-d100-000000003900"},{"@Name":"ParentProcessId","#text":"1912"},{"@Name":"ParentImage","#text":"C:\\Users\\ADMIN_~1\\AppData\\Local\\Temp\\KeyScrambler_Setup.exe"},{"@Name":"ParentCommandLine","#text":"\"C:\\Users\\ADMIN_~1\\AppData\\Local\\Temp\\KeyScrambler_Setup.exe\" /S "},{"@Name":"ParentUser","#text":"SERVER002\\admin_test"}]}}}
{"Event":{"System":{"Provider":{"@Name":"Microsoft-Windows-Sysmon","@Guid":"5770385f-c22a-43e0-bf4c-06f5698ffbd9"},"EventID":"5","Version":"3","Level":"4","Task":"5","Opcode":"0","Keywords":"0x8000000000000000","TimeCreated":{"@SystemTime":"2024-10-28 15:42:35.7366370"},"EventRecordID":"18041","Correlation":null,"Execution":{"@ProcessID":"3064","@ThreadID":"4036"},"Channel":"Microsoft-Windows-Sysmon/Operational","Computer":"Server002","Security":{"@UserID":"S-1-5-18"}},"EventData":{"Data":[{"@Name":"RuleName","#text":"-"},{"@Name":"UtcTime","#text":"2024-10-28 15:42:35.730"},{"@Name":"ProcessGuid","#text":"dbf410b3-b0eb-671f-ed00-000000003900"},{"@Name":"ProcessId","#text":"5828"},{"@Name":"Image","#text":"C:\\Windows\\SysWOW64\\regsvr32.exe"},{"@Name":"User","#text":"SERVER002\\admin_test"}]}}}
{"Event":{"System":{"Provider":{"@Name":"Microsoft-Windows-Sysmon","@Guid":"5770385f-c22a-43e0-bf4c-06f5698ffbd9"},"EventID":"5","Version":"3","Level":"4","Task":"5","Opcode":"0","Keywords":"0x8000000000000000","TimeCreated":{"@SystemTime":"2024-10-28 15:42:35.8310294"},"EventRecordID":"18042","Correlation":null,"Execution":{"@ProcessID":"3064","@ThreadID":"4036"},"Channel":"Microsoft-Windows-Sysmon/Operational","Computer":"Server002","Security":{"@UserID":"S-1-5-18"}},"EventData":{"Data":[{"@Name":"RuleName","#text":"-"},{"@Name":"UtcTime","#text":"2024-10-28 15:42:35.824"},{"@Name":"ProcessGuid","#text":"dbf410b3-b0e1-671f-d100-000000003900"},{"@Name":"ProcessId","#text":"1912"},{"@Name":"Image","#text":"C:\\Users\\ADMIN_~1\\AppData\\Local\\Temp\\KeyScrambler_Setup.exe"},{"@Name":"User","#text":"SERVER002\\admin_test"}]}}}
{"Event":{"System":{"Provider":{"@Name":"Microsoft-Windows-Sysmon","@Guid":"5770385f-c22a-43e0-bf4c-06f5698ffbd9"},"EventID":"1","Version":"5","Level":"4","Task":"1","Opcode":"0","Keywords":"0x8000000000000000","TimeCreated":{"@SystemTime":"2024-10-28 15:42:36.5756623"},"EventRecordID":"18043","Correlation":null,"Execution":{"@ProcessID":"3064","@ThreadID":"4036"},"Channel":"Microsoft-Windows-Sysmon/Operational","Computer":"Server002","Security":{"@UserID":"S-1-5-18"}},"EventData":{"Data":[{"@Name":"RuleName","#text":"-"},{"@Name":"UtcTime","#text":"2024-10-28 15:42:36.567"},{"@Name":"ProcessGuid","#text":"dbf410b3-b0ec-671f-ee00-000000003900"},{"@Name":"ProcessId","#text":"4408"},{"@Name":"Image","#text":"C:\\Users\\ADMIN_~1\\AppData\\Local\\Temp\\KeyScrambler.exe"},{"@Name":"FileVersion","#text":"3,18,0,0"},{"@Name":"Description","#text":"KeyScrambler"},{"@Name":"Product","#text":"KeyScrambler"},{"@Name":"Company","#text":"QFX Software Corporation"},{"@Name":"OriginalFileName","#text":"KeyScrambler.exe"},{"@Name":"CommandLine","#text":"\"C:\\Users\\ADMIN_~1\\AppData\\Local\\Temp\\KeyScrambler.exe\" "},{"@Name":"CurrentDirectory","#text":"C:\\Users\\admin_test\\AppData\\Local\\Temp\\"},{"@Name":"User","#text":"SERVER002\\admin_test"},{"@Name":"LogonGuid","#text":"dbf410b3-b0c0-671f-7c1d-120000000000"},{"@Name":"LogonId","#text":"0x121D7C"},{"@Name":"TerminalSessionId","#text":"0"},{"@Name":"IntegrityLevel","#text":"High"},{"@Name":"Hashes","#text":"SHA256=F1575259753F52AAABBD6BAAD3069605D764761C1DA92E402F3E781ED3CF7CEA"},{"@Name":"ParentProcessGuid","#text":"dbf410b3-b0c4-671f-cf00-000000003900"},{"@Name":"ParentProcessId","#text":"4988"},{"@Name":"ParentImage","#text":"C:\\Windows\\System32\\WindowsPowerShell\\v1.0\\powershell.exe"},{"@Name":"ParentCommandLine","#text":"\"powershell.exe\" &amp; {Write-Host 1.Downloading KeyScrambler from official website to temp directory, Invoke-WebRequest -Uri \\\"\"https://download.qfxsoftware.com/download/latest/KeyScrambler_Setup.exe\\\"\" -OutFile $env:Temp\\KeyScrambler_Setup.exe, Write-Host 2.Installing KeyScrambler with KeyScrambler_Setup.exe from temp directory, Start-Process -FilePath $env:Temp\\KeyScrambler_Setup.exe -ArgumentList /S -Wait, Write-Host 3.Copying KeyScrambler.exe to temp folder,to avoid permission issues, which calls KeyScramblerIE.dll in CWD i.e. temp, Copy-Item \\\"\"C:\\Program Files (x86)\\KeyScrambler\\KeyScrambler.exe\\\"\" -Destination $env:TEMP\\KeyScrambler.exe, Write-Host 4.Executing KeyScrambler.exe, you should see a popup of missing KeyScramblerIE.dll, you can close this popup, Start-Process -FilePath $env:Temp\\KeyScrambler.exe, Write-Host 5.A modified KeyScramblerIE.dll can be copied to temp, which can be misused by scripter}"},{"@Name":"ParentUser","#text":"SERVER002\\admin_test"}]}}}
{"Event":{"System":{"Provider":{"@Name":"Microsoft-Windows-Sysmon","@Guid":"5770385f-c22a-43e0-bf4c-06f5698ffbd9"},"EventID":"5","Version":"3","Level":"4","Task":"5","Opcode":"0","Keywords":"0x8000000000000000","TimeCreated":{"@SystemTime":"2024-10-28 15:42:36.5819123"},"EventRecordID":"18044","Correlation":null,"Execution":{"@ProcessID":"3064","@ThreadID":"4036"},"Channel":"Microsoft-Windows-Sysmon/Operational","Computer":"Server002","Security":{"@UserID":"S-1-5-18"}},"EventData":{"Data":[{"@Name":"RuleName","#text":"-"},{"@Name":"UtcTime","#text":"2024-10-28 15:42:36.580"},{"@Name":"ProcessGuid","#text":"dbf410b3-b0ec-671f-ee00-000000003900"},{"@Name":"ProcessId","#text":"4408"},{"@Name":"Image","#text":"C:\\Users\\ADMIN_~1\\AppData\\Local\\Temp\\KeyScrambler.exe"},{"@Name":"User","#text":"SERVER002\\admin_test"}]}}}
{"Event":{"System":{"Provider":{"@Name":"Microsoft-Windows-Sysmon","@Guid":"5770385f-c22a-43e0-bf4c-06f5698ffbd9"},"EventID":"1","Version":"5","Level":"4","Task":"1","Opcode":"0","Keywords":"0x8000000000000000","TimeCreated":{"@SystemTime":"2024-10-28 15:42:36.6218822"},"EventRecordID":"18045","Correlation":null,"Execution":{"@ProcessID":"3064","@ThreadID":"4036"},"Channel":"Microsoft-Windows-Sysmon/Operational","Computer":"Server002","Security":{"@UserID":"S-1-5-18"}},"EventData":{"Data":[{"@Name":"RuleName","#text":"-"},{"@Name":"UtcTime","#text":"2024-10-28 15:42:36.617"},{"@Name":"ProcessGuid","#text":"dbf410b3-b0ec-671f-ef00-000000003900"},{"@Name":"ProcessId","#text":"428"},{"@Name":"Image","#text":"C:\\Windows\\System32\\svchost.exe"},{"@Name":"FileVersion","#text":"10.0.19041.4355 (WinBuild.160101.0800)"},{"@Name":"Description","#text":"Host Process for Windows Services"},{"@Name":"Product","#text":"Microsoft® Windows® Operating System"},{"@Name":"Company","#text":"Microsoft Corporation"},{"@Name":"OriginalFileName","#text":"svchost.exe"},{"@Name":"CommandLine","#text":"C:\\Windows\\system32\\svchost.exe -k netsvcs -p -s Appinfo"},{"@Name":"CurrentDirectory","#text":"C:\\Windows\\system32\\"},{"@Name":"User","#text":"NT AUTHORITY\\SYSTEM"},{"@Name":"LogonGuid","#text":"dbf410b3-be5d-671f-e703-000000000000"},{"@Name":"LogonId","#text":"0x3E7"},{"@Name":"TerminalSessionId","#text":"0"},{"@Name":"IntegrityLevel","#text":"System"},{"@Name":"Hashes","#text":"SHA256=6FC3BF1FDFD76860BE782554F8D25BD32F108DB934D70F4253F1E5F23522E503"},{"@Name":"ParentProcessGuid","#text":"00000000-0000-0000-0000-000000000000"},{"@Name":"ParentProcessId","#text":"668"},{"@Name":"ParentImage","#text":"-"},{"@Name":"ParentCommandLine","#text":"-"},{"@Name":"ParentUser","#text":"-"}]}}}
{"Event":{"System":{"Provider":{"@Name":"Microsoft-Windows-Sysmon","@Guid":"5770385f-c22a-43e0-bf4c-06f5698ffbd9"},"EventID":"5","Version":"3","Level":"4","Task":"5","Opcode":"0","Keywords":"0x8000000000000000","TimeCreated":{"@SystemTime":"2024-10-28 15:42:37.2261562"},"EventRecordID":"18046","Correlation":null,"Execution":{"@ProcessID":"3064","@ThreadID":"4036"},"Channel":"Microsoft-Windows-Sysmon/Operational","Computer":"Server002","Security":{"@UserID":"S-1-5-18"}},"EventData":{"Data":[{"@Name":"RuleName","#text":"-"},{"@Name":"UtcTime","#text":"2024-10-28 15:42:37.221"},{"@Name":"ProcessGuid","#text":"dbf410b3-b0c4-671f-cf00-000000003900"},{"@Name":"ProcessId","#text":"4988"},{"@Name":"Image","#text":"C:\\Windows\\System32\\WindowsPowerShell\\v1.0\\powershell.exe"},{"@Name":"User","#text":"SERVER002\\admin_test"}]}}}
{"Event":{"System":{"Provider":{"@Name":"Microsoft-Windows-Sysmon","@Guid":"5770385f-c22a-43e0-bf4c-06f5698ffbd9"},"EventID":"5","Version":"3","Level":"4","Task":"5","Opcode":"0","Keywords":"0x8000000000000000","TimeCreated":{"@SystemTime":"2024-10-28 15:42:37.2281034"},"EventRecordID":"18047","Correlation":null,"Execution":{"@ProcessID":"3064","@ThreadID":"4036"},"Channel":"Microsoft-Windows-Sysmon/Operational","Computer":"Server002","Security":{"@UserID":"S-1-5-18"}},"EventData":{"Data":[{"@Name":"RuleName","#text":"-"},{"@Name":"UtcTime","#text":"2024-10-28 15:42:37.221"},{"@Name":"ProcessGuid","#text":"dbf410b3-b0c4-671f-d000-000000003900"},{"@Name":"ProcessId","#text":"5756"},{"@Name":"Image","#text":"C:\\Windows\\System32\\conhost.exe"},{"@Name":"User","#text":"SERVER002\\admin_test"}]}}}
{"Event":{"System":{"Provider":{"@Name":"Microsoft-Windows-Sysmon","@Guid":"5770385f-c22a-43e0-bf4c-06f5698ffbd9"},"EventID":"5","Version":"3","Level":"4","Task":"5","Opcode":"0","Keywords":"0x8000000000000000","TimeCreated":{"@SystemTime":"2024-10-28 15:42:48.5826493"},"EventRecordID":"18048","Correlation":null,"Execution":{"@ProcessID":"3064","@ThreadID":"4036"},"Channel":"Microsoft-Windows-Sysmon/Operational","Computer":"Server002","Security":{"@UserID":"S-1-5-18"}},"EventData":{"Data":[{"@Name":"RuleName","#text":"-"},{"@Name":"UtcTime","#text":"2024-10-28 15:42:48.580"},{"@Name":"ProcessGuid","#text":"dbf410b3-b0be-671f-b400-000000003900"},{"@Name":"ProcessId","#text":"7160"},{"@Name":"Image","#text":"C:\\Windows\\System32\\sppsvc.exe"},{"@Name":"User","#text":"NT AUTHORITY\\NETWORK SERVICE"}]}}}
{"Event":{"System":{"Provider":{"@Name":"Microsoft-Windows-Sysmon","@Guid":"5770385f-c22a-43e0-bf4c-06f5698ffbd9"},"EventID":"1","Version":"5","Level":"4","Task":"1","Opcode":"0","Keywords":"0x8000000000000000","TimeCreated":{"@SystemTime":"2024-10-28 15:42:56.4280577"},"EventRecordID":"18049","Correlation":null,"Execution":{"@ProcessID":"3064","@ThreadID":"4036"},"Channel":"Microsoft-Windows-Sysmon/Operational","Computer":"Server002","Security":{"@UserID":"S-1-5-18"}},"EventData":{"Data":[{"@Name":"RuleName","#text":"-"},{"@Name":"UtcTime","#text":"2024-10-28 15:42:56.423"},{"@Name":"ProcessGuid","#text":"dbf410b3-b100-671f-f000-000000003900"},{"@Name":"ProcessId","#text":"5220"},{"@Name":"Image","#text":"C:\\Program Files (x86)\\Microsoft\\EdgeUpdate\\MicrosoftEdgeUpdate.exe"},{"@Name":"FileVersion","#text":"1.3.147.37"},{"@Name":"Description","#text":"Microsoft Edge Update"},{"@Name":"Product","#text":"Microsoft Edge Update"},{"@Name":"Company","#text":"Microsoft Corporation"},{"@Name":"OriginalFileName","#text":"msedgeupdate.dll"},{"@Name":"CommandLine","#text":"\"C:\\Program Files (x86)\\Microsoft\\EdgeUpdate\\MicrosoftEdgeUpdate.exe\" /svc"},{"@Name":"CurrentDirectory","#text":"C:\\Windows\\system32\\"},{"@Name":"User","#text":"NT AUTHORITY\\SYSTEM"},{"@Name":"LogonGuid","#text":"dbf410b3-be5d-671f-e703-000000000000"},{"@Name":"LogonId","#text":"0x3E7"},{"@Name":"TerminalSessionId","#text":"0"},{"@Name":"IntegrityLevel","#text":"System"},{"@Name":"Hashes","#text":"SHA256=3096D8E82917A9B73F322F4B1743E52E9B0C8B3C5933A957E73E29D6973CDD5B"},{"@Name":"ParentProcessGuid","#text":"00000000-0000-0000-0000-000000000000"},{"@Name":"ParentProcessId","#text":"668"},{"@Name":"ParentImage","#text":"-"},{"@Name":"ParentCommandLine","#text":"-"},{"@Name":"ParentUser","#text":"-"}]}}}
{"Event":{"System":{"Provider":{"@Name":"Microsoft-Windows-Sysmon","@Guid":"5770385f-c22a-43e0-bf4c-06f5698ffbd9"},"EventID":"1","Version":"5","Level":"4","Task":"1","Opcode":"0","Keywords":"0x8000000000000000","TimeCreated":{"@SystemTime":"2024-10-28 15:42:59.2707098"},"EventRecordID":"18050","Correlation":null,"Execution":{"@ProcessID":"3064","@ThreadID":"4036"},"Channel":"Microsoft-Windows-Sysmon/Operational","Computer":"Server002","Security":{"@UserID":"S-1-5-18"}},"EventData":{"Data":[{"@Name":"RuleName","#text":"-"},{"@Name":"UtcTime","#text":"2024-10-28 15:42:59.258"},{"@Name":"ProcessGuid","#text":"dbf410b3-b103-671f-f100-000000003900"},{"@Name":"ProcessId","#text":"2544"},{"@Name":"Image","#text":"C:\\Program Files (x86)\\Microsoft\\EdgeUpdate\\Install\\{B6903F67-2C85-4605-A9E5-41E942A572E2}\\MicrosoftEdgeUpdateSetup_X86_1.3.195.27.exe"},{"@Name":"FileVersion","#text":"1.3.195.27"},{"@Name":"Description","#text":"Microsoft Edge Update Setup"},{"@Name":"Product","#text":"Microsoft Edge Update"},{"@Name":"Company","#text":"Microsoft Corporation"},{"@Name":"OriginalFileName","#text":"MicrosoftEdgeUpdateSetup.exe"},{"@Name":"CommandLine","#text":"\"C:\\Program Files (x86)\\Microsoft\\EdgeUpdate\\Install\\{B6903F67-2C85-4605-A9E5-41E942A572E2}\\MicrosoftEdgeUpdateSetup_X86_1.3.195.27.exe\" /update /sessionid \"{7A4804AB-98E5-4D62-9BF1-C4E1D61EB727}\""},{"@Name":"CurrentDirectory","#text":"C:\\Program Files (x86)\\Microsoft\\EdgeUpdate\\1.3.195.25\\"},{"@Name":"User","#text":"NT AUTHORITY\\SYSTEM"},{"@Name":"LogonGuid","#text":"dbf410b3-be5d-671f-e703-000000000000"},{"@Name":"LogonId","#text":"0x3E7"},{"@Name":"TerminalSessionId","#text":"0"},{"@Name":"IntegrityLevel","#text":"System"},{"@Name":"Hashes","#text":"SHA256=0A72666092EAD1E76DF637ADD3C76CE00F7F2DB1F3E2A8AF092D8BBE2F4CD91E"},{"@Name":"ParentProcessGuid","#text":"dbf410b3-b100-671f-f000-000000003900"},{"@Name":"ParentProcessId","#text":"5220"},{"@Name":"ParentImage","#text":"C:\\Program Files (x86)\\Microsoft\\EdgeUpdate\\MicrosoftEdgeUpdate.exe"},{"@Name":"ParentCommandLine","#text":"\"C:\\Program Files (x86)\\Microsoft\\EdgeUpdate\\MicrosoftEdgeUpdate.exe\" /svc"},{"@Name":"ParentUser","#text":"NT AUTHORITY\\SYSTEM"}]}}}
{"Event":{"System":{"Provider":{"@Name":"Microsoft-Windows-Sysmon","@Guid":"5770385f-c22a-43e0-bf4c-06f5698ffbd9"},"EventID":"1","Version":"5","Level":"4","Task":"1","Opcode":"0","Keywords":"0x8000000000000000","TimeCreated":{"@SystemTime":"2024-10-28 15:42:59.3766586"},"EventRecordID":"18051","Correlation":null,"Execution":{"@ProcessID":"3064","@ThreadID":"4036"},"Channel":"Microsoft-Windows-Sysmon/Operational","Computer":"Server002","Security":{"@UserID":"S-1-5-18"}},"EventData":{"Data":[{"@Name":"RuleName","#text":"-"},{"@Name":"UtcTime","#text":"2024-10-28 15:42:59.370"},{"@Name":"ProcessGuid","#text":"dbf410b3-b103-671f-f200-000000003900"},{"@Name":"ProcessId","#text":"2016"},{"@Name":"Image","#text":"C:\\Program Files (x86)\\Microsoft\\EdgeUpdate\\MicrosoftEdgeUpdate.exe"},{"@Name":"FileVersion","#text":"1.3.147.37"},{"@Name":"Description","#text":"Microsoft Edge Update"},{"@Name":"Product","#text":"Microsoft Edge Update"},{"@Name":"Company","#text":"Microsoft Corporation"},{"@Name":"OriginalFileName","#text":"msedgeupdate.dll"},{"@Name":"CommandLine","#text":"\"C:\\Program Files (x86)\\Microsoft\\EdgeUpdate\\MicrosoftEdgeUpdate.exe\" /ping PD94bWwgdmVyc2lvbj0iMS4wIiBlbmNvZGluZz0iVVRGLTgiPz48cmVxdWVzdCBwcm90b2NvbD0iMy4wIiB1cGRhdGVyPSJPbWFoYSIgdXBkYXRlcnZlcnNpb249IjEuMy4xOTUuMjUiIHNoZWxsX3ZlcnNpb249IjEuMy4xNDcuMzciIGlzbWFjaGluZT0iMSIgc2Vzc2lvbmlkPSJ7N0E0ODA0QUItOThFNS00RDYyLTlCRjEtQzRFMUQ2MUVCNzI3fSIgdXNlcmlkPSJ7MDNDQTNERDItNDhDRi00Nzc5LUI4QjktMUE2RDJDRUYwRUZEfSIgaW5zdGFsbHNvdXJjZT0iY29yZSIgcmVxdWVzdGlkPSJ7NDI1QjY5QjktMDdBNC00RjEwLUFGRjItN0M5RDBGRDg2NkNCfSIgZGVkdXA9ImNyIiBkb21haW5qb2luZWQ9IjAiPjxodyBsb2dpY2FsX2NwdXM9IjIiIHBoeXNtZW1vcnk9IjQiIGRpc2tfdHlwZT0iMSIgc3NlPSIxIiBzc2UyPSIxIiBzc2UzPSIxIiBzc3NlMz0iMSIgc3NlNDE9IjEiIHNzZTQyPSIxIiBhdng9IjAiLz48b3MgcGxhdGZvcm09IndpbiIgdmVyc2lvbj0iMTAuMC4xOTA0NS41MDExIiBzcD0iIiBhcmNoPSJ4NjQiIHByb2R1Y3RfdHlwZT0iMTAxIiBpc193aXA9IjAiIGlzX2luX2xvY2tkb3duX21vZGU9IjAiLz48b2VtIHByb2R1Y3RfbWFudWZhY3R1cmVyPSJpbm5vdGVrIEdtYkgiIHByb2R1Y3RfbmFtZT0iVmlydHVhbEJveCIvPjxleHAgZXRhZz0iJnF1b3Q7ZGw0eEozY0pTVE1EdW4zSmRMLzRaeEc5akpMQm5DVnYrc0xmSFY2dVNZND0mcXVvdDsiLz48YXBwIGFwcGlkPSJ7RjNDNEZFMDAtRUZENS00MDNCLTk1NjktMzk4QTIwRjFCQTRBfSIgdmVyc2lvbj0iMS4zLjE5NS4yNSIgbmV4dHZlcnNpb249IjEuMy4xOTUuMjciIGxhbmc9IiIgYnJhbmQ9IklOQlgiIGNsaWVudD0iIiBleHBlcmltZW50cz0iSXNPbkludGVydmFsQ29tbWFuZHNBbGxvd2VkPSU1QiUyMi10YXJnZXRfZGV2JTIwLW1pbl9icm93c2VyX3ZlcnNpb25fY2FuYXJ5X2RldiUyMDEzMS4wLjI4NzEuMCUyMiU1RCIgaW5zdGFsbGFnZT0iMTIyIiBjb2hvcnQ9InJyZkAwLjEzIj48dXBkYXRlY2hlY2svPjxldmVudCBldmVudHR5cGU9IjEyIiBldmVudHJlc3VsdD0iMSIgZXJyb3Jjb2RlPSIwIiBleHRyYWNvZGUxPSIwIiBzeXN0ZW1fdXB0aW1lX3RpY2tzPSIyMDExNTIyMDA4IiBkb25lX2JlZm9yZV9vb2JlX2NvbXBsZXRlPSIwIi8-PGV2ZW50IGV2ZW50dHlwZT0iMTMiIGV2ZW50cmVzdWx0PSIxIiBlcnJvcmNvZGU9IjAiIGV4dHJhY29kZTE9IjAiIHN5c3RlbV91cHRpbWVfdGlja3M9IjIwMTE2MDQyMjQiIGRvbmVfYmVmb3JlX29vYmVfY29tcGxldGU9IjAiLz48ZXZlbnQgZXZlbnR0eXBlPSIxNCIgZXZlbnRyZXN1bHQ9IjEiIGVycm9yY29kZT0iMCIgZXh0cmFjb2RlMT0iMCIgc3lzdGVtX3VwdGltZV90aWNrcz0iMjAyMTEyMzAyNCIgc291cmNlX3VybF9pbmRleD0iMCIgZG9uZV9iZWZvcmVfb29iZV9jb21wbGV0ZT0iMCIgZG93bmxvYWRlcj0iZG8iIHVybD0iaHR0cDovL21zZWRnZS5iLnRsdS5kbC5kZWxpdmVyeS5tcC5taWNyb3NvZnQuY29tL2ZpbGVzdHJlYW1pbmdzZXJ2aWNlL2ZpbGVzLzkzMzFlMTE3LTUxMTYtNGJmYS05ZThlLTExN2Q5Nzk5ZjJhNj9QMT0xNzMwNzM0OTc3JmFtcDtQMj00MDQmYW1wO1AzPTImYW1wO1A0PVZUZmNtJTJmVDg2cGwlMmJWJTJiR01xTXBsOVFJYnRiV3lSMUliMDFSMG9RTTJTNmREQW5RVzhWUngwSTlyMkIyNFlYTmxTZXBKS28lMmZyWmhYNGFrMmJQRzU3U0ElM2QlM2QiIHNlcnZlcl9pcF9oaW50PSIiIGNkbl9jaWQ9Ii0xIiBjZG5fY2NjPSIiIGNkbl9tc2VkZ2VfcmVmPSIiIGNkbl9henVyZV9yZWZfb3JpZ2luX3NoaWVsZD0iIiBjZG5fY2FjaGU9IiIgY2RuX3AzcD0iIiBkb3dubG9hZGVkPSIxNjUxMjU2IiB0b3RhbD0iMTY1MTI1NiIgZG93bmxvYWRfdGltZV9tcz0iOTEzIi8-PGV2ZW50IGV2ZW50dHlwZT0iMTQiIGV2ZW50cmVzdWx0PSIxIiBlcnJvcmNvZGU9IjAiIGV4dHJhY29kZTE9IjAiIHN5c3RlbV91cHRpbWVfdGlja3M9IjIwMjExMjMwMjQiIHNvdXJjZV91cmxfaW5kZXg9IjAiIGRvbmVfYmVmb3JlX29vYmVfY29tcGxldGU9IjAiLz48ZXZlbnQgZXZlbnR0eXBlPSIxNSIgZXZlbnRyZXN1bHQ9IjEiIGVycm9yY29kZT0iMCIgZXh0cmFjb2RlMT0iMCIgc3lzdGVtX3VwdGltZV90aWNrcz0iMjAyNjI4NTQ2OSIgZG9uZV9iZWZvcmVfb29iZV9jb21wbGV0ZT0iMCIvPjxwaW5nIHI9IjEyIiByZD0iNjQ5OCIgcGluZ19mcmVzaG5lc3M9Ins3RTU1NjhDQS0yMkFELTQ3QjYtODU0NS0yNEE5Qjk2N0VGMjl9Ii8-PC9hcHA-PGFwcCBhcHBpZD0iezU2RUIxOEY4LUIwMDgtNENCRC1CNkQyLThDOTdGRTdFOTA2Mn0iIHZlcnNpb249IjEyOS4wLjI3OTIuODkiIG5leHR2ZXJzaW9uPSIiIGxhbmc9IiIgYnJhbmQ9IklOQlgiIGNsaWVudD0iIiBleHBlcmltZW50cz0iY29uc2VudD1mYWxzZSIgaW5zdGFsbGFnZT0iMTIyIiBjb2hvcnQ9InJyZkAwLjYwIiBvb2JlX2luc3RhbGxfdGltZT0iMTMzNjM5NzE4NjA3MTc1OTAwIiB1cGRhdGVfY291bnQ9IjUiIGxhc3RfbGF1bmNoX2NvdW50PSIxIiBsYXN0X2xhdW5jaF90aW1lPSIxMzM3MzA0Njc1OTA3MzAyMDAiIGZpcnN0X2ZyZV9zZWVuX3RpbWU9IjEzMzcxODMxOTYxNzQzNDEwMCIgZmlyc3RfZnJlX3NlZW5fdmVyc2lvbj0iMTI5LjAuMjc5Mi41MiI-PHVwZGF0ZWNoZWNrLz48cGluZyBhY3RpdmU9IjAiIHI9IjEyIiByZD0iNjQ5OCIgcGluZ19mcmVzaG5lc3M9IntGMUREQzNGQy0wOUFDLTRCQTktOUYwMS05QjEyN0RGMEU3NEF9Ii8-PC9hcHA-PGFwcCBhcHBpZD0ie0YzMDE3MjI2LUZFMkEtNDI5NS04QkRGLTAwQzNBOUE3RTRDNX0iIHZlcnNpb249IjEyOS4wLjI3OTIuODkiIG5leHR2ZXJzaW9uPSIiIGxhbmc9IiIgYnJhbmQ9IkVVV1YiIGNsaWVudD0iIiBleHBlcmltZW50cz0iY29uc2VudD1mYWxzZSIgaW5zdGFsbGFnZT0iMTIzIiBpbnN0YWxsZGF0ZT0iNjM4NCIgY29ob3J0PSJycmZAMC4zMiIgdXBkYXRlX2NvdW50PSI1Ij48dXBkYXRlY2hlY2svPjxwaW5nIHI9IjEyIiByZD0iNjQ5OCIgcGluZ19mcmVzaG5lc3M9Ins4OUNCM0VBNi04RjVGLTQzRUYtQkEwNy1CNDczOTA3NzVDRDh9Ii8-PC9hcHA-PC9yZXF1ZXN0Pg"},{"@Name":"CurrentDirectory","#text":"C:\\Program Files (x86)\\Microsoft\\EdgeUpdate\\1.3.195.25\\"},{"@Name":"User","#text":"NT AUTHORITY\\SYSTEM"},{"@Name":"LogonGuid","#text":"dbf410b3-be5d-671f-e703-000000000000"},{"@Name":"LogonId","#text":"0x3E7"},{"@Name":"TerminalSessionId","#text":"0"},{"@Name":"IntegrityLevel","#text":"System"},{"@Name":"Hashes","#text":"SHA256=3096D8E82917A9B73F322F4B1743E52E9B0C8B3C5933A957E73E29D6973CDD5B"},{"@Name":"ParentProcessGuid","#text":"dbf410b3-b100-671f-f000-000000003900"},{"@Name":"ParentProcessId","#text":"5220"},{"@Name":"ParentImage","#text":"C:\\Program Files (x86)\\Microsoft\\EdgeUpdate\\MicrosoftEdgeUpdate.exe"},{"@Name":"ParentCommandLine","#text":"\"C:\\Program Files (x86)\\Microsoft\\EdgeUpdate\\MicrosoftEdgeUpdate.exe\" /svc"},{"@Name":"ParentUser","#text":"NT AUTHORITY\\SYSTEM"}]}}}
{"Event":{"System":{"Provider":{"@Name":"Microsoft-Windows-Sysmon","@Guid":"5770385f-c22a-43e0-bf4c-06f5698ffbd9"},"EventID":"5","Version":"3","Level":"4","Task":"5","Opcode":"0","Keywords":"0x8000000000000000","TimeCreated":{"@SystemTime":"2024-10-28 15:42:59.5539750"},"EventRecordID":"18052","Correlation":null,"Execution":{"@ProcessID":"3064","@ThreadID":"4036"},"Channel":"Microsoft-Windows-Sysmon/Operational","Computer":"Server002","Security":{"@UserID":"S-1-5-18"}},"EventData":{"Data":[{"@Name":"RuleName","#text":"-"},{"@Name":"UtcTime","#text":"2024-10-28 15:42:59.537"},{"@Name":"ProcessGuid","#text":"dbf410b3-b0bb-671f-b200-000000003900"},{"@Name":"ProcessId","#text":"456"},{"@Name":"Image","#text":"C:\\Program Files (x86)\\Microsoft\\EdgeUpdate\\MicrosoftEdgeUpdate.exe"},{"@Name":"User","#text":"NT AUTHORITY\\SYSTEM"}]}}}
{"Event":{"System":{"Provider":{"@Name":"Microsoft-Windows-Sysmon","@Guid":"5770385f-c22a-43e0-bf4c-06f5698ffbd9"},"EventID":"5","Version":"3","Level":"4","Task":"5","Opcode":"0","Keywords":"0x8000000000000000","TimeCreated":{"@SystemTime":"2024-10-28 15:42:59.7760169"},"EventRecordID":"18053","Correlation":null,"Execution":{"@ProcessID":"3064","@ThreadID":"4036"},"Channel":"Microsoft-Windows-Sysmon/Operational","Computer":"Server002","Security":{"@UserID":"S-1-5-18"}},"EventData":{"Data":[{"@Name":"RuleName","#text":"-"},{"@Name":"UtcTime","#text":"2024-10-28 15:42:59.775"},{"@Name":"ProcessGuid","#text":"dbf410b3-b103-671f-f200-000000003900"},{"@Name":"ProcessId","#text":"2016"},{"@Name":"Image","#text":"C:\\Program Files (x86)\\Microsoft\\EdgeUpdate\\MicrosoftEdgeUpdate.exe"},{"@Name":"User","#text":"NT AUTHORITY\\SYSTEM"}]}}}
{"Event":{"System":{"Provider":{"@Name":"Microsoft-Windows-Sysmon","@Guid":"5770385f-c22a-43e0-bf4c-06f5698ffbd9"},"EventID":"5","Version":"3","Level":"4","Task":"5","Opcode":"0","Keywords":"0x8000000000000000","TimeCreated":{"@SystemTime":"2024-10-28 15:42:59.7911296"},"EventRecordID":"18054","Correlation":null,"Execution":{"@ProcessID":"3064","@ThreadID":"4036"},"Channel":"Microsoft-Windows-Sysmon/Operational","Computer":"Server002","Security":{"@UserID":"S-1-5-18"}},"EventData":{"Data":[{"@Name":"RuleName","#text":"-"},{"@Name":"UtcTime","#text":"2024-10-28 15:42:59.780"},{"@Name":"ProcessGuid","#text":"dbf410b3-b100-671f-f000-000000003900"},{"@Name":"ProcessId","#text":"5220"},{"@Name":"Image","#text":"C:\\Program Files (x86)\\Microsoft\\EdgeUpdate\\MicrosoftEdgeUpdate.exe"},{"@Name":"User","#text":"NT AUTHORITY\\SYSTEM"}]}}}
{"Event":{"System":{"Provider":{"@Name":"Microsoft-Windows-Sysmon","@Guid":"5770385f-c22a-43e0-bf4c-06f5698ffbd9"},"EventID":"1","Version":"5","Level":"4","Task":"1","Opcode":"0","Keywords":"0x8000000000000000","TimeCreated":{"@SystemTime":"2024-10-28 15:43:01.1412502"},"EventRecordID":"18055","Correlation":null,"Execution":{"@ProcessID":"3064","@ThreadID":"4036"},"Channel":"Microsoft-Windows-Sysmon/Operational","Computer":"Server002","Security":{"@UserID":"S-1-5-18"}},"EventData":{"Data":[{"@Name":"RuleName","#text":"-"},{"@Name":"UtcTime","#text":"2024-10-28 15:43:01.137"},{"@Name":"ProcessGuid","#text":"dbf410b3-b105-671f-f300-000000003900"},{"@Name":"ProcessId","#text":"2848"},{"@Name":"Image","#text":"C:\\Program Files (x86)\\Microsoft\\Temp\\EU17EE.tmp\\MicrosoftEdgeUpdate.exe"},{"@Name":"FileVersion","#text":"1.3.195.27"},{"@Name":"Description","#text":"Microsoft Edge Update"},{"@Name":"Product","#text":"Microsoft Edge Update"},{"@Name":"Company","#text":"Microsoft Corporation"},{"@Name":"OriginalFileName","#text":"msedgeupdate.dll"},{"@Name":"CommandLine","#text":"\"C:\\Program Files (x86)\\Microsoft\\Temp\\EU17EE.tmp\\MicrosoftEdgeUpdate.exe\" /update /sessionid \"{7A4804AB-98E5-4D62-9BF1-C4E1D61EB727}\""},{"@Name":"CurrentDirectory","#text":"C:\\Program Files (x86)\\Microsoft\\EdgeUpdate\\1.3.195.25\\"},{"@Name":"User","#text":"NT AUTHORITY\\SYSTEM"},{"@Name":"LogonGuid","#text":"dbf410b3-be5d-671f-e703-000000000000"},{"@Name":"LogonId","#text":"0x3E7"},{"@Name":"TerminalSessionId","#text":"0"},{"@Name":"IntegrityLevel","#text":"System"},{"@Name":"Hashes","#text":"SHA256=4EFCC591343962C4E518E94B9265AB444CA07423254EF7B2828C9478E9A88F5C"},{"@Name":"ParentProcessGuid","#text":"dbf410b3-b103-671f-f100-000000003900"},{"@Name":"ParentProcessId","#text":"2544"},{"@Name":"ParentImage","#text":"C:\\Program Files (x86)\\Microsoft\\EdgeUpdate\\Install\\{B6903F67-2C85-4605-A9E5-41E942A572E2}\\MicrosoftEdgeUpdateSetup_X86_1.3.195.27.exe"},{"@Name":"ParentCommandLine","#text":"\"C:\\Program Files (x86)\\Microsoft\\EdgeUpdate\\Install\\{B6903F67-2C85-4605-A9E5-41E942A572E2}\\MicrosoftEdgeUpdateSetup_X86_1.3.195.27.exe\" /update /sessionid \"{7A4804AB-98E5-4D62-9BF1-C4E1D61EB727}\""},{"@Name":"ParentUser","#text":"NT AUTHORITY\\SYSTEM"}]}}}
{"Event":{"System":{"Provider":{"@Name":"Microsoft-Windows-Sysmon","@Guid":"5770385f-c22a-43e0-bf4c-06f5698ffbd9"},"EventID":"5","Version":"3","Level":"4","Task":"5","Opcode":"0","Keywords":"0x8000000000000000","TimeCreated":{"@SystemTime":"2024-10-28 15:43:01.2465126"},"EventRecordID":"18056","Correlation":null,"Execution":{"@ProcessID":"3064","@ThreadID":"4036"},"Channel":"Microsoft-Windows-Sysmon/Operational","Computer":"Server002","Security":{"@UserID":"S-1-5-18"}},"EventData":{"Data":[{"@Name":"RuleName","#text":"-"},{"@Name":"UtcTime","#text":"2024-10-28 15:43:01.239"},{"@Name":"ProcessGuid","#text":"dbf410b3-b0bb-671f-b000-000000003900"},{"@Name":"ProcessId","#text":"6992"},{"@Name":"Image","#text":"C:\\Program Files (x86)\\Microsoft\\EdgeUpdate\\MicrosoftEdgeUpdate.exe"},{"@Name":"User","#text":"NT AUTHORITY\\SYSTEM"}]}}}
{"Event":{"System":{"Provider":{"@Name":"Microsoft-Windows-Sysmon","@Guid":"5770385f-c22a-43e0-bf4c-06f5698ffbd9"},"EventID":"1","Version":"5","Level":"4","Task":"1","Opcode":"0","Keywords":"0x8000000000000000","TimeCreated":{"@SystemTime":"2024-10-28 15:43:01.5524260"},"EventRecordID":"18057","Correlation":null,"Execution":{"@ProcessID":"3064","@ThreadID":"4036"},"Channel":"Microsoft-Windows-Sysmon/Operational","Computer":"Server002","Security":{"@UserID":"S-1-5-18"}},"EventData":{"Data":[{"@Name":"RuleName","#text":"-"},{"@Name":"UtcTime","#text":"2024-10-28 15:43:01.549"},{"@Name":"ProcessGuid","#text":"dbf410b3-b105-671f-f400-000000003900"},{"@Name":"ProcessId","#text":"2372"},{"@Name":"Image","#text":"C:\\Program Files (x86)\\Microsoft\\EdgeUpdate\\MicrosoftEdgeUpdate.exe"},{"@Name":"FileVersion","#text":"1.3.147.37"},{"@Name":"Description","#text":"Microsoft Edge Update"},{"@Name":"Product","#text":"Microsoft Edge Update"},{"@Name":"Company","#text":"Microsoft Corporation"},{"@Name":"OriginalFileName","#text":"msedgeupdate.dll"},{"@Name":"CommandLine","#text":"\"C:\\Program Files (x86)\\Microsoft\\EdgeUpdate\\MicrosoftEdgeUpdate.exe\" /regsvc"},{"@Name":"CurrentDirectory","#text":"C:\\Program Files (x86)\\Microsoft\\Temp\\EU17EE.tmp\\"},{"@Name":"User","#text":"NT AUTHORITY\\SYSTEM"},{"@Name":"LogonGuid","#text":"dbf410b3-be5d-671f-e703-000000000000"},{"@Name":"LogonId","#text":"0x3E7"},{"@Name":"TerminalSessionId","#text":"0"},{"@Name":"IntegrityLevel","#text":"System"},{"@Name":"Hashes","#text":"SHA256=3096D8E82917A9B73F322F4B1743E52E9B0C8B3C5933A957E73E29D6973CDD5B"},{"@Name":"ParentProcessGuid","#text":"dbf410b3-b105-671f-f300-000000003900"},{"@Name":"ParentProcessId","#text":"2848"},{"@Name":"ParentImage","#text":"C:\\Program Files (x86)\\Microsoft\\Temp\\EU17EE.tmp\\MicrosoftEdgeUpdate.exe"},{"@Name":"ParentCommandLine","#text":"\"C:\\Program Files (x86)\\Microsoft\\Temp\\EU17EE.tmp\\MicrosoftEdgeUpdate.exe\" /update /sessionid \"{7A4804AB-98E5-4D62-9BF1-C4E1D61EB727}\""},{"@Name":"ParentUser","#text":"NT AUTHORITY\\SYSTEM"}]}}}
{"Event":{"System":{"Provider":{"@Name":"Microsoft-Windows-Sysmon","@Guid":"5770385f-c22a-43e0-bf4c-06f5698ffbd9"},"EventID":"5","Version":"3","Level":"4","Task":"5","Opcode":"0","Keywords":"0x8000000000000000","TimeCreated":{"@SystemTime":"2024-10-28 15:43:01.6424922"},"EventRecordID":"18058","Correlation":null,"Execution":{"@ProcessID":"3064","@ThreadID":"4036"},"Channel":"Microsoft-Windows-Sysmon/Operational","Computer":"Server002","Security":{"@UserID":"S-1-5-18"}},"EventData":{"Data":[{"@Name":"RuleName","#text":"-"},{"@Name":"UtcTime","#text":"2024-10-28 15:43:01.639"},{"@Name":"ProcessGuid","#text":"dbf410b3-b105-671f-f400-000000003900"},{"@Name":"ProcessId","#text":"2372"},{"@Name":"Image","#text":"C:\\Program Files (x86)\\Microsoft\\EdgeUpdate\\MicrosoftEdgeUpdate.exe"},{"@Name":"User","#text":"NT AUTHORITY\\SYSTEM"}]}}}
{"Event":{"System":{"Provider":{"@Name":"Microsoft-Windows-Sysmon","@Guid":"5770385f-c22a-43e0-bf4c-06f5698ffbd9"},"EventID":"1","Version":"5","Level":"4","Task":"1","Opcode":"0","Keywords":"0x8000000000000000","TimeCreated":{"@SystemTime":"2024-10-28 15:43:01.7525812"},"EventRecordID":"18059","Correlation":null,"Execution":{"@ProcessID":"3064","@ThreadID":"4036"},"Channel":"Microsoft-Windows-Sysmon/Operational","Computer":"Server002","Security":{"@UserID":"S-1-5-18"}},"EventData":{"Data":[{"@Name":"RuleName","#text":"-"},{"@Name":"UtcTime","#text":"2024-10-28 15:43:01.746"},{"@Name":"ProcessGuid","#text":"dbf410b3-b105-671f-f500-000000003900"},{"@Name":"ProcessId","#text":"3108"},{"@Name":"Image","#text":"C:\\Program Files (x86)\\Microsoft\\EdgeUpdate\\MicrosoftEdgeUpdate.exe"},{"@Name":"FileVersion","#text":"1.3.147.37"},{"@Name":"Description","#text":"Microsoft Edge Update"},{"@Name":"Product","#text":"Microsoft Edge Update"},{"@Name":"Company","#text":"Microsoft Corporation"},{"@Name":"OriginalFileName","#text":"msedgeupdate.dll"},{"@Name":"CommandLine","#text":"\"C:\\Program Files (x86)\\Microsoft\\EdgeUpdate\\MicrosoftEdgeUpdate.exe\" /regserver"},{"@Name":"CurrentDirectory","#text":"C:\\Program Files (x86)\\Microsoft\\Temp\\EU17EE.tmp\\"},{"@Name":"User","#text":"NT AUTHORITY\\SYSTEM"},{"@Name":"LogonGuid","#text":"dbf410b3-be5d-671f-e703-000000000000"},{"@Name":"LogonId","#text":"0x3E7"},{"@Name":"TerminalSessionId","#text":"0"},{"@Name":"IntegrityLevel","#text":"System"},{"@Name":"Hashes","#text":"SHA256=3096D8E82917A9B73F322F4B1743E52E9B0C8B3C5933A957E73E29D6973CDD5B"},{"@Name":"ParentProcessGuid","#text":"dbf410b3-b105-671f-f300-000000003900"},{"@Name":"ParentProcessId","#text":"2848"},{"@Name":"ParentImage","#text":"C:\\Program Files (x86)\\Microsoft\\Temp\\EU17EE.tmp\\MicrosoftEdgeUpdate.exe"},{"@Name":"ParentCommandLine","#text":"\"C:\\Program Files (x86)\\Microsoft\\Temp\\EU17EE.tmp\\MicrosoftEdgeUpdate.exe\" /update /sessionid \"{7A4804AB-98E5-4D62-9BF1-C4E1D61EB727}\""},{"@Name":"ParentUser","#text":"NT AUTHORITY\\SYSTEM"}]}}}
{"Event":{"System":{"Provider":{"@Name":"Microsoft-Windows-Sysmon","@Guid":"5770385f-c22a-43e0-bf4c-06f5698ffbd9"},"EventID":"1","Version":"5","Level":"4","Task":"1","Opcode":"0","Keywords":"0x8000000000000000","TimeCreated":{"@SystemTime":"2024-10-28 15:43:01.8322276"},"EventRecordID":"18060","Correlation":null,"Execution":{"@ProcessID":"3064","@ThreadID":"4036"},"Channel":"Microsoft-Windows-Sysmon/Operational","Computer":"Server002","Security":{"@UserID":"S-1-5-18"}},"EventData":{"Data":[{"@Name":"RuleName","#text":"-"},{"@Name":"UtcTime","#text":"2024-10-28 15:43:01.827"},{"@Name":"ProcessGuid","#text":"dbf410b3-b105-671f-f600-000000003900"},{"@Name":"ProcessId","#text":"6168"},{"@Name":"Image","#text":"C:\\Program Files (x86)\\Microsoft\\EdgeUpdate\\1.3.195.27\\MicrosoftEdgeUpdateComRegisterShell64.exe"},{"@Name":"FileVersion","#text":"1.3.195.27"},{"@Name":"Description","#text":"Microsoft Edge Update COM Registration Helper"},{"@Name":"Product","#text":"Microsoft Edge Update"},{"@Name":"Company","#text":"Microsoft Corporation"},{"@Name":"OriginalFileName","#text":"MicrosoftEdgeUpdateComRegisterShell64.exe"},{"@Name":"CommandLine","#text":"\"C:\\Program Files (x86)\\Microsoft\\EdgeUpdate\\1.3.195.27\\MicrosoftEdgeUpdateComRegisterShell64.exe\"   "},{"@Name":"CurrentDirectory","#text":"C:\\Program Files (x86)\\Microsoft\\EdgeUpdate\\1.3.195.27\\"},{"@Name":"User","#text":"NT AUTHORITY\\SYSTEM"},{"@Name":"LogonGuid","#text":"dbf410b3-be5d-671f-e703-000000000000"},{"@Name":"LogonId","#text":"0x3E7"},{"@Name":"TerminalSessionId","#text":"0"},{"@Name":"IntegrityLevel","#text":"System"},{"@Name":"Hashes","#text":"SHA256=4BF5A07C3801A248B6C38715F733E0264A04F7A95038006FD346D454D4ECC07C"},{"@Name":"ParentProcessGuid","#text":"dbf410b3-b105-671f-f500-000000003900"},{"@Name":"ParentProcessId","#text":"3108"},{"@Name":"ParentImage","#text":"C:\\Program Files (x86)\\Microsoft\\EdgeUpdate\\MicrosoftEdgeUpdate.exe"},{"@Name":"ParentCommandLine","#text":"\"C:\\Program Files (x86)\\Microsoft\\EdgeUpdate\\MicrosoftEdgeUpdate.exe\" /regserver"},{"@Name":"ParentUser","#text":"NT AUTHORITY\\SYSTEM"}]}}}
{"Event":{"System":{"Provider":{"@Name":"Microsoft-Windows-Sysmon","@Guid":"5770385f-c22a-43e0-bf4c-06f5698ffbd9"},"EventID":"5","Version":"3","Level":"4","Task":"5","Opcode":"0","Keywords":"0x8000000000000000","TimeCreated":{"@SystemTime":"2024-10-28 15:43:01.9137951"},"EventRecordID":"18061","Correlation":null,"Execution":{"@ProcessID":"3064","@ThreadID":"4036"},"Channel":"Microsoft-Windows-Sysmon/Operational","Computer":"Server002","Security":{"@UserID":"S-1-5-18"}},"EventData":{"Data":[{"@Name":"RuleName","#text":"-"},{"@Name":"UtcTime","#text":"2024-10-28 15:43:01.894"},{"@Name":"ProcessGuid","#text":"dbf410b3-b105-671f-f600-000000003900"},{"@Name":"ProcessId","#text":"6168"},{"@Name":"Image","#text":"C:\\Program Files (x86)\\Microsoft\\EdgeUpdate\\1.3.195.27\\MicrosoftEdgeUpdateComRegisterShell64.exe"},{"@Name":"User","#text":"NT AUTHORITY\\SYSTEM"}]}}}
{"Event":{"System":{"Provider":{"@Name":"Microsoft-Windows-Sysmon","@Guid":"5770385f-c22a-43e0-bf4c-06f5698ffbd9"},"EventID":"1","Version":"5","Level":"4","Task":"1","Opcode":"0","Keywords":"0x8000000000000000","TimeCreated":{"@SystemTime":"2024-10-28 15:43:02.0389038"},"EventRecordID":"18062","Correlation":null,"Execution":{"@ProcessID":"3064","@ThreadID":"4036"},"Channel":"Microsoft-Windows-Sysmon/Operational","Computer":"Server002","Security":{"@UserID":"S-1-5-18"}},"EventData":{"Data":[{"@Name":"RuleName","#text":"-"},{"@Name":"UtcTime","#text":"2024-10-28 15:43:02.035"},{"@Name":"ProcessGuid","#text":"dbf410b3-b106-671f-f700-000000003900"},{"@Name":"ProcessId","#text":"756"},{"@Name":"Image","#text":"C:\\Program Files (x86)\\Microsoft\\EdgeUpdate\\1.3.195.27\\MicrosoftEdgeUpdateComRegisterShell64.exe"},{"@Name":"FileVersion","#text":"1.3.195.27"},{"@Name":"Description","#text":"Microsoft Edge Update COM Registration Helper"},{"@Name":"Product","#text":"Microsoft Edge Update"},{"@Name":"Company","#text":"Microsoft Corporation"},{"@Name":"OriginalFileName","#text":"MicrosoftEdgeUpdateComRegisterShell64.exe"},{"@Name":"CommandLine","#text":"\"C:\\Program Files (x86)\\Microsoft\\EdgeUpdate\\1.3.195.27\\MicrosoftEdgeUpdateComRegisterShell64.exe\"   "},{"@Name":"CurrentDirectory","#text":"C:\\Program Files (x86)\\Microsoft\\EdgeUpdate\\1.3.195.27\\"},{"@Name":"User","#text":"NT AUTHORITY\\SYSTEM"},{"@Name":"LogonGuid","#text":"dbf410b3-be5d-671f-e703-000000000000"},{"@Name":"LogonId","#text":"0x3E7"},{"@Name":"TerminalSessionId","#text":"0"},{"@Name":"IntegrityLevel","#text":"System"},{"@Name":"Hashes","#text":"SHA256=4BF5A07C3801A248B6C38715F733E0264A04F7A95038006FD346D454D4ECC07C"},{"@Name":"ParentProcessGuid","#text":"dbf410b3-b105-671f-f500-000000003900"},{"@Name":"ParentProcessId","#text":"3108"},{"@Name":"ParentImage","#text":"C:\\Program Files (x86)\\Microsoft\\EdgeUpdate\\MicrosoftEdgeUpdate.exe"},{"@Name":"ParentCommandLine","#text":"\"C:\\Program Files (x86)\\Microsoft\\EdgeUpdate\\MicrosoftEdgeUpdate.exe\" /regserver"},{"@Name":"ParentUser","#text":"NT AUTHORITY\\SYSTEM"}]}}}
{"Event":{"System":{"Provider":{"@Name":"Microsoft-Windows-Sysmon","@Guid":"5770385f-c22a-43e0-bf4c-06f5698ffbd9"},"EventID":"5","Version":"3","Level":"4","Task":"5","Opcode":"0","Keywords":"0x8000000000000000","TimeCreated":{"@SystemTime":"2024-10-28 15:43:02.0898502"},"EventRecordID":"18063","Correlation":null,"Execution":{"@ProcessID":"3064","@ThreadID":"4036"},"Channel":"Microsoft-Windows-Sysmon/Operational","Computer":"Server002","Security":{"@UserID":"S-1-5-18"}},"EventData":{"Data":[{"@Name":"RuleName","#text":"-"},{"@Name":"UtcTime","#text":"2024-10-28 15:43:02.082"},{"@Name":"ProcessGuid","#text":"dbf410b3-b106-671f-f700-000000003900"},{"@Name":"ProcessId","#text":"756"},{"@Name":"Image","#text":"C:\\Program Files (x86)\\Microsoft\\EdgeUpdate\\1.3.195.27\\MicrosoftEdgeUpdateComRegisterShell64.exe"},{"@Name":"User","#text":"NT AUTHORITY\\SYSTEM"}]}}}
{"Event":{"System":{"Provider":{"@Name":"Microsoft-Windows-Sysmon","@Guid":"5770385f-c22a-43e0-bf4c-06f5698ffbd9"},"EventID":"1","Version":"5","Level":"4","Task":"1","Opcode":"0","Keywords":"0x8000000000000000","TimeCreated":{"@SystemTime":"2024-10-28 15:43:02.1277611"},"EventRecordID":"18064","Correlation":null,"Execution":{"@ProcessID":"3064","@ThreadID":"4036"},"Channel":"Microsoft-Windows-Sysmon/Operational","Computer":"Server002","Security":{"@UserID":"S-1-5-18"}},"EventData":{"Data":[{"@Name":"RuleName","#text":"-"},{"@Name":"UtcTime","#text":"2024-10-28 15:43:02.123"},{"@Name":"ProcessGuid","#text":"dbf410b3-b106-671f-f800-000000003900"},{"@Name":"ProcessId","#text":"1304"},{"@Name":"Image","#text":"C:\\Program Files (x86)\\Microsoft\\EdgeUpdate\\1.3.195.27\\MicrosoftEdgeUpdateComRegisterShell64.exe"},{"@Name":"FileVersion","#text":"1.3.195.27"},{"@Name":"Description","#text":"Microsoft Edge Update COM Registration Helper"},{"@Name":"Product","#text":"Microsoft Edge Update"},{"@Name":"Company","#text":"Microsoft Corporation"},{"@Name":"OriginalFileName","#text":"MicrosoftEdgeUpdateComRegisterShell64.exe"},{"@Name":"CommandLine","#text":"\"C:\\Program Files (x86)\\Microsoft\\EdgeUpdate\\1.3.195.27\\MicrosoftEdgeUpdateComRegisterShell64.exe\"   "},{"@Name":"CurrentDirectory","#text":"C:\\Program Files (x86)\\Microsoft\\EdgeUpdate\\1.3.195.27\\"},{"@Name":"User","#text":"NT AUTHORITY\\SYSTEM"},{"@Name":"LogonGuid","#text":"dbf410b3-be5d-671f-e703-000000000000"},{"@Name":"LogonId","#text":"0x3E7"},{"@Name":"TerminalSessionId","#text":"0"},{"@Name":"IntegrityLevel","#text":"System"},{"@Name":"Hashes","#text":"SHA256=4BF5A07C3801A248B6C38715F733E0264A04F7A95038006FD346D454D4ECC07C"},{"@Name":"ParentProcessGuid","#text":"dbf410b3-b105-671f-f500-000000003900"},{"@Name":"ParentProcessId","#text":"3108"},{"@Name":"ParentImage","#text":"C:\\Program Files (x86)\\Microsoft\\EdgeUpdate\\MicrosoftEdgeUpdate.exe"},{"@Name":"ParentCommandLine","#text":"\"C:\\Program Files (x86)\\Microsoft\\EdgeUpdate\\MicrosoftEdgeUpdate.exe\" /regserver"},{"@Name":"ParentUser","#text":"NT AUTHORITY\\SYSTEM"}]}}}
{"Event":{"System":{"Provider":{"@Name":"Microsoft-Windows-Sysmon","@Guid":"5770385f-c22a-43e0-bf4c-06f5698ffbd9"},"EventID":"5","Version":"3","Level":"4","Task":"5","Opcode":"0","Keywords":"0x8000000000000000","TimeCreated":{"@SystemTime":"2024-10-28 15:43:02.1829636"},"EventRecordID":"18065","Correlation":null,"Execution":{"@ProcessID":"3064","@ThreadID":"4036"},"Channel":"Microsoft-Windows-Sysmon/Operational","Computer":"Server002","Security":{"@UserID":"S-1-5-18"}},"EventData":{"Data":[{"@Name":"RuleName","#text":"-"},{"@Name":"UtcTime","#text":"2024-10-28 15:43:02.175"},{"@Name":"ProcessGuid","#text":"dbf410b3-b106-671f-f800-000000003900"},{"@Name":"ProcessId","#text":"1304"},{"@Name":"Image","#text":"C:\\Program Files (x86)\\Microsoft\\EdgeUpdate\\1.3.195.27\\MicrosoftEdgeUpdateComRegisterShell64.exe"},{"@Name":"User","#text":"NT AUTHORITY\\SYSTEM"}]}}}
{"Event":{"System":{"Provider":{"@Name":"Microsoft-Windows-Sysmon","@Guid":"5770385f-c22a-43e0-bf4c-06f5698ffbd9"},"EventID":"5","Version":"3","Level":"4","Task":"5","Opcode":"0","Keywords":"0x8000000000000000","TimeCreated":{"@SystemTime":"2024-10-28 15:43:02.2319148"},"EventRecordID":"18066","Correlation":null,"Execution":{"@ProcessID":"3064","@ThreadID":"4036"},"Channel":"Microsoft-Windows-Sysmon/Operational","Computer":"Server002","Security":{"@UserID":"S-1-5-18"}},"EventData":{"Data":[{"@Name":"RuleName","#text":"-"},{"@Name":"UtcTime","#text":"2024-10-28 15:43:02.231"},{"@Name":"ProcessGuid","#text":"dbf410b3-b105-671f-f500-000000003900"},{"@Name":"ProcessId","#text":"3108"},{"@Name":"Image","#text":"C:\\Program Files (x86)\\Microsoft\\EdgeUpdate\\MicrosoftEdgeUpdate.exe"},{"@Name":"User","#text":"NT AUTHORITY\\SYSTEM"}]}}}
{"Event":{"System":{"Provider":{"@Name":"Microsoft-Windows-Sysmon","@Guid":"5770385f-c22a-43e0-bf4c-06f5698ffbd9"},"EventID":"1","Version":"5","Level":"4","Task":"1","Opcode":"0","Keywords":"0x8000000000000000","TimeCreated":{"@SystemTime":"2024-10-28 15:43:02.3603028"},"EventRecordID":"18067","Correlation":null,"Execution":{"@ProcessID":"3064","@ThreadID":"4036"},"Channel":"Microsoft-Windows-Sysmon/Operational","Computer":"Server002","Security":{"@UserID":"S-1-5-18"}},"EventData":{"Data":[{"@Name":"RuleName","#text":"-"},{"@Name":"UtcTime","#text":"2024-10-28 15:43:02.357"},{"@Name":"ProcessGuid","#text":"dbf410b3-b106-671f-f900-000000003900"},{"@Name":"ProcessId","#text":"868"},{"@Name":"Image","#text":"C:\\Program Files (x86)\\Microsoft\\EdgeUpdate\\MicrosoftEdgeUpdate.exe"},{"@Name":"FileVersion","#text":"1.3.147.37"},{"@Name":"Description","#text":"Microsoft Edge Update"},{"@Name":"Product","#text":"Microsoft Edge Update"},{"@Name":"Company","#text":"Microsoft Corporation"},{"@Name":"OriginalFileName","#text":"msedgeupdate.dll"},{"@Name":"CommandLine","#text":"\"C:\\Program Files (x86)\\Microsoft\\EdgeUpdate\\MicrosoftEdgeUpdate.exe\" /svc"},{"@Name":"CurrentDirectory","#text":"C:\\Windows\\system32\\"},{"@Name":"User","#text":"NT AUTHORITY\\SYSTEM"},{"@Name":"LogonGuid","#text":"dbf410b3-be5d-671f-e703-000000000000"},{"@Name":"LogonId","#text":"0x3E7"},{"@Name":"TerminalSessionId","#text":"0"},{"@Name":"IntegrityLevel","#text":"System"},{"@Name":"Hashes","#text":"SHA256=3096D8E82917A9B73F322F4B1743E52E9B0C8B3C5933A957E73E29D6973CDD5B"},{"@Name":"ParentProcessGuid","#text":"00000000-0000-0000-0000-000000000000"},{"@Name":"ParentProcessId","#text":"668"},{"@Name":"ParentImage","#text":"-"},{"@Name":"ParentCommandLine","#text":"-"},{"@Name":"ParentUser","#text":"-"}]}}}
