{"Event":{"System":{"Provider":{"@Name":"PowerShell"},"EventID":{"@Qualifiers":"0","#text":"600"},"Version":"0","Level":"4","Task":"6","Opcode":"0","Keywords":"0x80000000000000","TimeCreated":{"@SystemTime":"2024-10-24 21:04:38.1383993"},"EventRecordID":"1229","Correlation":null,"Execution":{"@ProcessID":"0","@ThreadID":"0"},"Channel":"Windows PowerShell","Computer":"Server002","Security":null},"EventData":{"Data":"Registry, Started, \tProviderName=Registry\r\n\tNewProviderState=Started\r\n\r\n\tSequenceNumber=1\r\n\r\n\tHostName=ConsoleHost\r\n\tHostVersion=5.1.19041.5007\r\n\tHostId=93d4a142-ea40-4e61-88d3-5b41c1355adf\r\n\tHostApplication=powershell.exe &amp; {$ss = ConvertTo-SecureString \"\" -AsPlainText -Force\r\n$cred = New-Object PSCredential -ArgumentList '', $ss\r\n$param = @{\r\n Credential = $cred\r\n Force = $true\r\n}\r\n$null = Connect-AzAccount @param\r\n$token = (Get-AzAccessToken -ResourceTypeName MSGraph -ErrorAction Stop).token\r\n$cert = New-SelfSignedCertificate -Subject \"CN=PowerShell Application\" -CertStoreLocation \"Cert:\\CurrentUser\\My\" -KeyExportPolicy Exportable -KeySpec Signature -KeyLength 2048 -KeyAlgorithm RSA -HashAlgorithm SHA256\r\n$reqResourceAccess = ( @{ \"resourceAccess\" = (@{\"id\"= \"570282fd-fa5c-430d-a7fd-fc8dc98a9dca\"; \"type\"= \"Scope\"}, @{ \"id\"= \"7427e0e9-2fba-42fe-b0c0-848c9e6a8182\"; \"type\"= \"Scope\"}, @{\"id\"= \"37f7f235-527c-4136-accd-4a02d197296e\"; \"type\"= \"Scope\"}, @{\"id\"= \"14dad69e-099b-42c9-810b-d002981feec1\"; \"type\"= \"Scope\"}, @{ \"id\"= \"e1fe6dd8-ba31-4d61-89e7-88639da4683d\"; \"type\"= \"Scope\"}, @{ \"id\"= \"810c84a8-4a9e-49e6-bf7d-12d183f40d01\"; \"type\"= \"Role\"}); \"resourceAppId\" = \"00000003-0000-0000-c000-000000000000\" })\r\nconnect-mggraph -AccessToken $token\r\n$context = Get-MgContext \r\n$users = get-MgUser\r\n$app = New-MgApplication -DisplayName \"data.002 file Test #1 - Office365 - Remote Email script\" -RequiredResourceAccess $reqResourceAccess -Web @{ RedirectUris=\"http://localhost\"; } -KeyCredentials @(@{ Type=\"AsymmetricX509Cert\"; Usage=\"Verify\"; Key=$cert.RawData })\r\nNew-MgServicePrincipal -AppId $app.appId -AdditionalProperties @{} | Out-Null\r\n$resourceSPN = Get-MgServicePrincipal -Filter \"AppId eq '$($app.AppId)'\"\r\n$graphApiApp = Get-MgServicePrincipal -Filter \"DisplayName eq 'Microsoft Graph'\"\r\n$mailRole = $graphApiApp.AppRoles|Where-Object Value -Eq \"Mail.Read\"\r\nNew-MgServicePrincipalAppRoleAssignment -ServicePrincipalId $resourceSPN.Id -PrincipalId $resourceSPN.Id -ResourceId $graphApiApp.id -AppRoleId $mailRole.Id\r\n$mailbox1 = \"\"\r\n$mailbox2 = \"\"\r\n$mailbox3 = \"\"\r\n[System.Collections.ArrayList]$selectUsers = @()\r\nforeach ($user in $users) {if (($user.Mail -eq $mailbox1) -Or ($user.Mail -eq $mailbox2) -Or ($user.Mail -eq $mailbox3)){$selectUsers.Add($user.id)}}\r\nconnect-mggraph -ClientId $app.AppId -TenantId $context.TenantId -CertificateName $cert.Subjectname.Name\r\nforeach ($user in $selectUsers) { $url= \"https://graph.microsoft.com/v1.0/users/$($user)/messages\" ; Invoke-MgGraphRequest -Uri $url -Method GET -OutputType PSObject}}\r\n\tEngineVersion=\r\n\tRunspaceId=\r\n\tPipelineId=\r\n\tCommandName=\r\n\tCommandType=\r\n\tScriptName=\r\n\tCommandPath=\r\n\tCommandLine=","Binary":""}}}
{"Event":{"System":{"Provider":{"@Name":"PowerShell"},"EventID":{"@Qualifiers":"0","#text":"600"},"Version":"0","Level":"4","Task":"6","Opcode":"0","Keywords":"0x80000000000000","TimeCreated":{"@SystemTime":"2024-10-24 21:04:38.1383993"},"EventRecordID":"1230","Correlation":null,"Execution":{"@ProcessID":"0","@ThreadID":"0"},"Channel":"Windows PowerShell","Computer":"Server002","Security":null},"EventData":{"Data":"Alias, Started, \tProviderName=Alias\r\n\tNewProviderState=Started\r\n\r\n\tSequenceNumber=3\r\n\r\n\tHostName=ConsoleHost\r\n\tHostVersion=5.1.19041.5007\r\n\tHostId=93d4a142-ea40-4e61-88d3-5b41c1355adf\r\n\tHostApplication=powershell.exe &amp; {$ss = ConvertTo-SecureString \"\" -AsPlainText -Force\r\n$cred = New-Object PSCredential -ArgumentList '', $ss\r\n$param = @{\r\n Credential = $cred\r\n Force = $true\r\n}\r\n$null = Connect-AzAccount @param\r\n$token = (Get-AzAccessToken -ResourceTypeName MSGraph -ErrorAction Stop).token\r\n$cert = New-SelfSignedCertificate -Subject \"CN=PowerShell Application\" -CertStoreLocation \"Cert:\\CurrentUser\\My\" -KeyExportPolicy Exportable -KeySpec Signature -KeyLength 2048 -KeyAlgorithm RSA -HashAlgorithm SHA256\r\n$reqResourceAccess = ( @{ \"resourceAccess\" = (@{\"id\"= \"570282fd-fa5c-430d-a7fd-fc8dc98a9dca\"; \"type\"= \"Scope\"}, @{ \"id\"= \"7427e0e9-2fba-42fe-b0c0-848c9e6a8182\"; \"type\"= \"Scope\"}, @{\"id\"= \"37f7f235-527c-4136-accd-4a02d197296e\"; \"type\"= \"Scope\"}, @{\"id\"= \"14dad69e-099b-42c9-810b-d002981feec1\"; \"type\"= \"Scope\"}, @{ \"id\"= \"e1fe6dd8-ba31-4d61-89e7-88639da4683d\"; \"type\"= \"Scope\"}, @{ \"id\"= \"810c84a8-4a9e-49e6-bf7d-12d183f40d01\"; \"type\"= \"Role\"}); \"resourceAppId\" = \"00000003-0000-0000-c000-000000000000\" })\r\nconnect-mggraph -AccessToken $token\r\n$context = Get-MgContext \r\n$users = get-MgUser\r\n$app = New-MgApplication -DisplayName \"data.002 file Test #1 - Office365 - Remote Email script\" -RequiredResourceAccess $reqResourceAccess -Web @{ RedirectUris=\"http://localhost\"; } -KeyCredentials @(@{ Type=\"AsymmetricX509Cert\"; Usage=\"Verify\"; Key=$cert.RawData })\r\nNew-MgServicePrincipal -AppId $app.appId -AdditionalProperties @{} | Out-Null\r\n$resourceSPN = Get-MgServicePrincipal -Filter \"AppId eq '$($app.AppId)'\"\r\n$graphApiApp = Get-MgServicePrincipal -Filter \"DisplayName eq 'Microsoft Graph'\"\r\n$mailRole = $graphApiApp.AppRoles|Where-Object Value -Eq \"Mail.Read\"\r\nNew-MgServicePrincipalAppRoleAssignment -ServicePrincipalId $resourceSPN.Id -PrincipalId $resourceSPN.Id -ResourceId $graphApiApp.id -AppRoleId $mailRole.Id\r\n$mailbox1 = \"\"\r\n$mailbox2 = \"\"\r\n$mailbox3 = \"\"\r\n[System.Collections.ArrayList]$selectUsers = @()\r\nforeach ($user in $users) {if (($user.Mail -eq $mailbox1) -Or ($user.Mail -eq $mailbox2) -Or ($user.Mail -eq $mailbox3)){$selectUsers.Add($user.id)}}\r\nconnect-mggraph -ClientId $app.AppId -TenantId $context.TenantId -CertificateName $cert.Subjectname.Name\r\nforeach ($user in $selectUsers) { $url= \"https://graph.microsoft.com/v1.0/users/$($user)/messages\" ; Invoke-MgGraphRequest -Uri $url -Method GET -OutputType PSObject}}\r\n\tEngineVersion=\r\n\tRunspaceId=\r\n\tPipelineId=\r\n\tCommandName=\r\n\tCommandType=\r\n\tScriptName=\r\n\tCommandPath=\r\n\tCommandLine=","Binary":""}}}
{"Event":{"System":{"Provider":{"@Name":"PowerShell"},"EventID":{"@Qualifiers":"0","#text":"600"},"Version":"0","Level":"4","Task":"6","Opcode":"0","Keywords":"0x80000000000000","TimeCreated":{"@SystemTime":"2024-10-24 21:04:38.1467810"},"EventRecordID":"1231","Correlation":null,"Execution":{"@ProcessID":"0","@ThreadID":"0"},"Channel":"Windows PowerShell","Computer":"Server002","Security":null},"EventData":{"Data":"Environment, Started, \tProviderName=Environment\r\n\tNewProviderState=Started\r\n\r\n\tSequenceNumber=5\r\n\r\n\tHostName=ConsoleHost\r\n\tHostVersion=5.1.19041.5007\r\n\tHostId=93d4a142-ea40-4e61-88d3-5b41c1355adf\r\n\tHostApplication=powershell.exe &amp; {$ss = ConvertTo-SecureString \"\" -AsPlainText -Force\r\n$cred = New-Object PSCredential -ArgumentList '', $ss\r\n$param = @{\r\n Credential = $cred\r\n Force = $true\r\n}\r\n$null = Connect-AzAccount @param\r\n$token = (Get-AzAccessToken -ResourceTypeName MSGraph -ErrorAction Stop).token\r\n$cert = New-SelfSignedCertificate -Subject \"CN=PowerShell Application\" -CertStoreLocation \"Cert:\\CurrentUser\\My\" -KeyExportPolicy Exportable -KeySpec Signature -KeyLength 2048 -KeyAlgorithm RSA -HashAlgorithm SHA256\r\n$reqResourceAccess = ( @{ \"resourceAccess\" = (@{\"id\"= \"570282fd-fa5c-430d-a7fd-fc8dc98a9dca\"; \"type\"= \"Scope\"}, @{ \"id\"= \"7427e0e9-2fba-42fe-b0c0-848c9e6a8182\"; \"type\"= \"Scope\"}, @{\"id\"= \"37f7f235-527c-4136-accd-4a02d197296e\"; \"type\"= \"Scope\"}, @{\"id\"= \"14dad69e-099b-42c9-810b-d002981feec1\"; \"type\"= \"Scope\"}, @{ \"id\"= \"e1fe6dd8-ba31-4d61-89e7-88639da4683d\"; \"type\"= \"Scope\"}, @{ \"id\"= \"810c84a8-4a9e-49e6-bf7d-12d183f40d01\"; \"type\"= \"Role\"}); \"resourceAppId\" = \"00000003-0000-0000-c000-000000000000\" })\r\nconnect-mggraph -AccessToken $token\r\n$context = Get-MgContext \r\n$users = get-MgUser\r\n$app = New-MgApplication -DisplayName \"data.002 file Test #1 - Office365 - Remote Email script\" -RequiredResourceAccess $reqResourceAccess -Web @{ RedirectUris=\"http://localhost\"; } -KeyCredentials @(@{ Type=\"AsymmetricX509Cert\"; Usage=\"Verify\"; Key=$cert.RawData })\r\nNew-MgServicePrincipal -AppId $app.appId -AdditionalProperties @{} | Out-Null\r\n$resourceSPN = Get-MgServicePrincipal -Filter \"AppId eq '$($app.AppId)'\"\r\n$graphApiApp = Get-MgServicePrincipal -Filter \"DisplayName eq 'Microsoft Graph'\"\r\n$mailRole = $graphApiApp.AppRoles|Where-Object Value -Eq \"Mail.Read\"\r\nNew-MgServicePrincipalAppRoleAssignment -ServicePrincipalId $resourceSPN.Id -PrincipalId $resourceSPN.Id -ResourceId $graphApiApp.id -AppRoleId $mailRole.Id\r\n$mailbox1 = \"\"\r\n$mailbox2 = \"\"\r\n$mailbox3 = \"\"\r\n[System.Collections.ArrayList]$selectUsers = @()\r\nforeach ($user in $users) {if (($user.Mail -eq $mailbox1) -Or ($user.Mail -eq $mailbox2) -Or ($user.Mail -eq $mailbox3)){$selectUsers.Add($user.id)}}\r\nconnect-mggraph -ClientId $app.AppId -TenantId $context.TenantId -CertificateName $cert.Subjectname.Name\r\nforeach ($user in $selectUsers) { $url= \"https://graph.microsoft.com/v1.0/users/$($user)/messages\" ; Invoke-MgGraphRequest -Uri $url -Method GET -OutputType PSObject}}\r\n\tEngineVersion=\r\n\tRunspaceId=\r\n\tPipelineId=\r\n\tCommandName=\r\n\tCommandType=\r\n\tScriptName=\r\n\tCommandPath=\r\n\tCommandLine=","Binary":""}}}
{"Event":{"System":{"Provider":{"@Name":"PowerShell"},"EventID":{"@Qualifiers":"0","#text":"600"},"Version":"0","Level":"4","Task":"6","Opcode":"0","Keywords":"0x80000000000000","TimeCreated":{"@SystemTime":"2024-10-24 21:04:38.1613618"},"EventRecordID":"1232","Correlation":null,"Execution":{"@ProcessID":"0","@ThreadID":"0"},"Channel":"Windows PowerShell","Computer":"Server002","Security":null},"EventData":{"Data":"FileSystem, Started, \tProviderName=FileSystem\r\n\tNewProviderState=Started\r\n\r\n\tSequenceNumber=7\r\n\r\n\tHostName=ConsoleHost\r\n\tHostVersion=5.1.19041.5007\r\n\tHostId=93d4a142-ea40-4e61-88d3-5b41c1355adf\r\n\tHostApplication=powershell.exe &amp; {$ss = ConvertTo-SecureString \"\" -AsPlainText -Force\r\n$cred = New-Object PSCredential -ArgumentList '', $ss\r\n$param = @{\r\n Credential = $cred\r\n Force = $true\r\n}\r\n$null = Connect-AzAccount @param\r\n$token = (Get-AzAccessToken -ResourceTypeName MSGraph -ErrorAction Stop).token\r\n$cert = New-SelfSignedCertificate -Subject \"CN=PowerShell Application\" -CertStoreLocation \"Cert:\\CurrentUser\\My\" -KeyExportPolicy Exportable -KeySpec Signature -KeyLength 2048 -KeyAlgorithm RSA -HashAlgorithm SHA256\r\n$reqResourceAccess = ( @{ \"resourceAccess\" = (@{\"id\"= \"570282fd-fa5c-430d-a7fd-fc8dc98a9dca\"; \"type\"= \"Scope\"}, @{ \"id\"= \"7427e0e9-2fba-42fe-b0c0-848c9e6a8182\"; \"type\"= \"Scope\"}, @{\"id\"= \"37f7f235-527c-4136-accd-4a02d197296e\"; \"type\"= \"Scope\"}, @{\"id\"= \"14dad69e-099b-42c9-810b-d002981feec1\"; \"type\"= \"Scope\"}, @{ \"id\"= \"e1fe6dd8-ba31-4d61-89e7-88639da4683d\"; \"type\"= \"Scope\"}, @{ \"id\"= \"810c84a8-4a9e-49e6-bf7d-12d183f40d01\"; \"type\"= \"Role\"}); \"resourceAppId\" = \"00000003-0000-0000-c000-000000000000\" })\r\nconnect-mggraph -AccessToken $token\r\n$context = Get-MgContext \r\n$users = get-MgUser\r\n$app = New-MgApplication -DisplayName \"data.002 file Test #1 - Office365 - Remote Email script\" -RequiredResourceAccess $reqResourceAccess -Web @{ RedirectUris=\"http://localhost\"; } -KeyCredentials @(@{ Type=\"AsymmetricX509Cert\"; Usage=\"Verify\"; Key=$cert.RawData })\r\nNew-MgServicePrincipal -AppId $app.appId -AdditionalProperties @{} | Out-Null\r\n$resourceSPN = Get-MgServicePrincipal -Filter \"AppId eq '$($app.AppId)'\"\r\n$graphApiApp = Get-MgServicePrincipal -Filter \"DisplayName eq 'Microsoft Graph'\"\r\n$mailRole = $graphApiApp.AppRoles|Where-Object Value -Eq \"Mail.Read\"\r\nNew-MgServicePrincipalAppRoleAssignment -ServicePrincipalId $resourceSPN.Id -PrincipalId $resourceSPN.Id -ResourceId $graphApiApp.id -AppRoleId $mailRole.Id\r\n$mailbox1 = \"\"\r\n$mailbox2 = \"\"\r\n$mailbox3 = \"\"\r\n[System.Collections.ArrayList]$selectUsers = @()\r\nforeach ($user in $users) {if (($user.Mail -eq $mailbox1) -Or ($user.Mail -eq $mailbox2) -Or ($user.Mail -eq $mailbox3)){$selectUsers.Add($user.id)}}\r\nconnect-mggraph -ClientId $app.AppId -TenantId $context.TenantId -CertificateName $cert.Subjectname.Name\r\nforeach ($user in $selectUsers) { $url= \"https://graph.microsoft.com/v1.0/users/$($user)/messages\" ; Invoke-MgGraphRequest -Uri $url -Method GET -OutputType PSObject}}\r\n\tEngineVersion=\r\n\tRunspaceId=\r\n\tPipelineId=\r\n\tCommandName=\r\n\tCommandType=\r\n\tScriptName=\r\n\tCommandPath=\r\n\tCommandLine=","Binary":""}}}
{"Event":{"System":{"Provider":{"@Name":"PowerShell"},"EventID":{"@Qualifiers":"0","#text":"600"},"Version":"0","Level":"4","Task":"6","Opcode":"0","Keywords":"0x80000000000000","TimeCreated":{"@SystemTime":"2024-10-24 21:04:38.1645315"},"EventRecordID":"1233","Correlation":null,"Execution":{"@ProcessID":"0","@ThreadID":"0"},"Channel":"Windows PowerShell","Computer":"Server002","Security":null},"EventData":{"Data":"Function, Started, \tProviderName=Function\r\n\tNewProviderState=Started\r\n\r\n\tSequenceNumber=9\r\n\r\n\tHostName=ConsoleHost\r\n\tHostVersion=5.1.19041.5007\r\n\tHostId=93d4a142-ea40-4e61-88d3-5b41c1355adf\r\n\tHostApplication=powershell.exe &amp; {$ss = ConvertTo-SecureString \"\" -AsPlainText -Force\r\n$cred = New-Object PSCredential -ArgumentList '', $ss\r\n$param = @{\r\n Credential = $cred\r\n Force = $true\r\n}\r\n$null = Connect-AzAccount @param\r\n$token = (Get-AzAccessToken -ResourceTypeName MSGraph -ErrorAction Stop).token\r\n$cert = New-SelfSignedCertificate -Subject \"CN=PowerShell Application\" -CertStoreLocation \"Cert:\\CurrentUser\\My\" -KeyExportPolicy Exportable -KeySpec Signature -KeyLength 2048 -KeyAlgorithm RSA -HashAlgorithm SHA256\r\n$reqResourceAccess = ( @{ \"resourceAccess\" = (@{\"id\"= \"570282fd-fa5c-430d-a7fd-fc8dc98a9dca\"; \"type\"= \"Scope\"}, @{ \"id\"= \"7427e0e9-2fba-42fe-b0c0-848c9e6a8182\"; \"type\"= \"Scope\"}, @{\"id\"= \"37f7f235-527c-4136-accd-4a02d197296e\"; \"type\"= \"Scope\"}, @{\"id\"= \"14dad69e-099b-42c9-810b-d002981feec1\"; \"type\"= \"Scope\"}, @{ \"id\"= \"e1fe6dd8-ba31-4d61-89e7-88639da4683d\"; \"type\"= \"Scope\"}, @{ \"id\"= \"810c84a8-4a9e-49e6-bf7d-12d183f40d01\"; \"type\"= \"Role\"}); \"resourceAppId\" = \"00000003-0000-0000-c000-000000000000\" })\r\nconnect-mggraph -AccessToken $token\r\n$context = Get-MgContext \r\n$users = get-MgUser\r\n$app = New-MgApplication -DisplayName \"data.002 file Test #1 - Office365 - Remote Email script\" -RequiredResourceAccess $reqResourceAccess -Web @{ RedirectUris=\"http://localhost\"; } -KeyCredentials @(@{ Type=\"AsymmetricX509Cert\"; Usage=\"Verify\"; Key=$cert.RawData })\r\nNew-MgServicePrincipal -AppId $app.appId -AdditionalProperties @{} | Out-Null\r\n$resourceSPN = Get-MgServicePrincipal -Filter \"AppId eq '$($app.AppId)'\"\r\n$graphApiApp = Get-MgServicePrincipal -Filter \"DisplayName eq 'Microsoft Graph'\"\r\n$mailRole = $graphApiApp.AppRoles|Where-Object Value -Eq \"Mail.Read\"\r\nNew-MgServicePrincipalAppRoleAssignment -ServicePrincipalId $resourceSPN.Id -PrincipalId $resourceSPN.Id -ResourceId $graphApiApp.id -AppRoleId $mailRole.Id\r\n$mailbox1 = \"\"\r\n$mailbox2 = \"\"\r\n$mailbox3 = \"\"\r\n[System.Collections.ArrayList]$selectUsers = @()\r\nforeach ($user in $users) {if (($user.Mail -eq $mailbox1) -Or ($user.Mail -eq $mailbox2) -Or ($user.Mail -eq $mailbox3)){$selectUsers.Add($user.id)}}\r\nconnect-mggraph -ClientId $app.AppId -TenantId $context.TenantId -CertificateName $cert.Subjectname.Name\r\nforeach ($user in $selectUsers) { $url= \"https://graph.microsoft.com/v1.0/users/$($user)/messages\" ; Invoke-MgGraphRequest -Uri $url -Method GET -OutputType PSObject}}\r\n\tEngineVersion=\r\n\tRunspaceId=\r\n\tPipelineId=\r\n\tCommandName=\r\n\tCommandType=\r\n\tScriptName=\r\n\tCommandPath=\r\n\tCommandLine=","Binary":""}}}
{"Event":{"System":{"Provider":{"@Name":"PowerShell"},"EventID":{"@Qualifiers":"0","#text":"600"},"Version":"0","Level":"4","Task":"6","Opcode":"0","Keywords":"0x80000000000000","TimeCreated":{"@SystemTime":"2024-10-24 21:04:38.1660753"},"EventRecordID":"1234","Correlation":null,"Execution":{"@ProcessID":"0","@ThreadID":"0"},"Channel":"Windows PowerShell","Computer":"Server002","Security":null},"EventData":{"Data":"Variable, Started, \tProviderName=Variable\r\n\tNewProviderState=Started\r\n\r\n\tSequenceNumber=11\r\n\r\n\tHostName=ConsoleHost\r\n\tHostVersion=5.1.19041.5007\r\n\tHostId=93d4a142-ea40-4e61-88d3-5b41c1355adf\r\n\tHostApplication=powershell.exe &amp; {$ss = ConvertTo-SecureString \"\" -AsPlainText -Force\r\n$cred = New-Object PSCredential -ArgumentList '', $ss\r\n$param = @{\r\n Credential = $cred\r\n Force = $true\r\n}\r\n$null = Connect-AzAccount @param\r\n$token = (Get-AzAccessToken -ResourceTypeName MSGraph -ErrorAction Stop).token\r\n$cert = New-SelfSignedCertificate -Subject \"CN=PowerShell Application\" -CertStoreLocation \"Cert:\\CurrentUser\\My\" -KeyExportPolicy Exportable -KeySpec Signature -KeyLength 2048 -KeyAlgorithm RSA -HashAlgorithm SHA256\r\n$reqResourceAccess = ( @{ \"resourceAccess\" = (@{\"id\"= \"570282fd-fa5c-430d-a7fd-fc8dc98a9dca\"; \"type\"= \"Scope\"}, @{ \"id\"= \"7427e0e9-2fba-42fe-b0c0-848c9e6a8182\"; \"type\"= \"Scope\"}, @{\"id\"= \"37f7f235-527c-4136-accd-4a02d197296e\"; \"type\"= \"Scope\"}, @{\"id\"= \"14dad69e-099b-42c9-810b-d002981feec1\"; \"type\"= \"Scope\"}, @{ \"id\"= \"e1fe6dd8-ba31-4d61-89e7-88639da4683d\"; \"type\"= \"Scope\"}, @{ \"id\"= \"810c84a8-4a9e-49e6-bf7d-12d183f40d01\"; \"type\"= \"Role\"}); \"resourceAppId\" = \"00000003-0000-0000-c000-000000000000\" })\r\nconnect-mggraph -AccessToken $token\r\n$context = Get-MgContext \r\n$users = get-MgUser\r\n$app = New-MgApplication -DisplayName \"data.002 file Test #1 - Office365 - Remote Email script\" -RequiredResourceAccess $reqResourceAccess -Web @{ RedirectUris=\"http://localhost\"; } -KeyCredentials @(@{ Type=\"AsymmetricX509Cert\"; Usage=\"Verify\"; Key=$cert.RawData })\r\nNew-MgServicePrincipal -AppId $app.appId -AdditionalProperties @{} | Out-Null\r\n$resourceSPN = Get-MgServicePrincipal -Filter \"AppId eq '$($app.AppId)'\"\r\n$graphApiApp = Get-MgServicePrincipal -Filter \"DisplayName eq 'Microsoft Graph'\"\r\n$mailRole = $graphApiApp.AppRoles|Where-Object Value -Eq \"Mail.Read\"\r\nNew-MgServicePrincipalAppRoleAssignment -ServicePrincipalId $resourceSPN.Id -PrincipalId $resourceSPN.Id -ResourceId $graphApiApp.id -AppRoleId $mailRole.Id\r\n$mailbox1 = \"\"\r\n$mailbox2 = \"\"\r\n$mailbox3 = \"\"\r\n[System.Collections.ArrayList]$selectUsers = @()\r\nforeach ($user in $users) {if (($user.Mail -eq $mailbox1) -Or ($user.Mail -eq $mailbox2) -Or ($user.Mail -eq $mailbox3)){$selectUsers.Add($user.id)}}\r\nconnect-mggraph -ClientId $app.AppId -TenantId $context.TenantId -CertificateName $cert.Subjectname.Name\r\nforeach ($user in $selectUsers) { $url= \"https://graph.microsoft.com/v1.0/users/$($user)/messages\" ; Invoke-MgGraphRequest -Uri $url -Method GET -OutputType PSObject}}\r\n\tEngineVersion=\r\n\tRunspaceId=\r\n\tPipelineId=\r\n\tCommandName=\r\n\tCommandType=\r\n\tScriptName=\r\n\tCommandPath=\r\n\tCommandLine=","Binary":""}}}
{"Event":{"System":{"Provider":{"@Name":"PowerShell"},"EventID":{"@Qualifiers":"0","#text":"400"},"Version":"0","Level":"4","Task":"4","Opcode":"0","Keywords":"0x80000000000000","TimeCreated":{"@SystemTime":"2024-10-24 21:04:38.5117825"},"EventRecordID":"1235","Correlation":null,"Execution":{"@ProcessID":"0","@ThreadID":"0"},"Channel":"Windows PowerShell","Computer":"Server002","Security":null},"EventData":{"Data":"Available, None, \tNewEngineState=Available\r\n\tPreviousEngineState=None\r\n\r\n\tSequenceNumber=13\r\n\r\n\tHostName=ConsoleHost\r\n\tHostVersion=5.1.19041.5007\r\n\tHostId=93d4a142-ea40-4e61-88d3-5b41c1355adf\r\n\tHostApplication=powershell.exe &amp; {$ss = ConvertTo-SecureString \"\" -AsPlainText -Force\r\n$cred = New-Object PSCredential -ArgumentList '', $ss\r\n$param = @{\r\n Credential = $cred\r\n Force = $true\r\n}\r\n$null = Connect-AzAccount @param\r\n$token = (Get-AzAccessToken -ResourceTypeName MSGraph -ErrorAction Stop).token\r\n$cert = New-SelfSignedCertificate -Subject \"CN=PowerShell Application\" -CertStoreLocation \"Cert:\\CurrentUser\\My\" -KeyExportPolicy Exportable -KeySpec Signature -KeyLength 2048 -KeyAlgorithm RSA -HashAlgorithm SHA256\r\n$reqResourceAccess = ( @{ \"resourceAccess\" = (@{\"id\"= \"570282fd-fa5c-430d-a7fd-fc8dc98a9dca\"; \"type\"= \"Scope\"}, @{ \"id\"= \"7427e0e9-2fba-42fe-b0c0-848c9e6a8182\"; \"type\"= \"Scope\"}, @{\"id\"= \"37f7f235-527c-4136-accd-4a02d197296e\"; \"type\"= \"Scope\"}, @{\"id\"= \"14dad69e-099b-42c9-810b-d002981feec1\"; \"type\"= \"Scope\"}, @{ \"id\"= \"e1fe6dd8-ba31-4d61-89e7-88639da4683d\"; \"type\"= \"Scope\"}, @{ \"id\"= \"810c84a8-4a9e-49e6-bf7d-12d183f40d01\"; \"type\"= \"Role\"}); \"resourceAppId\" = \"00000003-0000-0000-c000-000000000000\" })\r\nconnect-mggraph -AccessToken $token\r\n$context = Get-MgContext \r\n$users = get-MgUser\r\n$app = New-MgApplication -DisplayName \"data.002 file Test #1 - Office365 - Remote Email script\" -RequiredResourceAccess $reqResourceAccess -Web @{ RedirectUris=\"http://localhost\"; } -KeyCredentials @(@{ Type=\"AsymmetricX509Cert\"; Usage=\"Verify\"; Key=$cert.RawData })\r\nNew-MgServicePrincipal -AppId $app.appId -AdditionalProperties @{} | Out-Null\r\n$resourceSPN = Get-MgServicePrincipal -Filter \"AppId eq '$($app.AppId)'\"\r\n$graphApiApp = Get-MgServicePrincipal -Filter \"DisplayName eq 'Microsoft Graph'\"\r\n$mailRole = $graphApiApp.AppRoles|Where-Object Value -Eq \"Mail.Read\"\r\nNew-MgServicePrincipalAppRoleAssignment -ServicePrincipalId $resourceSPN.Id -PrincipalId $resourceSPN.Id -ResourceId $graphApiApp.id -AppRoleId $mailRole.Id\r\n$mailbox1 = \"\"\r\n$mailbox2 = \"\"\r\n$mailbox3 = \"\"\r\n[System.Collections.ArrayList]$selectUsers = @()\r\nforeach ($user in $users) {if (($user.Mail -eq $mailbox1) -Or ($user.Mail -eq $mailbox2) -Or ($user.Mail -eq $mailbox3)){$selectUsers.Add($user.id)}}\r\nconnect-mggraph -ClientId $app.AppId -TenantId $context.TenantId -CertificateName $cert.Subjectname.Name\r\nforeach ($user in $selectUsers) { $url= \"https://graph.microsoft.com/v1.0/users/$($user)/messages\" ; Invoke-MgGraphRequest -Uri $url -Method GET -OutputType PSObject}}\r\n\tEngineVersion=5.1.19041.5007\r\n\tRunspaceId=acd78523-2cc0-4c7e-8244-771214c9005d\r\n\tPipelineId=\r\n\tCommandName=\r\n\tCommandType=\r\n\tScriptName=\r\n\tCommandPath=\r\n\tCommandLine=","Binary":""}}}
{"Event":{"System":{"Provider":{"@Name":"PowerShell"},"EventID":{"@Qualifiers":"0","#text":"600"},"Version":"0","Level":"4","Task":"6","Opcode":"0","Keywords":"0x80000000000000","TimeCreated":{"@SystemTime":"2024-10-24 21:04:39.5084693"},"EventRecordID":"1236","Correlation":null,"Execution":{"@ProcessID":"0","@ThreadID":"0"},"Channel":"Windows PowerShell","Computer":"Server002","Security":null},"EventData":{"Data":"Certificate, Started, \tProviderName=Certificate\r\n\tNewProviderState=Started\r\n\r\n\tSequenceNumber=15\r\n\r\n\tHostName=ConsoleHost\r\n\tHostVersion=5.1.19041.5007\r\n\tHostId=93d4a142-ea40-4e61-88d3-5b41c1355adf\r\n\tHostApplication=powershell.exe &amp; {$ss = ConvertTo-SecureString \"\" -AsPlainText -Force\r\n$cred = New-Object PSCredential -ArgumentList '', $ss\r\n$param = @{\r\n Credential = $cred\r\n Force = $true\r\n}\r\n$null = Connect-AzAccount @param\r\n$token = (Get-AzAccessToken -ResourceTypeName MSGraph -ErrorAction Stop).token\r\n$cert = New-SelfSignedCertificate -Subject \"CN=PowerShell Application\" -CertStoreLocation \"Cert:\\CurrentUser\\My\" -KeyExportPolicy Exportable -KeySpec Signature -KeyLength 2048 -KeyAlgorithm RSA -HashAlgorithm SHA256\r\n$reqResourceAccess = ( @{ \"resourceAccess\" = (@{\"id\"= \"570282fd-fa5c-430d-a7fd-fc8dc98a9dca\"; \"type\"= \"Scope\"}, @{ \"id\"= \"7427e0e9-2fba-42fe-b0c0-848c9e6a8182\"; \"type\"= \"Scope\"}, @{\"id\"= \"37f7f235-527c-4136-accd-4a02d197296e\"; \"type\"= \"Scope\"}, @{\"id\"= \"14dad69e-099b-42c9-810b-d002981feec1\"; \"type\"= \"Scope\"}, @{ \"id\"= \"e1fe6dd8-ba31-4d61-89e7-88639da4683d\"; \"type\"= \"Scope\"}, @{ \"id\"= \"810c84a8-4a9e-49e6-bf7d-12d183f40d01\"; \"type\"= \"Role\"}); \"resourceAppId\" = \"00000003-0000-0000-c000-000000000000\" })\r\nconnect-mggraph -AccessToken $token\r\n$context = Get-MgContext \r\n$users = get-MgUser\r\n$app = New-MgApplication -DisplayName \"data.002 file Test #1 - Office365 - Remote Email script\" -RequiredResourceAccess $reqResourceAccess -Web @{ RedirectUris=\"http://localhost\"; } -KeyCredentials @(@{ Type=\"AsymmetricX509Cert\"; Usage=\"Verify\"; Key=$cert.RawData })\r\nNew-MgServicePrincipal -AppId $app.appId -AdditionalProperties @{} | Out-Null\r\n$resourceSPN = Get-MgServicePrincipal -Filter \"AppId eq '$($app.AppId)'\"\r\n$graphApiApp = Get-MgServicePrincipal -Filter \"DisplayName eq 'Microsoft Graph'\"\r\n$mailRole = $graphApiApp.AppRoles|Where-Object Value -Eq \"Mail.Read\"\r\nNew-MgServicePrincipalAppRoleAssignment -ServicePrincipalId $resourceSPN.Id -PrincipalId $resourceSPN.Id -ResourceId $graphApiApp.id -AppRoleId $mailRole.Id\r\n$mailbox1 = \"\"\r\n$mailbox2 = \"\"\r\n$mailbox3 = \"\"\r\n[System.Collections.ArrayList]$selectUsers = @()\r\nforeach ($user in $users) {if (($user.Mail -eq $mailbox1) -Or ($user.Mail -eq $mailbox2) -Or ($user.Mail -eq $mailbox3)){$selectUsers.Add($user.id)}}\r\nconnect-mggraph -ClientId $app.AppId -TenantId $context.TenantId -CertificateName $cert.Subjectname.Name\r\nforeach ($user in $selectUsers) { $url= \"https://graph.microsoft.com/v1.0/users/$($user)/messages\" ; Invoke-MgGraphRequest -Uri $url -Method GET -OutputType PSObject}}\r\n\tEngineVersion=5.1.19041.5007\r\n\tRunspaceId=acd78523-2cc0-4c7e-8244-771214c9005d\r\n\tPipelineId=2\r\n\tCommandName=\r\n\tCommandType=\r\n\tScriptName=\r\n\tCommandPath=\r\n\tCommandLine=","Binary":""}}}
{"Event":{"System":{"Provider":{"@Name":"PowerShell"},"EventID":{"@Qualifiers":"0","#text":"403"},"Version":"0","Level":"4","Task":"4","Opcode":"0","Keywords":"0x80000000000000","TimeCreated":{"@SystemTime":"2024-10-24 21:04:41.5587978"},"EventRecordID":"1237","Correlation":null,"Execution":{"@ProcessID":"0","@ThreadID":"0"},"Channel":"Windows PowerShell","Computer":"Server002","Security":null},"EventData":{"Data":"Stopped, Available, \tNewEngineState=Stopped\r\n\tPreviousEngineState=Available\r\n\r\n\tSequenceNumber=19\r\n\r\n\tHostName=ConsoleHost\r\n\tHostVersion=5.1.19041.5007\r\n\tHostId=93d4a142-ea40-4e61-88d3-5b41c1355adf\r\n\tHostApplication=powershell.exe &amp; {$ss = ConvertTo-SecureString \"\" -AsPlainText -Force\r\n$cred = New-Object PSCredential -ArgumentList '', $ss\r\n$param = @{\r\n Credential = $cred\r\n Force = $true\r\n}\r\n$null = Connect-AzAccount @param\r\n$token = (Get-AzAccessToken -ResourceTypeName MSGraph -ErrorAction Stop).token\r\n$cert = New-SelfSignedCertificate -Subject \"CN=PowerShell Application\" -CertStoreLocation \"Cert:\\CurrentUser\\My\" -KeyExportPolicy Exportable -KeySpec Signature -KeyLength 2048 -KeyAlgorithm RSA -HashAlgorithm SHA256\r\n$reqResourceAccess = ( @{ \"resourceAccess\" = (@{\"id\"= \"570282fd-fa5c-430d-a7fd-fc8dc98a9dca\"; \"type\"= \"Scope\"}, @{ \"id\"= \"7427e0e9-2fba-42fe-b0c0-848c9e6a8182\"; \"type\"= \"Scope\"}, @{\"id\"= \"37f7f235-527c-4136-accd-4a02d197296e\"; \"type\"= \"Scope\"}, @{\"id\"= \"14dad69e-099b-42c9-810b-d002981feec1\"; \"type\"= \"Scope\"}, @{ \"id\"= \"e1fe6dd8-ba31-4d61-89e7-88639da4683d\"; \"type\"= \"Scope\"}, @{ \"id\"= \"810c84a8-4a9e-49e6-bf7d-12d183f40d01\"; \"type\"= \"Role\"}); \"resourceAppId\" = \"00000003-0000-0000-c000-000000000000\" })\r\nconnect-mggraph -AccessToken $token\r\n$context = Get-MgContext \r\n$users = get-MgUser\r\n$app = New-MgApplication -DisplayName \"data.002 file Test #1 - Office365 - Remote Email script\" -RequiredResourceAccess $reqResourceAccess -Web @{ RedirectUris=\"http://localhost\"; } -KeyCredentials @(@{ Type=\"AsymmetricX509Cert\"; Usage=\"Verify\"; Key=$cert.RawData })\r\nNew-MgServicePrincipal -AppId $app.appId -AdditionalProperties @{} | Out-Null\r\n$resourceSPN = Get-MgServicePrincipal -Filter \"AppId eq '$($app.AppId)'\"\r\n$graphApiApp = Get-MgServicePrincipal -Filter \"DisplayName eq 'Microsoft Graph'\"\r\n$mailRole = $graphApiApp.AppRoles|Where-Object Value -Eq \"Mail.Read\"\r\nNew-MgServicePrincipalAppRoleAssignment -ServicePrincipalId $resourceSPN.Id -PrincipalId $resourceSPN.Id -ResourceId $graphApiApp.id -AppRoleId $mailRole.Id\r\n$mailbox1 = \"\"\r\n$mailbox2 = \"\"\r\n$mailbox3 = \"\"\r\n[System.Collections.ArrayList]$selectUsers = @()\r\nforeach ($user in $users) {if (($user.Mail -eq $mailbox1) -Or ($user.Mail -eq $mailbox2) -Or ($user.Mail -eq $mailbox3)){$selectUsers.Add($user.id)}}\r\nconnect-mggraph -ClientId $app.AppId -TenantId $context.TenantId -CertificateName $cert.Subjectname.Name\r\nforeach ($user in $selectUsers) { $url= \"https://graph.microsoft.com/v1.0/users/$($user)/messages\" ; Invoke-MgGraphRequest -Uri $url -Method GET -OutputType PSObject}}\r\n\tEngineVersion=5.1.19041.5007\r\n\tRunspaceId=acd78523-2cc0-4c7e-8244-771214c9005d\r\n\tPipelineId=\r\n\tCommandName=\r\n\tCommandType=\r\n\tScriptName=\r\n\tCommandPath=\r\n\tCommandLine=","Binary":""}}}
