
{"Event":{"System":{"Provider":{"@Name":"Microsoft-Windows-Security-Auditing","@Guid":"54849625-5478-4994-a5ba-3e3b0328c30d"},"EventID":"4728","Version":"0","Level":"0","Task":"13826","Opcode":"0","Keywords":"0x8020000000000000","TimeCreated":{"@SystemTime":"2024-10-28 13:28:46.2543791"},"EventRecordID":"30351","Correlation":{"@ActivityID":"6426fcad-2945-0000-88fd-26644529db01"},"Execution":{"@ProcessID":"668","@ThreadID":"1920"},"Channel":"Security","Computer":"Server002","Security":null},"EventData":{"Data":[{"@Name":"MemberName","#text":"-"},{"@Name":"MemberSid","#text":"S-1-5-21-3962163828-2803415714-1403596700-1007"},{"@Name":"TargetUserName","#text":"None"},{"@Name":"TargetDomainName","#text":"SERVER002"},{"@Name":"TargetSid","#text":"S-1-5-21-3962163828-2803415714-1403596700-513"},{"@Name":"SubjectUserSid","#text":"S-1-5-21-3962163828-2803415714-1403596700-1006"},{"@Name":"SubjectUserName","#text":"admin_test"},{"@Name":"SubjectDomainName","#text":"SERVER002"},{"@Name":"SubjectLogonId","#text":"0x12EF3F"},{"@Name":"PrivilegeList","#text":"-"}]}}}
{"Event":{"System":{"Provider":{"@Name":"Microsoft-Windows-Security-Auditing","@Guid":"54849625-5478-4994-a5ba-3e3b0328c30d"},"EventID":"4720","Version":"0","Level":"0","Task":"13824","Opcode":"0","Keywords":"0x8020000000000000","TimeCreated":{"@SystemTime":"2024-10-28 13:28:46.2562675"},"EventRecordID":"30352","Correlation":{"@ActivityID":"6426fcad-2945-0000-88fd-26644529db01"},"Execution":{"@ProcessID":"668","@ThreadID":"1920"},"Channel":"Security","Computer":"Server002","Security":null},"EventData":{"Data":[{"@Name":"TargetUserName","#text":"fileOperator$"},{"@Name":"TargetDomainName","#text":"SERVER002"},{"@Name":"TargetSid","#text":"S-1-5-21-3962163828-2803415714-1403596700-1007"},{"@Name":"SubjectUserSid","#text":"S-1-5-21-3962163828-2803415714-1403596700-1006"},{"@Name":"SubjectUserName","#text":"admin_test"},{"@Name":"SubjectDomainName","#text":"SERVER002"},{"@Name":"SubjectLogonId","#text":"0x12EF3F"},{"@Name":"PrivilegeList","#text":"-"},{"@Name":"SamAccountName","#text":"fileOperator$"},{"@Name":"DisplayName","#text":"%%1793"},{"@Name":"UserPrincipalName","#text":"-"},{"@Name":"HomeDirectory","#text":"%%1793"},{"@Name":"HomePath","#text":"%%1793"},{"@Name":"ScriptPath","#text":"%%1793"},{"@Name":"ProfilePath","#text":"%%1793"},{"@Name":"UserWorkstations","#text":"%%1793"},{"@Name":"PasswordLastSet","#text":"%%1794"},{"@Name":"AccountExpires","#text":"%%1794"},{"@Name":"PrimaryGroupId","#text":"513"},{"@Name":"AllowedToDelegateTo","#text":"-"},{"@Name":"OldUacValue","#text":"0x0"},{"@Name":"NewUacValue","#text":"0x15"},{"@Name":"UserAccountControl","#text":", %%2080, %%2082, %%2084"},{"@Name":"UserParameters","#text":"%%1793"},{"@Name":"SidHistory","#text":"-"},{"@Name":"LogonHours","#text":"%%1797"}]}}}
{"Event":{"System":{"Provider":{"@Name":"Microsoft-Windows-Security-Auditing","@Guid":"54849625-5478-4994-a5ba-3e3b0328c30d"},"EventID":"4722","Version":"0","Level":"0","Task":"13824","Opcode":"0","Keywords":"0x8020000000000000","TimeCreated":{"@SystemTime":"2024-10-28 13:28:46.2716470"},"EventRecordID":"30353","Correlation":{"@ActivityID":"6426fcad-2945-0000-88fd-26644529db01"},"Execution":{"@ProcessID":"668","@ThreadID":"1920"},"Channel":"Security","Computer":"Server002","Security":null},"EventData":{"Data":[{"@Name":"TargetUserName","#text":"fileOperator$"},{"@Name":"TargetDomainName","#text":"SERVER002"},{"@Name":"TargetSid","#text":"S-1-5-21-3962163828-2803415714-1403596700-1007"},{"@Name":"SubjectUserSid","#text":"S-1-5-21-3962163828-2803415714-1403596700-1006"},{"@Name":"SubjectUserName","#text":"admin_test"},{"@Name":"SubjectDomainName","#text":"SERVER002"},{"@Name":"SubjectLogonId","#text":"0x12EF3F"}]}}}
{"Event":{"System":{"Provider":{"@Name":"Microsoft-Windows-Security-Auditing","@Guid":"54849625-5478-4994-a5ba-3e3b0328c30d"},"EventID":"4738","Version":"0","Level":"0","Task":"13824","Opcode":"0","Keywords":"0x8020000000000000","TimeCreated":{"@SystemTime":"2024-10-28 13:28:46.2716986"},"EventRecordID":"30354","Correlation":{"@ActivityID":"6426fcad-2945-0000-88fd-26644529db01"},"Execution":{"@ProcessID":"668","@ThreadID":"1920"},"Channel":"Security","Computer":"Server002","Security":null},"EventData":{"Data":[{"@Name":"Dummy","#text":"-"},{"@Name":"TargetUserName","#text":"fileOperator$"},{"@Name":"TargetDomainName","#text":"SERVER002"},{"@Name":"TargetSid","#text":"S-1-5-21-3962163828-2803415714-1403596700-1007"},{"@Name":"SubjectUserSid","#text":"S-1-5-21-3962163828-2803415714-1403596700-1006"},{"@Name":"SubjectUserName","#text":"admin_test"},{"@Name":"SubjectDomainName","#text":"SERVER002"},{"@Name":"SubjectLogonId","#text":"0x12EF3F"},{"@Name":"PrivilegeList","#text":"-"},{"@Name":"SamAccountName","#text":"fileOperator$"},{"@Name":"DisplayName","#text":"%%1793"},{"@Name":"UserPrincipalName","#text":"-"},{"@Name":"HomeDirectory","#text":"%%1793"},{"@Name":"HomePath","#text":"%%1793"},{"@Name":"ScriptPath","#text":"%%1793"},{"@Name":"ProfilePath","#text":"%%1793"},{"@Name":"UserWorkstations","#text":"%%1793"},{"@Name":"PasswordLastSet","#text":"28/10/2024 13:28:46"},{"@Name":"AccountExpires","#text":"%%1794"},{"@Name":"PrimaryGroupId","#text":"513"},{"@Name":"AllowedToDelegateTo","#text":"-"},{"@Name":"OldUacValue","#text":"0x15"},{"@Name":"NewUacValue","#text":"0x10"},{"@Name":"UserAccountControl","#text":", %%2048, %%2050"},{"@Name":"UserParameters","#text":"-"},{"@Name":"SidHistory","#text":"-"},{"@Name":"LogonHours","#text":"%%1797"}]}}}
{"Event":{"System":{"Provider":{"@Name":"Microsoft-Windows-Security-Auditing","@Guid":"54849625-5478-4994-a5ba-3e3b0328c30d"},"EventID":"4724","Version":"0","Level":"0","Task":"13824","Opcode":"0","Keywords":"0x8020000000000000","TimeCreated":{"@SystemTime":"2024-10-28 13:28:46.2717055"},"EventRecordID":"30355","Correlation":{"@ActivityID":"6426fcad-2945-0000-88fd-26644529db01"},"Execution":{"@ProcessID":"668","@ThreadID":"1920"},"Channel":"Security","Computer":"Server002","Security":null},"EventData":{"Data":[{"@Name":"TargetUserName","#text":"fileOperator$"},{"@Name":"TargetDomainName","#text":"SERVER002"},{"@Name":"TargetSid","#text":"S-1-5-21-3962163828-2803415714-1403596700-1007"},{"@Name":"SubjectUserSid","#text":"S-1-5-21-3962163828-2803415714-1403596700-1006"},{"@Name":"SubjectUserName","#text":"admin_test"},{"@Name":"SubjectDomainName","#text":"SERVER002"},{"@Name":"SubjectLogonId","#text":"0x12EF3F"}]}}}
{"Event":{"System":{"Provider":{"@Name":"Microsoft-Windows-Security-Auditing","@Guid":"54849625-5478-4994-a5ba-3e3b0328c30d"},"EventID":"4732","Version":"0","Level":"0","Task":"13826","Opcode":"0","Keywords":"0x8020000000000000","TimeCreated":{"@SystemTime":"2024-10-28 13:28:46.2895801"},"EventRecordID":"30356","Correlation":{"@ActivityID":"6426fcad-2945-0000-88fd-26644529db01"},"Execution":{"@ProcessID":"668","@ThreadID":"712"},"Channel":"Security","Computer":"Server002","Security":null},"EventData":{"Data":[{"@Name":"MemberName","#text":"-"},{"@Name":"MemberSid","#text":"S-1-5-21-3962163828-2803415714-1403596700-1007"},{"@Name":"TargetUserName","#text":"Users"},{"@Name":"TargetDomainName","#text":"Builtin"},{"@Name":"TargetSid","#text":"S-1-5-32-545"},{"@Name":"SubjectUserSid","#text":"S-1-5-21-3962163828-2803415714-1403596700-1006"},{"@Name":"SubjectUserName","#text":"admin_test"},{"@Name":"SubjectDomainName","#text":"SERVER002"},{"@Name":"SubjectLogonId","#text":"0x12EF3F"},{"@Name":"PrivilegeList","#text":"-"}]}}}
{"Event":{"System":{"Provider":{"@Name":"Microsoft-Windows-Security-Auditing","@Guid":"54849625-5478-4994-a5ba-3e3b0328c30d"},"EventID":"4616","Version":"1","Level":"0","Task":"12288","Opcode":"0","Keywords":"0x8020000000000000","TimeCreated":{"@SystemTime":"2024-10-28 13:29:02.7734320"},"EventRecordID":"30357","Correlation":null,"Execution":{"@ProcessID":"4","@ThreadID":"272"},"Channel":"Security","Computer":"Server002","Security":null},"EventData":{"Data":[{"@Name":"SubjectUserSid","#text":"S-1-5-19"},{"@Name":"SubjectUserName","#text":"LOCAL SERVICE"},{"@Name":"SubjectDomainName","#text":"NT AUTHORITY"},{"@Name":"SubjectLogonId","#text":"0x3E5"},{"@Name":"PreviousTime","#text":"2024-10-28 13:28:46.3883805"},{"@Name":"NewTime","#text":"2024-10-28 13:29:02.7728862"},{"@Name":"ProcessId","#text":"0x1728"},{"@Name":"ProcessName","#text":"C:\\Windows\\System32\\svchost.exe"}]}}}
{"Event":{"System":{"Provider":{"@Name":"Microsoft-Windows-Security-Auditing","@Guid":"54849625-5478-4994-a5ba-3e3b0328c30d"},"EventID":"4616","Version":"1","Level":"0","Task":"12288","Opcode":"0","Keywords":"0x8020000000000000","TimeCreated":{"@SystemTime":"2024-10-28 13:29:02.7742395"},"EventRecordID":"30358","Correlation":null,"Execution":{"@ProcessID":"4","@ThreadID":"272"},"Channel":"Security","Computer":"Server002","Security":null},"EventData":{"Data":[{"@Name":"SubjectUserSid","#text":"S-1-5-19"},{"@Name":"SubjectUserName","#text":"LOCAL SERVICE"},{"@Name":"SubjectDomainName","#text":"NT AUTHORITY"},{"@Name":"SubjectLogonId","#text":"0x3E5"},{"@Name":"PreviousTime","#text":"2024-10-28 13:29:02.7728862"},{"@Name":"NewTime","#text":"2024-10-28 13:29:02.7737646"},{"@Name":"ProcessId","#text":"0x1728"},{"@Name":"ProcessName","#text":"C:\\Windows\\System32\\svchost.exe"}]}}}
