{"Event":{"System":{"Provider":{"@Name":"Microsoft-Windows-Sysmon","@Guid":"5770385f-c22a-43e0-bf4c-06f5698ffbd9"},"EventID":"5","Version":"3","Level":"4","Task":"5","Opcode":"0","Keywords":"0x8000000000000000","TimeCreated":{"@SystemTime":"2024-10-27 23:13:50.5391011"},"EventRecordID":"18013","Correlation":null,"Execution":{"@ProcessID":"2432","@ThreadID":"4596"},"Channel":"Microsoft-Windows-Sysmon/Operational","Computer":"Server002","Security":{"@UserID":"S-1-5-18"}},"EventData":{"Data":[{"@Name":"RuleName","#text":"-"},{"@Name":"UtcTime","#text":"2024-10-27 23:13:50.537"},{"@Name":"ProcessGuid","#text":"dbf410b3-c91e-671e-c200-000000003900"},{"@Name":"ProcessId","#text":"2076"},{"@Name":"Image","#text":"C:\\Program Files (x86)\\Microsoft\\Temp\\EU79F8.tmp\\MicrosoftEdgeUpdate.exe"},{"@Name":"User","#text":"NT AUTHORITY\\SYSTEM"}]}}}
{"Event":{"System":{"Provider":{"@Name":"Microsoft-Windows-Sysmon","@Guid":"5770385f-c22a-43e0-bf4c-06f5698ffbd9"},"EventID":"5","Version":"3","Level":"4","Task":"5","Opcode":"0","Keywords":"0x8000000000000000","TimeCreated":{"@SystemTime":"2024-10-27 23:13:50.5532627"},"EventRecordID":"18014","Correlation":null,"Execution":{"@ProcessID":"2432","@ThreadID":"4596"},"Channel":"Microsoft-Windows-Sysmon/Operational","Computer":"Server002","Security":{"@UserID":"S-1-5-18"}},"EventData":{"Data":[{"@Name":"RuleName","#text":"-"},{"@Name":"UtcTime","#text":"2024-10-27 23:13:50.551"},{"@Name":"ProcessGuid","#text":"dbf410b3-c91d-671e-be00-000000003900"},{"@Name":"ProcessId","#text":"1140"},{"@Name":"Image","#text":"C:\\Program Files (x86)\\Microsoft\\EdgeUpdate\\Install\\{74E49E86-7A14-42DE-9D47-5CB83EDB96CB}\\MicrosoftEdgeUpdateSetup_X86_1.3.195.27.exe"},{"@Name":"User","#text":"NT AUTHORITY\\SYSTEM"}]}}}
{"Event":{"System":{"Provider":{"@Name":"Microsoft-Windows-Sysmon","@Guid":"5770385f-c22a-43e0-bf4c-06f5698ffbd9"},"EventID":"5","Version":"3","Level":"4","Task":"5","Opcode":"0","Keywords":"0x8000000000000000","TimeCreated":{"@SystemTime":"2024-10-27 23:13:59.2458856"},"EventRecordID":"18015","Correlation":null,"Execution":{"@ProcessID":"2432","@ThreadID":"4596"},"Channel":"Microsoft-Windows-Sysmon/Operational","Computer":"Server002","Security":{"@UserID":"S-1-5-18"}},"EventData":{"Data":[{"@Name":"RuleName","#text":"-"},{"@Name":"UtcTime","#text":"2024-10-27 23:13:59.239"},{"@Name":"ProcessGuid","#text":"dbf410b3-c913-671e-b800-000000003900"},{"@Name":"ProcessId","#text":"4416"},{"@Name":"Image","#text":"C:\\Windows\\System32\\sppsvc.exe"},{"@Name":"User","#text":"NT AUTHORITY\\NETWORK SERVICE"}]}}}
