{"Event":{"System":{"Provider":{"@Name":"PowerShell"},"EventID":{"@Qualifiers":"0","#text":"600"},"Version":"0","Level":"4","Task":"6","Opcode":"0","Keywords":"0x80000000000000","TimeCreated":{"@SystemTime":"2024-10-23 15:29:12.5758783"},"EventRecordID":"1043","Correlation":null,"Execution":{"@ProcessID":"0","@ThreadID":"0"},"Channel":"Windows PowerShell","Computer":"Server002","Security":null},"EventData":{"Data":"Registry, Started, \tProviderName=Registry\r\n\tNewProviderState=Started\r\n\r\n\tSequenceNumber=1\r\n\r\n\tHostName=ConsoleHost\r\n\tHostVersion=5.1.19041.5007\r\n\tHostId=f036fb1d-a0ea-43d0-b6a0-cc31ef8557e5\r\n\tHostApplication=powershell.exe &amp; {Invoke-WebRequest www.google.com -UserAgent \"HttpBrowser/1.0\" | out-null\r\nInvoke-WebRequest www.google.com -UserAgent \"Wget/1.9+cvs-stable (Red Hat modified)\" | out-null\r\nInvoke-WebRequest www.google.com -UserAgent \"Opera/8.81 (Windows NT 6.0; U; en)\" | out-null\r\nInvoke-WebRequest www.google.com -UserAgent \"*&lt;|&gt;*\" | out-null}\r\n\tEngineVersion=\r\n\tRunspaceId=\r\n\tPipelineId=\r\n\tCommandName=\r\n\tCommandType=\r\n\tScriptName=\r\n\tCommandPath=\r\n\tCommandLine=","Binary":""}}}
{"Event":{"System":{"Provider":{"@Name":"PowerShell"},"EventID":{"@Qualifiers":"0","#text":"600"},"Version":"0","Level":"4","Task":"6","Opcode":"0","Keywords":"0x80000000000000","TimeCreated":{"@SystemTime":"2024-10-23 15:29:12.5810790"},"EventRecordID":"1044","Correlation":null,"Execution":{"@ProcessID":"0","@ThreadID":"0"},"Channel":"Windows PowerShell","Computer":"Server002","Security":null},"EventData":{"Data":"Alias, Started, \tProviderName=Alias\r\n\tNewProviderState=Started\r\n\r\n\tSequenceNumber=3\r\n\r\n\tHostName=ConsoleHost\r\n\tHostVersion=5.1.19041.5007\r\n\tHostId=f036fb1d-a0ea-43d0-b6a0-cc31ef8557e5\r\n\tHostApplication=powershell.exe &amp; {Invoke-WebRequest www.google.com -UserAgent \"HttpBrowser/1.0\" | out-null\r\nInvoke-WebRequest www.google.com -UserAgent \"Wget/1.9+cvs-stable (Red Hat modified)\" | out-null\r\nInvoke-WebRequest www.google.com -UserAgent \"Opera/8.81 (Windows NT 6.0; U; en)\" | out-null\r\nInvoke-WebRequest www.google.com -UserAgent \"*&lt;|&gt;*\" | out-null}\r\n\tEngineVersion=\r\n\tRunspaceId=\r\n\tPipelineId=\r\n\tCommandName=\r\n\tCommandType=\r\n\tScriptName=\r\n\tCommandPath=\r\n\tCommandLine=","Binary":""}}}
{"Event":{"System":{"Provider":{"@Name":"PowerShell"},"EventID":{"@Qualifiers":"0","#text":"600"},"Version":"0","Level":"4","Task":"6","Opcode":"0","Keywords":"0x80000000000000","TimeCreated":{"@SystemTime":"2024-10-23 15:29:12.5810790"},"EventRecordID":"1045","Correlation":null,"Execution":{"@ProcessID":"0","@ThreadID":"0"},"Channel":"Windows PowerShell","Computer":"Server002","Security":null},"EventData":{"Data":"Environment, Started, \tProviderName=Environment\r\n\tNewProviderState=Started\r\n\r\n\tSequenceNumber=5\r\n\r\n\tHostName=ConsoleHost\r\n\tHostVersion=5.1.19041.5007\r\n\tHostId=f036fb1d-a0ea-43d0-b6a0-cc31ef8557e5\r\n\tHostApplication=powershell.exe &amp; {Invoke-WebRequest www.google.com -UserAgent \"HttpBrowser/1.0\" | out-null\r\nInvoke-WebRequest www.google.com -UserAgent \"Wget/1.9+cvs-stable (Red Hat modified)\" | out-null\r\nInvoke-WebRequest www.google.com -UserAgent \"Opera/8.81 (Windows NT 6.0; U; en)\" | out-null\r\nInvoke-WebRequest www.google.com -UserAgent \"*&lt;|&gt;*\" | out-null}\r\n\tEngineVersion=\r\n\tRunspaceId=\r\n\tPipelineId=\r\n\tCommandName=\r\n\tCommandType=\r\n\tScriptName=\r\n\tCommandPath=\r\n\tCommandLine=","Binary":""}}}
{"Event":{"System":{"Provider":{"@Name":"PowerShell"},"EventID":{"@Qualifiers":"0","#text":"600"},"Version":"0","Level":"4","Task":"6","Opcode":"0","Keywords":"0x80000000000000","TimeCreated":{"@SystemTime":"2024-10-23 15:29:12.5916864"},"EventRecordID":"1046","Correlation":null,"Execution":{"@ProcessID":"0","@ThreadID":"0"},"Channel":"Windows PowerShell","Computer":"Server002","Security":null},"EventData":{"Data":"FileSystem, Started, \tProviderName=FileSystem\r\n\tNewProviderState=Started\r\n\r\n\tSequenceNumber=7\r\n\r\n\tHostName=ConsoleHost\r\n\tHostVersion=5.1.19041.5007\r\n\tHostId=f036fb1d-a0ea-43d0-b6a0-cc31ef8557e5\r\n\tHostApplication=powershell.exe &amp; {Invoke-WebRequest www.google.com -UserAgent \"HttpBrowser/1.0\" | out-null\r\nInvoke-WebRequest www.google.com -UserAgent \"Wget/1.9+cvs-stable (Red Hat modified)\" | out-null\r\nInvoke-WebRequest www.google.com -UserAgent \"Opera/8.81 (Windows NT 6.0; U; en)\" | out-null\r\nInvoke-WebRequest www.google.com -UserAgent \"*&lt;|&gt;*\" | out-null}\r\n\tEngineVersion=\r\n\tRunspaceId=\r\n\tPipelineId=\r\n\tCommandName=\r\n\tCommandType=\r\n\tScriptName=\r\n\tCommandPath=\r\n\tCommandLine=","Binary":""}}}
{"Event":{"System":{"Provider":{"@Name":"PowerShell"},"EventID":{"@Qualifiers":"0","#text":"600"},"Version":"0","Level":"4","Task":"6","Opcode":"0","Keywords":"0x80000000000000","TimeCreated":{"@SystemTime":"2024-10-23 15:29:12.6005340"},"EventRecordID":"1047","Correlation":null,"Execution":{"@ProcessID":"0","@ThreadID":"0"},"Channel":"Windows PowerShell","Computer":"Server002","Security":null},"EventData":{"Data":"Function, Started, \tProviderName=Function\r\n\tNewProviderState=Started\r\n\r\n\tSequenceNumber=9\r\n\r\n\tHostName=ConsoleHost\r\n\tHostVersion=5.1.19041.5007\r\n\tHostId=f036fb1d-a0ea-43d0-b6a0-cc31ef8557e5\r\n\tHostApplication=powershell.exe &amp; {Invoke-WebRequest www.google.com -UserAgent \"HttpBrowser/1.0\" | out-null\r\nInvoke-WebRequest www.google.com -UserAgent \"Wget/1.9+cvs-stable (Red Hat modified)\" | out-null\r\nInvoke-WebRequest www.google.com -UserAgent \"Opera/8.81 (Windows NT 6.0; U; en)\" | out-null\r\nInvoke-WebRequest www.google.com -UserAgent \"*&lt;|&gt;*\" | out-null}\r\n\tEngineVersion=\r\n\tRunspaceId=\r\n\tPipelineId=\r\n\tCommandName=\r\n\tCommandType=\r\n\tScriptName=\r\n\tCommandPath=\r\n\tCommandLine=","Binary":""}}}
{"Event":{"System":{"Provider":{"@Name":"PowerShell"},"EventID":{"@Qualifiers":"0","#text":"600"},"Version":"0","Level":"4","Task":"6","Opcode":"0","Keywords":"0x80000000000000","TimeCreated":{"@SystemTime":"2024-10-23 15:29:12.6005340"},"EventRecordID":"1048","Correlation":null,"Execution":{"@ProcessID":"0","@ThreadID":"0"},"Channel":"Windows PowerShell","Computer":"Server002","Security":null},"EventData":{"Data":"Variable, Started, \tProviderName=Variable\r\n\tNewProviderState=Started\r\n\r\n\tSequenceNumber=11\r\n\r\n\tHostName=ConsoleHost\r\n\tHostVersion=5.1.19041.5007\r\n\tHostId=f036fb1d-a0ea-43d0-b6a0-cc31ef8557e5\r\n\tHostApplication=powershell.exe &amp; {Invoke-WebRequest www.google.com -UserAgent \"HttpBrowser/1.0\" | out-null\r\nInvoke-WebRequest www.google.com -UserAgent \"Wget/1.9+cvs-stable (Red Hat modified)\" | out-null\r\nInvoke-WebRequest www.google.com -UserAgent \"Opera/8.81 (Windows NT 6.0; U; en)\" | out-null\r\nInvoke-WebRequest www.google.com -UserAgent \"*&lt;|&gt;*\" | out-null}\r\n\tEngineVersion=\r\n\tRunspaceId=\r\n\tPipelineId=\r\n\tCommandName=\r\n\tCommandType=\r\n\tScriptName=\r\n\tCommandPath=\r\n\tCommandLine=","Binary":""}}}
{"Event":{"System":{"Provider":{"@Name":"PowerShell"},"EventID":{"@Qualifiers":"0","#text":"400"},"Version":"0","Level":"4","Task":"4","Opcode":"0","Keywords":"0x80000000000000","TimeCreated":{"@SystemTime":"2024-10-23 15:29:12.6708151"},"EventRecordID":"1049","Correlation":null,"Execution":{"@ProcessID":"0","@ThreadID":"0"},"Channel":"Windows PowerShell","Computer":"Server002","Security":null},"EventData":{"Data":"Available, None, \tNewEngineState=Available\r\n\tPreviousEngineState=None\r\n\r\n\tSequenceNumber=13\r\n\r\n\tHostName=ConsoleHost\r\n\tHostVersion=5.1.19041.5007\r\n\tHostId=f036fb1d-a0ea-43d0-b6a0-cc31ef8557e5\r\n\tHostApplication=powershell.exe &amp; {Invoke-WebRequest www.google.com -UserAgent \"HttpBrowser/1.0\" | out-null\r\nInvoke-WebRequest www.google.com -UserAgent \"Wget/1.9+cvs-stable (Red Hat modified)\" | out-null\r\nInvoke-WebRequest www.google.com -UserAgent \"Opera/8.81 (Windows NT 6.0; U; en)\" | out-null\r\nInvoke-WebRequest www.google.com -UserAgent \"*&lt;|&gt;*\" | out-null}\r\n\tEngineVersion=5.1.19041.5007\r\n\tRunspaceId=e54f79e5-e10c-4899-94fe-1e93f19dfd32\r\n\tPipelineId=\r\n\tCommandName=\r\n\tCommandType=\r\n\tScriptName=\r\n\tCommandPath=\r\n\tCommandLine=","Binary":""}}}
{"Event":{"System":{"Provider":{"@Name":"PowerShell"},"EventID":{"@Qualifiers":"0","#text":"403"},"Version":"0","Level":"4","Task":"4","Opcode":"0","Keywords":"0x80000000000000","TimeCreated":{"@SystemTime":"2024-10-23 15:29:17.6212389"},"EventRecordID":"1050","Correlation":null,"Execution":{"@ProcessID":"0","@ThreadID":"0"},"Channel":"Windows PowerShell","Computer":"Server002","Security":null},"EventData":{"Data":"Stopped, Available, \tNewEngineState=Stopped\r\n\tPreviousEngineState=Available\r\n\r\n\tSequenceNumber=15\r\n\r\n\tHostName=ConsoleHost\r\n\tHostVersion=5.1.19041.5007\r\n\tHostId=f036fb1d-a0ea-43d0-b6a0-cc31ef8557e5\r\n\tHostApplication=powershell.exe &amp; {Invoke-WebRequest www.google.com -UserAgent \"HttpBrowser/1.0\" | out-null\r\nInvoke-WebRequest www.google.com -UserAgent \"Wget/1.9+cvs-stable (Red Hat modified)\" | out-null\r\nInvoke-WebRequest www.google.com -UserAgent \"Opera/8.81 (Windows NT 6.0; U; en)\" | out-null\r\nInvoke-WebRequest www.google.com -UserAgent \"*&lt;|&gt;*\" | out-null}\r\n\tEngineVersion=5.1.19041.5007\r\n\tRunspaceId=e54f79e5-e10c-4899-94fe-1e93f19dfd32\r\n\tPipelineId=\r\n\tCommandName=\r\n\tCommandType=\r\n\tScriptName=\r\n\tCommandPath=\r\n\tCommandLine=","Binary":""}}}
