{"Event":{"System":{"Provider":{"@Name":"Microsoft-Windows-CAPI2","@Guid":"{5bbca4a8-b209-48dc-a8c7-b23d3e5216fb}","@EventSourceName":"Microsoft-Windows-CAPI2"},"EventID":{"@Qualifiers":"0","#text":"4097"},"Version":"0","Level":"4","Task":"0","Opcode":"0","Keywords":"0x8080000000000000","TimeCreated":{"@SystemTime":"2024-10-26 17:28:47.5511375"},"EventRecordID":"2384","Correlation":null,"Execution":{"@ProcessID":"2688","@ThreadID":"2928"},"Channel":"Application","Computer":"Server002","Security":null},"EventData":{"Data":"CN=USERTrust RSA Certification Authority, O=The USERTRUST Network, L=Jersey City, S=New Jersey, C=US, 2B8F1B57330DBBA2D07A6C51F70EE90DDAB9AD8E","Binary":""}}}
{"Event":{"System":{"Provider":{"@Name":"MsiInstaller"},"EventID":{"@Qualifiers":"0","#text":"1040"},"Version":"0","Level":"4","Task":"0","Opcode":"0","Keywords":"0x80000000000000","TimeCreated":{"@SystemTime":"2024-10-26 17:28:50.4422580"},"EventRecordID":"2385","Correlation":null,"Execution":{"@ProcessID":"0","@ThreadID":"0"},"Channel":"Application","Computer":"Server002","Security":{"@UserID":"S-1-5-21-3962163828-2803415714-1403596700-1006"}},"EventData":{"Data":"C:\\Users\\ADMIN_~1\\AppData\\Local\\Temp\\{B03BE996-6838-44A0-BDA2-9222346BA47F}\\NetSupport Manager.msi, 1592, (NULL), (NULL), (NULL), (NULL)","Binary":""}}}
{"Event":{"System":{"Provider":{"@Name":"Microsoft-Windows-RestartManager","@Guid":"0888e5ef-9b98-4695-979d-e92ce4247224"},"EventID":"10000","Version":"0","Level":"4","Task":"0","Opcode":"0","Keywords":"0x8000000000000000","TimeCreated":{"@SystemTime":"2024-10-26 17:28:51.3763934"},"EventRecordID":"2386","Correlation":null,"Execution":{"@ProcessID":"6368","@ThreadID":"5944"},"Channel":"Application","Computer":"Server002","Security":{"@UserID":"S-1-5-21-3962163828-2803415714-1403596700-1006"}},"UserData":{"RmSessionEvent":{"RmSessionId":"0","UTCStartTime":"2024-10-26 17:28:51.3752930"}}}}
{"Event":{"System":{"Provider":{"@Name":"MsiInstaller"},"EventID":{"@Qualifiers":"0","#text":"11708"},"Version":"0","Level":"4","Task":"0","Opcode":"0","Keywords":"0x80000000000000","TimeCreated":{"@SystemTime":"2024-10-26 17:28:53.0619180"},"EventRecordID":"2387","Correlation":null,"Execution":{"@ProcessID":"0","@ThreadID":"0"},"Channel":"Application","Computer":"Server002","Security":{"@UserID":"S-1-5-21-3962163828-2803415714-1403596700-1006"}},"EventData":{"Data":"Product: NetSupport Manager -- Installation operation failed., (NULL), (NULL), (NULL), (NULL), (NULL)","Binary":"7B-44-43-41-31-43-45-37-39-2D-30-41-36-35-2D-34-46-45-36-2D-38-46-39-43-2D-38-30-39-33-45-45-37-39-42-45-42-35-7D"}}}
{"Event":{"System":{"Provider":{"@Name":"MsiInstaller"},"EventID":{"@Qualifiers":"0","#text":"1033"},"Version":"0","Level":"4","Task":"0","Opcode":"0","Keywords":"0x80000000000000","TimeCreated":{"@SystemTime":"2024-10-26 17:28:53.0619180"},"EventRecordID":"2388","Correlation":null,"Execution":{"@ProcessID":"0","@ThreadID":"0"},"Channel":"Application","Computer":"Server002","Security":{"@UserID":"S-1-5-21-3962163828-2803415714-1403596700-1006"}},"EventData":{"Data":"NetSupport Manager, 12.80.0014, 1033, 1603, NetSupport Ltd, (NULL)","Binary":"7B-44-43-41-31-43-45-37-39-2D-30-41-36-35-2D-34-46-45-36-2D-38-46-39-43-2D-38-30-39-33-45-45-37-39-42-45-42-35-7D-30-30-30-30-32-65-63-62-38-64-38-34-35-33-63-37-36-65-63-62-32-66-35-66-34-39-31-66-31-64-66-33-37-63-38-66-30-30-30-30-30-39-30-34"}}}
{"Event":{"System":{"Provider":{"@Name":"MsiInstaller"},"EventID":{"@Qualifiers":"0","#text":"1042"},"Version":"0","Level":"4","Task":"0","Opcode":"0","Keywords":"0x80000000000000","TimeCreated":{"@SystemTime":"2024-10-26 17:28:53.0922335"},"EventRecordID":"2389","Correlation":null,"Execution":{"@ProcessID":"0","@ThreadID":"0"},"Channel":"Application","Computer":"Server002","Security":{"@UserID":"S-1-5-18"}},"EventData":{"Data":"C:\\Users\\ADMIN_~1\\AppData\\Local\\Temp\\{B03BE996-6838-44A0-BDA2-9222346BA47F}\\NetSupport Manager.msi, 1592, (NULL), (NULL), (NULL), (NULL)","Binary":""}}}
{"Event":{"System":{"Provider":{"@Name":"Microsoft-Windows-RestartManager","@Guid":"0888e5ef-9b98-4695-979d-e92ce4247224"},"EventID":"10001","Version":"0","Level":"4","Task":"0","Opcode":"0","Keywords":"0x8000000000000000","TimeCreated":{"@SystemTime":"2024-10-26 17:28:53.0907484"},"EventRecordID":"2390","Correlation":null,"Execution":{"@ProcessID":"6368","@ThreadID":"5928"},"Channel":"Application","Computer":"Server002","Security":{"@UserID":"S-1-5-21-3962163828-2803415714-1403596700-1006"}},"UserData":{"RmSessionEvent":{"RmSessionId":"0","UTCStartTime":"2024-10-26 17:28:51.3752930"}}}}
{"Event":{"System":{"Provider":{"@Name":"edgeupdate"},"EventID":{"@Qualifiers":"0","#text":"0"},"Version":"0","Level":"4","Task":"0","Opcode":"0","Keywords":"0x80000000000000","TimeCreated":{"@SystemTime":"2024-10-26 17:29:06.3889439"},"EventRecordID":"2391","Correlation":null,"Execution":{"@ProcessID":"0","@ThreadID":"0"},"Channel":"Application","Computer":"Server002","Security":null},"EventData":{"Data":"Service stopped","Binary":""}}}
{"Event":{"System":{"Provider":{"@Name":"edgeupdate"},"EventID":{"@Qualifiers":"0","#text":"0"},"Version":"0","Level":"4","Task":"0","Opcode":"0","Keywords":"0x80000000000000","TimeCreated":{"@SystemTime":"2024-10-26 17:29:07.4856835"},"EventRecordID":"2392","Correlation":null,"Execution":{"@ProcessID":"0","@ThreadID":"0"},"Channel":"Application","Computer":"Server002","Security":null},"EventData":{"Data":"Service stopped","Binary":""}}}
