{"Event":{"System":{"Provider":{"@Name":"PowerShell"},"EventID":{"@Qualifiers":"0","#text":"600"},"Version":"0","Level":"4","Task":"6","Opcode":"0","Keywords":"0x80000000000000","TimeCreated":{"@SystemTime":"2024-10-24 14:29:09.4197338"},"EventRecordID":"1043","Correlation":null,"Execution":{"@ProcessID":"0","@ThreadID":"0"},"Channel":"Windows PowerShell","Computer":"Server002","Security":null},"EventData":{"Data":"Registry, Started, \tProviderName=Registry\r\n\tNewProviderState=Started\r\n\r\n\tSequenceNumber=1\r\n\r\n\tHostName=ConsoleHost\r\n\tHostVersion=5.1.19041.5007\r\n\tHostId=08534efc-f2dd-4535-bc36-6c81c05948e9\r\n\tHostApplication=powershell.exe &amp; {$key= \"HKCU:\\SOFTWARE\\Microsoft\\Windows\\CurrentVersion\\Internet Settings\\ZoneMap\\Domains\\bad-domain.com\\\"\r\n$name =\"bad-subdomain\"\r\nnew-item $key -Name $name -Force\r\nnew-itemproperty $key$name -Name https -Value 2 -Type DWORD;\r\nnew-itemproperty $key$name -Name http  -Value 2 -Type DWORD;\r\nnew-itemproperty $key$name -Name *     -Value 2 -Type DWORD;}\r\n\tEngineVersion=\r\n\tRunspaceId=\r\n\tPipelineId=\r\n\tCommandName=\r\n\tCommandType=\r\n\tScriptName=\r\n\tCommandPath=\r\n\tCommandLine=","Binary":""}}}
{"Event":{"System":{"Provider":{"@Name":"PowerShell"},"EventID":{"@Qualifiers":"0","#text":"600"},"Version":"0","Level":"4","Task":"6","Opcode":"0","Keywords":"0x80000000000000","TimeCreated":{"@SystemTime":"2024-10-24 14:29:09.4247397"},"EventRecordID":"1044","Correlation":null,"Execution":{"@ProcessID":"0","@ThreadID":"0"},"Channel":"Windows PowerShell","Computer":"Server002","Security":null},"EventData":{"Data":"Alias, Started, \tProviderName=Alias\r\n\tNewProviderState=Started\r\n\r\n\tSequenceNumber=3\r\n\r\n\tHostName=ConsoleHost\r\n\tHostVersion=5.1.19041.5007\r\n\tHostId=08534efc-f2dd-4535-bc36-6c81c05948e9\r\n\tHostApplication=powershell.exe &amp; {$key= \"HKCU:\\SOFTWARE\\Microsoft\\Windows\\CurrentVersion\\Internet Settings\\ZoneMap\\Domains\\bad-domain.com\\\"\r\n$name =\"bad-subdomain\"\r\nnew-item $key -Name $name -Force\r\nnew-itemproperty $key$name -Name https -Value 2 -Type DWORD;\r\nnew-itemproperty $key$name -Name http  -Value 2 -Type DWORD;\r\nnew-itemproperty $key$name -Name *     -Value 2 -Type DWORD;}\r\n\tEngineVersion=\r\n\tRunspaceId=\r\n\tPipelineId=\r\n\tCommandName=\r\n\tCommandType=\r\n\tScriptName=\r\n\tCommandPath=\r\n\tCommandLine=","Binary":""}}}
{"Event":{"System":{"Provider":{"@Name":"PowerShell"},"EventID":{"@Qualifiers":"0","#text":"600"},"Version":"0","Level":"4","Task":"6","Opcode":"0","Keywords":"0x80000000000000","TimeCreated":{"@SystemTime":"2024-10-24 14:29:09.4247397"},"EventRecordID":"1045","Correlation":null,"Execution":{"@ProcessID":"0","@ThreadID":"0"},"Channel":"Windows PowerShell","Computer":"Server002","Security":null},"EventData":{"Data":"Environment, Started, \tProviderName=Environment\r\n\tNewProviderState=Started\r\n\r\n\tSequenceNumber=5\r\n\r\n\tHostName=ConsoleHost\r\n\tHostVersion=5.1.19041.5007\r\n\tHostId=08534efc-f2dd-4535-bc36-6c81c05948e9\r\n\tHostApplication=powershell.exe &amp; {$key= \"HKCU:\\SOFTWARE\\Microsoft\\Windows\\CurrentVersion\\Internet Settings\\ZoneMap\\Domains\\bad-domain.com\\\"\r\n$name =\"bad-subdomain\"\r\nnew-item $key -Name $name -Force\r\nnew-itemproperty $key$name -Name https -Value 2 -Type DWORD;\r\nnew-itemproperty $key$name -Name http  -Value 2 -Type DWORD;\r\nnew-itemproperty $key$name -Name *     -Value 2 -Type DWORD;}\r\n\tEngineVersion=\r\n\tRunspaceId=\r\n\tPipelineId=\r\n\tCommandName=\r\n\tCommandType=\r\n\tScriptName=\r\n\tCommandPath=\r\n\tCommandLine=","Binary":""}}}
{"Event":{"System":{"Provider":{"@Name":"PowerShell"},"EventID":{"@Qualifiers":"0","#text":"600"},"Version":"0","Level":"4","Task":"6","Opcode":"0","Keywords":"0x80000000000000","TimeCreated":{"@SystemTime":"2024-10-24 14:29:09.4414296"},"EventRecordID":"1046","Correlation":null,"Execution":{"@ProcessID":"0","@ThreadID":"0"},"Channel":"Windows PowerShell","Computer":"Server002","Security":null},"EventData":{"Data":"FileSystem, Started, \tProviderName=FileSystem\r\n\tNewProviderState=Started\r\n\r\n\tSequenceNumber=7\r\n\r\n\tHostName=ConsoleHost\r\n\tHostVersion=5.1.19041.5007\r\n\tHostId=08534efc-f2dd-4535-bc36-6c81c05948e9\r\n\tHostApplication=powershell.exe &amp; {$key= \"HKCU:\\SOFTWARE\\Microsoft\\Windows\\CurrentVersion\\Internet Settings\\ZoneMap\\Domains\\bad-domain.com\\\"\r\n$name =\"bad-subdomain\"\r\nnew-item $key -Name $name -Force\r\nnew-itemproperty $key$name -Name https -Value 2 -Type DWORD;\r\nnew-itemproperty $key$name -Name http  -Value 2 -Type DWORD;\r\nnew-itemproperty $key$name -Name *     -Value 2 -Type DWORD;}\r\n\tEngineVersion=\r\n\tRunspaceId=\r\n\tPipelineId=\r\n\tCommandName=\r\n\tCommandType=\r\n\tScriptName=\r\n\tCommandPath=\r\n\tCommandLine=","Binary":""}}}
{"Event":{"System":{"Provider":{"@Name":"PowerShell"},"EventID":{"@Qualifiers":"0","#text":"600"},"Version":"0","Level":"4","Task":"6","Opcode":"0","Keywords":"0x80000000000000","TimeCreated":{"@SystemTime":"2024-10-24 14:29:09.4414296"},"EventRecordID":"1047","Correlation":null,"Execution":{"@ProcessID":"0","@ThreadID":"0"},"Channel":"Windows PowerShell","Computer":"Server002","Security":null},"EventData":{"Data":"Function, Started, \tProviderName=Function\r\n\tNewProviderState=Started\r\n\r\n\tSequenceNumber=9\r\n\r\n\tHostName=ConsoleHost\r\n\tHostVersion=5.1.19041.5007\r\n\tHostId=08534efc-f2dd-4535-bc36-6c81c05948e9\r\n\tHostApplication=powershell.exe &amp; {$key= \"HKCU:\\SOFTWARE\\Microsoft\\Windows\\CurrentVersion\\Internet Settings\\ZoneMap\\Domains\\bad-domain.com\\\"\r\n$name =\"bad-subdomain\"\r\nnew-item $key -Name $name -Force\r\nnew-itemproperty $key$name -Name https -Value 2 -Type DWORD;\r\nnew-itemproperty $key$name -Name http  -Value 2 -Type DWORD;\r\nnew-itemproperty $key$name -Name *     -Value 2 -Type DWORD;}\r\n\tEngineVersion=\r\n\tRunspaceId=\r\n\tPipelineId=\r\n\tCommandName=\r\n\tCommandType=\r\n\tScriptName=\r\n\tCommandPath=\r\n\tCommandLine=","Binary":""}}}
{"Event":{"System":{"Provider":{"@Name":"PowerShell"},"EventID":{"@Qualifiers":"0","#text":"600"},"Version":"0","Level":"4","Task":"6","Opcode":"0","Keywords":"0x80000000000000","TimeCreated":{"@SystemTime":"2024-10-24 14:29:09.4414296"},"EventRecordID":"1048","Correlation":null,"Execution":{"@ProcessID":"0","@ThreadID":"0"},"Channel":"Windows PowerShell","Computer":"Server002","Security":null},"EventData":{"Data":"Variable, Started, \tProviderName=Variable\r\n\tNewProviderState=Started\r\n\r\n\tSequenceNumber=11\r\n\r\n\tHostName=ConsoleHost\r\n\tHostVersion=5.1.19041.5007\r\n\tHostId=08534efc-f2dd-4535-bc36-6c81c05948e9\r\n\tHostApplication=powershell.exe &amp; {$key= \"HKCU:\\SOFTWARE\\Microsoft\\Windows\\CurrentVersion\\Internet Settings\\ZoneMap\\Domains\\bad-domain.com\\\"\r\n$name =\"bad-subdomain\"\r\nnew-item $key -Name $name -Force\r\nnew-itemproperty $key$name -Name https -Value 2 -Type DWORD;\r\nnew-itemproperty $key$name -Name http  -Value 2 -Type DWORD;\r\nnew-itemproperty $key$name -Name *     -Value 2 -Type DWORD;}\r\n\tEngineVersion=\r\n\tRunspaceId=\r\n\tPipelineId=\r\n\tCommandName=\r\n\tCommandType=\r\n\tScriptName=\r\n\tCommandPath=\r\n\tCommandLine=","Binary":""}}}
{"Event":{"System":{"Provider":{"@Name":"PowerShell"},"EventID":{"@Qualifiers":"0","#text":"400"},"Version":"0","Level":"4","Task":"4","Opcode":"0","Keywords":"0x80000000000000","TimeCreated":{"@SystemTime":"2024-10-24 14:29:09.6874065"},"EventRecordID":"1049","Correlation":null,"Execution":{"@ProcessID":"0","@ThreadID":"0"},"Channel":"Windows PowerShell","Computer":"Server002","Security":null},"EventData":{"Data":"Available, None, \tNewEngineState=Available\r\n\tPreviousEngineState=None\r\n\r\n\tSequenceNumber=13\r\n\r\n\tHostName=ConsoleHost\r\n\tHostVersion=5.1.19041.5007\r\n\tHostId=08534efc-f2dd-4535-bc36-6c81c05948e9\r\n\tHostApplication=powershell.exe &amp; {$key= \"HKCU:\\SOFTWARE\\Microsoft\\Windows\\CurrentVersion\\Internet Settings\\ZoneMap\\Domains\\bad-domain.com\\\"\r\n$name =\"bad-subdomain\"\r\nnew-item $key -Name $name -Force\r\nnew-itemproperty $key$name -Name https -Value 2 -Type DWORD;\r\nnew-itemproperty $key$name -Name http  -Value 2 -Type DWORD;\r\nnew-itemproperty $key$name -Name *     -Value 2 -Type DWORD;}\r\n\tEngineVersion=5.1.19041.5007\r\n\tRunspaceId=fa122916-a799-45bc-8c13-1d616567ab10\r\n\tPipelineId=\r\n\tCommandName=\r\n\tCommandType=\r\n\tScriptName=\r\n\tCommandPath=\r\n\tCommandLine=","Binary":""}}}
{"Event":{"System":{"Provider":{"@Name":"PowerShell"},"EventID":{"@Qualifiers":"0","#text":"403"},"Version":"0","Level":"4","Task":"4","Opcode":"0","Keywords":"0x80000000000000","TimeCreated":{"@SystemTime":"2024-10-24 14:29:11.3164395"},"EventRecordID":"1050","Correlation":null,"Execution":{"@ProcessID":"0","@ThreadID":"0"},"Channel":"Windows PowerShell","Computer":"Server002","Security":null},"EventData":{"Data":"Stopped, Available, \tNewEngineState=Stopped\r\n\tPreviousEngineState=Available\r\n\r\n\tSequenceNumber=15\r\n\r\n\tHostName=ConsoleHost\r\n\tHostVersion=5.1.19041.5007\r\n\tHostId=08534efc-f2dd-4535-bc36-6c81c05948e9\r\n\tHostApplication=powershell.exe &amp; {$key= \"HKCU:\\SOFTWARE\\Microsoft\\Windows\\CurrentVersion\\Internet Settings\\ZoneMap\\Domains\\bad-domain.com\\\"\r\n$name =\"bad-subdomain\"\r\nnew-item $key -Name $name -Force\r\nnew-itemproperty $key$name -Name https -Value 2 -Type DWORD;\r\nnew-itemproperty $key$name -Name http  -Value 2 -Type DWORD;\r\nnew-itemproperty $key$name -Name *     -Value 2 -Type DWORD;}\r\n\tEngineVersion=5.1.19041.5007\r\n\tRunspaceId=fa122916-a799-45bc-8c13-1d616567ab10\r\n\tPipelineId=\r\n\tCommandName=\r\n\tCommandType=\r\n\tScriptName=\r\n\tCommandPath=\r\n\tCommandLine=","Binary":""}}}
