{"Event":{"System":{"Provider":{"@Name":"PowerShell"},"EventID":{"@Qualifiers":"0","#text":"600"},"Version":"0","Level":"4","Task":"6","Opcode":"0","Keywords":"0x80000000000000","TimeCreated":{"@SystemTime":"2024-10-27 23:03:04.8475971"},"EventRecordID":"1067","Correlation":null,"Execution":{"@ProcessID":"0","@ThreadID":"0"},"Channel":"Windows PowerShell","Computer":"Server002","Security":null},"EventData":{"Data":"Registry, Started, \tProviderName=Registry\r\n\tNewProviderState=Started\r\n\r\n\tSequenceNumber=1\r\n\r\n\tHostName=ConsoleHost\r\n\tHostVersion=5.1.19041.5007\r\n\tHostId=07ced480-3aad-4a0f-af13-3f795c178a80\r\n\tHostApplication=powershell.exe &amp; {Add-Type -AssemblyName System.IdentityModel\r\n$ComputerFQDN=$env:LogonServer.trimStart('\\') + \".\" + $env:UserDnsDomain\r\nNew-Object System.IdentityModel.Tokens.KerberosRequestorSecurityToken -ArgumentList \"HTTP/$ComputerFQDN\"}\r\n\tEngineVersion=\r\n\tRunspaceId=\r\n\tPipelineId=\r\n\tCommandName=\r\n\tCommandType=\r\n\tScriptName=\r\n\tCommandPath=\r\n\tCommandLine=","Binary":""}}}
{"Event":{"System":{"Provider":{"@Name":"PowerShell"},"EventID":{"@Qualifiers":"0","#text":"600"},"Version":"0","Level":"4","Task":"6","Opcode":"0","Keywords":"0x80000000000000","TimeCreated":{"@SystemTime":"2024-10-27 23:03:04.8531837"},"EventRecordID":"1068","Correlation":null,"Execution":{"@ProcessID":"0","@ThreadID":"0"},"Channel":"Windows PowerShell","Computer":"Server002","Security":null},"EventData":{"Data":"Alias, Started, \tProviderName=Alias\r\n\tNewProviderState=Started\r\n\r\n\tSequenceNumber=3\r\n\r\n\tHostName=ConsoleHost\r\n\tHostVersion=5.1.19041.5007\r\n\tHostId=07ced480-3aad-4a0f-af13-3f795c178a80\r\n\tHostApplication=powershell.exe &amp; {Add-Type -AssemblyName System.IdentityModel\r\n$ComputerFQDN=$env:LogonServer.trimStart('\\') + \".\" + $env:UserDnsDomain\r\nNew-Object System.IdentityModel.Tokens.KerberosRequestorSecurityToken -ArgumentList \"HTTP/$ComputerFQDN\"}\r\n\tEngineVersion=\r\n\tRunspaceId=\r\n\tPipelineId=\r\n\tCommandName=\r\n\tCommandType=\r\n\tScriptName=\r\n\tCommandPath=\r\n\tCommandLine=","Binary":""}}}
{"Event":{"System":{"Provider":{"@Name":"PowerShell"},"EventID":{"@Qualifiers":"0","#text":"600"},"Version":"0","Level":"4","Task":"6","Opcode":"0","Keywords":"0x80000000000000","TimeCreated":{"@SystemTime":"2024-10-27 23:03:04.8551703"},"EventRecordID":"1069","Correlation":null,"Execution":{"@ProcessID":"0","@ThreadID":"0"},"Channel":"Windows PowerShell","Computer":"Server002","Security":null},"EventData":{"Data":"Environment, Started, \tProviderName=Environment\r\n\tNewProviderState=Started\r\n\r\n\tSequenceNumber=5\r\n\r\n\tHostName=ConsoleHost\r\n\tHostVersion=5.1.19041.5007\r\n\tHostId=07ced480-3aad-4a0f-af13-3f795c178a80\r\n\tHostApplication=powershell.exe &amp; {Add-Type -AssemblyName System.IdentityModel\r\n$ComputerFQDN=$env:LogonServer.trimStart('\\') + \".\" + $env:UserDnsDomain\r\nNew-Object System.IdentityModel.Tokens.KerberosRequestorSecurityToken -ArgumentList \"HTTP/$ComputerFQDN\"}\r\n\tEngineVersion=\r\n\tRunspaceId=\r\n\tPipelineId=\r\n\tCommandName=\r\n\tCommandType=\r\n\tScriptName=\r\n\tCommandPath=\r\n\tCommandLine=","Binary":""}}}
{"Event":{"System":{"Provider":{"@Name":"PowerShell"},"EventID":{"@Qualifiers":"0","#text":"600"},"Version":"0","Level":"4","Task":"6","Opcode":"0","Keywords":"0x80000000000000","TimeCreated":{"@SystemTime":"2024-10-27 23:03:04.8609865"},"EventRecordID":"1070","Correlation":null,"Execution":{"@ProcessID":"0","@ThreadID":"0"},"Channel":"Windows PowerShell","Computer":"Server002","Security":null},"EventData":{"Data":"FileSystem, Started, \tProviderName=FileSystem\r\n\tNewProviderState=Started\r\n\r\n\tSequenceNumber=7\r\n\r\n\tHostName=ConsoleHost\r\n\tHostVersion=5.1.19041.5007\r\n\tHostId=07ced480-3aad-4a0f-af13-3f795c178a80\r\n\tHostApplication=powershell.exe &amp; {Add-Type -AssemblyName System.IdentityModel\r\n$ComputerFQDN=$env:LogonServer.trimStart('\\') + \".\" + $env:UserDnsDomain\r\nNew-Object System.IdentityModel.Tokens.KerberosRequestorSecurityToken -ArgumentList \"HTTP/$ComputerFQDN\"}\r\n\tEngineVersion=\r\n\tRunspaceId=\r\n\tPipelineId=\r\n\tCommandName=\r\n\tCommandType=\r\n\tScriptName=\r\n\tCommandPath=\r\n\tCommandLine=","Binary":""}}}
{"Event":{"System":{"Provider":{"@Name":"PowerShell"},"EventID":{"@Qualifiers":"0","#text":"600"},"Version":"0","Level":"4","Task":"6","Opcode":"0","Keywords":"0x80000000000000","TimeCreated":{"@SystemTime":"2024-10-27 23:03:04.8703269"},"EventRecordID":"1071","Correlation":null,"Execution":{"@ProcessID":"0","@ThreadID":"0"},"Channel":"Windows PowerShell","Computer":"Server002","Security":null},"EventData":{"Data":"Function, Started, \tProviderName=Function\r\n\tNewProviderState=Started\r\n\r\n\tSequenceNumber=9\r\n\r\n\tHostName=ConsoleHost\r\n\tHostVersion=5.1.19041.5007\r\n\tHostId=07ced480-3aad-4a0f-af13-3f795c178a80\r\n\tHostApplication=powershell.exe &amp; {Add-Type -AssemblyName System.IdentityModel\r\n$ComputerFQDN=$env:LogonServer.trimStart('\\') + \".\" + $env:UserDnsDomain\r\nNew-Object System.IdentityModel.Tokens.KerberosRequestorSecurityToken -ArgumentList \"HTTP/$ComputerFQDN\"}\r\n\tEngineVersion=\r\n\tRunspaceId=\r\n\tPipelineId=\r\n\tCommandName=\r\n\tCommandType=\r\n\tScriptName=\r\n\tCommandPath=\r\n\tCommandLine=","Binary":""}}}
{"Event":{"System":{"Provider":{"@Name":"PowerShell"},"EventID":{"@Qualifiers":"0","#text":"600"},"Version":"0","Level":"4","Task":"6","Opcode":"0","Keywords":"0x80000000000000","TimeCreated":{"@SystemTime":"2024-10-27 23:03:04.8703269"},"EventRecordID":"1072","Correlation":null,"Execution":{"@ProcessID":"0","@ThreadID":"0"},"Channel":"Windows PowerShell","Computer":"Server002","Security":null},"EventData":{"Data":"Variable, Started, \tProviderName=Variable\r\n\tNewProviderState=Started\r\n\r\n\tSequenceNumber=11\r\n\r\n\tHostName=ConsoleHost\r\n\tHostVersion=5.1.19041.5007\r\n\tHostId=07ced480-3aad-4a0f-af13-3f795c178a80\r\n\tHostApplication=powershell.exe &amp; {Add-Type -AssemblyName System.IdentityModel\r\n$ComputerFQDN=$env:LogonServer.trimStart('\\') + \".\" + $env:UserDnsDomain\r\nNew-Object System.IdentityModel.Tokens.KerberosRequestorSecurityToken -ArgumentList \"HTTP/$ComputerFQDN\"}\r\n\tEngineVersion=\r\n\tRunspaceId=\r\n\tPipelineId=\r\n\tCommandName=\r\n\tCommandType=\r\n\tScriptName=\r\n\tCommandPath=\r\n\tCommandLine=","Binary":""}}}
{"Event":{"System":{"Provider":{"@Name":"PowerShell"},"EventID":{"@Qualifiers":"0","#text":"400"},"Version":"0","Level":"4","Task":"4","Opcode":"0","Keywords":"0x80000000000000","TimeCreated":{"@SystemTime":"2024-10-27 23:03:05.1645645"},"EventRecordID":"1073","Correlation":null,"Execution":{"@ProcessID":"0","@ThreadID":"0"},"Channel":"Windows PowerShell","Computer":"Server002","Security":null},"EventData":{"Data":"Available, None, \tNewEngineState=Available\r\n\tPreviousEngineState=None\r\n\r\n\tSequenceNumber=13\r\n\r\n\tHostName=ConsoleHost\r\n\tHostVersion=5.1.19041.5007\r\n\tHostId=07ced480-3aad-4a0f-af13-3f795c178a80\r\n\tHostApplication=powershell.exe &amp; {Add-Type -AssemblyName System.IdentityModel\r\n$ComputerFQDN=$env:LogonServer.trimStart('\\') + \".\" + $env:UserDnsDomain\r\nNew-Object System.IdentityModel.Tokens.KerberosRequestorSecurityToken -ArgumentList \"HTTP/$ComputerFQDN\"}\r\n\tEngineVersion=5.1.19041.5007\r\n\tRunspaceId=6e34ae11-ad6e-4376-ae34-15912bc959d5\r\n\tPipelineId=\r\n\tCommandName=\r\n\tCommandType=\r\n\tScriptName=\r\n\tCommandPath=\r\n\tCommandLine=","Binary":""}}}
{"Event":{"System":{"Provider":{"@Name":"PowerShell"},"EventID":{"@Qualifiers":"0","#text":"800"},"Version":"0","Level":"4","Task":"8","Opcode":"0","Keywords":"0x80000000000000","TimeCreated":{"@SystemTime":"2024-10-27 23:03:06.0496089"},"EventRecordID":"1074","Correlation":null,"Execution":{"@ProcessID":"0","@ThreadID":"0"},"Channel":"Windows PowerShell","Computer":"Server002","Security":null},"EventData":{"Data":"&amp; {Add-Type -AssemblyName System.IdentityModel\r\n, \tDetailSequence=1\r\n\tDetailTotal=1\r\n\r\n\tSequenceNumber=15\r\n\r\n\tUserId=SERVER002\\admin_test\r\n\tHostName=ConsoleHost\r\n\tHostVersion=5.1.19041.5007\r\n\tHostId=07ced480-3aad-4a0f-af13-3f795c178a80\r\n\tHostApplication=powershell.exe &amp; {Add-Type -AssemblyName System.IdentityModel\r\n$ComputerFQDN=$env:LogonServer.trimStart('\\') + \".\" + $env:UserDnsDomain\r\nNew-Object System.IdentityModel.Tokens.KerberosRequestorSecurityToken -ArgumentList \"HTTP/$ComputerFQDN\"}\r\n\tEngineVersion=5.1.19041.5007\r\n\tRunspaceId=6e34ae11-ad6e-4376-ae34-15912bc959d5\r\n\tPipelineId=1\r\n\tScriptName=\r\n\tCommandLine=&amp; {Add-Type -AssemblyName System.IdentityModel\r\n, CommandInvocation(Add-Type): \"Add-Type\"\r\nParameterBinding(Add-Type): name=\"AssemblyName\"; value=\"System.IdentityModel\"\r\n","Binary":""}}}
{"Event":{"System":{"Provider":{"@Name":"PowerShell"},"EventID":{"@Qualifiers":"0","#text":"403"},"Version":"0","Level":"4","Task":"4","Opcode":"0","Keywords":"0x80000000000000","TimeCreated":{"@SystemTime":"2024-10-27 23:03:06.5850742"},"EventRecordID":"1075","Correlation":null,"Execution":{"@ProcessID":"0","@ThreadID":"0"},"Channel":"Windows PowerShell","Computer":"Server002","Security":null},"EventData":{"Data":"Stopped, Available, \tNewEngineState=Stopped\r\n\tPreviousEngineState=Available\r\n\r\n\tSequenceNumber=18\r\n\r\n\tHostName=ConsoleHost\r\n\tHostVersion=5.1.19041.5007\r\n\tHostId=07ced480-3aad-4a0f-af13-3f795c178a80\r\n\tHostApplication=powershell.exe &amp; {Add-Type -AssemblyName System.IdentityModel\r\n$ComputerFQDN=$env:LogonServer.trimStart('\\') + \".\" + $env:UserDnsDomain\r\nNew-Object System.IdentityModel.Tokens.KerberosRequestorSecurityToken -ArgumentList \"HTTP/$ComputerFQDN\"}\r\n\tEngineVersion=5.1.19041.5007\r\n\tRunspaceId=6e34ae11-ad6e-4376-ae34-15912bc959d5\r\n\tPipelineId=\r\n\tCommandName=\r\n\tCommandType=\r\n\tScriptName=\r\n\tCommandPath=\r\n\tCommandLine=","Binary":""}}}
