{"Event":{"System":{"Provider":{"@Name":"PowerShell"},"EventID":{"@Qualifiers":"0","#text":"600"},"Version":"0","Level":"4","Task":"6","Opcode":"0","Keywords":"0x80000000000000","TimeCreated":{"@SystemTime":"2024-10-27 21:53:27.3094557"},"EventRecordID":"1178","Correlation":null,"Execution":{"@ProcessID":"0","@ThreadID":"0"},"Channel":"Windows PowerShell","Computer":"Server002","Security":null},"EventData":{"Data":"Registry, Started, \tProviderName=Registry\r\n\tNewProviderState=Started\r\n\r\n\tSequenceNumber=1\r\n\r\n\tHostName=ConsoleHost\r\n\tHostVersion=5.1.19041.5007\r\n\tHostId=a6ea949a-3979-4ca6-a230-ca300cef98bb\r\n\tHostApplication=powershell.exe &amp; {$PasswordDBLocation = get-childitem -path \"$env:appdata\\Mozilla\\Firefox\\Profiles\\*.default-release\\\"\r\ncmd /c C:\\Users\\ADMIN_~1\\AppData\\Local\\Temp\\file\\..\\Externalfiles\\venv_data.004\\Scripts\\python.exe C:\\Users\\ADMIN_~1\\AppData\\Local\\Temp\\file\\..\\Externalfiles\\venv_data.004\\Scripts\\script.py -d $PasswordDBLocation &gt; $env:temp\\data.003Test8.txt\r\ncat $env:temp\\data.003Test8.txt}\r\n\tEngineVersion=\r\n\tRunspaceId=\r\n\tPipelineId=\r\n\tCommandName=\r\n\tCommandType=\r\n\tScriptName=\r\n\tCommandPath=\r\n\tCommandLine=","Binary":""}}}
{"Event":{"System":{"Provider":{"@Name":"PowerShell"},"EventID":{"@Qualifiers":"0","#text":"600"},"Version":"0","Level":"4","Task":"6","Opcode":"0","Keywords":"0x80000000000000","TimeCreated":{"@SystemTime":"2024-10-27 21:53:27.3094557"},"EventRecordID":"1179","Correlation":null,"Execution":{"@ProcessID":"0","@ThreadID":"0"},"Channel":"Windows PowerShell","Computer":"Server002","Security":null},"EventData":{"Data":"Alias, Started, \tProviderName=Alias\r\n\tNewProviderState=Started\r\n\r\n\tSequenceNumber=3\r\n\r\n\tHostName=ConsoleHost\r\n\tHostVersion=5.1.19041.5007\r\n\tHostId=a6ea949a-3979-4ca6-a230-ca300cef98bb\r\n\tHostApplication=powershell.exe &amp; {$PasswordDBLocation = get-childitem -path \"$env:appdata\\Mozilla\\Firefox\\Profiles\\*.default-release\\\"\r\ncmd /c C:\\Users\\ADMIN_~1\\AppData\\Local\\Temp\\file\\..\\Externalfiles\\venv_data.004\\Scripts\\python.exe C:\\Users\\ADMIN_~1\\AppData\\Local\\Temp\\file\\..\\Externalfiles\\venv_data.004\\Scripts\\script.py -d $PasswordDBLocation &gt; $env:temp\\data.003Test8.txt\r\ncat $env:temp\\data.003Test8.txt}\r\n\tEngineVersion=\r\n\tRunspaceId=\r\n\tPipelineId=\r\n\tCommandName=\r\n\tCommandType=\r\n\tScriptName=\r\n\tCommandPath=\r\n\tCommandLine=","Binary":""}}}
{"Event":{"System":{"Provider":{"@Name":"PowerShell"},"EventID":{"@Qualifiers":"0","#text":"600"},"Version":"0","Level":"4","Task":"6","Opcode":"0","Keywords":"0x80000000000000","TimeCreated":{"@SystemTime":"2024-10-27 21:53:27.3094557"},"EventRecordID":"1180","Correlation":null,"Execution":{"@ProcessID":"0","@ThreadID":"0"},"Channel":"Windows PowerShell","Computer":"Server002","Security":null},"EventData":{"Data":"Environment, Started, \tProviderName=Environment\r\n\tNewProviderState=Started\r\n\r\n\tSequenceNumber=5\r\n\r\n\tHostName=ConsoleHost\r\n\tHostVersion=5.1.19041.5007\r\n\tHostId=a6ea949a-3979-4ca6-a230-ca300cef98bb\r\n\tHostApplication=powershell.exe &amp; {$PasswordDBLocation = get-childitem -path \"$env:appdata\\Mozilla\\Firefox\\Profiles\\*.default-release\\\"\r\ncmd /c C:\\Users\\ADMIN_~1\\AppData\\Local\\Temp\\file\\..\\Externalfiles\\venv_data.004\\Scripts\\python.exe C:\\Users\\ADMIN_~1\\AppData\\Local\\Temp\\file\\..\\Externalfiles\\venv_data.004\\Scripts\\script.py -d $PasswordDBLocation &gt; $env:temp\\data.003Test8.txt\r\ncat $env:temp\\data.003Test8.txt}\r\n\tEngineVersion=\r\n\tRunspaceId=\r\n\tPipelineId=\r\n\tCommandName=\r\n\tCommandType=\r\n\tScriptName=\r\n\tCommandPath=\r\n\tCommandLine=","Binary":""}}}
{"Event":{"System":{"Provider":{"@Name":"PowerShell"},"EventID":{"@Qualifiers":"0","#text":"600"},"Version":"0","Level":"4","Task":"6","Opcode":"0","Keywords":"0x80000000000000","TimeCreated":{"@SystemTime":"2024-10-27 21:53:27.3231464"},"EventRecordID":"1181","Correlation":null,"Execution":{"@ProcessID":"0","@ThreadID":"0"},"Channel":"Windows PowerShell","Computer":"Server002","Security":null},"EventData":{"Data":"FileSystem, Started, \tProviderName=FileSystem\r\n\tNewProviderState=Started\r\n\r\n\tSequenceNumber=7\r\n\r\n\tHostName=ConsoleHost\r\n\tHostVersion=5.1.19041.5007\r\n\tHostId=a6ea949a-3979-4ca6-a230-ca300cef98bb\r\n\tHostApplication=powershell.exe &amp; {$PasswordDBLocation = get-childitem -path \"$env:appdata\\Mozilla\\Firefox\\Profiles\\*.default-release\\\"\r\ncmd /c C:\\Users\\ADMIN_~1\\AppData\\Local\\Temp\\file\\..\\Externalfiles\\venv_data.004\\Scripts\\python.exe C:\\Users\\ADMIN_~1\\AppData\\Local\\Temp\\file\\..\\Externalfiles\\venv_data.004\\Scripts\\script.py -d $PasswordDBLocation &gt; $env:temp\\data.003Test8.txt\r\ncat $env:temp\\data.003Test8.txt}\r\n\tEngineVersion=\r\n\tRunspaceId=\r\n\tPipelineId=\r\n\tCommandName=\r\n\tCommandType=\r\n\tScriptName=\r\n\tCommandPath=\r\n\tCommandLine=","Binary":""}}}
{"Event":{"System":{"Provider":{"@Name":"PowerShell"},"EventID":{"@Qualifiers":"0","#text":"600"},"Version":"0","Level":"4","Task":"6","Opcode":"0","Keywords":"0x80000000000000","TimeCreated":{"@SystemTime":"2024-10-27 21:53:27.3352702"},"EventRecordID":"1182","Correlation":null,"Execution":{"@ProcessID":"0","@ThreadID":"0"},"Channel":"Windows PowerShell","Computer":"Server002","Security":null},"EventData":{"Data":"Function, Started, \tProviderName=Function\r\n\tNewProviderState=Started\r\n\r\n\tSequenceNumber=9\r\n\r\n\tHostName=ConsoleHost\r\n\tHostVersion=5.1.19041.5007\r\n\tHostId=a6ea949a-3979-4ca6-a230-ca300cef98bb\r\n\tHostApplication=powershell.exe &amp; {$PasswordDBLocation = get-childitem -path \"$env:appdata\\Mozilla\\Firefox\\Profiles\\*.default-release\\\"\r\ncmd /c C:\\Users\\ADMIN_~1\\AppData\\Local\\Temp\\file\\..\\Externalfiles\\venv_data.004\\Scripts\\python.exe C:\\Users\\ADMIN_~1\\AppData\\Local\\Temp\\file\\..\\Externalfiles\\venv_data.004\\Scripts\\script.py -d $PasswordDBLocation &gt; $env:temp\\data.003Test8.txt\r\ncat $env:temp\\data.003Test8.txt}\r\n\tEngineVersion=\r\n\tRunspaceId=\r\n\tPipelineId=\r\n\tCommandName=\r\n\tCommandType=\r\n\tScriptName=\r\n\tCommandPath=\r\n\tCommandLine=","Binary":""}}}
{"Event":{"System":{"Provider":{"@Name":"PowerShell"},"EventID":{"@Qualifiers":"0","#text":"600"},"Version":"0","Level":"4","Task":"6","Opcode":"0","Keywords":"0x80000000000000","TimeCreated":{"@SystemTime":"2024-10-27 21:53:27.3486547"},"EventRecordID":"1183","Correlation":null,"Execution":{"@ProcessID":"0","@ThreadID":"0"},"Channel":"Windows PowerShell","Computer":"Server002","Security":null},"EventData":{"Data":"Variable, Started, \tProviderName=Variable\r\n\tNewProviderState=Started\r\n\r\n\tSequenceNumber=11\r\n\r\n\tHostName=ConsoleHost\r\n\tHostVersion=5.1.19041.5007\r\n\tHostId=a6ea949a-3979-4ca6-a230-ca300cef98bb\r\n\tHostApplication=powershell.exe &amp; {$PasswordDBLocation = get-childitem -path \"$env:appdata\\Mozilla\\Firefox\\Profiles\\*.default-release\\\"\r\ncmd /c C:\\Users\\ADMIN_~1\\AppData\\Local\\Temp\\file\\..\\Externalfiles\\venv_data.004\\Scripts\\python.exe C:\\Users\\ADMIN_~1\\AppData\\Local\\Temp\\file\\..\\Externalfiles\\venv_data.004\\Scripts\\script.py -d $PasswordDBLocation &gt; $env:temp\\data.003Test8.txt\r\ncat $env:temp\\data.003Test8.txt}\r\n\tEngineVersion=\r\n\tRunspaceId=\r\n\tPipelineId=\r\n\tCommandName=\r\n\tCommandType=\r\n\tScriptName=\r\n\tCommandPath=\r\n\tCommandLine=","Binary":""}}}
{"Event":{"System":{"Provider":{"@Name":"PowerShell"},"EventID":{"@Qualifiers":"0","#text":"400"},"Version":"0","Level":"4","Task":"4","Opcode":"0","Keywords":"0x80000000000000","TimeCreated":{"@SystemTime":"2024-10-27 21:53:27.5960933"},"EventRecordID":"1184","Correlation":null,"Execution":{"@ProcessID":"0","@ThreadID":"0"},"Channel":"Windows PowerShell","Computer":"Server002","Security":null},"EventData":{"Data":"Available, None, \tNewEngineState=Available\r\n\tPreviousEngineState=None\r\n\r\n\tSequenceNumber=13\r\n\r\n\tHostName=ConsoleHost\r\n\tHostVersion=5.1.19041.5007\r\n\tHostId=a6ea949a-3979-4ca6-a230-ca300cef98bb\r\n\tHostApplication=powershell.exe &amp; {$PasswordDBLocation = get-childitem -path \"$env:appdata\\Mozilla\\Firefox\\Profiles\\*.default-release\\\"\r\ncmd /c C:\\Users\\ADMIN_~1\\AppData\\Local\\Temp\\file\\..\\Externalfiles\\venv_data.004\\Scripts\\python.exe C:\\Users\\ADMIN_~1\\AppData\\Local\\Temp\\file\\..\\Externalfiles\\venv_data.004\\Scripts\\script.py -d $PasswordDBLocation &gt; $env:temp\\data.003Test8.txt\r\ncat $env:temp\\data.003Test8.txt}\r\n\tEngineVersion=5.1.19041.5007\r\n\tRunspaceId=f31161e0-e04b-47fc-b118-12fd65692b24\r\n\tPipelineId=\r\n\tCommandName=\r\n\tCommandType=\r\n\tScriptName=\r\n\tCommandPath=\r\n\tCommandLine=","Binary":""}}}
{"Event":{"System":{"Provider":{"@Name":"PowerShell"},"EventID":{"@Qualifiers":"0","#text":"403"},"Version":"0","Level":"4","Task":"4","Opcode":"0","Keywords":"0x80000000000000","TimeCreated":{"@SystemTime":"2024-10-27 21:53:29.7194920"},"EventRecordID":"1185","Correlation":null,"Execution":{"@ProcessID":"0","@ThreadID":"0"},"Channel":"Windows PowerShell","Computer":"Server002","Security":null},"EventData":{"Data":"Stopped, Available, \tNewEngineState=Stopped\r\n\tPreviousEngineState=Available\r\n\r\n\tSequenceNumber=15\r\n\r\n\tHostName=ConsoleHost\r\n\tHostVersion=5.1.19041.5007\r\n\tHostId=a6ea949a-3979-4ca6-a230-ca300cef98bb\r\n\tHostApplication=powershell.exe &amp; {$PasswordDBLocation = get-childitem -path \"$env:appdata\\Mozilla\\Firefox\\Profiles\\*.default-release\\\"\r\ncmd /c C:\\Users\\ADMIN_~1\\AppData\\Local\\Temp\\file\\..\\Externalfiles\\venv_data.004\\Scripts\\python.exe C:\\Users\\ADMIN_~1\\AppData\\Local\\Temp\\file\\..\\Externalfiles\\venv_data.004\\Scripts\\script.py -d $PasswordDBLocation &gt; $env:temp\\data.003Test8.txt\r\ncat $env:temp\\data.003Test8.txt}\r\n\tEngineVersion=5.1.19041.5007\r\n\tRunspaceId=f31161e0-e04b-47fc-b118-12fd65692b24\r\n\tPipelineId=\r\n\tCommandName=\r\n\tCommandType=\r\n\tScriptName=\r\n\tCommandPath=\r\n\tCommandLine=","Binary":""}}}
