{"Event":{"System":{"Provider":{"@Name":"MsiInstaller"},"EventID":{"@Qualifiers":"0","#text":"11707"},"Version":"0","Level":"4","Task":"0","Opcode":"0","Keywords":"0x80000000000000","TimeCreated":{"@SystemTime":"2024-10-27 21:53:25.8838587"},"EventRecordID":"2391","Correlation":null,"Execution":{"@ProcessID":"0","@ThreadID":"0"},"Channel":"Application","Computer":"Server002","Security":{"@UserID":"S-1-5-21-3962163828-2803415714-1403596700-1006"}},"EventData":{"Data":"Product: Python 3.10.4 Core Interpreter (64-bit) -- Installation completed successfully., (NULL), (NULL), (NULL), (NULL), (NULL)","Binary":"7B-31-32-42-44-44-32-30-43-2D-31-36-36-36-2D-34-36-33-42-2D-42-34-37-33-2D-33-34-37-33-42-34-42-42-39-37-41-37-7D"}}}
{"Event":{"System":{"Provider":{"@Name":"MsiInstaller"},"EventID":{"@Qualifiers":"0","#text":"1033"},"Version":"0","Level":"4","Task":"0","Opcode":"0","Keywords":"0x80000000000000","TimeCreated":{"@SystemTime":"2024-10-27 21:53:25.8838587"},"EventRecordID":"2392","Correlation":null,"Execution":{"@ProcessID":"0","@ThreadID":"0"},"Channel":"Application","Computer":"Server002","Security":{"@UserID":"S-1-5-21-3962163828-2803415714-1403596700-1006"}},"EventData":{"Data":"Python 3.10.4 Core Interpreter (64-bit), 3.10.4150.0, 1033, 0, Python Software Foundation, (NULL)","Binary":"7B-31-32-42-44-44-32-30-43-2D-31-36-36-36-2D-34-36-33-42-2D-42-34-37-33-2D-33-34-37-33-42-34-42-42-39-37-41-37-7D-30-30-30-30-31-34-34-63-37-34-34-30-39-63-39-32-35-30-33-66-36-65-32-66-37-65-30-39-30-32-66-63-37-39-35-34-30-30-30-30-30-39-30-34"}}}
{"Event":{"System":{"Provider":{"@Name":"MsiInstaller"},"EventID":{"@Qualifiers":"0","#text":"1042"},"Version":"0","Level":"4","Task":"0","Opcode":"0","Keywords":"0x80000000000000","TimeCreated":{"@SystemTime":"2024-10-27 21:53:25.9153874"},"EventRecordID":"2393","Correlation":null,"Execution":{"@ProcessID":"0","@ThreadID":"0"},"Channel":"Application","Computer":"Server002","Security":{"@UserID":"S-1-5-18"}},"EventData":{"Data":"C:\\ProgramData\\Package Cache\\{12BDD20C-1666-463B-B473-3473B4BB97A7}v3.10.4150.0\\core.msi, 6596, (NULL), (NULL), (NULL), (NULL)","Binary":""}}}
{"Event":{"System":{"Provider":{"@Name":"Microsoft-Windows-RestartManager","@Guid":"0888e5ef-9b98-4695-979d-e92ce4247224"},"EventID":"10000","Version":"0","Level":"4","Task":"0","Opcode":"0","Keywords":"0x8000000000000000","TimeCreated":{"@SystemTime":"2024-10-27 21:53:25.1654229"},"EventRecordID":"2394","Correlation":null,"Execution":{"@ProcessID":"6308","@ThreadID":"6836"},"Channel":"Application","Computer":"Server002","Security":{"@UserID":"S-1-5-21-3962163828-2803415714-1403596700-1006"}},"UserData":{"RmSessionEvent":{"RmSessionId":"0","UTCStartTime":"2024-10-27 21:53:25.1589387"}}}}
{"Event":{"System":{"Provider":{"@Name":"Microsoft-Windows-RestartManager","@Guid":"0888e5ef-9b98-4695-979d-e92ce4247224"},"EventID":"10001","Version":"0","Level":"4","Task":"0","Opcode":"0","Keywords":"0x8000000000000000","TimeCreated":{"@SystemTime":"2024-10-27 21:53:25.8967890"},"EventRecordID":"2395","Correlation":null,"Execution":{"@ProcessID":"6308","@ThreadID":"6232"},"Channel":"Application","Computer":"Server002","Security":{"@UserID":"S-1-5-21-3962163828-2803415714-1403596700-1006"}},"UserData":{"RmSessionEvent":{"RmSessionId":"0","UTCStartTime":"2024-10-27 21:53:25.1589387"}}}}
{"Event":{"System":{"Provider":{"@Name":"MsiInstaller"},"EventID":{"@Qualifiers":"0","#text":"1040"},"Version":"0","Level":"4","Task":"0","Opcode":"0","Keywords":"0x80000000000000","TimeCreated":{"@SystemTime":"2024-10-27 21:53:25.9612580"},"EventRecordID":"2396","Correlation":null,"Execution":{"@ProcessID":"0","@ThreadID":"0"},"Channel":"Application","Computer":"Server002","Security":{"@UserID":"S-1-5-21-3962163828-2803415714-1403596700-1006"}},"EventData":{"Data":"C:\\ProgramData\\Package Cache\\{FBCE87D2-C7FC-47AB-B870-A0613A081CFD}v3.10.4150.0\\exe.msi, 6596, (NULL), (NULL), (NULL), (NULL)","Binary":""}}}
{"Event":{"System":{"Provider":{"@Name":"Microsoft-Windows-RestartManager","@Guid":"0888e5ef-9b98-4695-979d-e92ce4247224"},"EventID":"10000","Version":"0","Level":"4","Task":"0","Opcode":"0","Keywords":"0x8000000000000000","TimeCreated":{"@SystemTime":"2024-10-27 21:53:26.0299486"},"EventRecordID":"2397","Correlation":null,"Execution":{"@ProcessID":"6308","@ThreadID":"4280"},"Channel":"Application","Computer":"Server002","Security":{"@UserID":"S-1-5-21-3962163828-2803415714-1403596700-1006"}},"UserData":{"RmSessionEvent":{"RmSessionId":"0","UTCStartTime":"2024-10-27 21:53:26.0290777"}}}}
{"Event":{"System":{"Provider":{"@Name":"MsiInstaller"},"EventID":{"@Qualifiers":"0","#text":"11707"},"Version":"0","Level":"4","Task":"0","Opcode":"0","Keywords":"0x80000000000000","TimeCreated":{"@SystemTime":"2024-10-27 21:53:27.2046845"},"EventRecordID":"2398","Correlation":null,"Execution":{"@ProcessID":"0","@ThreadID":"0"},"Channel":"Application","Computer":"Server002","Security":{"@UserID":"S-1-5-21-3962163828-2803415714-1403596700-1006"}},"EventData":{"Data":"Product: Python 3.10.4 Executables (64-bit) -- Installation completed successfully., (NULL), (NULL), (NULL), (NULL), (NULL)","Binary":"7B-46-42-43-45-38-37-44-32-2D-43-37-46-43-2D-34-37-41-42-2D-42-38-37-30-2D-41-30-36-31-33-41-30-38-31-43-46-44-7D"}}}
{"Event":{"System":{"Provider":{"@Name":"MsiInstaller"},"EventID":{"@Qualifiers":"0","#text":"1033"},"Version":"0","Level":"4","Task":"0","Opcode":"0","Keywords":"0x80000000000000","TimeCreated":{"@SystemTime":"2024-10-27 21:53:27.2046845"},"EventRecordID":"2399","Correlation":null,"Execution":{"@ProcessID":"0","@ThreadID":"0"},"Channel":"Application","Computer":"Server002","Security":{"@UserID":"S-1-5-21-3962163828-2803415714-1403596700-1006"}},"EventData":{"Data":"Python 3.10.4 Executables (64-bit), 3.10.4150.0, 1033, 0, Python Software Foundation, (NULL)","Binary":"7B-46-42-43-45-38-37-44-32-2D-43-37-46-43-2D-34-37-41-42-2D-42-38-37-30-2D-41-30-36-31-33-41-30-38-31-43-46-44-7D-30-30-30-30-63-66-34-37-31-62-33-30-33-62-65-36-61-61-38-34-33-62-65-66-30-31-34-65-32-35-63-38-61-38-39-31-30-30-30-30-30-39-30-34"}}}
{"Event":{"System":{"Provider":{"@Name":"MsiInstaller"},"EventID":{"@Qualifiers":"0","#text":"1042"},"Version":"0","Level":"4","Task":"0","Opcode":"0","Keywords":"0x80000000000000","TimeCreated":{"@SystemTime":"2024-10-27 21:53:27.2568641"},"EventRecordID":"2400","Correlation":null,"Execution":{"@ProcessID":"0","@ThreadID":"0"},"Channel":"Application","Computer":"Server002","Security":{"@UserID":"S-1-5-18"}},"EventData":{"Data":"C:\\ProgramData\\Package Cache\\{FBCE87D2-C7FC-47AB-B870-A0613A081CFD}v3.10.4150.0\\exe.msi, 6596, (NULL), (NULL), (NULL), (NULL)","Binary":""}}}
{"Event":{"System":{"Provider":{"@Name":"MsiInstaller"},"EventID":{"@Qualifiers":"0","#text":"1040"},"Version":"0","Level":"4","Task":"0","Opcode":"0","Keywords":"0x80000000000000","TimeCreated":{"@SystemTime":"2024-10-27 21:53:27.3094557"},"EventRecordID":"2401","Correlation":null,"Execution":{"@ProcessID":"0","@ThreadID":"0"},"Channel":"Application","Computer":"Server002","Security":{"@UserID":"S-1-5-21-3962163828-2803415714-1403596700-1006"}},"EventData":{"Data":"C:\\ProgramData\\Package Cache\\{5A092BC3-DC8C-4B40-871A-D50F71058449}v3.10.4150.0\\dev.msi, 6596, (NULL), (NULL), (NULL), (NULL)","Binary":""}}}
{"Event":{"System":{"Provider":{"@Name":"Microsoft-Windows-RestartManager","@Guid":"0888e5ef-9b98-4695-979d-e92ce4247224"},"EventID":"10001","Version":"0","Level":"4","Task":"0","Opcode":"0","Keywords":"0x8000000000000000","TimeCreated":{"@SystemTime":"2024-10-27 21:53:27.2447521"},"EventRecordID":"2402","Correlation":null,"Execution":{"@ProcessID":"6308","@ThreadID":"6232"},"Channel":"Application","Computer":"Server002","Security":{"@UserID":"S-1-5-21-3962163828-2803415714-1403596700-1006"}},"UserData":{"RmSessionEvent":{"RmSessionId":"0","UTCStartTime":"2024-10-27 21:53:26.0290777"}}}}
{"Event":{"System":{"Provider":{"@Name":"Microsoft-Windows-RestartManager","@Guid":"0888e5ef-9b98-4695-979d-e92ce4247224"},"EventID":"10000","Version":"0","Level":"4","Task":"0","Opcode":"0","Keywords":"0x8000000000000000","TimeCreated":{"@SystemTime":"2024-10-27 21:53:27.4244535"},"EventRecordID":"2403","Correlation":null,"Execution":{"@ProcessID":"6308","@ThreadID":"1328"},"Channel":"Application","Computer":"Server002","Security":{"@UserID":"S-1-5-21-3962163828-2803415714-1403596700-1006"}},"UserData":{"RmSessionEvent":{"RmSessionId":"0","UTCStartTime":"2024-10-27 21:53:27.4219876"}}}}
{"Event":{"System":{"Provider":{"@Name":"MsiInstaller"},"EventID":{"@Qualifiers":"0","#text":"11707"},"Version":"0","Level":"4","Task":"0","Opcode":"0","Keywords":"0x80000000000000","TimeCreated":{"@SystemTime":"2024-10-27 21:53:30.4939026"},"EventRecordID":"2404","Correlation":null,"Execution":{"@ProcessID":"0","@ThreadID":"0"},"Channel":"Application","Computer":"Server002","Security":{"@UserID":"S-1-5-21-3962163828-2803415714-1403596700-1006"}},"EventData":{"Data":"Product: Python 3.10.4 Development Libraries (64-bit) -- Installation completed successfully., (NULL), (NULL), (NULL), (NULL), (NULL)","Binary":"7B-35-41-30-39-32-42-43-33-2D-44-43-38-43-2D-34-42-34-30-2D-38-37-31-41-2D-44-35-30-46-37-31-30-35-38-34-34-39-7D"}}}
{"Event":{"System":{"Provider":{"@Name":"MsiInstaller"},"EventID":{"@Qualifiers":"0","#text":"1033"},"Version":"0","Level":"4","Task":"0","Opcode":"0","Keywords":"0x80000000000000","TimeCreated":{"@SystemTime":"2024-10-27 21:53:30.4939026"},"EventRecordID":"2405","Correlation":null,"Execution":{"@ProcessID":"0","@ThreadID":"0"},"Channel":"Application","Computer":"Server002","Security":{"@UserID":"S-1-5-21-3962163828-2803415714-1403596700-1006"}},"EventData":{"Data":"Python 3.10.4 Development Libraries (64-bit), 3.10.4150.0, 1033, 0, Python Software Foundation, (NULL)","Binary":"7B-35-41-30-39-32-42-43-33-2D-44-43-38-43-2D-34-42-34-30-2D-38-37-31-41-2D-44-35-30-46-37-31-30-35-38-34-34-39-7D-30-30-30-30-62-34-38-33-37-30-61-34-62-30-35-33-61-63-32-66-39-61-31-62-61-65-35-63-33-37-66-64-62-37-63-32-30-30-30-30-30-39-30-34"}}}
{"Event":{"System":{"Provider":{"@Name":"MsiInstaller"},"EventID":{"@Qualifiers":"0","#text":"1042"},"Version":"0","Level":"4","Task":"0","Opcode":"0","Keywords":"0x80000000000000","TimeCreated":{"@SystemTime":"2024-10-27 21:53:30.5143966"},"EventRecordID":"2406","Correlation":null,"Execution":{"@ProcessID":"0","@ThreadID":"0"},"Channel":"Application","Computer":"Server002","Security":{"@UserID":"S-1-5-18"}},"EventData":{"Data":"C:\\ProgramData\\Package Cache\\{5A092BC3-DC8C-4B40-871A-D50F71058449}v3.10.4150.0\\dev.msi, 6596, (NULL), (NULL), (NULL), (NULL)","Binary":""}}}
{"Event":{"System":{"Provider":{"@Name":"MsiInstaller"},"EventID":{"@Qualifiers":"0","#text":"1040"},"Version":"0","Level":"4","Task":"0","Opcode":"0","Keywords":"0x80000000000000","TimeCreated":{"@SystemTime":"2024-10-27 21:53:30.5347241"},"EventRecordID":"2407","Correlation":null,"Execution":{"@ProcessID":"0","@ThreadID":"0"},"Channel":"Application","Computer":"Server002","Security":{"@UserID":"S-1-5-21-3962163828-2803415714-1403596700-1006"}},"EventData":{"Data":"C:\\ProgramData\\Package Cache\\{FFF8FCBE-5551-4DB2-8828-D2FE463981E2}v3.10.4150.0\\lib.msi, 6596, (NULL), (NULL), (NULL), (NULL)","Binary":""}}}
{"Event":{"System":{"Provider":{"@Name":"Microsoft-Windows-RestartManager","@Guid":"0888e5ef-9b98-4695-979d-e92ce4247224"},"EventID":"10001","Version":"0","Level":"4","Task":"0","Opcode":"0","Keywords":"0x8000000000000000","TimeCreated":{"@SystemTime":"2024-10-27 21:53:30.5071135"},"EventRecordID":"2408","Correlation":null,"Execution":{"@ProcessID":"6308","@ThreadID":"6232"},"Channel":"Application","Computer":"Server002","Security":{"@UserID":"S-1-5-21-3962163828-2803415714-1403596700-1006"}},"UserData":{"RmSessionEvent":{"RmSessionId":"0","UTCStartTime":"2024-10-27 21:53:27.4219876"}}}}
{"Event":{"System":{"Provider":{"@Name":"Microsoft-Windows-RestartManager","@Guid":"0888e5ef-9b98-4695-979d-e92ce4247224"},"EventID":"10000","Version":"0","Level":"4","Task":"0","Opcode":"0","Keywords":"0x8000000000000000","TimeCreated":{"@SystemTime":"2024-10-27 21:53:30.7906951"},"EventRecordID":"2409","Correlation":null,"Execution":{"@ProcessID":"6308","@ThreadID":"2812"},"Channel":"Application","Computer":"Server002","Security":{"@UserID":"S-1-5-21-3962163828-2803415714-1403596700-1006"}},"UserData":{"RmSessionEvent":{"RmSessionId":"0","UTCStartTime":"2024-10-27 21:53:30.7877727"}}}}
{"Event":{"System":{"Provider":{"@Name":"MsiInstaller"},"EventID":{"@Qualifiers":"0","#text":"11707"},"Version":"0","Level":"4","Task":"0","Opcode":"0","Keywords":"0x80000000000000","TimeCreated":{"@SystemTime":"2024-10-27 21:53:43.2926243"},"EventRecordID":"2410","Correlation":null,"Execution":{"@ProcessID":"0","@ThreadID":"0"},"Channel":"Application","Computer":"Server002","Security":{"@UserID":"S-1-5-21-3962163828-2803415714-1403596700-1006"}},"EventData":{"Data":"Product: Python 3.10.4 Standard Library (64-bit) -- Installation completed successfully., (NULL), (NULL), (NULL), (NULL), (NULL)","Binary":"7B-46-46-46-38-46-43-42-45-2D-35-35-35-31-2D-34-44-42-32-2D-38-38-32-38-2D-44-32-46-45-34-36-33-39-38-31-45-32-7D"}}}
{"Event":{"System":{"Provider":{"@Name":"MsiInstaller"},"EventID":{"@Qualifiers":"0","#text":"1033"},"Version":"0","Level":"4","Task":"0","Opcode":"0","Keywords":"0x80000000000000","TimeCreated":{"@SystemTime":"2024-10-27 21:53:43.2926243"},"EventRecordID":"2411","Correlation":null,"Execution":{"@ProcessID":"0","@ThreadID":"0"},"Channel":"Application","Computer":"Server002","Security":{"@UserID":"S-1-5-21-3962163828-2803415714-1403596700-1006"}},"EventData":{"Data":"Python 3.10.4 Standard Library (64-bit), 3.10.4150.0, 1033, 0, Python Software Foundation, (NULL)","Binary":"7B-46-46-46-38-46-43-42-45-2D-35-35-35-31-2D-34-44-42-32-2D-38-38-32-38-2D-44-32-46-45-34-36-33-39-38-31-45-32-7D-30-30-30-30-31-33-39-65-63-31-61-30-33-36-62-36-39-62-64-62-35-63-33-65-37-65-62-38-36-34-32-65-38-34-38-32-30-30-30-30-30-39-30-34"}}}
{"Event":{"System":{"Provider":{"@Name":"MsiInstaller"},"EventID":{"@Qualifiers":"0","#text":"1042"},"Version":"0","Level":"4","Task":"0","Opcode":"0","Keywords":"0x80000000000000","TimeCreated":{"@SystemTime":"2024-10-27 21:53:43.3241299"},"EventRecordID":"2412","Correlation":null,"Execution":{"@ProcessID":"0","@ThreadID":"0"},"Channel":"Application","Computer":"Server002","Security":{"@UserID":"S-1-5-18"}},"EventData":{"Data":"C:\\ProgramData\\Package Cache\\{FFF8FCBE-5551-4DB2-8828-D2FE463981E2}v3.10.4150.0\\lib.msi, 6596, (NULL), (NULL), (NULL), (NULL)","Binary":""}}}
{"Event":{"System":{"Provider":{"@Name":"MsiInstaller"},"EventID":{"@Qualifiers":"0","#text":"1040"},"Version":"0","Level":"4","Task":"0","Opcode":"0","Keywords":"0x80000000000000","TimeCreated":{"@SystemTime":"2024-10-27 21:53:43.3457087"},"EventRecordID":"2413","Correlation":null,"Execution":{"@ProcessID":"0","@ThreadID":"0"},"Channel":"Application","Computer":"Server002","Security":{"@UserID":"S-1-5-21-3962163828-2803415714-1403596700-1006"}},"EventData":{"Data":"C:\\ProgramData\\Package Cache\\{E2B8DCDD-2047-44A2-ADC7-E526084777B4}v3.10.4150.0\\doc.msi, 6596, (NULL), (NULL), (NULL), (NULL)","Binary":""}}}
{"Event":{"System":{"Provider":{"@Name":"Microsoft-Windows-RestartManager","@Guid":"0888e5ef-9b98-4695-979d-e92ce4247224"},"EventID":"10001","Version":"0","Level":"4","Task":"0","Opcode":"0","Keywords":"0x8000000000000000","TimeCreated":{"@SystemTime":"2024-10-27 21:53:43.3109853"},"EventRecordID":"2414","Correlation":null,"Execution":{"@ProcessID":"6308","@ThreadID":"6232"},"Channel":"Application","Computer":"Server002","Security":{"@UserID":"S-1-5-21-3962163828-2803415714-1403596700-1006"}},"UserData":{"RmSessionEvent":{"RmSessionId":"0","UTCStartTime":"2024-10-27 21:53:30.7877727"}}}}
{"Event":{"System":{"Provider":{"@Name":"Microsoft-Windows-RestartManager","@Guid":"0888e5ef-9b98-4695-979d-e92ce4247224"},"EventID":"10000","Version":"0","Level":"4","Task":"0","Opcode":"0","Keywords":"0x8000000000000000","TimeCreated":{"@SystemTime":"2024-10-27 21:53:43.8760884"},"EventRecordID":"2415","Correlation":null,"Execution":{"@ProcessID":"6308","@ThreadID":"5864"},"Channel":"Application","Computer":"Server002","Security":{"@UserID":"S-1-5-21-3962163828-2803415714-1403596700-1006"}},"UserData":{"RmSessionEvent":{"RmSessionId":"0","UTCStartTime":"2024-10-27 21:53:43.8623515"}}}}
{"Event":{"System":{"Provider":{"@Name":"MsiInstaller"},"EventID":{"@Qualifiers":"0","#text":"11707"},"Version":"0","Level":"4","Task":"0","Opcode":"0","Keywords":"0x80000000000000","TimeCreated":{"@SystemTime":"2024-10-27 21:53:46.1312438"},"EventRecordID":"2416","Correlation":null,"Execution":{"@ProcessID":"0","@ThreadID":"0"},"Channel":"Application","Computer":"Server002","Security":{"@UserID":"S-1-5-21-3962163828-2803415714-1403596700-1006"}},"EventData":{"Data":"Product: Python 3.10.4 Documentation (64-bit) -- Installation completed successfully., (NULL), (NULL), (NULL), (NULL), (NULL)","Binary":"7B-45-32-42-38-44-43-44-44-2D-32-30-34-37-2D-34-34-41-32-2D-41-44-43-37-2D-45-35-32-36-30-38-34-37-37-37-42-34-7D"}}}
{"Event":{"System":{"Provider":{"@Name":"MsiInstaller"},"EventID":{"@Qualifiers":"0","#text":"1033"},"Version":"0","Level":"4","Task":"0","Opcode":"0","Keywords":"0x80000000000000","TimeCreated":{"@SystemTime":"2024-10-27 21:53:46.1312438"},"EventRecordID":"2417","Correlation":null,"Execution":{"@ProcessID":"0","@ThreadID":"0"},"Channel":"Application","Computer":"Server002","Security":{"@UserID":"S-1-5-21-3962163828-2803415714-1403596700-1006"}},"EventData":{"Data":"Python 3.10.4 Documentation (64-bit), 3.10.4150.0, 1033, 0, Python Software Foundation, (NULL)","Binary":"7B-45-32-42-38-44-43-44-44-2D-32-30-34-37-2D-34-34-41-32-2D-41-44-43-37-2D-45-35-32-36-30-38-34-37-37-37-42-34-7D-30-30-30-30-36-36-30-36-39-66-37-62-30-66-36-30-30-63-32-63-35-65-36-63-30-31-37-37-62-61-32-66-64-39-35-33-30-30-30-30-30-39-30-34"}}}
{"Event":{"System":{"Provider":{"@Name":"MsiInstaller"},"EventID":{"@Qualifiers":"0","#text":"1042"},"Version":"0","Level":"4","Task":"0","Opcode":"0","Keywords":"0x80000000000000","TimeCreated":{"@SystemTime":"2024-10-27 21:53:46.2411326"},"EventRecordID":"2418","Correlation":null,"Execution":{"@ProcessID":"0","@ThreadID":"0"},"Channel":"Application","Computer":"Server002","Security":{"@UserID":"S-1-5-18"}},"EventData":{"Data":"C:\\ProgramData\\Package Cache\\{E2B8DCDD-2047-44A2-ADC7-E526084777B4}v3.10.4150.0\\doc.msi, 6596, (NULL), (NULL), (NULL), (NULL)","Binary":""}}}
{"Event":{"System":{"Provider":{"@Name":"MsiInstaller"},"EventID":{"@Qualifiers":"0","#text":"1040"},"Version":"0","Level":"4","Task":"0","Opcode":"0","Keywords":"0x80000000000000","TimeCreated":{"@SystemTime":"2024-10-27 21:53:46.2586463"},"EventRecordID":"2419","Correlation":null,"Execution":{"@ProcessID":"0","@ThreadID":"0"},"Channel":"Application","Computer":"Server002","Security":{"@UserID":"S-1-5-21-3962163828-2803415714-1403596700-1006"}},"EventData":{"Data":"C:\\ProgramData\\Package Cache\\{7CBB42A3-C12B-413C-AA93-65DA4C31D421}v3.10.4150.0\\tools.msi, 6596, (NULL), (NULL), (NULL), (NULL)","Binary":""}}}
{"Event":{"System":{"Provider":{"@Name":"Microsoft-Windows-RestartManager","@Guid":"0888e5ef-9b98-4695-979d-e92ce4247224"},"EventID":"10001","Version":"0","Level":"4","Task":"0","Opcode":"0","Keywords":"0x8000000000000000","TimeCreated":{"@SystemTime":"2024-10-27 21:53:46.2307872"},"EventRecordID":"2420","Correlation":null,"Execution":{"@ProcessID":"6308","@ThreadID":"6232"},"Channel":"Application","Computer":"Server002","Security":{"@UserID":"S-1-5-21-3962163828-2803415714-1403596700-1006"}},"UserData":{"RmSessionEvent":{"RmSessionId":"0","UTCStartTime":"2024-10-27 21:53:43.8623515"}}}}
{"Event":{"System":{"Provider":{"@Name":"Microsoft-Windows-RestartManager","@Guid":"0888e5ef-9b98-4695-979d-e92ce4247224"},"EventID":"10000","Version":"0","Level":"4","Task":"0","Opcode":"0","Keywords":"0x8000000000000000","TimeCreated":{"@SystemTime":"2024-10-27 21:53:46.5972532"},"EventRecordID":"2421","Correlation":null,"Execution":{"@ProcessID":"6308","@ThreadID":"924"},"Channel":"Application","Computer":"Server002","Security":{"@UserID":"S-1-5-21-3962163828-2803415714-1403596700-1006"}},"UserData":{"RmSessionEvent":{"RmSessionId":"0","UTCStartTime":"2024-10-27 21:53:46.5890065"}}}}
{"Event":{"System":{"Provider":{"@Name":"MsiInstaller"},"EventID":{"@Qualifiers":"0","#text":"11707"},"Version":"0","Level":"4","Task":"0","Opcode":"0","Keywords":"0x80000000000000","TimeCreated":{"@SystemTime":"2024-10-27 21:53:48.7932380"},"EventRecordID":"2422","Correlation":null,"Execution":{"@ProcessID":"0","@ThreadID":"0"},"Channel":"Application","Computer":"Server002","Security":{"@UserID":"S-1-5-21-3962163828-2803415714-1403596700-1006"}},"EventData":{"Data":"Product: Python 3.10.4 Utility Scripts (64-bit) -- Installation completed successfully., (NULL), (NULL), (NULL), (NULL), (NULL)","Binary":"7B-37-43-42-42-34-32-41-33-2D-43-31-32-42-2D-34-31-33-43-2D-41-41-39-33-2D-36-35-44-41-34-43-33-31-44-34-32-31-7D"}}}
{"Event":{"System":{"Provider":{"@Name":"MsiInstaller"},"EventID":{"@Qualifiers":"0","#text":"1033"},"Version":"0","Level":"4","Task":"0","Opcode":"0","Keywords":"0x80000000000000","TimeCreated":{"@SystemTime":"2024-10-27 21:53:48.7932380"},"EventRecordID":"2423","Correlation":null,"Execution":{"@ProcessID":"0","@ThreadID":"0"},"Channel":"Application","Computer":"Server002","Security":{"@UserID":"S-1-5-21-3962163828-2803415714-1403596700-1006"}},"EventData":{"Data":"Python 3.10.4 Utility Scripts (64-bit), 3.10.4150.0, 1033, 0, Python Software Foundation, (NULL)","Binary":"7B-37-43-42-42-34-32-41-33-2D-43-31-32-42-2D-34-31-33-43-2D-41-41-39-33-2D-36-35-44-41-34-43-33-31-44-34-32-31-7D-30-30-30-30-35-32-62-64-34-66-61-33-33-63-38-61-63-65-32-36-62-62-30-61-38-32-31-62-30-62-62-33-36-64-66-61-30-30-30-30-30-39-30-34"}}}
{"Event":{"System":{"Provider":{"@Name":"MsiInstaller"},"EventID":{"@Qualifiers":"0","#text":"1042"},"Version":"0","Level":"4","Task":"0","Opcode":"0","Keywords":"0x80000000000000","TimeCreated":{"@SystemTime":"2024-10-27 21:53:48.8129615"},"EventRecordID":"2424","Correlation":null,"Execution":{"@ProcessID":"0","@ThreadID":"0"},"Channel":"Application","Computer":"Server002","Security":{"@UserID":"S-1-5-18"}},"EventData":{"Data":"C:\\ProgramData\\Package Cache\\{7CBB42A3-C12B-413C-AA93-65DA4C31D421}v3.10.4150.0\\tools.msi, 6596, (NULL), (NULL), (NULL), (NULL)","Binary":""}}}
{"Event":{"System":{"Provider":{"@Name":"MsiInstaller"},"EventID":{"@Qualifiers":"0","#text":"1040"},"Version":"0","Level":"4","Task":"0","Opcode":"0","Keywords":"0x80000000000000","TimeCreated":{"@SystemTime":"2024-10-27 21:53:48.8268144"},"EventRecordID":"2425","Correlation":null,"Execution":{"@ProcessID":"0","@ThreadID":"0"},"Channel":"Application","Computer":"Server002","Security":{"@UserID":"S-1-5-21-3962163828-2803415714-1403596700-1006"}},"EventData":{"Data":"C:\\ProgramData\\Package Cache\\{E22FBFCD-7312-4CED-BE8C-B8CB8D4EADCA}v3.10.4150.0\\tcltk.msi, 6596, (NULL), (NULL), (NULL), (NULL)","Binary":""}}}
{"Event":{"System":{"Provider":{"@Name":"Microsoft-Windows-RestartManager","@Guid":"0888e5ef-9b98-4695-979d-e92ce4247224"},"EventID":"10001","Version":"0","Level":"4","Task":"0","Opcode":"0","Keywords":"0x8000000000000000","TimeCreated":{"@SystemTime":"2024-10-27 21:53:48.8078732"},"EventRecordID":"2426","Correlation":null,"Execution":{"@ProcessID":"6308","@ThreadID":"6232"},"Channel":"Application","Computer":"Server002","Security":{"@UserID":"S-1-5-21-3962163828-2803415714-1403596700-1006"}},"UserData":{"RmSessionEvent":{"RmSessionId":"0","UTCStartTime":"2024-10-27 21:53:46.5890065"}}}}
{"Event":{"System":{"Provider":{"@Name":"Microsoft-Windows-RestartManager","@Guid":"0888e5ef-9b98-4695-979d-e92ce4247224"},"EventID":"10000","Version":"0","Level":"4","Task":"0","Opcode":"0","Keywords":"0x8000000000000000","TimeCreated":{"@SystemTime":"2024-10-27 21:53:49.0796368"},"EventRecordID":"2427","Correlation":null,"Execution":{"@ProcessID":"6308","@ThreadID":"5624"},"Channel":"Application","Computer":"Server002","Security":{"@UserID":"S-1-5-21-3962163828-2803415714-1403596700-1006"}},"UserData":{"RmSessionEvent":{"RmSessionId":"0","UTCStartTime":"2024-10-27 21:53:49.0787112"}}}}
