{"Event":{"System":{"Provider":{"@Name":"PowerShell"},"EventID":{"@Qualifiers":"0","#text":"600"},"Version":"0","Level":"4","Task":"6","Opcode":"0","Keywords":"0x80000000000000","TimeCreated":{"@SystemTime":"2024-10-28 16:17:10.1788784"},"EventRecordID":"1094","Correlation":null,"Execution":{"@ProcessID":"0","@ThreadID":"0"},"Channel":"Windows PowerShell","Computer":"Server002","Security":null},"EventData":{"Data":"Registry, Started, \tProviderName=Registry\r\n\tNewProviderState=Started\r\n\r\n\tSequenceNumber=1\r\n\r\n\tHostName=ConsoleHost\r\n\tHostVersion=5.1.19041.5007\r\n\tHostId=56fba449-4aef-4a74-bbb8-8c66f517f12a\r\n\tHostApplication=powershell.exe &amp; {Import-Module AADInternals -Force\r\n$saml = New-AADIntSAMLToken -ImmutableID \"aehgdqBTZV50DKQZmNJ8mg==\" -PfxFileName \".\\ADFS_signing.pfx\" -Issuer \"http://contoso.com/adfs/services/trust/\"\r\n$conn = Get-AADIntAccessTokenForAADGraph -SAMLToken $saml -SaveToCache\r\nif ($conn) { Write-Host \"`nSuccessfully connected as $($conn.User)\" } else { Write-Host \"`nThe connection failed\" }\r\nWrite-Host \"End of Golden SAML\"}\r\n\tEngineVersion=\r\n\tRunspaceId=\r\n\tPipelineId=\r\n\tCommandName=\r\n\tCommandType=\r\n\tScriptName=\r\n\tCommandPath=\r\n\tCommandLine=","Binary":""}}}
{"Event":{"System":{"Provider":{"@Name":"PowerShell"},"EventID":{"@Qualifiers":"0","#text":"600"},"Version":"0","Level":"4","Task":"6","Opcode":"0","Keywords":"0x80000000000000","TimeCreated":{"@SystemTime":"2024-10-28 16:17:10.1981934"},"EventRecordID":"1095","Correlation":null,"Execution":{"@ProcessID":"0","@ThreadID":"0"},"Channel":"Windows PowerShell","Computer":"Server002","Security":null},"EventData":{"Data":"Alias, Started, \tProviderName=Alias\r\n\tNewProviderState=Started\r\n\r\n\tSequenceNumber=3\r\n\r\n\tHostName=ConsoleHost\r\n\tHostVersion=5.1.19041.5007\r\n\tHostId=56fba449-4aef-4a74-bbb8-8c66f517f12a\r\n\tHostApplication=powershell.exe &amp; {Import-Module AADInternals -Force\r\n$saml = New-AADIntSAMLToken -ImmutableID \"aehgdqBTZV50DKQZmNJ8mg==\" -PfxFileName \".\\ADFS_signing.pfx\" -Issuer \"http://contoso.com/adfs/services/trust/\"\r\n$conn = Get-AADIntAccessTokenForAADGraph -SAMLToken $saml -SaveToCache\r\nif ($conn) { Write-Host \"`nSuccessfully connected as $($conn.User)\" } else { Write-Host \"`nThe connection failed\" }\r\nWrite-Host \"End of Golden SAML\"}\r\n\tEngineVersion=\r\n\tRunspaceId=\r\n\tPipelineId=\r\n\tCommandName=\r\n\tCommandType=\r\n\tScriptName=\r\n\tCommandPath=\r\n\tCommandLine=","Binary":""}}}
{"Event":{"System":{"Provider":{"@Name":"PowerShell"},"EventID":{"@Qualifiers":"0","#text":"600"},"Version":"0","Level":"4","Task":"6","Opcode":"0","Keywords":"0x80000000000000","TimeCreated":{"@SystemTime":"2024-10-28 16:17:10.1981934"},"EventRecordID":"1096","Correlation":null,"Execution":{"@ProcessID":"0","@ThreadID":"0"},"Channel":"Windows PowerShell","Computer":"Server002","Security":null},"EventData":{"Data":"Environment, Started, \tProviderName=Environment\r\n\tNewProviderState=Started\r\n\r\n\tSequenceNumber=5\r\n\r\n\tHostName=ConsoleHost\r\n\tHostVersion=5.1.19041.5007\r\n\tHostId=56fba449-4aef-4a74-bbb8-8c66f517f12a\r\n\tHostApplication=powershell.exe &amp; {Import-Module AADInternals -Force\r\n$saml = New-AADIntSAMLToken -ImmutableID \"aehgdqBTZV50DKQZmNJ8mg==\" -PfxFileName \".\\ADFS_signing.pfx\" -Issuer \"http://contoso.com/adfs/services/trust/\"\r\n$conn = Get-AADIntAccessTokenForAADGraph -SAMLToken $saml -SaveToCache\r\nif ($conn) { Write-Host \"`nSuccessfully connected as $($conn.User)\" } else { Write-Host \"`nThe connection failed\" }\r\nWrite-Host \"End of Golden SAML\"}\r\n\tEngineVersion=\r\n\tRunspaceId=\r\n\tPipelineId=\r\n\tCommandName=\r\n\tCommandType=\r\n\tScriptName=\r\n\tCommandPath=\r\n\tCommandLine=","Binary":""}}}
{"Event":{"System":{"Provider":{"@Name":"PowerShell"},"EventID":{"@Qualifiers":"0","#text":"600"},"Version":"0","Level":"4","Task":"6","Opcode":"0","Keywords":"0x80000000000000","TimeCreated":{"@SystemTime":"2024-10-28 16:17:10.1981934"},"EventRecordID":"1097","Correlation":null,"Execution":{"@ProcessID":"0","@ThreadID":"0"},"Channel":"Windows PowerShell","Computer":"Server002","Security":null},"EventData":{"Data":"FileSystem, Started, \tProviderName=FileSystem\r\n\tNewProviderState=Started\r\n\r\n\tSequenceNumber=7\r\n\r\n\tHostName=ConsoleHost\r\n\tHostVersion=5.1.19041.5007\r\n\tHostId=56fba449-4aef-4a74-bbb8-8c66f517f12a\r\n\tHostApplication=powershell.exe &amp; {Import-Module AADInternals -Force\r\n$saml = New-AADIntSAMLToken -ImmutableID \"aehgdqBTZV50DKQZmNJ8mg==\" -PfxFileName \".\\ADFS_signing.pfx\" -Issuer \"http://contoso.com/adfs/services/trust/\"\r\n$conn = Get-AADIntAccessTokenForAADGraph -SAMLToken $saml -SaveToCache\r\nif ($conn) { Write-Host \"`nSuccessfully connected as $($conn.User)\" } else { Write-Host \"`nThe connection failed\" }\r\nWrite-Host \"End of Golden SAML\"}\r\n\tEngineVersion=\r\n\tRunspaceId=\r\n\tPipelineId=\r\n\tCommandName=\r\n\tCommandType=\r\n\tScriptName=\r\n\tCommandPath=\r\n\tCommandLine=","Binary":""}}}
{"Event":{"System":{"Provider":{"@Name":"PowerShell"},"EventID":{"@Qualifiers":"0","#text":"600"},"Version":"0","Level":"4","Task":"6","Opcode":"0","Keywords":"0x80000000000000","TimeCreated":{"@SystemTime":"2024-10-28 16:17:10.1981934"},"EventRecordID":"1098","Correlation":null,"Execution":{"@ProcessID":"0","@ThreadID":"0"},"Channel":"Windows PowerShell","Computer":"Server002","Security":null},"EventData":{"Data":"Function, Started, \tProviderName=Function\r\n\tNewProviderState=Started\r\n\r\n\tSequenceNumber=9\r\n\r\n\tHostName=ConsoleHost\r\n\tHostVersion=5.1.19041.5007\r\n\tHostId=56fba449-4aef-4a74-bbb8-8c66f517f12a\r\n\tHostApplication=powershell.exe &amp; {Import-Module AADInternals -Force\r\n$saml = New-AADIntSAMLToken -ImmutableID \"aehgdqBTZV50DKQZmNJ8mg==\" -PfxFileName \".\\ADFS_signing.pfx\" -Issuer \"http://contoso.com/adfs/services/trust/\"\r\n$conn = Get-AADIntAccessTokenForAADGraph -SAMLToken $saml -SaveToCache\r\nif ($conn) { Write-Host \"`nSuccessfully connected as $($conn.User)\" } else { Write-Host \"`nThe connection failed\" }\r\nWrite-Host \"End of Golden SAML\"}\r\n\tEngineVersion=\r\n\tRunspaceId=\r\n\tPipelineId=\r\n\tCommandName=\r\n\tCommandType=\r\n\tScriptName=\r\n\tCommandPath=\r\n\tCommandLine=","Binary":""}}}
{"Event":{"System":{"Provider":{"@Name":"PowerShell"},"EventID":{"@Qualifiers":"0","#text":"600"},"Version":"0","Level":"4","Task":"6","Opcode":"0","Keywords":"0x80000000000000","TimeCreated":{"@SystemTime":"2024-10-28 16:17:10.2062521"},"EventRecordID":"1099","Correlation":null,"Execution":{"@ProcessID":"0","@ThreadID":"0"},"Channel":"Windows PowerShell","Computer":"Server002","Security":null},"EventData":{"Data":"Variable, Started, \tProviderName=Variable\r\n\tNewProviderState=Started\r\n\r\n\tSequenceNumber=11\r\n\r\n\tHostName=ConsoleHost\r\n\tHostVersion=5.1.19041.5007\r\n\tHostId=56fba449-4aef-4a74-bbb8-8c66f517f12a\r\n\tHostApplication=powershell.exe &amp; {Import-Module AADInternals -Force\r\n$saml = New-AADIntSAMLToken -ImmutableID \"aehgdqBTZV50DKQZmNJ8mg==\" -PfxFileName \".\\ADFS_signing.pfx\" -Issuer \"http://contoso.com/adfs/services/trust/\"\r\n$conn = Get-AADIntAccessTokenForAADGraph -SAMLToken $saml -SaveToCache\r\nif ($conn) { Write-Host \"`nSuccessfully connected as $($conn.User)\" } else { Write-Host \"`nThe connection failed\" }\r\nWrite-Host \"End of Golden SAML\"}\r\n\tEngineVersion=\r\n\tRunspaceId=\r\n\tPipelineId=\r\n\tCommandName=\r\n\tCommandType=\r\n\tScriptName=\r\n\tCommandPath=\r\n\tCommandLine=","Binary":""}}}
{"Event":{"System":{"Provider":{"@Name":"PowerShell"},"EventID":{"@Qualifiers":"0","#text":"400"},"Version":"0","Level":"4","Task":"4","Opcode":"0","Keywords":"0x80000000000000","TimeCreated":{"@SystemTime":"2024-10-28 16:17:10.3937529"},"EventRecordID":"1100","Correlation":null,"Execution":{"@ProcessID":"0","@ThreadID":"0"},"Channel":"Windows PowerShell","Computer":"Server002","Security":null},"EventData":{"Data":"Available, None, \tNewEngineState=Available\r\n\tPreviousEngineState=None\r\n\r\n\tSequenceNumber=13\r\n\r\n\tHostName=ConsoleHost\r\n\tHostVersion=5.1.19041.5007\r\n\tHostId=56fba449-4aef-4a74-bbb8-8c66f517f12a\r\n\tHostApplication=powershell.exe &amp; {Import-Module AADInternals -Force\r\n$saml = New-AADIntSAMLToken -ImmutableID \"aehgdqBTZV50DKQZmNJ8mg==\" -PfxFileName \".\\ADFS_signing.pfx\" -Issuer \"http://contoso.com/adfs/services/trust/\"\r\n$conn = Get-AADIntAccessTokenForAADGraph -SAMLToken $saml -SaveToCache\r\nif ($conn) { Write-Host \"`nSuccessfully connected as $($conn.User)\" } else { Write-Host \"`nThe connection failed\" }\r\nWrite-Host \"End of Golden SAML\"}\r\n\tEngineVersion=5.1.19041.5007\r\n\tRunspaceId=724db48f-e884-4b29-9b11-7aba5a8f446a\r\n\tPipelineId=\r\n\tCommandName=\r\n\tCommandType=\r\n\tScriptName=\r\n\tCommandPath=\r\n\tCommandLine=","Binary":""}}}
{"Event":{"System":{"Provider":{"@Name":"PowerShell"},"EventID":{"@Qualifiers":"0","#text":"403"},"Version":"0","Level":"4","Task":"4","Opcode":"0","Keywords":"0x80000000000000","TimeCreated":{"@SystemTime":"2024-10-28 16:17:11.5333748"},"EventRecordID":"1101","Correlation":null,"Execution":{"@ProcessID":"0","@ThreadID":"0"},"Channel":"Windows PowerShell","Computer":"Server002","Security":null},"EventData":{"Data":"Stopped, Available, \tNewEngineState=Stopped\r\n\tPreviousEngineState=Available\r\n\r\n\tSequenceNumber=15\r\n\r\n\tHostName=ConsoleHost\r\n\tHostVersion=5.1.19041.5007\r\n\tHostId=56fba449-4aef-4a74-bbb8-8c66f517f12a\r\n\tHostApplication=powershell.exe &amp; {Import-Module AADInternals -Force\r\n$saml = New-AADIntSAMLToken -ImmutableID \"aehgdqBTZV50DKQZmNJ8mg==\" -PfxFileName \".\\ADFS_signing.pfx\" -Issuer \"http://contoso.com/adfs/services/trust/\"\r\n$conn = Get-AADIntAccessTokenForAADGraph -SAMLToken $saml -SaveToCache\r\nif ($conn) { Write-Host \"`nSuccessfully connected as $($conn.User)\" } else { Write-Host \"`nThe connection failed\" }\r\nWrite-Host \"End of Golden SAML\"}\r\n\tEngineVersion=5.1.19041.5007\r\n\tRunspaceId=724db48f-e884-4b29-9b11-7aba5a8f446a\r\n\tPipelineId=\r\n\tCommandName=\r\n\tCommandType=\r\n\tScriptName=\r\n\tCommandPath=\r\n\tCommandLine=","Binary":""}}}
