
{"Event":{"System":{"Provider":{"@Name":"Microsoft-Windows-Security-Auditing","@Guid":"54849625-5478-4994-a5ba-3e3b0328c30d"},"EventID":"4728","Version":"0","Level":"0","Task":"13826","Opcode":"0","Keywords":"0x8020000000000000","TimeCreated":{"@SystemTime":"2024-10-28 12:58:08.4963474"},"EventRecordID":"30349","Correlation":{"@ActivityID":"05f35a80-2941-0000-7a5b-f3054129db01"},"Execution":{"@ProcessID":"676","@ThreadID":"724"},"Channel":"Security","Computer":"Server002","Security":null},"EventData":{"Data":[{"@Name":"MemberName","#text":"-"},{"@Name":"MemberSid","#text":"S-1-5-21-3962163828-2803415714-1403596700-1007"},{"@Name":"TargetUserName","#text":"None"},{"@Name":"TargetDomainName","#text":"SERVER002"},{"@Name":"TargetSid","#text":"S-1-5-21-3962163828-2803415714-1403596700-513"},{"@Name":"SubjectUserSid","#text":"S-1-5-21-3962163828-2803415714-1403596700-1006"},{"@Name":"SubjectUserName","#text":"admin_test"},{"@Name":"SubjectDomainName","#text":"SERVER002"},{"@Name":"SubjectLogonId","#text":"0x14D8B2"},{"@Name":"PrivilegeList","#text":"-"}]}}}
{"Event":{"System":{"Provider":{"@Name":"Microsoft-Windows-Security-Auditing","@Guid":"54849625-5478-4994-a5ba-3e3b0328c30d"},"EventID":"4720","Version":"0","Level":"0","Task":"13824","Opcode":"0","Keywords":"0x8020000000000000","TimeCreated":{"@SystemTime":"2024-10-28 12:58:08.4999452"},"EventRecordID":"30350","Correlation":{"@ActivityID":"05f35a80-2941-0000-7a5b-f3054129db01"},"Execution":{"@ProcessID":"676","@ThreadID":"724"},"Channel":"Security","Computer":"Server002","Security":null},"EventData":{"Data":[{"@Name":"TargetUserName","#text":"$"},{"@Name":"TargetDomainName","#text":"SERVER002"},{"@Name":"TargetSid","#text":"S-1-5-21-3962163828-2803415714-1403596700-1007"},{"@Name":"SubjectUserSid","#text":"S-1-5-21-3962163828-2803415714-1403596700-1006"},{"@Name":"SubjectUserName","#text":"admin_test"},{"@Name":"SubjectDomainName","#text":"SERVER002"},{"@Name":"SubjectLogonId","#text":"0x14D8B2"},{"@Name":"PrivilegeList","#text":"-"},{"@Name":"SamAccountName","#text":"$"},{"@Name":"DisplayName","#text":"%%1793"},{"@Name":"UserPrincipalName","#text":"-"},{"@Name":"HomeDirectory","#text":"%%1793"},{"@Name":"HomePath","#text":"%%1793"},{"@Name":"ScriptPath","#text":"%%1793"},{"@Name":"ProfilePath","#text":"%%1793"},{"@Name":"UserWorkstations","#text":"%%1793"},{"@Name":"PasswordLastSet","#text":"%%1794"},{"@Name":"AccountExpires","#text":"%%1794"},{"@Name":"PrimaryGroupId","#text":"513"},{"@Name":"AllowedToDelegateTo","#text":"-"},{"@Name":"OldUacValue","#text":"0x0"},{"@Name":"NewUacValue","#text":"0x15"},{"@Name":"UserAccountControl","#text":", %%2080, %%2082, %%2084"},{"@Name":"UserParameters","#text":"%%1793"},{"@Name":"SidHistory","#text":"-"},{"@Name":"LogonHours","#text":"%%1797"}]}}}
{"Event":{"System":{"Provider":{"@Name":"Microsoft-Windows-Security-Auditing","@Guid":"54849625-5478-4994-a5ba-3e3b0328c30d"},"EventID":"4722","Version":"0","Level":"0","Task":"13824","Opcode":"0","Keywords":"0x8020000000000000","TimeCreated":{"@SystemTime":"2024-10-28 12:58:08.5185481"},"EventRecordID":"30351","Correlation":{"@ActivityID":"05f35a80-2941-0000-7a5b-f3054129db01"},"Execution":{"@ProcessID":"676","@ThreadID":"724"},"Channel":"Security","Computer":"Server002","Security":null},"EventData":{"Data":[{"@Name":"TargetUserName","#text":"$"},{"@Name":"TargetDomainName","#text":"SERVER002"},{"@Name":"TargetSid","#text":"S-1-5-21-3962163828-2803415714-1403596700-1007"},{"@Name":"SubjectUserSid","#text":"S-1-5-21-3962163828-2803415714-1403596700-1006"},{"@Name":"SubjectUserName","#text":"admin_test"},{"@Name":"SubjectDomainName","#text":"SERVER002"},{"@Name":"SubjectLogonId","#text":"0x14D8B2"}]}}}
{"Event":{"System":{"Provider":{"@Name":"Microsoft-Windows-Security-Auditing","@Guid":"54849625-5478-4994-a5ba-3e3b0328c30d"},"EventID":"4738","Version":"0","Level":"0","Task":"13824","Opcode":"0","Keywords":"0x8020000000000000","TimeCreated":{"@SystemTime":"2024-10-28 12:58:08.5186129"},"EventRecordID":"30352","Correlation":{"@ActivityID":"05f35a80-2941-0000-7a5b-f3054129db01"},"Execution":{"@ProcessID":"676","@ThreadID":"724"},"Channel":"Security","Computer":"Server002","Security":null},"EventData":{"Data":[{"@Name":"Dummy","#text":"-"},{"@Name":"TargetUserName","#text":"$"},{"@Name":"TargetDomainName","#text":"SERVER002"},{"@Name":"TargetSid","#text":"S-1-5-21-3962163828-2803415714-1403596700-1007"},{"@Name":"SubjectUserSid","#text":"S-1-5-21-3962163828-2803415714-1403596700-1006"},{"@Name":"SubjectUserName","#text":"admin_test"},{"@Name":"SubjectDomainName","#text":"SERVER002"},{"@Name":"SubjectLogonId","#text":"0x14D8B2"},{"@Name":"PrivilegeList","#text":"-"},{"@Name":"SamAccountName","#text":"$"},{"@Name":"DisplayName","#text":"%%1793"},{"@Name":"UserPrincipalName","#text":"-"},{"@Name":"HomeDirectory","#text":"%%1793"},{"@Name":"HomePath","#text":"%%1793"},{"@Name":"ScriptPath","#text":"%%1793"},{"@Name":"ProfilePath","#text":"%%1793"},{"@Name":"UserWorkstations","#text":"%%1793"},{"@Name":"PasswordLastSet","#text":"28/10/2024 12:58:08"},{"@Name":"AccountExpires","#text":"%%1794"},{"@Name":"PrimaryGroupId","#text":"513"},{"@Name":"AllowedToDelegateTo","#text":"-"},{"@Name":"OldUacValue","#text":"0x15"},{"@Name":"NewUacValue","#text":"0x10"},{"@Name":"UserAccountControl","#text":", %%2048, %%2050"},{"@Name":"UserParameters","#text":"-"},{"@Name":"SidHistory","#text":"-"},{"@Name":"LogonHours","#text":"%%1797"}]}}}
{"Event":{"System":{"Provider":{"@Name":"Microsoft-Windows-Security-Auditing","@Guid":"54849625-5478-4994-a5ba-3e3b0328c30d"},"EventID":"4724","Version":"0","Level":"0","Task":"13824","Opcode":"0","Keywords":"0x8020000000000000","TimeCreated":{"@SystemTime":"2024-10-28 12:58:08.5186227"},"EventRecordID":"30353","Correlation":{"@ActivityID":"05f35a80-2941-0000-7a5b-f3054129db01"},"Execution":{"@ProcessID":"676","@ThreadID":"724"},"Channel":"Security","Computer":"Server002","Security":null},"EventData":{"Data":[{"@Name":"TargetUserName","#text":"$"},{"@Name":"TargetDomainName","#text":"SERVER002"},{"@Name":"TargetSid","#text":"S-1-5-21-3962163828-2803415714-1403596700-1007"},{"@Name":"SubjectUserSid","#text":"S-1-5-21-3962163828-2803415714-1403596700-1006"},{"@Name":"SubjectUserName","#text":"admin_test"},{"@Name":"SubjectDomainName","#text":"SERVER002"},{"@Name":"SubjectLogonId","#text":"0x14D8B2"}]}}}
{"Event":{"System":{"Provider":{"@Name":"Microsoft-Windows-Security-Auditing","@Guid":"54849625-5478-4994-a5ba-3e3b0328c30d"},"EventID":"4732","Version":"0","Level":"0","Task":"13826","Opcode":"0","Keywords":"0x8020000000000000","TimeCreated":{"@SystemTime":"2024-10-28 12:58:08.5502614"},"EventRecordID":"30354","Correlation":{"@ActivityID":"05f35a80-2941-0000-7a5b-f3054129db01"},"Execution":{"@ProcessID":"676","@ThreadID":"1444"},"Channel":"Security","Computer":"Server002","Security":null},"EventData":{"Data":[{"@Name":"MemberName","#text":"-"},{"@Name":"MemberSid","#text":"S-1-5-21-3962163828-2803415714-1403596700-1007"},{"@Name":"TargetUserName","#text":"Users"},{"@Name":"TargetDomainName","#text":"Builtin"},{"@Name":"TargetSid","#text":"S-1-5-32-545"},{"@Name":"SubjectUserSid","#text":"S-1-5-21-3962163828-2803415714-1403596700-1006"},{"@Name":"SubjectUserName","#text":"admin_test"},{"@Name":"SubjectDomainName","#text":"SERVER002"},{"@Name":"SubjectLogonId","#text":"0x14D8B2"},{"@Name":"PrivilegeList","#text":"-"}]}}}
