{"Event":{"System":{"Provider":{"@Name":"Microsoft-Windows-RestartManager","@Guid":"0888e5ef-9b98-4695-979d-e92ce4247224"},"EventID":"10000","Version":"0","Level":"4","Task":"0","Opcode":"0","Keywords":"0x8000000000000000","TimeCreated":{"@SystemTime":"2024-10-26 17:25:12.9672147"},"EventRecordID":"2387","Correlation":null,"Execution":{"@ProcessID":"1720","@ThreadID":"2136"},"Channel":"Application","Computer":"Server002","Security":{"@UserID":"S-1-5-21-3962163828-2803415714-1403596700-1006"}},"UserData":{"RmSessionEvent":{"RmSessionId":"0","UTCStartTime":"2024-10-26 17:25:12.9563136"}}}}
{"Event":{"System":{"Provider":{"@Name":"Microsoft-Windows-Security-SPP","@Guid":"{E23B33B0-C8C9-472C-A5F9-F2BDFEA0F156}","@EventSourceName":"Software Protection Platform Service"},"EventID":{"@Qualifiers":"49152","#text":"16394"},"Version":"0","Level":"4","Task":"0","Opcode":"0","Keywords":"0x80000000000000","TimeCreated":{"@SystemTime":"2024-10-26 17:25:15.2816414"},"EventRecordID":"2388","Correlation":null,"Execution":{"@ProcessID":"0","@ThreadID":"0"},"Channel":"Application","Computer":"Server002","Security":null},"EventData":{"Data":"","Binary":""}}}
{"Event":{"System":{"Provider":{"@Name":"Microsoft-Windows-RestartManager","@Guid":"0888e5ef-9b98-4695-979d-e92ce4247224"},"EventID":"10000","Version":"0","Level":"4","Task":"0","Opcode":"0","Keywords":"0x8000000000000000","TimeCreated":{"@SystemTime":"2024-10-26 17:25:15.5917667"},"EventRecordID":"2389","Correlation":null,"Execution":{"@ProcessID":"1264","@ThreadID":"1060"},"Channel":"Application","Computer":"Server002","Security":{"@UserID":"S-1-5-21-3962163828-2803415714-1403596700-1006"}},"UserData":{"RmSessionEvent":{"RmSessionId":"0","UTCStartTime":"2024-10-26 17:25:15.5895772"}}}}
{"Event":{"System":{"Provider":{"@Name":"Microsoft-Windows-CAPI2","@Guid":"{5bbca4a8-b209-48dc-a8c7-b23d3e5216fb}","@EventSourceName":"Microsoft-Windows-CAPI2"},"EventID":{"@Qualifiers":"0","#text":"4097"},"Version":"0","Level":"4","Task":"0","Opcode":"0","Keywords":"0x8080000000000000","TimeCreated":{"@SystemTime":"2024-10-26 17:25:15.6623076"},"EventRecordID":"2390","Correlation":null,"Execution":{"@ProcessID":"3012","@ThreadID":"4212"},"Channel":"Application","Computer":"Server002","Security":null},"EventData":{"Data":"CN=thawte Primary Root CA, OU=\"(c) 2006 thawte, Inc. - For authorized use only\", OU=Certification Services Division, O=\"thawte, Inc.\", C=US, 91C6D6EE3E8AC86384E548C299295C756C817B81","Binary":""}}}
{"Event":{"System":{"Provider":{"@Name":"MsiInstaller"},"EventID":{"@Qualifiers":"0","#text":"1040"},"Version":"0","Level":"4","Task":"0","Opcode":"0","Keywords":"0x80000000000000","TimeCreated":{"@SystemTime":"2024-10-26 17:25:21.1346435"},"EventRecordID":"2391","Correlation":null,"Execution":{"@ProcessID":"0","@ThreadID":"0"},"Channel":"Application","Computer":"Server002","Security":{"@UserID":"S-1-5-21-3962163828-2803415714-1403596700-1006"}},"EventData":{"Data":"{90515785-8089-4070-975A-15F0252A9BB5}, 5780, (NULL), (NULL), (NULL), (NULL)","Binary":""}}}
{"Event":{"System":{"Provider":{"@Name":"Microsoft-Windows-RestartManager","@Guid":"0888e5ef-9b98-4695-979d-e92ce4247224"},"EventID":"10001","Version":"0","Level":"4","Task":"0","Opcode":"0","Keywords":"0x8000000000000000","TimeCreated":{"@SystemTime":"2024-10-26 17:25:21.2883707"},"EventRecordID":"2392","Correlation":null,"Execution":{"@ProcessID":"1264","@ThreadID":"1060"},"Channel":"Application","Computer":"Server002","Security":{"@UserID":"S-1-5-21-3962163828-2803415714-1403596700-1006"}},"UserData":{"RmSessionEvent":{"RmSessionId":"0","UTCStartTime":"2024-10-26 17:25:15.5895772"}}}}
{"Event":{"System":{"Provider":{"@Name":"MsiInstaller"},"EventID":{"@Qualifiers":"0","#text":"1042"},"Version":"0","Level":"4","Task":"0","Opcode":"0","Keywords":"0x80000000000000","TimeCreated":{"@SystemTime":"2024-10-26 17:25:22.5617839"},"EventRecordID":"2393","Correlation":null,"Execution":{"@ProcessID":"0","@ThreadID":"0"},"Channel":"Application","Computer":"Server002","Security":{"@UserID":"S-1-5-18"}},"EventData":{"Data":"{90515785-8089-4070-975A-15F0252A9BB5}, 5780, (NULL), (NULL), (NULL), (NULL)","Binary":""}}}
{"Event":{"System":{"Provider":{"@Name":"Microsoft-Windows-RestartManager","@Guid":"0888e5ef-9b98-4695-979d-e92ce4247224"},"EventID":"10001","Version":"0","Level":"4","Task":"0","Opcode":"0","Keywords":"0x8000000000000000","TimeCreated":{"@SystemTime":"2024-10-26 17:25:22.5578922"},"EventRecordID":"2394","Correlation":null,"Execution":{"@ProcessID":"1720","@ThreadID":"2136"},"Channel":"Application","Computer":"Server002","Security":{"@UserID":"S-1-5-21-3962163828-2803415714-1403596700-1006"}},"UserData":{"RmSessionEvent":{"RmSessionId":"0","UTCStartTime":"2024-10-26 17:25:12.9563136"}}}}
{"Event":{"System":{"Provider":{"@Name":"RemotePCService"},"EventID":{"@Qualifiers":"0","#text":"0"},"Version":"0","Level":"4","Task":"0","Opcode":"0","Keywords":"0x80000000000000","TimeCreated":{"@SystemTime":"2024-10-26 17:25:22.7272281"},"EventRecordID":"2395","Correlation":null,"Execution":{"@ProcessID":"0","@ThreadID":"0"},"Channel":"Application","Computer":"Server002","Security":null},"EventData":{"Data":"RemotePCService, CppWindowsService in OnStart","Binary":""}}}
{"Event":{"System":{"Provider":{"@Name":"MsiInstaller"},"EventID":{"@Qualifiers":"0","#text":"1040"},"Version":"0","Level":"4","Task":"0","Opcode":"0","Keywords":"0x80000000000000","TimeCreated":{"@SystemTime":"2024-10-26 17:25:22.7665101"},"EventRecordID":"2396","Correlation":null,"Execution":{"@ProcessID":"0","@ThreadID":"0"},"Channel":"Application","Computer":"Server002","Security":{"@UserID":"S-1-5-21-3962163828-2803415714-1403596700-1006"}},"EventData":{"Data":"{99826982-7148-412E-8CFA-D5F14F1A26C4}, 3932, (NULL), (NULL), (NULL), (NULL)","Binary":""}}}
{"Event":{"System":{"Provider":{"@Name":"MsiInstaller"},"EventID":{"@Qualifiers":"0","#text":"1042"},"Version":"0","Level":"4","Task":"0","Opcode":"0","Keywords":"0x80000000000000","TimeCreated":{"@SystemTime":"2024-10-26 17:25:22.7784130"},"EventRecordID":"2397","Correlation":null,"Execution":{"@ProcessID":"0","@ThreadID":"0"},"Channel":"Application","Computer":"Server002","Security":{"@UserID":"S-1-5-18"}},"EventData":{"Data":"{99826982-7148-412E-8CFA-D5F14F1A26C4}, 3932, (NULL), (NULL), (NULL), (NULL)","Binary":""}}}
{"Event":{"System":{"Provider":{"@Name":"MsiInstaller"},"EventID":{"@Qualifiers":"0","#text":"1040"},"Version":"0","Level":"4","Task":"0","Opcode":"0","Keywords":"0x80000000000000","TimeCreated":{"@SystemTime":"2024-10-26 17:25:22.9754034"},"EventRecordID":"2398","Correlation":null,"Execution":{"@ProcessID":"0","@ThreadID":"0"},"Channel":"Application","Computer":"Server002","Security":{"@UserID":"S-1-5-21-3962163828-2803415714-1403596700-1006"}},"EventData":{"Data":"{68155655-B909-4294-8A9B-D60E2CF5362F}, 7000, (NULL), (NULL), (NULL), (NULL)","Binary":""}}}
{"Event":{"System":{"Provider":{"@Name":"MsiInstaller"},"EventID":{"@Qualifiers":"0","#text":"1042"},"Version":"0","Level":"4","Task":"0","Opcode":"0","Keywords":"0x80000000000000","TimeCreated":{"@SystemTime":"2024-10-26 17:25:22.9984075"},"EventRecordID":"2399","Correlation":null,"Execution":{"@ProcessID":"0","@ThreadID":"0"},"Channel":"Application","Computer":"Server002","Security":{"@UserID":"S-1-5-18"}},"EventData":{"Data":"{68155655-B909-4294-8A9B-D60E2CF5362F}, 7000, (NULL), (NULL), (NULL), (NULL)","Binary":""}}}
{"Event":{"System":{"Provider":{"@Name":"MsiInstaller"},"EventID":{"@Qualifiers":"0","#text":"1040"},"Version":"0","Level":"4","Task":"0","Opcode":"0","Keywords":"0x80000000000000","TimeCreated":{"@SystemTime":"2024-10-26 17:25:23.1088297"},"EventRecordID":"2400","Correlation":null,"Execution":{"@ProcessID":"0","@ThreadID":"0"},"Channel":"Application","Computer":"Server002","Security":{"@UserID":"S-1-5-21-3962163828-2803415714-1403596700-1006"}},"EventData":{"Data":"{609B0019-4E60-4701-B998-BFA115415694}, 3364, (NULL), (NULL), (NULL), (NULL)","Binary":""}}}
{"Event":{"System":{"Provider":{"@Name":"MsiInstaller"},"EventID":{"@Qualifiers":"0","#text":"1042"},"Version":"0","Level":"4","Task":"0","Opcode":"0","Keywords":"0x80000000000000","TimeCreated":{"@SystemTime":"2024-10-26 17:25:23.1144986"},"EventRecordID":"2401","Correlation":null,"Execution":{"@ProcessID":"0","@ThreadID":"0"},"Channel":"Application","Computer":"Server002","Security":{"@UserID":"S-1-5-18"}},"EventData":{"Data":"{609B0019-4E60-4701-B998-BFA115415694}, 3364, (NULL), (NULL), (NULL), (NULL)","Binary":""}}}
{"Event":{"System":{"Provider":{"@Name":"MsiInstaller"},"EventID":{"@Qualifiers":"0","#text":"1040"},"Version":"0","Level":"4","Task":"0","Opcode":"0","Keywords":"0x80000000000000","TimeCreated":{"@SystemTime":"2024-10-26 17:25:27.4927945"},"EventRecordID":"2402","Correlation":null,"Execution":{"@ProcessID":"0","@ThreadID":"0"},"Channel":"Application","Computer":"Server002","Security":{"@UserID":"S-1-5-18"}},"EventData":{"Data":"{4011606E-CB2A-46D7-8A5E-7EF535C3DEA7}, 1884, (NULL), (NULL), (NULL), (NULL)","Binary":""}}}
{"Event":{"System":{"Provider":{"@Name":"MsiInstaller"},"EventID":{"@Qualifiers":"0","#text":"1042"},"Version":"0","Level":"4","Task":"0","Opcode":"0","Keywords":"0x80000000000000","TimeCreated":{"@SystemTime":"2024-10-26 17:25:27.5220607"},"EventRecordID":"2403","Correlation":null,"Execution":{"@ProcessID":"0","@ThreadID":"0"},"Channel":"Application","Computer":"Server002","Security":{"@UserID":"S-1-5-18"}},"EventData":{"Data":"{4011606E-CB2A-46D7-8A5E-7EF535C3DEA7}, 1884, (NULL), (NULL), (NULL), (NULL)","Binary":""}}}
{"Event":{"System":{"Provider":{"@Name":"MsiInstaller"},"EventID":{"@Qualifiers":"0","#text":"1040"},"Version":"0","Level":"4","Task":"0","Opcode":"0","Keywords":"0x80000000000000","TimeCreated":{"@SystemTime":"2024-10-26 17:25:27.6091202"},"EventRecordID":"2404","Correlation":null,"Execution":{"@ProcessID":"0","@ThreadID":"0"},"Channel":"Application","Computer":"Server002","Security":{"@UserID":"S-1-5-18"}},"EventData":{"Data":"{4011606E-CB2A-46D7-8A5E-7EF535C3DEA7}, 5768, (NULL), (NULL), (NULL), (NULL)","Binary":""}}}
{"Event":{"System":{"Provider":{"@Name":"MsiInstaller"},"EventID":{"@Qualifiers":"0","#text":"1042"},"Version":"0","Level":"4","Task":"0","Opcode":"0","Keywords":"0x80000000000000","TimeCreated":{"@SystemTime":"2024-10-26 17:25:27.6192800"},"EventRecordID":"2405","Correlation":null,"Execution":{"@ProcessID":"0","@ThreadID":"0"},"Channel":"Application","Computer":"Server002","Security":{"@UserID":"S-1-5-18"}},"EventData":{"Data":"{4011606E-CB2A-46D7-8A5E-7EF535C3DEA7}, 5768, (NULL), (NULL), (NULL), (NULL)","Binary":""}}}
{"Event":{"System":{"Provider":{"@Name":"MsiInstaller"},"EventID":{"@Qualifiers":"0","#text":"1040"},"Version":"0","Level":"4","Task":"0","Opcode":"0","Keywords":"0x80000000000000","TimeCreated":{"@SystemTime":"2024-10-26 17:25:27.6630436"},"EventRecordID":"2406","Correlation":null,"Execution":{"@ProcessID":"0","@ThreadID":"0"},"Channel":"Application","Computer":"Server002","Security":{"@UserID":"S-1-5-18"}},"EventData":{"Data":"{4011606E-CB2A-46D7-8A5E-7EF535C3DEA7}, 2496, (NULL), (NULL), (NULL), (NULL)","Binary":""}}}
{"Event":{"System":{"Provider":{"@Name":"MsiInstaller"},"EventID":{"@Qualifiers":"0","#text":"1042"},"Version":"0","Level":"4","Task":"0","Opcode":"0","Keywords":"0x80000000000000","TimeCreated":{"@SystemTime":"2024-10-26 17:25:27.6630436"},"EventRecordID":"2407","Correlation":null,"Execution":{"@ProcessID":"0","@ThreadID":"0"},"Channel":"Application","Computer":"Server002","Security":{"@UserID":"S-1-5-18"}},"EventData":{"Data":"{4011606E-CB2A-46D7-8A5E-7EF535C3DEA7}, 2496, (NULL), (NULL), (NULL), (NULL)","Binary":""}}}
{"Event":{"System":{"Provider":{"@Name":"MsiInstaller"},"EventID":{"@Qualifiers":"0","#text":"1040"},"Version":"0","Level":"4","Task":"0","Opcode":"0","Keywords":"0x80000000000000","TimeCreated":{"@SystemTime":"2024-10-26 17:25:27.7082504"},"EventRecordID":"2408","Correlation":null,"Execution":{"@ProcessID":"0","@ThreadID":"0"},"Channel":"Application","Computer":"Server002","Security":{"@UserID":"S-1-5-18"}},"EventData":{"Data":"{AA4B39D8-F8D7-43D2-9797-4E887760E360}, 2484, (NULL), (NULL), (NULL), (NULL)","Binary":""}}}
{"Event":{"System":{"Provider":{"@Name":"MsiInstaller"},"EventID":{"@Qualifiers":"0","#text":"1042"},"Version":"0","Level":"4","Task":"0","Opcode":"0","Keywords":"0x80000000000000","TimeCreated":{"@SystemTime":"2024-10-26 17:25:27.7163679"},"EventRecordID":"2409","Correlation":null,"Execution":{"@ProcessID":"0","@ThreadID":"0"},"Channel":"Application","Computer":"Server002","Security":{"@UserID":"S-1-5-18"}},"EventData":{"Data":"{AA4B39D8-F8D7-43D2-9797-4E887760E360}, 2484, (NULL), (NULL), (NULL), (NULL)","Binary":""}}}
{"Event":{"System":{"Provider":{"@Name":"MsiInstaller"},"EventID":{"@Qualifiers":"0","#text":"1040"},"Version":"0","Level":"4","Task":"0","Opcode":"0","Keywords":"0x80000000000000","TimeCreated":{"@SystemTime":"2024-10-26 17:25:27.7522914"},"EventRecordID":"2410","Correlation":null,"Execution":{"@ProcessID":"0","@ThreadID":"0"},"Channel":"Application","Computer":"Server002","Security":{"@UserID":"S-1-5-18"}},"EventData":{"Data":"{AA4B39D8-F8D7-43D2-9797-4E887760E360}, 6656, (NULL), (NULL), (NULL), (NULL)","Binary":""}}}
{"Event":{"System":{"Provider":{"@Name":"MsiInstaller"},"EventID":{"@Qualifiers":"0","#text":"1042"},"Version":"0","Level":"4","Task":"0","Opcode":"0","Keywords":"0x80000000000000","TimeCreated":{"@SystemTime":"2024-10-26 17:25:27.7641279"},"EventRecordID":"2411","Correlation":null,"Execution":{"@ProcessID":"0","@ThreadID":"0"},"Channel":"Application","Computer":"Server002","Security":{"@UserID":"S-1-5-18"}},"EventData":{"Data":"{AA4B39D8-F8D7-43D2-9797-4E887760E360}, 6656, (NULL), (NULL), (NULL), (NULL)","Binary":""}}}
{"Event":{"System":{"Provider":{"@Name":"MsiInstaller"},"EventID":{"@Qualifiers":"0","#text":"1040"},"Version":"0","Level":"4","Task":"0","Opcode":"0","Keywords":"0x80000000000000","TimeCreated":{"@SystemTime":"2024-10-26 17:25:27.8680124"},"EventRecordID":"2412","Correlation":null,"Execution":{"@ProcessID":"0","@ThreadID":"0"},"Channel":"Application","Computer":"Server002","Security":{"@UserID":"S-1-5-18"}},"EventData":{"Data":"{AA4B39D8-F8D7-43D2-9797-4E887760E360}, 4628, (NULL), (NULL), (NULL), (NULL)","Binary":""}}}
{"Event":{"System":{"Provider":{"@Name":"MsiInstaller"},"EventID":{"@Qualifiers":"0","#text":"1042"},"Version":"0","Level":"4","Task":"0","Opcode":"0","Keywords":"0x80000000000000","TimeCreated":{"@SystemTime":"2024-10-26 17:25:27.8859632"},"EventRecordID":"2413","Correlation":null,"Execution":{"@ProcessID":"0","@ThreadID":"0"},"Channel":"Application","Computer":"Server002","Security":{"@UserID":"S-1-5-18"}},"EventData":{"Data":"{AA4B39D8-F8D7-43D2-9797-4E887760E360}, 4628, (NULL), (NULL), (NULL), (NULL)","Binary":""}}}
{"Event":{"System":{"Provider":{"@Name":"SecurityCenter"},"EventID":{"@Qualifiers":"0","#text":"15"},"Version":"0","Level":"4","Task":"0","Opcode":"0","Keywords":"0x80000000000000","TimeCreated":{"@SystemTime":"2024-10-26 17:25:30.7361858"},"EventRecordID":"2414","Correlation":null,"Execution":{"@ProcessID":"0","@ThreadID":"0"},"Channel":"Application","Computer":"Server002","Security":null},"EventData":{"Data":"Windows Defender, SECURITY_PRODUCT_STATE_ON","Binary":""}}}
