
{"Event":{"System":{"Provider":{"@Name":"Microsoft-Windows-Security-Auditing","@Guid":"54849625-5478-4994-a5ba-3e3b0328c30d"},"EventID":"4624","Version":"2","Level":"0","Task":"12544","Opcode":"0","Keywords":"0x8020000000000000","TimeCreated":{"@SystemTime":"2024-10-26 13:17:20.2085998"},"EventRecordID":"30354","Correlation":{"@ActivityID":"8be81c95-27b9-0000-221d-e88bb927db01"},"Execution":{"@ProcessID":"680","@ThreadID":"720"},"Channel":"Security","Computer":"Server002","Security":null},"EventData":{"Data":[{"@Name":"SubjectUserSid","#text":"S-1-5-18"},{"@Name":"SubjectUserName","#text":"SERVER002$"},{"@Name":"SubjectDomainName","#text":"WORKGROUP"},{"@Name":"SubjectLogonId","#text":"0x3E7"},{"@Name":"TargetUserSid","#text":"S-1-5-18"},{"@Name":"TargetUserName","#text":"SYSTEM"},{"@Name":"TargetDomainName","#text":"NT AUTHORITY"},{"@Name":"TargetLogonId","#text":"0x3E7"},{"@Name":"LogonType","#text":"5"},{"@Name":"LogonProcessName","#text":"Advapi  "},{"@Name":"AuthenticationPackageName","#text":"Negotiate"},{"@Name":"WorkstationName","#text":"-"},{"@Name":"LogonGuid","#text":"00000000-0000-0000-0000-000000000000"},{"@Name":"TransmittedServices","#text":"-"},{"@Name":"LmPackageName","#text":"-"},{"@Name":"KeyLength","#text":"0"},{"@Name":"ProcessId","#text":"0x29C"},{"@Name":"ProcessName","#text":"C:\\Windows\\System32\\services.exe"},{"@Name":"IpAddress","#text":"-"},{"@Name":"IpPort","#text":"-"},{"@Name":"ImpersonationLevel","#text":"%%1833"},{"@Name":"RestrictedAdminMode","#text":"-"},{"@Name":"TargetOutboundUserName","#text":"-"},{"@Name":"TargetOutboundDomainName","#text":"-"},{"@Name":"VirtualAccount","#text":"%%1843"},{"@Name":"TargetLinkedLogonId","#text":"0x0"},{"@Name":"ElevatedToken","#text":"%%1842"}]}}}
{"Event":{"System":{"Provider":{"@Name":"Microsoft-Windows-Security-Auditing","@Guid":"54849625-5478-4994-a5ba-3e3b0328c30d"},"EventID":"4672","Version":"0","Level":"0","Task":"12548","Opcode":"0","Keywords":"0x8020000000000000","TimeCreated":{"@SystemTime":"2024-10-26 13:17:20.2086063"},"EventRecordID":"30355","Correlation":{"@ActivityID":"8be81c95-27b9-0000-221d-e88bb927db01"},"Execution":{"@ProcessID":"680","@ThreadID":"720"},"Channel":"Security","Computer":"Server002","Security":null},"EventData":{"Data":[{"@Name":"SubjectUserSid","#text":"S-1-5-18"},{"@Name":"SubjectUserName","#text":"SYSTEM"},{"@Name":"SubjectDomainName","#text":"NT AUTHORITY"},{"@Name":"SubjectLogonId","#text":"0x3E7"},{"@Name":"PrivilegeList","#text":"SeAssignPrimaryTokenPrivilege, SeTcbPrivilege, SeSecurityPrivilege, SeTakeOwnershipPrivilege, SeLoadDriverPrivilege, SeBackupPrivilege, SeRestorePrivilege, SeDebugPrivilege, SeAuditPrivilege, SeSystemEnvironmentPrivilege, SeImpersonatePrivilege, SeDelegateSessionUserImpersonatePrivilege"}]}}}
{"Event":{"System":{"Provider":{"@Name":"Microsoft-Windows-Security-Auditing","@Guid":"54849625-5478-4994-a5ba-3e3b0328c30d"},"EventID":"4799","Version":"0","Level":"0","Task":"13826","Opcode":"0","Keywords":"0x8020000000000000","TimeCreated":{"@SystemTime":"2024-10-26 13:17:36.7450464"},"EventRecordID":"30356","Correlation":{"@ActivityID":"8be81c95-27b9-0000-221d-e88bb927db01"},"Execution":{"@ProcessID":"680","@ThreadID":"720"},"Channel":"Security","Computer":"Server002","Security":null},"EventData":{"Data":[{"@Name":"TargetUserName","#text":"Users"},{"@Name":"TargetDomainName","#text":"Builtin"},{"@Name":"TargetSid","#text":"S-1-5-32-545"},{"@Name":"SubjectUserSid","#text":"S-1-5-18"},{"@Name":"SubjectUserName","#text":"SERVER002$"},{"@Name":"SubjectDomainName","#text":"WORKGROUP"},{"@Name":"SubjectLogonId","#text":"0x3E7"},{"@Name":"CallerProcessId","#text":"0x16C8"},{"@Name":"CallerProcessName","#text":"C:\\Program Files (x86)\\Microsoft\\EdgeUpdate\\Install\\{9BD333C8-19CE-4313-8BAE-ED2DDC670A2F}\\EDGEMITMP_D96A2.tmp\\setup.exe"}]}}}
{"Event":{"System":{"Provider":{"@Name":"Microsoft-Windows-Security-Auditing","@Guid":"54849625-5478-4994-a5ba-3e3b0328c30d"},"EventID":"4672","Version":"0","Level":"0","Task":"12548","Opcode":"0","Keywords":"0x8020000000000000","TimeCreated":{"@SystemTime":"2024-10-26 13:17:46.1045276"},"EventRecordID":"30357","Correlation":{"@ActivityID":"8be81c95-27b9-0000-221d-e88bb927db01"},"Execution":{"@ProcessID":"680","@ThreadID":"3836"},"Channel":"Security","Computer":"Server002","Security":null},"EventData":{"Data":[{"@Name":"SubjectUserSid","#text":"S-1-5-21-3962163828-2803415714-1403596700-1006"},{"@Name":"SubjectUserName","#text":"admin_test"},{"@Name":"SubjectDomainName","#text":"SERVER002"},{"@Name":"SubjectLogonId","#text":"0x17A7B6"},{"@Name":"PrivilegeList","#text":"SeSecurityPrivilege, SeBackupPrivilege, SeRestorePrivilege, SeTakeOwnershipPrivilege, SeDebugPrivilege, SeSystemEnvironmentPrivilege, SeLoadDriverPrivilege, SeImpersonatePrivilege, SeDelegateSessionUserImpersonatePrivilege"}]}}}
{"Event":{"System":{"Provider":{"@Name":"Microsoft-Windows-Security-Auditing","@Guid":"54849625-5478-4994-a5ba-3e3b0328c30d"},"EventID":"4624","Version":"2","Level":"0","Task":"12544","Opcode":"0","Keywords":"0x8020000000000000","TimeCreated":{"@SystemTime":"2024-10-26 13:17:46.1047464"},"EventRecordID":"30358","Correlation":{"@ActivityID":"8be81c95-27b9-0000-221d-e88bb927db01"},"Execution":{"@ProcessID":"680","@ThreadID":"3836"},"Channel":"Security","Computer":"Server002","Security":null},"EventData":{"Data":[{"@Name":"SubjectUserSid","#text":"S-1-0-0"},{"@Name":"SubjectUserName","#text":"-"},{"@Name":"SubjectDomainName","#text":"-"},{"@Name":"SubjectLogonId","#text":"0x0"},{"@Name":"TargetUserSid","#text":"S-1-5-21-3962163828-2803415714-1403596700-1006"},{"@Name":"TargetUserName","#text":"admin_test"},{"@Name":"TargetDomainName","#text":"SERVER002"},{"@Name":"TargetLogonId","#text":"0x17A7B6"},{"@Name":"LogonType","#text":"3"},{"@Name":"LogonProcessName","#text":"NtLmSsp "},{"@Name":"AuthenticationPackageName","#text":"NTLM"},{"@Name":"WorkstationName","#text":"DESKTOP-3HL5B2P"},{"@Name":"LogonGuid","#text":"00000000-0000-0000-0000-000000000000"},{"@Name":"TransmittedServices","#text":"-"},{"@Name":"LmPackageName","#text":"NTLM V2"},{"@Name":"KeyLength","#text":"128"},{"@Name":"ProcessId","#text":"0x0"},{"@Name":"ProcessName","#text":"-"},{"@Name":"IpAddress","#text":"fe80::e3b5:5371:12a8:9c77"},{"@Name":"IpPort","#text":"57403"},{"@Name":"ImpersonationLevel","#text":"%%1833"},{"@Name":"RestrictedAdminMode","#text":"-"},{"@Name":"TargetOutboundUserName","#text":"-"},{"@Name":"TargetOutboundDomainName","#text":"-"},{"@Name":"VirtualAccount","#text":"%%1843"},{"@Name":"TargetLinkedLogonId","#text":"0x0"},{"@Name":"ElevatedToken","#text":"%%1842"}]}}}
{"Event":{"System":{"Provider":{"@Name":"Microsoft-Windows-Security-Auditing","@Guid":"54849625-5478-4994-a5ba-3e3b0328c30d"},"EventID":"4672","Version":"0","Level":"0","Task":"12548","Opcode":"0","Keywords":"0x8020000000000000","TimeCreated":{"@SystemTime":"2024-10-26 13:18:16.2198970"},"EventRecordID":"30359","Correlation":{"@ActivityID":"8be81c95-27b9-0000-221d-e88bb927db01"},"Execution":{"@ProcessID":"680","@ThreadID":"776"},"Channel":"Security","Computer":"Server002","Security":null},"EventData":{"Data":[{"@Name":"SubjectUserSid","#text":"S-1-5-21-3962163828-2803415714-1403596700-1006"},{"@Name":"SubjectUserName","#text":"admin_test"},{"@Name":"SubjectDomainName","#text":"SERVER002"},{"@Name":"SubjectLogonId","#text":"0x18050D"},{"@Name":"PrivilegeList","#text":"SeSecurityPrivilege, SeBackupPrivilege, SeRestorePrivilege, SeTakeOwnershipPrivilege, SeDebugPrivilege, SeSystemEnvironmentPrivilege, SeLoadDriverPrivilege, SeImpersonatePrivilege, SeDelegateSessionUserImpersonatePrivilege"}]}}}
{"Event":{"System":{"Provider":{"@Name":"Microsoft-Windows-Security-Auditing","@Guid":"54849625-5478-4994-a5ba-3e3b0328c30d"},"EventID":"4624","Version":"2","Level":"0","Task":"12544","Opcode":"0","Keywords":"0x8020000000000000","TimeCreated":{"@SystemTime":"2024-10-26 13:18:16.2199441"},"EventRecordID":"30360","Correlation":{"@ActivityID":"8be81c95-27b9-0000-221d-e88bb927db01"},"Execution":{"@ProcessID":"680","@ThreadID":"776"},"Channel":"Security","Computer":"Server002","Security":null},"EventData":{"Data":[{"@Name":"SubjectUserSid","#text":"S-1-0-0"},{"@Name":"SubjectUserName","#text":"-"},{"@Name":"SubjectDomainName","#text":"-"},{"@Name":"SubjectLogonId","#text":"0x0"},{"@Name":"TargetUserSid","#text":"S-1-5-21-3962163828-2803415714-1403596700-1006"},{"@Name":"TargetUserName","#text":"admin_test"},{"@Name":"TargetDomainName","#text":"SERVER002"},{"@Name":"TargetLogonId","#text":"0x18050D"},{"@Name":"LogonType","#text":"3"},{"@Name":"LogonProcessName","#text":"NtLmSsp "},{"@Name":"AuthenticationPackageName","#text":"NTLM"},{"@Name":"WorkstationName","#text":"DESKTOP-3HL5B2P"},{"@Name":"LogonGuid","#text":"00000000-0000-0000-0000-000000000000"},{"@Name":"TransmittedServices","#text":"-"},{"@Name":"LmPackageName","#text":"NTLM V2"},{"@Name":"KeyLength","#text":"128"},{"@Name":"ProcessId","#text":"0x0"},{"@Name":"ProcessName","#text":"-"},{"@Name":"IpAddress","#text":"fe80::e3b5:5371:12a8:9c77"},{"@Name":"IpPort","#text":"57380"},{"@Name":"ImpersonationLevel","#text":"%%1833"},{"@Name":"RestrictedAdminMode","#text":"-"},{"@Name":"TargetOutboundUserName","#text":"-"},{"@Name":"TargetOutboundDomainName","#text":"-"},{"@Name":"VirtualAccount","#text":"%%1843"},{"@Name":"TargetLinkedLogonId","#text":"0x0"},{"@Name":"ElevatedToken","#text":"%%1842"}]}}}
