

{"Event":{"System":{"Provider":{"@Name":"Microsoft-Windows-WindowsUpdateClient","@Guid":"945a8954-c147-4acd-923f-40c45405a658"},"EventID":"44","Version":"1","Level":"4","Task":"1","Opcode":"12","Keywords":"0x8000000000002004","TimeCreated":{"@SystemTime":"2024-10-24 13:23:55.6655911"},"EventRecordID":"3583","Correlation":null,"Execution":{"@ProcessID":"4764","@ThreadID":"5136"},"Channel":"System","Computer":"Server002","Security":{"@UserID":"S-1-5-18"}},"EventData":{"Data":[{"@Name":"updateTitle","#text":"9NTXGKQ8P7N0-MicrosoftWindows.CrossDevice"},{"@Name":"updateGuid","#text":"1cb55d35-d5fb-4dbd-b3fd-73165ba33fb9"},{"@Name":"updateRevisionNumber","#text":"1"}]}}}
{"Event":{"System":{"Provider":{"@Name":"Microsoft-Windows-WindowsUpdateClient","@Guid":"945a8954-c147-4acd-923f-40c45405a658"},"EventID":"44","Version":"1","Level":"4","Task":"1","Opcode":"12","Keywords":"0x8000000000002004","TimeCreated":{"@SystemTime":"2024-10-24 13:23:55.6655926"},"EventRecordID":"3584","Correlation":null,"Execution":{"@ProcessID":"4764","@ThreadID":"5136"},"Channel":"System","Computer":"Server002","Security":{"@UserID":"S-1-5-18"}},"EventData":{"Data":[{"@Name":"updateTitle","#text":"9NBLGGH4RV3K-Microsoft.VCLibs.140.00.UWPDesktop"},{"@Name":"updateGuid","#text":"fcdd3b59-f41c-4595-b36b-245bacb749e8"},{"@Name":"updateRevisionNumber","#text":"1"}]}}}
{"Event":{"System":{"Provider":{"@Name":"Microsoft-Windows-WindowsUpdateClient","@Guid":"945a8954-c147-4acd-923f-40c45405a658"},"EventID":"44","Version":"1","Level":"4","Task":"1","Opcode":"12","Keywords":"0x8000000000002004","TimeCreated":{"@SystemTime":"2024-10-24 13:23:55.6655937"},"EventRecordID":"3585","Correlation":null,"Execution":{"@ProcessID":"4764","@ThreadID":"5136"},"Channel":"System","Computer":"Server002","Security":{"@UserID":"S-1-5-18"}},"EventData":{"Data":[{"@Name":"updateTitle","#text":"9NMPJ99VJBWV-Microsoft.YourPhone"},{"@Name":"updateGuid","#text":"398e8389-47af-4101-9e1b-de23a4cbc805"},{"@Name":"updateRevisionNumber","#text":"1"}]}}}
{"Event":{"System":{"Provider":{"@Name":"Microsoft-Windows-WindowsUpdateClient","@Guid":"945a8954-c147-4acd-923f-40c45405a658"},"EventID":"44","Version":"1","Level":"4","Task":"1","Opcode":"12","Keywords":"0x8000000000002004","TimeCreated":{"@SystemTime":"2024-10-24 13:23:59.5305981"},"EventRecordID":"3586","Correlation":null,"Execution":{"@ProcessID":"4764","@ThreadID":"5136"},"Channel":"System","Computer":"Server002","Security":{"@UserID":"S-1-5-18"}},"EventData":{"Data":[{"@Name":"updateTitle","#text":"9NBLGGH3FRZM-Microsoft.VCLibs.140.00"},{"@Name":"updateGuid","#text":"7c4b0956-b3f1-40ac-a633-668abc5d6af2"},{"@Name":"updateRevisionNumber","#text":"1"}]}}}
{"Event":{"System":{"Provider":{"@Name":"Microsoft-Windows-WindowsUpdateClient","@Guid":"945a8954-c147-4acd-923f-40c45405a658"},"EventID":"44","Version":"1","Level":"4","Task":"1","Opcode":"12","Keywords":"0x8000000000002004","TimeCreated":{"@SystemTime":"2024-10-24 13:23:59.5305996"},"EventRecordID":"3587","Correlation":null,"Execution":{"@ProcessID":"4764","@ThreadID":"5136"},"Channel":"System","Computer":"Server002","Security":{"@UserID":"S-1-5-18"}},"EventData":{"Data":[{"@Name":"updateTitle","#text":"9NMPJ99VJBWV-Microsoft.YourPhone"},{"@Name":"updateGuid","#text":"398e8389-47af-4101-9e1b-de23a4cbc805"},{"@Name":"updateRevisionNumber","#text":"1"}]}}}
{"Event":{"System":{"Provider":{"@Name":"Microsoft-Windows-WindowsUpdateClient","@Guid":"945a8954-c147-4acd-923f-40c45405a658"},"EventID":"44","Version":"1","Level":"4","Task":"1","Opcode":"12","Keywords":"0x8000000000002004","TimeCreated":{"@SystemTime":"2024-10-24 13:24:03.0263422"},"EventRecordID":"3588","Correlation":null,"Execution":{"@ProcessID":"4764","@ThreadID":"5136"},"Channel":"System","Computer":"Server002","Security":{"@UserID":"S-1-5-18"}},"EventData":{"Data":[{"@Name":"updateTitle","#text":"9PLL735RFDSM-Microsoft.NET.Native.Runtime.2.2"},{"@Name":"updateGuid","#text":"9c137291-4059-4cb8-b650-12b07bbe1da1"},{"@Name":"updateRevisionNumber","#text":"1"}]}}}
{"Event":{"System":{"Provider":{"@Name":"Microsoft-Windows-WindowsUpdateClient","@Guid":"945a8954-c147-4acd-923f-40c45405a658"},"EventID":"44","Version":"1","Level":"4","Task":"1","Opcode":"12","Keywords":"0x8000000000002004","TimeCreated":{"@SystemTime":"2024-10-24 13:24:03.0263433"},"EventRecordID":"3589","Correlation":null,"Execution":{"@ProcessID":"4764","@ThreadID":"5136"},"Channel":"System","Computer":"Server002","Security":{"@UserID":"S-1-5-18"}},"EventData":{"Data":[{"@Name":"updateTitle","#text":"9NBLGGH3FRZM-Microsoft.VCLibs.140.00"},{"@Name":"updateGuid","#text":"7c4b0956-b3f1-40ac-a633-668abc5d6af2"},{"@Name":"updateRevisionNumber","#text":"1"}]}}}
{"Event":{"System":{"Provider":{"@Name":"Microsoft-Windows-WindowsUpdateClient","@Guid":"945a8954-c147-4acd-923f-40c45405a658"},"EventID":"44","Version":"1","Level":"4","Task":"1","Opcode":"12","Keywords":"0x8000000000002004","TimeCreated":{"@SystemTime":"2024-10-24 13:24:03.0263442"},"EventRecordID":"3590","Correlation":null,"Execution":{"@ProcessID":"4764","@ThreadID":"5136"},"Channel":"System","Computer":"Server002","Security":{"@UserID":"S-1-5-18"}},"EventData":{"Data":[{"@Name":"updateTitle","#text":"9NMPJ99VJBWV-Microsoft.YourPhone"},{"@Name":"updateGuid","#text":"398e8389-47af-4101-9e1b-de23a4cbc805"},{"@Name":"updateRevisionNumber","#text":"1"}]}}}
{"Event":{"System":{"Provider":{"@Name":"Microsoft-Windows-WindowsUpdateClient","@Guid":"945a8954-c147-4acd-923f-40c45405a658"},"EventID":"44","Version":"1","Level":"4","Task":"1","Opcode":"12","Keywords":"0x8000000000002004","TimeCreated":{"@SystemTime":"2024-10-24 13:24:04.2205235"},"EventRecordID":"3591","Correlation":null,"Execution":{"@ProcessID":"4764","@ThreadID":"5136"},"Channel":"System","Computer":"Server002","Security":{"@UserID":"S-1-5-18"}},"EventData":{"Data":[{"@Name":"updateTitle","#text":"9MW2LKJ0TPJF-Microsoft.NET.Native.Framework.2.2"},{"@Name":"updateGuid","#text":"bfa7d40d-2cdf-4c15-98cf-85c847517da3"},{"@Name":"updateRevisionNumber","#text":"1"}]}}}
{"Event":{"System":{"Provider":{"@Name":"Microsoft-Windows-WindowsUpdateClient","@Guid":"945a8954-c147-4acd-923f-40c45405a658"},"EventID":"44","Version":"1","Level":"4","Task":"1","Opcode":"12","Keywords":"0x8000000000002004","TimeCreated":{"@SystemTime":"2024-10-24 13:24:04.2205246"},"EventRecordID":"3592","Correlation":null,"Execution":{"@ProcessID":"4764","@ThreadID":"5136"},"Channel":"System","Computer":"Server002","Security":{"@UserID":"S-1-5-18"}},"EventData":{"Data":[{"@Name":"updateTitle","#text":"9PLL735RFDSM-Microsoft.NET.Native.Runtime.2.2"},{"@Name":"updateGuid","#text":"9c137291-4059-4cb8-b650-12b07bbe1da1"},{"@Name":"updateRevisionNumber","#text":"1"}]}}}
{"Event":{"System":{"Provider":{"@Name":"Microsoft-Windows-WindowsUpdateClient","@Guid":"945a8954-c147-4acd-923f-40c45405a658"},"EventID":"44","Version":"1","Level":"4","Task":"1","Opcode":"12","Keywords":"0x8000000000002004","TimeCreated":{"@SystemTime":"2024-10-24 13:24:04.2205266"},"EventRecordID":"3593","Correlation":null,"Execution":{"@ProcessID":"4764","@ThreadID":"5136"},"Channel":"System","Computer":"Server002","Security":{"@UserID":"S-1-5-18"}},"EventData":{"Data":[{"@Name":"updateTitle","#text":"9NFFX4SZZ23L-Microsoft.549981C3F5F10"},{"@Name":"updateGuid","#text":"57d05949-a23d-454d-a000-73dc257aa0e2"},{"@Name":"updateRevisionNumber","#text":"1"}]}}}
{"Event":{"System":{"Provider":{"@Name":"Microsoft-Windows-WindowsUpdateClient","@Guid":"945a8954-c147-4acd-923f-40c45405a658"},"EventID":"44","Version":"1","Level":"4","Task":"1","Opcode":"12","Keywords":"0x8000000000002004","TimeCreated":{"@SystemTime":"2024-10-24 13:24:11.0813625"},"EventRecordID":"3594","Correlation":null,"Execution":{"@ProcessID":"4764","@ThreadID":"5136"},"Channel":"System","Computer":"Server002","Security":{"@UserID":"S-1-5-18"}},"EventData":{"Data":[{"@Name":"updateTitle","#text":"9MW2LKJ0TPJF-Microsoft.NET.Native.Framework.2.2"},{"@Name":"updateGuid","#text":"bfa7d40d-2cdf-4c15-98cf-85c847517da3"},{"@Name":"updateRevisionNumber","#text":"1"}]}}}
{"Event":{"System":{"Provider":{"@Name":"Microsoft-Windows-WindowsUpdateClient","@Guid":"945a8954-c147-4acd-923f-40c45405a658"},"EventID":"44","Version":"1","Level":"4","Task":"1","Opcode":"12","Keywords":"0x8000000000002004","TimeCreated":{"@SystemTime":"2024-10-24 13:24:11.0813652"},"EventRecordID":"3595","Correlation":null,"Execution":{"@ProcessID":"4764","@ThreadID":"5136"},"Channel":"System","Computer":"Server002","Security":{"@UserID":"S-1-5-18"}},"EventData":{"Data":[{"@Name":"updateTitle","#text":"9NFFX4SZZ23L-Microsoft.549981C3F5F10"},{"@Name":"updateGuid","#text":"57d05949-a23d-454d-a000-73dc257aa0e2"},{"@Name":"updateRevisionNumber","#text":"1"}]}}}
{"Event":{"System":{"Provider":{"@Name":"Microsoft-Windows-WindowsUpdateClient","@Guid":"945a8954-c147-4acd-923f-40c45405a658"},"EventID":"44","Version":"1","Level":"4","Task":"1","Opcode":"12","Keywords":"0x8000000000002004","TimeCreated":{"@SystemTime":"2024-10-24 13:24:11.0813685"},"EventRecordID":"3596","Correlation":null,"Execution":{"@ProcessID":"4764","@ThreadID":"5136"},"Channel":"System","Computer":"Server002","Security":{"@UserID":"S-1-5-18"}},"EventData":{"Data":[{"@Name":"updateTitle","#text":"9WZDNCRFJBBG-MICROSOFT.WINDOWSCAMERA"},{"@Name":"updateGuid","#text":"90fd0423-b454-4953-9d83-433538cdb9e5"},{"@Name":"updateRevisionNumber","#text":"1"}]}}}
{"Event":{"System":{"Provider":{"@Name":"Microsoft-Windows-WindowsUpdateClient","@Guid":"945a8954-c147-4acd-923f-40c45405a658"},"EventID":"44","Version":"1","Level":"4","Task":"1","Opcode":"12","Keywords":"0x8000000000002004","TimeCreated":{"@SystemTime":"2024-10-24 13:24:15.3977996"},"EventRecordID":"3597","Correlation":null,"Execution":{"@ProcessID":"4764","@ThreadID":"5136"},"Channel":"System","Computer":"Server002","Security":{"@UserID":"S-1-5-18"}},"EventData":{"Data":[{"@Name":"updateTitle","#text":"9WZDNCRFJBBG-MICROSOFT.WINDOWSCAMERA"},{"@Name":"updateGuid","#text":"90fd0423-b454-4953-9d83-433538cdb9e5"},{"@Name":"updateRevisionNumber","#text":"1"}]}}}
{"Event":{"System":{"Provider":{"@Name":"Microsoft-Windows-WindowsUpdateClient","@Guid":"945a8954-c147-4acd-923f-40c45405a658"},"EventID":"44","Version":"1","Level":"4","Task":"1","Opcode":"12","Keywords":"0x8000000000002004","TimeCreated":{"@SystemTime":"2024-10-24 13:24:15.3978009"},"EventRecordID":"3598","Correlation":null,"Execution":{"@ProcessID":"4764","@ThreadID":"5136"},"Channel":"System","Computer":"Server002","Security":{"@UserID":"S-1-5-18"}},"EventData":{"Data":[{"@Name":"updateTitle","#text":"9NBLGGH3FRZM-Microsoft.VCLibs.140.00"},{"@Name":"updateGuid","#text":"7c4b0956-b3f1-40ac-a633-668abc5d6af2"},{"@Name":"updateRevisionNumber","#text":"1"}]}}}
{"Event":{"System":{"Provider":{"@Name":"Microsoft-Windows-WindowsUpdateClient","@Guid":"945a8954-c147-4acd-923f-40c45405a658"},"EventID":"44","Version":"1","Level":"4","Task":"1","Opcode":"12","Keywords":"0x8000000000002004","TimeCreated":{"@SystemTime":"2024-10-24 13:24:15.3978022"},"EventRecordID":"3599","Correlation":null,"Execution":{"@ProcessID":"4764","@ThreadID":"5136"},"Channel":"System","Computer":"Server002","Security":{"@UserID":"S-1-5-18"}},"EventData":{"Data":[{"@Name":"updateTitle","#text":"9NMPJ99VJBWV-Microsoft.YourPhone"},{"@Name":"updateGuid","#text":"398e8389-47af-4101-9e1b-de23a4cbc805"},{"@Name":"updateRevisionNumber","#text":"1"}]}}}
{"Event":{"System":{"Provider":{"@Name":"Microsoft-Windows-WindowsUpdateClient","@Guid":"945a8954-c147-4acd-923f-40c45405a658"},"EventID":"44","Version":"1","Level":"4","Task":"1","Opcode":"12","Keywords":"0x8000000000002004","TimeCreated":{"@SystemTime":"2024-10-24 13:24:19.4222606"},"EventRecordID":"3600","Correlation":null,"Execution":{"@ProcessID":"4764","@ThreadID":"5136"},"Channel":"System","Computer":"Server002","Security":{"@UserID":"S-1-5-18"}},"EventData":{"Data":[{"@Name":"updateTitle","#text":"9WZDNCRFJBBG-MICROSOFT.WINDOWSCAMERA"},{"@Name":"updateGuid","#text":"90fd0423-b454-4953-9d83-433538cdb9e5"},{"@Name":"updateRevisionNumber","#text":"1"}]}}}
{"Event":{"System":{"Provider":{"@Name":"Microsoft-Windows-WindowsUpdateClient","@Guid":"945a8954-c147-4acd-923f-40c45405a658"},"EventID":"44","Version":"1","Level":"4","Task":"1","Opcode":"12","Keywords":"0x8000000000002004","TimeCreated":{"@SystemTime":"2024-10-24 13:24:19.4222625"},"EventRecordID":"3601","Correlation":null,"Execution":{"@ProcessID":"4764","@ThreadID":"5136"},"Channel":"System","Computer":"Server002","Security":{"@UserID":"S-1-5-18"}},"EventData":{"Data":[{"@Name":"updateTitle","#text":"9PLL735RFDSM-Microsoft.NET.Native.Runtime.2.2"},{"@Name":"updateGuid","#text":"9c137291-4059-4cb8-b650-12b07bbe1da1"},{"@Name":"updateRevisionNumber","#text":"1"}]}}}
{"Event":{"System":{"Provider":{"@Name":"Microsoft-Windows-Kernel-General","@Guid":"a68ca8b7-004f-d7b6-a698-07e2de0f1f5d"},"EventID":"16","Version":"0","Level":"4","Task":"0","Opcode":"0","Keywords":"0x8000000000000000","TimeCreated":{"@SystemTime":"2024-10-24 13:24:22.5089828"},"EventRecordID":"3602","Correlation":null,"Execution":{"@ProcessID":"3840","@ThreadID":"5628"},"Channel":"System","Computer":"Server002","Security":{"@UserID":"S-1-5-18"}},"EventData":{"Data":[{"@Name":"HiveNameLength","#text":"136"},{"@Name":"HiveName","#text":"\\??\\C:\\ProgramData\\Microsoft\\Windows\\AppRepository\\Packages\\Microsoft.WindowsCamera_2024.2408.1.0_x64__8wekyb3d8bbwe\\ActivationStore.dat"},{"@Name":"KeysUpdated","#text":"0"},{"@Name":"DirtyPages","#text":"0"}]}}}
{"Event":{"System":{"Provider":{"@Name":"Microsoft-Windows-WindowsUpdateClient","@Guid":"945a8954-c147-4acd-923f-40c45405a658"},"EventID":"44","Version":"1","Level":"4","Task":"1","Opcode":"12","Keywords":"0x8000000000002004","TimeCreated":{"@SystemTime":"2024-10-24 13:24:22.6466992"},"EventRecordID":"3603","Correlation":null,"Execution":{"@ProcessID":"4764","@ThreadID":"5136"},"Channel":"System","Computer":"Server002","Security":{"@UserID":"S-1-5-18"}},"EventData":{"Data":[{"@Name":"updateTitle","#text":"9MW2LKJ0TPJF-Microsoft.NET.Native.Framework.2.2"},{"@Name":"updateGuid","#text":"bfa7d40d-2cdf-4c15-98cf-85c847517da3"},{"@Name":"updateRevisionNumber","#text":"1"}]}}}
{"Event":{"System":{"Provider":{"@Name":"Microsoft-Windows-WindowsUpdateClient","@Guid":"945a8954-c147-4acd-923f-40c45405a658"},"EventID":"44","Version":"1","Level":"4","Task":"1","Opcode":"12","Keywords":"0x8000000000002004","TimeCreated":{"@SystemTime":"2024-10-24 13:24:22.6467009"},"EventRecordID":"3604","Correlation":null,"Execution":{"@ProcessID":"4764","@ThreadID":"5136"},"Channel":"System","Computer":"Server002","Security":{"@UserID":"S-1-5-18"}},"EventData":{"Data":[{"@Name":"updateTitle","#text":"9WZDNCRFJBBG-MICROSOFT.WINDOWSCAMERA"},{"@Name":"updateGuid","#text":"90fd0423-b454-4953-9d83-433538cdb9e5"},{"@Name":"updateRevisionNumber","#text":"1"}]}}}
{"Event":{"System":{"Provider":{"@Name":"Microsoft-Windows-WindowsUpdateClient","@Guid":"945a8954-c147-4acd-923f-40c45405a658"},"EventID":"44","Version":"1","Level":"4","Task":"1","Opcode":"12","Keywords":"0x8000000000002004","TimeCreated":{"@SystemTime":"2024-10-24 13:24:22.6467050"},"EventRecordID":"3605","Correlation":null,"Execution":{"@ProcessID":"4764","@ThreadID":"5136"},"Channel":"System","Computer":"Server002","Security":{"@UserID":"S-1-5-18"}},"EventData":{"Data":[{"@Name":"updateTitle","#text":"9NBLGGH4RV3K-Microsoft.VCLibs.140.00.UWPDesktop"},{"@Name":"updateGuid","#text":"fcdd3b59-f41c-4595-b36b-245bacb749e8"},{"@Name":"updateRevisionNumber","#text":"1"}]}}}
{"Event":{"System":{"Provider":{"@Name":"Microsoft-Windows-WindowsUpdateClient","@Guid":"945a8954-c147-4acd-923f-40c45405a658"},"EventID":"44","Version":"1","Level":"4","Task":"1","Opcode":"12","Keywords":"0x8000000000002004","TimeCreated":{"@SystemTime":"2024-10-24 13:24:22.6467060"},"EventRecordID":"3606","Correlation":null,"Execution":{"@ProcessID":"4764","@ThreadID":"5136"},"Channel":"System","Computer":"Server002","Security":{"@UserID":"S-1-5-18"}},"EventData":{"Data":[{"@Name":"updateTitle","#text":"9NMPJ99VJBWV-Microsoft.YourPhone"},{"@Name":"updateGuid","#text":"398e8389-47af-4101-9e1b-de23a4cbc805"},{"@Name":"updateRevisionNumber","#text":"1"}]}}}
