{"Event":{"System":{"Provider":{"@Name":"Microsoft-Windows-Sysmon","@Guid":"5770385f-c22a-43e0-bf4c-06f5698ffbd9"},"EventID":"1","Version":"5","Level":"4","Task":"1","Opcode":"0","Keywords":"0x8000000000000000","TimeCreated":{"@SystemTime":"2024-10-28 13:11:44.8293612"},"EventRecordID":"17952","Correlation":null,"Execution":{"@ProcessID":"2936","@ThreadID":"4912"},"Channel":"Microsoft-Windows-Sysmon/Operational","Computer":"Server002","Security":{"@UserID":"S-1-5-18"}},"EventData":{"Data":[{"@Name":"RuleName","#text":"-"},{"@Name":"UtcTime","#text":"2024-10-28 13:11:44.825"},{"@Name":"ProcessGuid","#text":"dbf410b3-8d90-671f-bf00-000000003900"},{"@Name":"ProcessId","#text":"1844"},{"@Name":"Image","#text":"C:\\Windows\\System32\\cmd.exe"},{"@Name":"FileVersion","#text":"10.0.19041.4355 (WinBuild.160101.0800)"},{"@Name":"Description","#text":"Windows Command Processor"},{"@Name":"Product","#text":"Microsoft® Windows® Operating System"},{"@Name":"Company","#text":"Microsoft Corporation"},{"@Name":"OriginalFileName","#text":"Cmd.Exe"},{"@Name":"CommandLine","#text":"\"cmd.exe\" /c IF EXIST %%temp%%\\data.001.txt ( EXIT 0 ) ELSE ( EXIT 1 )"},{"@Name":"CurrentDirectory","#text":"C:\\Users\\ADMIN_~1\\AppData\\Local\\Temp\\"},{"@Name":"User","#text":"SERVER002\\admin_test"},{"@Name":"LogonGuid","#text":"dbf410b3-8d8e-671f-5c16-130000000000"},{"@Name":"LogonId","#text":"0x13165C"},{"@Name":"TerminalSessionId","#text":"0"},{"@Name":"IntegrityLevel","#text":"High"},{"@Name":"Hashes","#text":"SHA256=BADF4752413CB0CBDC03FB95820CA167F0CDC63B597CCDB5EF43111180E088B0"},{"@Name":"ParentProcessGuid","#text":"dbf410b3-8d8e-671f-ba00-000000003900"},{"@Name":"ParentProcessId","#text":"3968"},{"@Name":"ParentImage","#text":"C:\\Windows\\System32\\wsmprovhost.exe"},{"@Name":"ParentCommandLine","#text":"C:\\Windows\\system32\\wsmprovhost.exe -Embedding"},{"@Name":"ParentUser","#text":"SERVER002\\admin_test"}]}}}
{"Event":{"System":{"Provider":{"@Name":"Microsoft-Windows-Sysmon","@Guid":"5770385f-c22a-43e0-bf4c-06f5698ffbd9"},"EventID":"1","Version":"5","Level":"4","Task":"1","Opcode":"0","Keywords":"0x8000000000000000","TimeCreated":{"@SystemTime":"2024-10-28 13:11:44.8403336"},"EventRecordID":"17953","Correlation":null,"Execution":{"@ProcessID":"2936","@ThreadID":"4912"},"Channel":"Microsoft-Windows-Sysmon/Operational","Computer":"Server002","Security":{"@UserID":"S-1-5-18"}},"EventData":{"Data":[{"@Name":"RuleName","#text":"-"},{"@Name":"UtcTime","#text":"2024-10-28 13:11:44.838"},{"@Name":"ProcessGuid","#text":"dbf410b3-8d90-671f-c000-000000003900"},{"@Name":"ProcessId","#text":"1888"},{"@Name":"Image","#text":"C:\\Windows\\System32\\conhost.exe"},{"@Name":"FileVersion","#text":"10.0.19041.4355 (WinBuild.160101.0800)"},{"@Name":"Description","#text":"Console Window Host"},{"@Name":"Product","#text":"Microsoft® Windows® Operating System"},{"@Name":"Company","#text":"Microsoft Corporation"},{"@Name":"OriginalFileName","#text":"CONHOST.EXE"},{"@Name":"CommandLine","#text":"\\??\\C:\\Windows\\system32\\conhost.exe 0xffffffff -ForceV1"},{"@Name":"CurrentDirectory","#text":"C:\\Windows"},{"@Name":"User","#text":"SERVER002\\admin_test"},{"@Name":"LogonGuid","#text":"dbf410b3-8d8e-671f-5c16-130000000000"},{"@Name":"LogonId","#text":"0x13165C"},{"@Name":"TerminalSessionId","#text":"0"},{"@Name":"IntegrityLevel","#text":"High"},{"@Name":"Hashes","#text":"SHA256=CC0A60CD15FA21E54615E46CD0F10CFBE86F496DC64D14B31D9F3B415D120EE1"},{"@Name":"ParentProcessGuid","#text":"dbf410b3-8d90-671f-bf00-000000003900"},{"@Name":"ParentProcessId","#text":"1844"},{"@Name":"ParentImage","#text":"C:\\Windows\\System32\\cmd.exe"},{"@Name":"ParentCommandLine","#text":"\"cmd.exe\" /c IF EXIST %temp%\\data.001.txt ( EXIT 0 ) ELSE ( EXIT 1 )"},{"@Name":"ParentUser","#text":"SERVER002\\admin_test"}]}}}
{"Event":{"System":{"Provider":{"@Name":"Microsoft-Windows-Sysmon","@Guid":"5770385f-c22a-43e0-bf4c-06f5698ffbd9"},"EventID":"5","Version":"3","Level":"4","Task":"5","Opcode":"0","Keywords":"0x8000000000000000","TimeCreated":{"@SystemTime":"2024-10-28 13:11:44.8613753"},"EventRecordID":"17954","Correlation":null,"Execution":{"@ProcessID":"2936","@ThreadID":"4912"},"Channel":"Microsoft-Windows-Sysmon/Operational","Computer":"Server002","Security":{"@UserID":"S-1-5-18"}},"EventData":{"Data":[{"@Name":"RuleName","#text":"-"},{"@Name":"UtcTime","#text":"2024-10-28 13:11:44.860"},{"@Name":"ProcessGuid","#text":"dbf410b3-8d90-671f-bf00-000000003900"},{"@Name":"ProcessId","#text":"1844"},{"@Name":"Image","#text":"C:\\Windows\\System32\\cmd.exe"},{"@Name":"User","#text":"SERVER002\\admin_test"}]}}}
{"Event":{"System":{"Provider":{"@Name":"Microsoft-Windows-Sysmon","@Guid":"5770385f-c22a-43e0-bf4c-06f5698ffbd9"},"EventID":"5","Version":"3","Level":"4","Task":"5","Opcode":"0","Keywords":"0x8000000000000000","TimeCreated":{"@SystemTime":"2024-10-28 13:11:44.8650276"},"EventRecordID":"17955","Correlation":null,"Execution":{"@ProcessID":"2936","@ThreadID":"4912"},"Channel":"Microsoft-Windows-Sysmon/Operational","Computer":"Server002","Security":{"@UserID":"S-1-5-18"}},"EventData":{"Data":[{"@Name":"RuleName","#text":"-"},{"@Name":"UtcTime","#text":"2024-10-28 13:11:44.860"},{"@Name":"ProcessGuid","#text":"dbf410b3-8d90-671f-c000-000000003900"},{"@Name":"ProcessId","#text":"1888"},{"@Name":"Image","#text":"C:\\Windows\\System32\\conhost.exe"},{"@Name":"User","#text":"SERVER002\\admin_test"}]}}}
{"Event":{"System":{"Provider":{"@Name":"Microsoft-Windows-Sysmon","@Guid":"5770385f-c22a-43e0-bf4c-06f5698ffbd9"},"EventID":"1","Version":"5","Level":"4","Task":"1","Opcode":"0","Keywords":"0x8000000000000000","TimeCreated":{"@SystemTime":"2024-10-28 13:11:44.9416214"},"EventRecordID":"17956","Correlation":null,"Execution":{"@ProcessID":"2936","@ThreadID":"4912"},"Channel":"Microsoft-Windows-Sysmon/Operational","Computer":"Server002","Security":{"@UserID":"S-1-5-18"}},"EventData":{"Data":[{"@Name":"RuleName","#text":"-"},{"@Name":"UtcTime","#text":"2024-10-28 13:11:44.937"},{"@Name":"ProcessGuid","#text":"dbf410b3-8d90-671f-c100-000000003900"},{"@Name":"ProcessId","#text":"2180"},{"@Name":"Image","#text":"C:\\Windows\\System32\\cmd.exe"},{"@Name":"FileVersion","#text":"10.0.19041.4355 (WinBuild.160101.0800)"},{"@Name":"Description","#text":"Windows Command Processor"},{"@Name":"Product","#text":"Microsoft® Windows® Operating System"},{"@Name":"Company","#text":"Microsoft Corporation"},{"@Name":"OriginalFileName","#text":"Cmd.Exe"},{"@Name":"CommandLine","#text":"\"cmd.exe\" /c echo system_Attrib_data.001 &gt;&gt; %%temp%%\\data.001.txt"},{"@Name":"CurrentDirectory","#text":"C:\\Users\\ADMIN_~1\\AppData\\Local\\Temp\\"},{"@Name":"User","#text":"SERVER002\\admin_test"},{"@Name":"LogonGuid","#text":"dbf410b3-8d8e-671f-5c16-130000000000"},{"@Name":"LogonId","#text":"0x13165C"},{"@Name":"TerminalSessionId","#text":"0"},{"@Name":"IntegrityLevel","#text":"High"},{"@Name":"Hashes","#text":"SHA256=BADF4752413CB0CBDC03FB95820CA167F0CDC63B597CCDB5EF43111180E088B0"},{"@Name":"ParentProcessGuid","#text":"dbf410b3-8d8e-671f-ba00-000000003900"},{"@Name":"ParentProcessId","#text":"3968"},{"@Name":"ParentImage","#text":"C:\\Windows\\System32\\wsmprovhost.exe"},{"@Name":"ParentCommandLine","#text":"C:\\Windows\\system32\\wsmprovhost.exe -Embedding"},{"@Name":"ParentUser","#text":"SERVER002\\admin_test"}]}}}
{"Event":{"System":{"Provider":{"@Name":"Microsoft-Windows-Sysmon","@Guid":"5770385f-c22a-43e0-bf4c-06f5698ffbd9"},"EventID":"1","Version":"5","Level":"4","Task":"1","Opcode":"0","Keywords":"0x8000000000000000","TimeCreated":{"@SystemTime":"2024-10-28 13:11:44.9446072"},"EventRecordID":"17957","Correlation":null,"Execution":{"@ProcessID":"2936","@ThreadID":"4912"},"Channel":"Microsoft-Windows-Sysmon/Operational","Computer":"Server002","Security":{"@UserID":"S-1-5-18"}},"EventData":{"Data":[{"@Name":"RuleName","#text":"-"},{"@Name":"UtcTime","#text":"2024-10-28 13:11:44.942"},{"@Name":"ProcessGuid","#text":"dbf410b3-8d90-671f-c200-000000003900"},{"@Name":"ProcessId","#text":"2164"},{"@Name":"Image","#text":"C:\\Windows\\System32\\conhost.exe"},{"@Name":"FileVersion","#text":"10.0.19041.4355 (WinBuild.160101.0800)"},{"@Name":"Description","#text":"Console Window Host"},{"@Name":"Product","#text":"Microsoft® Windows® Operating System"},{"@Name":"Company","#text":"Microsoft Corporation"},{"@Name":"OriginalFileName","#text":"CONHOST.EXE"},{"@Name":"CommandLine","#text":"\\??\\C:\\Windows\\system32\\conhost.exe 0xffffffff -ForceV1"},{"@Name":"CurrentDirectory","#text":"C:\\Windows"},{"@Name":"User","#text":"SERVER002\\admin_test"},{"@Name":"LogonGuid","#text":"dbf410b3-8d8e-671f-5c16-130000000000"},{"@Name":"LogonId","#text":"0x13165C"},{"@Name":"TerminalSessionId","#text":"0"},{"@Name":"IntegrityLevel","#text":"High"},{"@Name":"Hashes","#text":"SHA256=CC0A60CD15FA21E54615E46CD0F10CFBE86F496DC64D14B31D9F3B415D120EE1"},{"@Name":"ParentProcessGuid","#text":"dbf410b3-8d90-671f-c100-000000003900"},{"@Name":"ParentProcessId","#text":"2180"},{"@Name":"ParentImage","#text":"C:\\Windows\\System32\\cmd.exe"},{"@Name":"ParentCommandLine","#text":"\"cmd.exe\" /c echo system_Attrib_data.001 &gt;&gt; %temp%\\data.001.txt"},{"@Name":"ParentUser","#text":"SERVER002\\admin_test"}]}}}
{"Event":{"System":{"Provider":{"@Name":"Microsoft-Windows-Sysmon","@Guid":"5770385f-c22a-43e0-bf4c-06f5698ffbd9"},"EventID":"5","Version":"3","Level":"4","Task":"5","Opcode":"0","Keywords":"0x8000000000000000","TimeCreated":{"@SystemTime":"2024-10-28 13:11:44.9626815"},"EventRecordID":"17958","Correlation":null,"Execution":{"@ProcessID":"2936","@ThreadID":"4912"},"Channel":"Microsoft-Windows-Sysmon/Operational","Computer":"Server002","Security":{"@UserID":"S-1-5-18"}},"EventData":{"Data":[{"@Name":"RuleName","#text":"-"},{"@Name":"UtcTime","#text":"2024-10-28 13:11:44.960"},{"@Name":"ProcessGuid","#text":"dbf410b3-8d90-671f-c100-000000003900"},{"@Name":"ProcessId","#text":"2180"},{"@Name":"Image","#text":"C:\\Windows\\System32\\cmd.exe"},{"@Name":"User","#text":"SERVER002\\admin_test"}]}}}
{"Event":{"System":{"Provider":{"@Name":"Microsoft-Windows-Sysmon","@Guid":"5770385f-c22a-43e0-bf4c-06f5698ffbd9"},"EventID":"5","Version":"3","Level":"4","Task":"5","Opcode":"0","Keywords":"0x8000000000000000","TimeCreated":{"@SystemTime":"2024-10-28 13:11:44.9659248"},"EventRecordID":"17959","Correlation":null,"Execution":{"@ProcessID":"2936","@ThreadID":"4912"},"Channel":"Microsoft-Windows-Sysmon/Operational","Computer":"Server002","Security":{"@UserID":"S-1-5-18"}},"EventData":{"Data":[{"@Name":"RuleName","#text":"-"},{"@Name":"UtcTime","#text":"2024-10-28 13:11:44.960"},{"@Name":"ProcessGuid","#text":"dbf410b3-8d90-671f-c200-000000003900"},{"@Name":"ProcessId","#text":"2164"},{"@Name":"Image","#text":"C:\\Windows\\System32\\conhost.exe"},{"@Name":"User","#text":"SERVER002\\admin_test"}]}}}
{"Event":{"System":{"Provider":{"@Name":"Microsoft-Windows-Sysmon","@Guid":"5770385f-c22a-43e0-bf4c-06f5698ffbd9"},"EventID":"1","Version":"5","Level":"4","Task":"1","Opcode":"0","Keywords":"0x8000000000000000","TimeCreated":{"@SystemTime":"2024-10-28 13:11:44.9921541"},"EventRecordID":"17960","Correlation":null,"Execution":{"@ProcessID":"2936","@ThreadID":"4912"},"Channel":"Microsoft-Windows-Sysmon/Operational","Computer":"Server002","Security":{"@UserID":"S-1-5-18"}},"EventData":{"Data":[{"@Name":"RuleName","#text":"-"},{"@Name":"UtcTime","#text":"2024-10-28 13:11:44.990"},{"@Name":"ProcessGuid","#text":"dbf410b3-8d90-671f-c300-000000003900"},{"@Name":"ProcessId","#text":"2840"},{"@Name":"Image","#text":"C:\\Windows\\System32\\cmd.exe"},{"@Name":"FileVersion","#text":"10.0.19041.4355 (WinBuild.160101.0800)"},{"@Name":"Description","#text":"Windows Command Processor"},{"@Name":"Product","#text":"Microsoft® Windows® Operating System"},{"@Name":"Company","#text":"Microsoft Corporation"},{"@Name":"OriginalFileName","#text":"Cmd.Exe"},{"@Name":"CommandLine","#text":"\"cmd.exe\" /c IF EXIST %%temp%%\\data.001.txt ( EXIT 0 ) ELSE ( EXIT 1 )"},{"@Name":"CurrentDirectory","#text":"C:\\Users\\ADMIN_~1\\AppData\\Local\\Temp\\"},{"@Name":"User","#text":"SERVER002\\admin_test"},{"@Name":"LogonGuid","#text":"dbf410b3-8d8e-671f-5c16-130000000000"},{"@Name":"LogonId","#text":"0x13165C"},{"@Name":"TerminalSessionId","#text":"0"},{"@Name":"IntegrityLevel","#text":"High"},{"@Name":"Hashes","#text":"SHA256=BADF4752413CB0CBDC03FB95820CA167F0CDC63B597CCDB5EF43111180E088B0"},{"@Name":"ParentProcessGuid","#text":"dbf410b3-8d8e-671f-ba00-000000003900"},{"@Name":"ParentProcessId","#text":"3968"},{"@Name":"ParentImage","#text":"C:\\Windows\\System32\\wsmprovhost.exe"},{"@Name":"ParentCommandLine","#text":"C:\\Windows\\system32\\wsmprovhost.exe -Embedding"},{"@Name":"ParentUser","#text":"SERVER002\\admin_test"}]}}}
{"Event":{"System":{"Provider":{"@Name":"Microsoft-Windows-Sysmon","@Guid":"5770385f-c22a-43e0-bf4c-06f5698ffbd9"},"EventID":"1","Version":"5","Level":"4","Task":"1","Opcode":"0","Keywords":"0x8000000000000000","TimeCreated":{"@SystemTime":"2024-10-28 13:11:44.9947887"},"EventRecordID":"17961","Correlation":null,"Execution":{"@ProcessID":"2936","@ThreadID":"4912"},"Channel":"Microsoft-Windows-Sysmon/Operational","Computer":"Server002","Security":{"@UserID":"S-1-5-18"}},"EventData":{"Data":[{"@Name":"RuleName","#text":"-"},{"@Name":"UtcTime","#text":"2024-10-28 13:11:44.993"},{"@Name":"ProcessGuid","#text":"dbf410b3-8d90-671f-c400-000000003900"},{"@Name":"ProcessId","#text":"2796"},{"@Name":"Image","#text":"C:\\Windows\\System32\\conhost.exe"},{"@Name":"FileVersion","#text":"10.0.19041.4355 (WinBuild.160101.0800)"},{"@Name":"Description","#text":"Console Window Host"},{"@Name":"Product","#text":"Microsoft® Windows® Operating System"},{"@Name":"Company","#text":"Microsoft Corporation"},{"@Name":"OriginalFileName","#text":"CONHOST.EXE"},{"@Name":"CommandLine","#text":"\\??\\C:\\Windows\\system32\\conhost.exe 0xffffffff -ForceV1"},{"@Name":"CurrentDirectory","#text":"C:\\Windows"},{"@Name":"User","#text":"SERVER002\\admin_test"},{"@Name":"LogonGuid","#text":"dbf410b3-8d8e-671f-5c16-130000000000"},{"@Name":"LogonId","#text":"0x13165C"},{"@Name":"TerminalSessionId","#text":"0"},{"@Name":"IntegrityLevel","#text":"High"},{"@Name":"Hashes","#text":"SHA256=CC0A60CD15FA21E54615E46CD0F10CFBE86F496DC64D14B31D9F3B415D120EE1"},{"@Name":"ParentProcessGuid","#text":"dbf410b3-8d90-671f-c300-000000003900"},{"@Name":"ParentProcessId","#text":"2840"},{"@Name":"ParentImage","#text":"C:\\Windows\\System32\\cmd.exe"},{"@Name":"ParentCommandLine","#text":"\"cmd.exe\" /c IF EXIST %temp%\\data.001.txt ( EXIT 0 ) ELSE ( EXIT 1 )"},{"@Name":"ParentUser","#text":"SERVER002\\admin_test"}]}}}
{"Event":{"System":{"Provider":{"@Name":"Microsoft-Windows-Sysmon","@Guid":"5770385f-c22a-43e0-bf4c-06f5698ffbd9"},"EventID":"5","Version":"3","Level":"4","Task":"5","Opcode":"0","Keywords":"0x8000000000000000","TimeCreated":{"@SystemTime":"2024-10-28 13:11:45.0105032"},"EventRecordID":"17962","Correlation":null,"Execution":{"@ProcessID":"2936","@ThreadID":"4912"},"Channel":"Microsoft-Windows-Sysmon/Operational","Computer":"Server002","Security":{"@UserID":"S-1-5-18"}},"EventData":{"Data":[{"@Name":"RuleName","#text":"-"},{"@Name":"UtcTime","#text":"2024-10-28 13:11:45.009"},{"@Name":"ProcessGuid","#text":"dbf410b3-8d90-671f-c300-000000003900"},{"@Name":"ProcessId","#text":"2840"},{"@Name":"Image","#text":"C:\\Windows\\System32\\cmd.exe"},{"@Name":"User","#text":"SERVER002\\admin_test"}]}}}
{"Event":{"System":{"Provider":{"@Name":"Microsoft-Windows-Sysmon","@Guid":"5770385f-c22a-43e0-bf4c-06f5698ffbd9"},"EventID":"5","Version":"3","Level":"4","Task":"5","Opcode":"0","Keywords":"0x8000000000000000","TimeCreated":{"@SystemTime":"2024-10-28 13:11:45.0124035"},"EventRecordID":"17963","Correlation":null,"Execution":{"@ProcessID":"2936","@ThreadID":"4912"},"Channel":"Microsoft-Windows-Sysmon/Operational","Computer":"Server002","Security":{"@UserID":"S-1-5-18"}},"EventData":{"Data":[{"@Name":"RuleName","#text":"-"},{"@Name":"UtcTime","#text":"2024-10-28 13:11:45.009"},{"@Name":"ProcessGuid","#text":"dbf410b3-8d90-671f-c400-000000003900"},{"@Name":"ProcessId","#text":"2796"},{"@Name":"Image","#text":"C:\\Windows\\System32\\conhost.exe"},{"@Name":"User","#text":"SERVER002\\admin_test"}]}}}










{"Event":{"System":{"Provider":{"@Name":"Microsoft-Windows-Sysmon","@Guid":"5770385f-c22a-43e0-bf4c-06f5698ffbd9"},"EventID":"1","Version":"5","Level":"4","Task":"1","Opcode":"0","Keywords":"0x8000000000000000","TimeCreated":{"@SystemTime":"2024-10-28 13:11:50.2317583"},"EventRecordID":"17984","Correlation":null,"Execution":{"@ProcessID":"2936","@ThreadID":"4912"},"Channel":"Microsoft-Windows-Sysmon/Operational","Computer":"Server002","Security":{"@UserID":"S-1-5-18"}},"EventData":{"Data":[{"@Name":"RuleName","#text":"-"},{"@Name":"UtcTime","#text":"2024-10-28 13:11:50.229"},{"@Name":"ProcessGuid","#text":"dbf410b3-8d96-671f-cf00-000000003900"},{"@Name":"ProcessId","#text":"6476"},{"@Name":"Image","#text":"C:\\Windows\\System32\\HOSTNAME.EXE"},{"@Name":"FileVersion","#text":"10.0.19041.1 (WinBuild.160101.0800)"},{"@Name":"Description","#text":"Hostname APP"},{"@Name":"Product","#text":"Microsoft® Windows® Operating System"},{"@Name":"Company","#text":"Microsoft Corporation"},{"@Name":"OriginalFileName","#text":"hostname.exe"},{"@Name":"CommandLine","#text":"\"C:\\Windows\\system32\\HOSTNAME.EXE\""},{"@Name":"CurrentDirectory","#text":"C:\\Users\\admin_test\\Documents\\"},{"@Name":"User","#text":"SERVER002\\admin_test"},{"@Name":"LogonGuid","#text":"dbf410b3-8d8e-671f-5c16-130000000000"},{"@Name":"LogonId","#text":"0x13165C"},{"@Name":"TerminalSessionId","#text":"0"},{"@Name":"IntegrityLevel","#text":"High"},{"@Name":"Hashes","#text":"SHA256=A90C3FB350A11C6F6A6EFA9607987D924D1DE65E09CA9FAF2E0E0E00531EE335"},{"@Name":"ParentProcessGuid","#text":"dbf410b3-8d8e-671f-ba00-000000003900"},{"@Name":"ParentProcessId","#text":"3968"},{"@Name":"ParentImage","#text":"C:\\Windows\\System32\\wsmprovhost.exe"},{"@Name":"ParentCommandLine","#text":"C:\\Windows\\system32\\wsmprovhost.exe -Embedding"},{"@Name":"ParentUser","#text":"SERVER002\\admin_test"}]}}}
{"Event":{"System":{"Provider":{"@Name":"Microsoft-Windows-Sysmon","@Guid":"5770385f-c22a-43e0-bf4c-06f5698ffbd9"},"EventID":"1","Version":"5","Level":"4","Task":"1","Opcode":"0","Keywords":"0x8000000000000000","TimeCreated":{"@SystemTime":"2024-10-28 13:11:50.2384423"},"EventRecordID":"17985","Correlation":null,"Execution":{"@ProcessID":"2936","@ThreadID":"4912"},"Channel":"Microsoft-Windows-Sysmon/Operational","Computer":"Server002","Security":{"@UserID":"S-1-5-18"}},"EventData":{"Data":[{"@Name":"RuleName","#text":"-"},{"@Name":"UtcTime","#text":"2024-10-28 13:11:50.234"},{"@Name":"ProcessGuid","#text":"dbf410b3-8d96-671f-d000-000000003900"},{"@Name":"ProcessId","#text":"6708"},{"@Name":"Image","#text":"C:\\Windows\\System32\\conhost.exe"},{"@Name":"FileVersion","#text":"10.0.19041.4355 (WinBuild.160101.0800)"},{"@Name":"Description","#text":"Console Window Host"},{"@Name":"Product","#text":"Microsoft® Windows® Operating System"},{"@Name":"Company","#text":"Microsoft Corporation"},{"@Name":"OriginalFileName","#text":"CONHOST.EXE"},{"@Name":"CommandLine","#text":"\\??\\C:\\Windows\\system32\\conhost.exe 0xffffffff -ForceV1"},{"@Name":"CurrentDirectory","#text":"C:\\Windows"},{"@Name":"User","#text":"SERVER002\\admin_test"},{"@Name":"LogonGuid","#text":"dbf410b3-8d8e-671f-5c16-130000000000"},{"@Name":"LogonId","#text":"0x13165C"},{"@Name":"TerminalSessionId","#text":"0"},{"@Name":"IntegrityLevel","#text":"High"},{"@Name":"Hashes","#text":"SHA256=CC0A60CD15FA21E54615E46CD0F10CFBE86F496DC64D14B31D9F3B415D120EE1"},{"@Name":"ParentProcessGuid","#text":"dbf410b3-8d96-671f-cf00-000000003900"},{"@Name":"ParentProcessId","#text":"6476"},{"@Name":"ParentImage","#text":"C:\\Windows\\System32\\HOSTNAME.EXE"},{"@Name":"ParentCommandLine","#text":"\"C:\\Windows\\system32\\HOSTNAME.EXE\""},{"@Name":"ParentUser","#text":"SERVER002\\admin_test"}]}}}
{"Event":{"System":{"Provider":{"@Name":"Microsoft-Windows-Sysmon","@Guid":"5770385f-c22a-43e0-bf4c-06f5698ffbd9"},"EventID":"5","Version":"3","Level":"4","Task":"5","Opcode":"0","Keywords":"0x8000000000000000","TimeCreated":{"@SystemTime":"2024-10-28 13:11:50.2919529"},"EventRecordID":"17986","Correlation":null,"Execution":{"@ProcessID":"2936","@ThreadID":"4912"},"Channel":"Microsoft-Windows-Sysmon/Operational","Computer":"Server002","Security":{"@UserID":"S-1-5-18"}},"EventData":{"Data":[{"@Name":"RuleName","#text":"-"},{"@Name":"UtcTime","#text":"2024-10-28 13:11:50.287"},{"@Name":"ProcessGuid","#text":"dbf410b3-8d96-671f-cf00-000000003900"},{"@Name":"ProcessId","#text":"6476"},{"@Name":"Image","#text":"C:\\Windows\\System32\\HOSTNAME.EXE"},{"@Name":"User","#text":"SERVER002\\admin_test"}]}}}
{"Event":{"System":{"Provider":{"@Name":"Microsoft-Windows-Sysmon","@Guid":"5770385f-c22a-43e0-bf4c-06f5698ffbd9"},"EventID":"5","Version":"3","Level":"4","Task":"5","Opcode":"0","Keywords":"0x8000000000000000","TimeCreated":{"@SystemTime":"2024-10-28 13:11:50.2942142"},"EventRecordID":"17987","Correlation":null,"Execution":{"@ProcessID":"2936","@ThreadID":"4912"},"Channel":"Microsoft-Windows-Sysmon/Operational","Computer":"Server002","Security":{"@UserID":"S-1-5-18"}},"EventData":{"Data":[{"@Name":"RuleName","#text":"-"},{"@Name":"UtcTime","#text":"2024-10-28 13:11:50.287"},{"@Name":"ProcessGuid","#text":"dbf410b3-8d96-671f-d000-000000003900"},{"@Name":"ProcessId","#text":"6708"},{"@Name":"Image","#text":"C:\\Windows\\System32\\conhost.exe"},{"@Name":"User","#text":"SERVER002\\admin_test"}]}}}
{"Event":{"System":{"Provider":{"@Name":"Microsoft-Windows-Sysmon","@Guid":"5770385f-c22a-43e0-bf4c-06f5698ffbd9"},"EventID":"1","Version":"5","Level":"4","Task":"1","Opcode":"0","Keywords":"0x8000000000000000","TimeCreated":{"@SystemTime":"2024-10-28 13:11:50.2978842"},"EventRecordID":"17988","Correlation":null,"Execution":{"@ProcessID":"2936","@ThreadID":"4912"},"Channel":"Microsoft-Windows-Sysmon/Operational","Computer":"Server002","Security":{"@UserID":"S-1-5-18"}},"EventData":{"Data":[{"@Name":"RuleName","#text":"-"},{"@Name":"UtcTime","#text":"2024-10-28 13:11:50.294"},{"@Name":"ProcessGuid","#text":"dbf410b3-8d96-671f-d100-000000003900"},{"@Name":"ProcessId","#text":"6620"},{"@Name":"Image","#text":"C:\\Windows\\System32\\whoami.exe"},{"@Name":"FileVersion","#text":"10.0.19041.1 (WinBuild.160101.0800)"},{"@Name":"Description","#text":"whoami - displays logged on user information"},{"@Name":"Product","#text":"Microsoft® Windows® Operating System"},{"@Name":"Company","#text":"Microsoft Corporation"},{"@Name":"OriginalFileName","#text":"whoami.exe"},{"@Name":"CommandLine","#text":"\"C:\\Windows\\system32\\whoami.exe\""},{"@Name":"CurrentDirectory","#text":"C:\\Users\\admin_test\\Documents\\"},{"@Name":"User","#text":"SERVER002\\admin_test"},{"@Name":"LogonGuid","#text":"dbf410b3-8d8e-671f-5c16-130000000000"},{"@Name":"LogonId","#text":"0x13165C"},{"@Name":"TerminalSessionId","#text":"0"},{"@Name":"IntegrityLevel","#text":"High"},{"@Name":"Hashes","#text":"SHA256=1D4902A04D99E8CCBFE7085E63155955FEE397449D386453F6C452AE407B8743"},{"@Name":"ParentProcessGuid","#text":"dbf410b3-8d8e-671f-ba00-000000003900"},{"@Name":"ParentProcessId","#text":"3968"},{"@Name":"ParentImage","#text":"C:\\Windows\\System32\\wsmprovhost.exe"},{"@Name":"ParentCommandLine","#text":"C:\\Windows\\system32\\wsmprovhost.exe -Embedding"},{"@Name":"ParentUser","#text":"SERVER002\\admin_test"}]}}}
{"Event":{"System":{"Provider":{"@Name":"Microsoft-Windows-Sysmon","@Guid":"5770385f-c22a-43e0-bf4c-06f5698ffbd9"},"EventID":"1","Version":"5","Level":"4","Task":"1","Opcode":"0","Keywords":"0x8000000000000000","TimeCreated":{"@SystemTime":"2024-10-28 13:11:50.3053996"},"EventRecordID":"17989","Correlation":null,"Execution":{"@ProcessID":"2936","@ThreadID":"4912"},"Channel":"Microsoft-Windows-Sysmon/Operational","Computer":"Server002","Security":{"@UserID":"S-1-5-18"}},"EventData":{"Data":[{"@Name":"RuleName","#text":"-"},{"@Name":"UtcTime","#text":"2024-10-28 13:11:50.301"},{"@Name":"ProcessGuid","#text":"dbf410b3-8d96-671f-d200-000000003900"},{"@Name":"ProcessId","#text":"1312"},{"@Name":"Image","#text":"C:\\Windows\\System32\\conhost.exe"},{"@Name":"FileVersion","#text":"10.0.19041.4355 (WinBuild.160101.0800)"},{"@Name":"Description","#text":"Console Window Host"},{"@Name":"Product","#text":"Microsoft® Windows® Operating System"},{"@Name":"Company","#text":"Microsoft Corporation"},{"@Name":"OriginalFileName","#text":"CONHOST.EXE"},{"@Name":"CommandLine","#text":"\\??\\C:\\Windows\\system32\\conhost.exe 0xffffffff -ForceV1"},{"@Name":"CurrentDirectory","#text":"C:\\Windows"},{"@Name":"User","#text":"SERVER002\\admin_test"},{"@Name":"LogonGuid","#text":"dbf410b3-8d8e-671f-5c16-130000000000"},{"@Name":"LogonId","#text":"0x13165C"},{"@Name":"TerminalSessionId","#text":"0"},{"@Name":"IntegrityLevel","#text":"High"},{"@Name":"Hashes","#text":"SHA256=CC0A60CD15FA21E54615E46CD0F10CFBE86F496DC64D14B31D9F3B415D120EE1"},{"@Name":"ParentProcessGuid","#text":"dbf410b3-8d96-671f-d100-000000003900"},{"@Name":"ParentProcessId","#text":"6620"},{"@Name":"ParentImage","#text":"C:\\Windows\\System32\\whoami.exe"},{"@Name":"ParentCommandLine","#text":"\"C:\\Windows\\system32\\whoami.exe\""},{"@Name":"ParentUser","#text":"SERVER002\\admin_test"}]}}}
{"Event":{"System":{"Provider":{"@Name":"Microsoft-Windows-Sysmon","@Guid":"5770385f-c22a-43e0-bf4c-06f5698ffbd9"},"EventID":"5","Version":"3","Level":"4","Task":"5","Opcode":"0","Keywords":"0x8000000000000000","TimeCreated":{"@SystemTime":"2024-10-28 13:11:50.3589455"},"EventRecordID":"17990","Correlation":null,"Execution":{"@ProcessID":"2936","@ThreadID":"4912"},"Channel":"Microsoft-Windows-Sysmon/Operational","Computer":"Server002","Security":{"@UserID":"S-1-5-18"}},"EventData":{"Data":[{"@Name":"RuleName","#text":"-"},{"@Name":"UtcTime","#text":"2024-10-28 13:11:50.349"},{"@Name":"ProcessGuid","#text":"dbf410b3-8d96-671f-d100-000000003900"},{"@Name":"ProcessId","#text":"6620"},{"@Name":"Image","#text":"C:\\Windows\\System32\\whoami.exe"},{"@Name":"User","#text":"SERVER002\\admin_test"}]}}}
{"Event":{"System":{"Provider":{"@Name":"Microsoft-Windows-Sysmon","@Guid":"5770385f-c22a-43e0-bf4c-06f5698ffbd9"},"EventID":"5","Version":"3","Level":"4","Task":"5","Opcode":"0","Keywords":"0x8000000000000000","TimeCreated":{"@SystemTime":"2024-10-28 13:11:50.3615254"},"EventRecordID":"17991","Correlation":null,"Execution":{"@ProcessID":"2936","@ThreadID":"4912"},"Channel":"Microsoft-Windows-Sysmon/Operational","Computer":"Server002","Security":{"@UserID":"S-1-5-18"}},"EventData":{"Data":[{"@Name":"RuleName","#text":"-"},{"@Name":"UtcTime","#text":"2024-10-28 13:11:50.349"},{"@Name":"ProcessGuid","#text":"dbf410b3-8d96-671f-d200-000000003900"},{"@Name":"ProcessId","#text":"1312"},{"@Name":"Image","#text":"C:\\Windows\\System32\\conhost.exe"},{"@Name":"User","#text":"SERVER002\\admin_test"}]}}}
{"Event":{"System":{"Provider":{"@Name":"Microsoft-Windows-Sysmon","@Guid":"5770385f-c22a-43e0-bf4c-06f5698ffbd9"},"EventID":"1","Version":"5","Level":"4","Task":"1","Opcode":"0","Keywords":"0x8000000000000000","TimeCreated":{"@SystemTime":"2024-10-28 13:11:50.4959032"},"EventRecordID":"17992","Correlation":null,"Execution":{"@ProcessID":"2936","@ThreadID":"4912"},"Channel":"Microsoft-Windows-Sysmon/Operational","Computer":"Server002","Security":{"@UserID":"S-1-5-18"}},"EventData":{"Data":[{"@Name":"RuleName","#text":"-"},{"@Name":"UtcTime","#text":"2024-10-28 13:11:50.488"},{"@Name":"ProcessGuid","#text":"dbf410b3-8d96-671f-d300-000000003900"},{"@Name":"ProcessId","#text":"6712"},{"@Name":"Image","#text":"C:\\Windows\\System32\\cmd.exe"},{"@Name":"FileVersion","#text":"10.0.19041.4355 (WinBuild.160101.0800)"},{"@Name":"Description","#text":"Windows Command Processor"},{"@Name":"Product","#text":"Microsoft® Windows® Operating System"},{"@Name":"Company","#text":"Microsoft Corporation"},{"@Name":"OriginalFileName","#text":"Cmd.Exe"},{"@Name":"CommandLine","#text":"\"cmd.exe\" /c attrib.exe +s %%temp%%\\data.001.txt"},{"@Name":"CurrentDirectory","#text":"C:\\Users\\ADMIN_~1\\AppData\\Local\\Temp\\"},{"@Name":"User","#text":"SERVER002\\admin_test"},{"@Name":"LogonGuid","#text":"dbf410b3-8d8e-671f-5c16-130000000000"},{"@Name":"LogonId","#text":"0x13165C"},{"@Name":"TerminalSessionId","#text":"0"},{"@Name":"IntegrityLevel","#text":"High"},{"@Name":"Hashes","#text":"SHA256=BADF4752413CB0CBDC03FB95820CA167F0CDC63B597CCDB5EF43111180E088B0"},{"@Name":"ParentProcessGuid","#text":"dbf410b3-8d8e-671f-ba00-000000003900"},{"@Name":"ParentProcessId","#text":"3968"},{"@Name":"ParentImage","#text":"C:\\Windows\\System32\\wsmprovhost.exe"},{"@Name":"ParentCommandLine","#text":"C:\\Windows\\system32\\wsmprovhost.exe -Embedding"},{"@Name":"ParentUser","#text":"SERVER002\\admin_test"}]}}}
{"Event":{"System":{"Provider":{"@Name":"Microsoft-Windows-Sysmon","@Guid":"5770385f-c22a-43e0-bf4c-06f5698ffbd9"},"EventID":"1","Version":"5","Level":"4","Task":"1","Opcode":"0","Keywords":"0x8000000000000000","TimeCreated":{"@SystemTime":"2024-10-28 13:11:50.5023786"},"EventRecordID":"17993","Correlation":null,"Execution":{"@ProcessID":"2936","@ThreadID":"4912"},"Channel":"Microsoft-Windows-Sysmon/Operational","Computer":"Server002","Security":{"@UserID":"S-1-5-18"}},"EventData":{"Data":[{"@Name":"RuleName","#text":"-"},{"@Name":"UtcTime","#text":"2024-10-28 13:11:50.498"},{"@Name":"ProcessGuid","#text":"dbf410b3-8d96-671f-d400-000000003900"},{"@Name":"ProcessId","#text":"6364"},{"@Name":"Image","#text":"C:\\Windows\\System32\\conhost.exe"},{"@Name":"FileVersion","#text":"10.0.19041.4355 (WinBuild.160101.0800)"},{"@Name":"Description","#text":"Console Window Host"},{"@Name":"Product","#text":"Microsoft® Windows® Operating System"},{"@Name":"Company","#text":"Microsoft Corporation"},{"@Name":"OriginalFileName","#text":"CONHOST.EXE"},{"@Name":"CommandLine","#text":"\\??\\C:\\Windows\\system32\\conhost.exe 0xffffffff -ForceV1"},{"@Name":"CurrentDirectory","#text":"C:\\Windows"},{"@Name":"User","#text":"SERVER002\\admin_test"},{"@Name":"LogonGuid","#text":"dbf410b3-8d8e-671f-5c16-130000000000"},{"@Name":"LogonId","#text":"0x13165C"},{"@Name":"TerminalSessionId","#text":"0"},{"@Name":"IntegrityLevel","#text":"High"},{"@Name":"Hashes","#text":"SHA256=CC0A60CD15FA21E54615E46CD0F10CFBE86F496DC64D14B31D9F3B415D120EE1"},{"@Name":"ParentProcessGuid","#text":"dbf410b3-8d96-671f-d300-000000003900"},{"@Name":"ParentProcessId","#text":"6712"},{"@Name":"ParentImage","#text":"C:\\Windows\\System32\\cmd.exe"},{"@Name":"ParentCommandLine","#text":"\"cmd.exe\" /c attrib.exe +s %temp%\\data.001.txt"},{"@Name":"ParentUser","#text":"SERVER002\\admin_test"}]}}}
{"Event":{"System":{"Provider":{"@Name":"Microsoft-Windows-Sysmon","@Guid":"5770385f-c22a-43e0-bf4c-06f5698ffbd9"},"EventID":"1","Version":"5","Level":"4","Task":"1","Opcode":"0","Keywords":"0x8000000000000000","TimeCreated":{"@SystemTime":"2024-10-28 13:11:50.5509473"},"EventRecordID":"17994","Correlation":null,"Execution":{"@ProcessID":"2936","@ThreadID":"4912"},"Channel":"Microsoft-Windows-Sysmon/Operational","Computer":"Server002","Security":{"@UserID":"S-1-5-18"}},"EventData":{"Data":[{"@Name":"RuleName","#text":"-"},{"@Name":"UtcTime","#text":"2024-10-28 13:11:50.546"},{"@Name":"ProcessGuid","#text":"dbf410b3-8d96-671f-d500-000000003900"},{"@Name":"ProcessId","#text":"5656"},{"@Name":"Image","#text":"C:\\Windows\\System32\\attrib.exe"},{"@Name":"FileVersion","#text":"10.0.19041.1 (WinBuild.160101.0800)"},{"@Name":"Description","#text":"Attribute Utility"},{"@Name":"Product","#text":"Microsoft® Windows® Operating System"},{"@Name":"Company","#text":"Microsoft Corporation"},{"@Name":"OriginalFileName","#text":"ATTRIB.EXE"},{"@Name":"CommandLine","#text":"attrib.exe  +s C:\\Users\\ADMIN_~1\\AppData\\Local\\Temp\\data.001.txt"},{"@Name":"CurrentDirectory","#text":"C:\\Users\\ADMIN_~1\\AppData\\Local\\Temp\\"},{"@Name":"User","#text":"SERVER002\\admin_test"},{"@Name":"LogonGuid","#text":"dbf410b3-8d8e-671f-5c16-130000000000"},{"@Name":"LogonId","#text":"0x13165C"},{"@Name":"TerminalSessionId","#text":"0"},{"@Name":"IntegrityLevel","#text":"High"},{"@Name":"Hashes","#text":"SHA256=1043111FF07814B0D3439561B4CEE5D7EC1799A7A0A419949FEE707666F6DDED"},{"@Name":"ParentProcessGuid","#text":"dbf410b3-8d96-671f-d300-000000003900"},{"@Name":"ParentProcessId","#text":"6712"},{"@Name":"ParentImage","#text":"C:\\Windows\\System32\\cmd.exe"},{"@Name":"ParentCommandLine","#text":"\"cmd.exe\" /c attrib.exe +s %temp%\\data.001.txt"},{"@Name":"ParentUser","#text":"SERVER002\\admin_test"}]}}}
{"Event":{"System":{"Provider":{"@Name":"Microsoft-Windows-Sysmon","@Guid":"5770385f-c22a-43e0-bf4c-06f5698ffbd9"},"EventID":"5","Version":"3","Level":"4","Task":"5","Opcode":"0","Keywords":"0x8000000000000000","TimeCreated":{"@SystemTime":"2024-10-28 13:11:50.5886490"},"EventRecordID":"17995","Correlation":null,"Execution":{"@ProcessID":"2936","@ThreadID":"4912"},"Channel":"Microsoft-Windows-Sysmon/Operational","Computer":"Server002","Security":{"@UserID":"S-1-5-18"}},"EventData":{"Data":[{"@Name":"RuleName","#text":"-"},{"@Name":"UtcTime","#text":"2024-10-28 13:11:50.584"},{"@Name":"ProcessGuid","#text":"dbf410b3-8d96-671f-d500-000000003900"},{"@Name":"ProcessId","#text":"5656"},{"@Name":"Image","#text":"C:\\Windows\\System32\\attrib.exe"},{"@Name":"User","#text":"SERVER002\\admin_test"}]}}}
{"Event":{"System":{"Provider":{"@Name":"Microsoft-Windows-Sysmon","@Guid":"5770385f-c22a-43e0-bf4c-06f5698ffbd9"},"EventID":"5","Version":"3","Level":"4","Task":"5","Opcode":"0","Keywords":"0x8000000000000000","TimeCreated":{"@SystemTime":"2024-10-28 13:11:50.5918406"},"EventRecordID":"17996","Correlation":null,"Execution":{"@ProcessID":"2936","@ThreadID":"4912"},"Channel":"Microsoft-Windows-Sysmon/Operational","Computer":"Server002","Security":{"@UserID":"S-1-5-18"}},"EventData":{"Data":[{"@Name":"RuleName","#text":"-"},{"@Name":"UtcTime","#text":"2024-10-28 13:11:50.584"},{"@Name":"ProcessGuid","#text":"dbf410b3-8d96-671f-d300-000000003900"},{"@Name":"ProcessId","#text":"6712"},{"@Name":"Image","#text":"C:\\Windows\\System32\\cmd.exe"},{"@Name":"User","#text":"SERVER002\\admin_test"}]}}}
{"Event":{"System":{"Provider":{"@Name":"Microsoft-Windows-Sysmon","@Guid":"5770385f-c22a-43e0-bf4c-06f5698ffbd9"},"EventID":"5","Version":"3","Level":"4","Task":"5","Opcode":"0","Keywords":"0x8000000000000000","TimeCreated":{"@SystemTime":"2024-10-28 13:11:50.5953843"},"EventRecordID":"17997","Correlation":null,"Execution":{"@ProcessID":"2936","@ThreadID":"4912"},"Channel":"Microsoft-Windows-Sysmon/Operational","Computer":"Server002","Security":{"@UserID":"S-1-5-18"}},"EventData":{"Data":[{"@Name":"RuleName","#text":"-"},{"@Name":"UtcTime","#text":"2024-10-28 13:11:50.591"},{"@Name":"ProcessGuid","#text":"dbf410b3-8d96-671f-d400-000000003900"},{"@Name":"ProcessId","#text":"6364"},{"@Name":"Image","#text":"C:\\Windows\\System32\\conhost.exe"},{"@Name":"User","#text":"SERVER002\\admin_test"}]}}}
{"Event":{"System":{"Provider":{"@Name":"Microsoft-Windows-Sysmon","@Guid":"5770385f-c22a-43e0-bf4c-06f5698ffbd9"},"EventID":"5","Version":"3","Level":"4","Task":"5","Opcode":"0","Keywords":"0x8000000000000000","TimeCreated":{"@SystemTime":"2024-10-28 13:11:52.2919746"},"EventRecordID":"17998","Correlation":null,"Execution":{"@ProcessID":"2936","@ThreadID":"4912"},"Channel":"Microsoft-Windows-Sysmon/Operational","Computer":"Server002","Security":{"@UserID":"S-1-5-18"}},"EventData":{"Data":[{"@Name":"RuleName","#text":"-"},{"@Name":"UtcTime","#text":"2024-10-28 13:11:52.286"},{"@Name":"ProcessGuid","#text":"dbf410b3-8d2b-671f-9900-000000003900"},{"@Name":"ProcessId","#text":"5168"},{"@Name":"Image","#text":"C:\\Windows\\System32\\svchost.exe"},{"@Name":"User","#text":"NT AUTHORITY\\SYSTEM"}]}}}
{"Event":{"System":{"Provider":{"@Name":"Microsoft-Windows-Sysmon","@Guid":"5770385f-c22a-43e0-bf4c-06f5698ffbd9"},"EventID":"1","Version":"5","Level":"4","Task":"1","Opcode":"0","Keywords":"0x8000000000000000","TimeCreated":{"@SystemTime":"2024-10-28 13:11:53.6732066"},"EventRecordID":"17999","Correlation":null,"Execution":{"@ProcessID":"2936","@ThreadID":"4912"},"Channel":"Microsoft-Windows-Sysmon/Operational","Computer":"Server002","Security":{"@UserID":"S-1-5-18"}},"EventData":{"Data":[{"@Name":"RuleName","#text":"-"},{"@Name":"UtcTime","#text":"2024-10-28 13:11:53.671"},{"@Name":"ProcessGuid","#text":"dbf410b3-8d99-671f-d600-000000003900"},{"@Name":"ProcessId","#text":"5552"},{"@Name":"Image","#text":"C:\\Program Files (x86)\\Microsoft\\EdgeUpdate\\MicrosoftEdgeUpdate.exe"},{"@Name":"FileVersion","#text":"1.3.147.37"},{"@Name":"Description","#text":"Microsoft Edge Update"},{"@Name":"Product","#text":"Microsoft Edge Update"},{"@Name":"Company","#text":"Microsoft Corporation"},{"@Name":"OriginalFileName","#text":"msedgeupdate.dll"},{"@Name":"CommandLine","#text":"\"C:\\Program Files (x86)\\Microsoft\\EdgeUpdate\\MicrosoftEdgeUpdate.exe\" /svc"},{"@Name":"CurrentDirectory","#text":"C:\\Windows\\system32\\"},{"@Name":"User","#text":"NT AUTHORITY\\SYSTEM"},{"@Name":"LogonGuid","#text":"dbf410b3-9b21-671f-e703-000000000000"},{"@Name":"LogonId","#text":"0x3E7"},{"@Name":"TerminalSessionId","#text":"0"},{"@Name":"IntegrityLevel","#text":"System"},{"@Name":"Hashes","#text":"SHA256=3096D8E82917A9B73F322F4B1743E52E9B0C8B3C5933A957E73E29D6973CDD5B"},{"@Name":"ParentProcessGuid","#text":"00000000-0000-0000-0000-000000000000"},{"@Name":"ParentProcessId","#text":"652"},{"@Name":"ParentImage","#text":"-"},{"@Name":"ParentCommandLine","#text":"-"},{"@Name":"ParentUser","#text":"-"}]}}}
{"Event":{"System":{"Provider":{"@Name":"Microsoft-Windows-Sysmon","@Guid":"5770385f-c22a-43e0-bf4c-06f5698ffbd9"},"EventID":"1","Version":"5","Level":"4","Task":"1","Opcode":"0","Keywords":"0x8000000000000000","TimeCreated":{"@SystemTime":"2024-10-28 13:11:55.6044407"},"EventRecordID":"18000","Correlation":null,"Execution":{"@ProcessID":"2936","@ThreadID":"4912"},"Channel":"Microsoft-Windows-Sysmon/Operational","Computer":"Server002","Security":{"@UserID":"S-1-5-18"}},"EventData":{"Data":[{"@Name":"RuleName","#text":"-"},{"@Name":"UtcTime","#text":"2024-10-28 13:11:55.594"},{"@Name":"ProcessGuid","#text":"dbf410b3-8d9b-671f-d700-000000003900"},{"@Name":"ProcessId","#text":"7148"},{"@Name":"Image","#text":"C:\\Program Files (x86)\\Microsoft\\EdgeUpdate\\Install\\{F468110B-22AC-407C-96F6-F126495B99D5}\\MicrosoftEdgeUpdateSetup_X86_1.3.195.27.exe"},{"@Name":"FileVersion","#text":"1.3.195.27"},{"@Name":"Description","#text":"Microsoft Edge Update Setup"},{"@Name":"Product","#text":"Microsoft Edge Update"},{"@Name":"Company","#text":"Microsoft Corporation"},{"@Name":"OriginalFileName","#text":"MicrosoftEdgeUpdateSetup.exe"},{"@Name":"CommandLine","#text":"\"C:\\Program Files (x86)\\Microsoft\\EdgeUpdate\\Install\\{F468110B-22AC-407C-96F6-F126495B99D5}\\MicrosoftEdgeUpdateSetup_X86_1.3.195.27.exe\" /update /sessionid \"{B603F4DC-7300-473F-BC77-79CB71486899}\""},{"@Name":"CurrentDirectory","#text":"C:\\Program Files (x86)\\Microsoft\\EdgeUpdate\\1.3.195.25\\"},{"@Name":"User","#text":"NT AUTHORITY\\SYSTEM"},{"@Name":"LogonGuid","#text":"dbf410b3-9b21-671f-e703-000000000000"},{"@Name":"LogonId","#text":"0x3E7"},{"@Name":"TerminalSessionId","#text":"0"},{"@Name":"IntegrityLevel","#text":"System"},{"@Name":"Hashes","#text":"SHA256=0A72666092EAD1E76DF637ADD3C76CE00F7F2DB1F3E2A8AF092D8BBE2F4CD91E"},{"@Name":"ParentProcessGuid","#text":"dbf410b3-8d99-671f-d600-000000003900"},{"@Name":"ParentProcessId","#text":"5552"},{"@Name":"ParentImage","#text":"C:\\Program Files (x86)\\Microsoft\\EdgeUpdate\\MicrosoftEdgeUpdate.exe"},{"@Name":"ParentCommandLine","#text":"\"C:\\Program Files (x86)\\Microsoft\\EdgeUpdate\\MicrosoftEdgeUpdate.exe\" /svc"},{"@Name":"ParentUser","#text":"NT AUTHORITY\\SYSTEM"}]}}}
{"Event":{"System":{"Provider":{"@Name":"Microsoft-Windows-Sysmon","@Guid":"5770385f-c22a-43e0-bf4c-06f5698ffbd9"},"EventID":"1","Version":"5","Level":"4","Task":"1","Opcode":"0","Keywords":"0x8000000000000000","TimeCreated":{"@SystemTime":"2024-10-28 13:11:55.7316249"},"EventRecordID":"18001","Correlation":null,"Execution":{"@ProcessID":"2936","@ThreadID":"4912"},"Channel":"Microsoft-Windows-Sysmon/Operational","Computer":"Server002","Security":{"@UserID":"S-1-5-18"}},"EventData":{"Data":[{"@Name":"RuleName","#text":"-"},{"@Name":"UtcTime","#text":"2024-10-28 13:11:55.723"},{"@Name":"ProcessGuid","#text":"dbf410b3-8d9b-671f-d800-000000003900"},{"@Name":"ProcessId","#text":"7140"},{"@Name":"Image","#text":"C:\\Program Files (x86)\\Microsoft\\EdgeUpdate\\MicrosoftEdgeUpdate.exe"},{"@Name":"FileVersion","#text":"1.3.147.37"},{"@Name":"Description","#text":"Microsoft Edge Update"},{"@Name":"Product","#text":"Microsoft Edge Update"},{"@Name":"Company","#text":"Microsoft Corporation"},{"@Name":"OriginalFileName","#text":"msedgeupdate.dll"},{"@Name":"CommandLine","#text":"\"C:\\Program Files (x86)\\Microsoft\\EdgeUpdate\\MicrosoftEdgeUpdate.exe\" /ping PD94bWwgdmVyc2lvbj0iMS4wIiBlbmNvZGluZz0iVVRGLTgiPz48cmVxdWVzdCBwcm90b2NvbD0iMy4wIiB1cGRhdGVyPSJPbWFoYSIgdXBkYXRlcnZlcnNpb249IjEuMy4xOTUuMjUiIHNoZWxsX3ZlcnNpb249IjEuMy4xNDcuMzciIGlzbWFjaGluZT0iMSIgc2Vzc2lvbmlkPSJ7QjYwM0Y0REMtNzMwMC00NzNGLUJDNzctNzlDQjcxNDg2ODk5fSIgdXNlcmlkPSJ7MDNDQTNERDItNDhDRi00Nzc5LUI4QjktMUE2RDJDRUYwRUZEfSIgaW5zdGFsbHNvdXJjZT0iY29yZSIgcmVxdWVzdGlkPSJ7NEY3RDk3OUQtODRBNy00QUNGLUFDQzgtQThGOTg0MUZFNDdCfSIgZGVkdXA9ImNyIiBkb21haW5qb2luZWQ9IjAiPjxodyBsb2dpY2FsX2NwdXM9IjIiIHBoeXNtZW1vcnk9IjQiIGRpc2tfdHlwZT0iMSIgc3NlPSIxIiBzc2UyPSIxIiBzc2UzPSIxIiBzc3NlMz0iMSIgc3NlNDE9IjEiIHNzZTQyPSIxIiBhdng9IjAiLz48b3MgcGxhdGZvcm09IndpbiIgdmVyc2lvbj0iMTAuMC4xOTA0NS41MDExIiBzcD0iIiBhcmNoPSJ4NjQiIHByb2R1Y3RfdHlwZT0iMTAxIiBpc193aXA9IjAiIGlzX2luX2xvY2tkb3duX21vZGU9IjAiLz48b2VtIHByb2R1Y3RfbWFudWZhY3R1cmVyPSJpbm5vdGVrIEdtYkgiIHByb2R1Y3RfbmFtZT0iVmlydHVhbEJveCIvPjxleHAgZXRhZz0iJnF1b3Q7ZGw0eEozY0pTVE1EdW4zSmRMLzRaeEc5akpMQm5DVnYrc0xmSFY2dVNZND0mcXVvdDsiLz48YXBwIGFwcGlkPSJ7RjNDNEZFMDAtRUZENS00MDNCLTk1NjktMzk4QTIwRjFCQTRBfSIgdmVyc2lvbj0iMS4zLjE5NS4yNSIgbmV4dHZlcnNpb249IjEuMy4xOTUuMjciIGxhbmc9IiIgYnJhbmQ9IklOQlgiIGNsaWVudD0iIiBleHBlcmltZW50cz0iSXNPbkludGVydmFsQ29tbWFuZHNBbGxvd2VkPSU1QiUyMi10YXJnZXRfZGV2JTIwLW1pbl9icm93c2VyX3ZlcnNpb25fY2FuYXJ5X2RldiUyMDEzMS4wLjI4NzEuMCUyMiU1RCIgaW5zdGFsbGFnZT0iMTIyIiBjb2hvcnQ9InJyZkAwLjEzIj48dXBkYXRlY2hlY2svPjxldmVudCBldmVudHR5cGU9IjEyIiBldmVudHJlc3VsdD0iMSIgZXJyb3Jjb2RlPSIwIiBleHRyYWNvZGUxPSIwIiBzeXN0ZW1fdXB0aW1lX3RpY2tzPSIxNjUwNzY5OTY5IiBkb25lX2JlZm9yZV9vb2JlX2NvbXBsZXRlPSIwIi8-PGV2ZW50IGV2ZW50dHlwZT0iMTMiIGV2ZW50cmVzdWx0PSIxIiBlcnJvcmNvZGU9IjAiIGV4dHJhY29kZTE9IjAiIHN5c3RlbV91cHRpbWVfdGlja3M9IjE2NTA4NDUxNTkiIGRvbmVfYmVmb3JlX29vYmVfY29tcGxldGU9IjAiLz48ZXZlbnQgZXZlbnR0eXBlPSIxNCIgZXZlbnRyZXN1bHQ9IjEiIGVycm9yY29kZT0iMCIgZXh0cmFjb2RlMT0iMCIgc3lzdGVtX3VwdGltZV90aWNrcz0iMTY1ODA0MDkyMyIgc291cmNlX3VybF9pbmRleD0iMCIgZG9uZV9iZWZvcmVfb29iZV9jb21wbGV0ZT0iMCIgZG93bmxvYWRlcj0iZG8iIHVybD0iaHR0cDovL21zZWRnZS5iLnRsdS5kbC5kZWxpdmVyeS5tcC5taWNyb3NvZnQuY29tL2ZpbGVzdHJlYW1pbmdzZXJ2aWNlL2ZpbGVzLzkzMzFlMTE3LTUxMTYtNGJmYS05ZThlLTExN2Q5Nzk5ZjJhNj9QMT0xNzMwNzI1OTIxJmFtcDtQMj00MDQmYW1wO1AzPTImYW1wO1A0PVBqUzlicW5TVmRxJTJieUJBUUpOTWNWOXVqbUhySmJKdjdpNDdtTU9sTDZzTnliOHdVVm1JNkYyYlVCa0E2b3pWWmhYJTJibEo5VlNXZEdDMXU5a2J3UVBPZyUzZCUzZCIgc2VydmVyX2lwX2hpbnQ9IiIgY2RuX2NpZD0iLTEiIGNkbl9jY2M9IiIgY2RuX21zZWRnZV9yZWY9IiIgY2RuX2F6dXJlX3JlZl9vcmlnaW5fc2hpZWxkPSIiIGNkbl9jYWNoZT0iIiBjZG5fcDNwPSIiIGRvd25sb2FkZWQ9IjE2NTEyNTYiIHRvdGFsPSIxNjUxMjU2IiBkb3dubG9hZF90aW1lX21zPSI0NTEiLz48ZXZlbnQgZXZlbnR0eXBlPSIxNCIgZXZlbnRyZXN1bHQ9IjEiIGVycm9yY29kZT0iMCIgZXh0cmFjb2RlMT0iMCIgc3lzdGVtX3VwdGltZV90aWNrcz0iMTY1ODA0MDkyMyIgc291cmNlX3VybF9pbmRleD0iMCIgZG9uZV9iZWZvcmVfb29iZV9jb21wbGV0ZT0iMCIvPjxldmVudCBldmVudHR5cGU9IjE1IiBldmVudHJlc3VsdD0iMSIgZXJyb3Jjb2RlPSIwIiBleHRyYWNvZGUxPSIwIiBzeXN0ZW1fdXB0aW1lX3RpY2tzPSIxNjYzMjAwOTQ3IiBkb25lX2JlZm9yZV9vb2JlX2NvbXBsZXRlPSIwIi8-PHBpbmcgcj0iMTIiIHJkPSI2NDk4IiBwaW5nX2ZyZXNobmVzcz0iezdFNTU2OENBLTIyQUQtNDdCNi04NTQ1LTI0QTlCOTY3RUYyOX0iLz48L2FwcD48YXBwIGFwcGlkPSJ7NTZFQjE4RjgtQjAwOC00Q0JELUI2RDItOEM5N0ZFN0U5MDYyfSIgdmVyc2lvbj0iMTI5LjAuMjc5Mi44OSIgbmV4dHZlcnNpb249IiIgbGFuZz0iIiBicmFuZD0iSU5CWCIgY2xpZW50PSIiIGV4cGVyaW1lbnRzPSJjb25zZW50PWZhbHNlIiBpbnN0YWxsYWdlPSIxMjIiIGNvaG9ydD0icnJmQDAuNjAiIG9vYmVfaW5zdGFsbF90aW1lPSIxMzM2Mzk3MTg2MDcxNzU5MDAiIHVwZGF0ZV9jb3VudD0iNSIgbGFzdF9sYXVuY2hfY291bnQ9IjEiIGxhc3RfbGF1bmNoX3RpbWU9IjEzMzczMDQ2NzU5MDczMDIwMCIgZmlyc3RfZnJlX3NlZW5fdGltZT0iMTMzNzE4MzE5NjE3NDM0MTAwIiBmaXJzdF9mcmVfc2Vlbl92ZXJzaW9uPSIxMjkuMC4yNzkyLjUyIj48dXBkYXRlY2hlY2svPjxwaW5nIGFjdGl2ZT0iMCIgcj0iMTIiIHJkPSI2NDk4IiBwaW5nX2ZyZXNobmVzcz0ie0YxRERDM0ZDLTA5QUMtNEJBOS05RjAxLTlCMTI3REYwRTc0QX0iLz48L2FwcD48YXBwIGFwcGlkPSJ7RjMwMTcyMjYtRkUyQS00Mjk1LThCREYtMDBDM0E5QTdFNEM1fSIgdmVyc2lvbj0iMTI5LjAuMjc5Mi44OSIgbmV4dHZlcnNpb249IiIgbGFuZz0iIiBicmFuZD0iRVVXViIgY2xpZW50PSIiIGV4cGVyaW1lbnRzPSJjb25zZW50PWZhbHNlIiBpbnN0YWxsYWdlPSIxMjIiIGluc3RhbGxkYXRlPSI2Mzg0IiBjb2hvcnQ9InJyZkAwLjMyIiB1cGRhdGVfY291bnQ9IjUiPjx1cGRhdGVjaGVjay8-PHBpbmcgcj0iMTIiIHJkPSI2NDk4IiBwaW5nX2ZyZXNobmVzcz0iezg5Q0IzRUE2LThGNUYtNDNFRi1CQTA3LUI0NzM5MDc3NUNEOH0iLz48L2FwcD48L3JlcXVlc3Q-"},{"@Name":"CurrentDirectory","#text":"C:\\Program Files (x86)\\Microsoft\\EdgeUpdate\\1.3.195.25\\"},{"@Name":"User","#text":"NT AUTHORITY\\SYSTEM"},{"@Name":"LogonGuid","#text":"dbf410b3-9b21-671f-e703-000000000000"},{"@Name":"LogonId","#text":"0x3E7"},{"@Name":"TerminalSessionId","#text":"0"},{"@Name":"IntegrityLevel","#text":"System"},{"@Name":"Hashes","#text":"SHA256=3096D8E82917A9B73F322F4B1743E52E9B0C8B3C5933A957E73E29D6973CDD5B"},{"@Name":"ParentProcessGuid","#text":"dbf410b3-8d99-671f-d600-000000003900"},{"@Name":"ParentProcessId","#text":"5552"},{"@Name":"ParentImage","#text":"C:\\Program Files (x86)\\Microsoft\\EdgeUpdate\\MicrosoftEdgeUpdate.exe"},{"@Name":"ParentCommandLine","#text":"\"C:\\Program Files (x86)\\Microsoft\\EdgeUpdate\\MicrosoftEdgeUpdate.exe\" /svc"},{"@Name":"ParentUser","#text":"NT AUTHORITY\\SYSTEM"}]}}}
{"Event":{"System":{"Provider":{"@Name":"Microsoft-Windows-Sysmon","@Guid":"5770385f-c22a-43e0-bf4c-06f5698ffbd9"},"EventID":"5","Version":"3","Level":"4","Task":"5","Opcode":"0","Keywords":"0x8000000000000000","TimeCreated":{"@SystemTime":"2024-10-28 13:11:55.8769889"},"EventRecordID":"18002","Correlation":null,"Execution":{"@ProcessID":"2936","@ThreadID":"4912"},"Channel":"Microsoft-Windows-Sysmon/Operational","Computer":"Server002","Security":{"@UserID":"S-1-5-18"}},"EventData":{"Data":[{"@Name":"RuleName","#text":"-"},{"@Name":"UtcTime","#text":"2024-10-28 13:11:55.875"},{"@Name":"ProcessGuid","#text":"dbf410b3-8d87-671f-b300-000000003900"},{"@Name":"ProcessId","#text":"6504"},{"@Name":"Image","#text":"C:\\Program Files (x86)\\Microsoft\\EdgeUpdate\\MicrosoftEdgeUpdate.exe"},{"@Name":"User","#text":"NT AUTHORITY\\SYSTEM"}]}}}
{"Event":{"System":{"Provider":{"@Name":"Microsoft-Windows-Sysmon","@Guid":"5770385f-c22a-43e0-bf4c-06f5698ffbd9"},"EventID":"5","Version":"3","Level":"4","Task":"5","Opcode":"0","Keywords":"0x8000000000000000","TimeCreated":{"@SystemTime":"2024-10-28 13:11:56.0074366"},"EventRecordID":"18003","Correlation":null,"Execution":{"@ProcessID":"2936","@ThreadID":"4912"},"Channel":"Microsoft-Windows-Sysmon/Operational","Computer":"Server002","Security":{"@UserID":"S-1-5-18"}},"EventData":{"Data":[{"@Name":"RuleName","#text":"-"},{"@Name":"UtcTime","#text":"2024-10-28 13:11:55.996"},{"@Name":"ProcessGuid","#text":"dbf410b3-8d9b-671f-d800-000000003900"},{"@Name":"ProcessId","#text":"7140"},{"@Name":"Image","#text":"C:\\Program Files (x86)\\Microsoft\\EdgeUpdate\\MicrosoftEdgeUpdate.exe"},{"@Name":"User","#text":"NT AUTHORITY\\SYSTEM"}]}}}
{"Event":{"System":{"Provider":{"@Name":"Microsoft-Windows-Sysmon","@Guid":"5770385f-c22a-43e0-bf4c-06f5698ffbd9"},"EventID":"5","Version":"3","Level":"4","Task":"5","Opcode":"0","Keywords":"0x8000000000000000","TimeCreated":{"@SystemTime":"2024-10-28 13:11:56.0209500"},"EventRecordID":"18004","Correlation":null,"Execution":{"@ProcessID":"2936","@ThreadID":"4912"},"Channel":"Microsoft-Windows-Sysmon/Operational","Computer":"Server002","Security":{"@UserID":"S-1-5-18"}},"EventData":{"Data":[{"@Name":"RuleName","#text":"-"},{"@Name":"UtcTime","#text":"2024-10-28 13:11:56.019"},{"@Name":"ProcessGuid","#text":"dbf410b3-8d99-671f-d600-000000003900"},{"@Name":"ProcessId","#text":"5552"},{"@Name":"Image","#text":"C:\\Program Files (x86)\\Microsoft\\EdgeUpdate\\MicrosoftEdgeUpdate.exe"},{"@Name":"User","#text":"NT AUTHORITY\\SYSTEM"}]}}}
