{"Event":{"System":{"Provider":{"@Name":"PowerShell"},"EventID":{"@Qualifiers":"0","#text":"600"},"Version":"0","Level":"4","Task":"6","Opcode":"0","Keywords":"0x80000000000000","TimeCreated":{"@SystemTime":"2024-10-20 16:58:52.0211876"},"EventRecordID":"1115","Correlation":null,"Execution":{"@ProcessID":"0","@ThreadID":"0"},"Channel":"Windows PowerShell","Computer":"Server002","Security":null},"EventData":{"Data":"Registry, Started, \tProviderName=Registry\r\n\tNewProviderState=Started\r\n\r\n\tSequenceNumber=1\r\n\r\n\tHostName=ConsoleHost\r\n\tHostVersion=5.1.19041.5007\r\n\tHostId=620ac38b-3823-4e87-8309-b3757fda19a0\r\n\tHostApplication=powershell.exe &amp; {Get-Content \"C:\\Users\\ADMIN_~1\\AppData\\Local\\Temp\\file\\data.002\\bin\\data.002.jpg\", \"$env:PUBLIC\\Downloads\\data.002.tarz\" -Encoding byte -ReadCount 0 | Set-Content \"$env:PUBLIC\\Downloads\\data.002New.jpg\" -Encoding byte}\r\n\tEngineVersion=\r\n\tRunspaceId=\r\n\tPipelineId=\r\n\tCommandName=\r\n\tCommandType=\r\n\tScriptName=\r\n\tCommandPath=\r\n\tCommandLine=","Binary":""}}}
{"Event":{"System":{"Provider":{"@Name":"PowerShell"},"EventID":{"@Qualifiers":"0","#text":"600"},"Version":"0","Level":"4","Task":"6","Opcode":"0","Keywords":"0x80000000000000","TimeCreated":{"@SystemTime":"2024-10-20 16:58:52.0211876"},"EventRecordID":"1116","Correlation":null,"Execution":{"@ProcessID":"0","@ThreadID":"0"},"Channel":"Windows PowerShell","Computer":"Server002","Security":null},"EventData":{"Data":"Alias, Started, \tProviderName=Alias\r\n\tNewProviderState=Started\r\n\r\n\tSequenceNumber=3\r\n\r\n\tHostName=ConsoleHost\r\n\tHostVersion=5.1.19041.5007\r\n\tHostId=620ac38b-3823-4e87-8309-b3757fda19a0\r\n\tHostApplication=powershell.exe &amp; {Get-Content \"C:\\Users\\ADMIN_~1\\AppData\\Local\\Temp\\file\\data.002\\bin\\data.002.jpg\", \"$env:PUBLIC\\Downloads\\data.002.tarz\" -Encoding byte -ReadCount 0 | Set-Content \"$env:PUBLIC\\Downloads\\data.002New.jpg\" -Encoding byte}\r\n\tEngineVersion=\r\n\tRunspaceId=\r\n\tPipelineId=\r\n\tCommandName=\r\n\tCommandType=\r\n\tScriptName=\r\n\tCommandPath=\r\n\tCommandLine=","Binary":""}}}
{"Event":{"System":{"Provider":{"@Name":"PowerShell"},"EventID":{"@Qualifiers":"0","#text":"600"},"Version":"0","Level":"4","Task":"6","Opcode":"0","Keywords":"0x80000000000000","TimeCreated":{"@SystemTime":"2024-10-20 16:58:52.0211876"},"EventRecordID":"1117","Correlation":null,"Execution":{"@ProcessID":"0","@ThreadID":"0"},"Channel":"Windows PowerShell","Computer":"Server002","Security":null},"EventData":{"Data":"Environment, Started, \tProviderName=Environment\r\n\tNewProviderState=Started\r\n\r\n\tSequenceNumber=5\r\n\r\n\tHostName=ConsoleHost\r\n\tHostVersion=5.1.19041.5007\r\n\tHostId=620ac38b-3823-4e87-8309-b3757fda19a0\r\n\tHostApplication=powershell.exe &amp; {Get-Content \"C:\\Users\\ADMIN_~1\\AppData\\Local\\Temp\\file\\data.002\\bin\\data.002.jpg\", \"$env:PUBLIC\\Downloads\\data.002.tarz\" -Encoding byte -ReadCount 0 | Set-Content \"$env:PUBLIC\\Downloads\\data.002New.jpg\" -Encoding byte}\r\n\tEngineVersion=\r\n\tRunspaceId=\r\n\tPipelineId=\r\n\tCommandName=\r\n\tCommandType=\r\n\tScriptName=\r\n\tCommandPath=\r\n\tCommandLine=","Binary":""}}}
{"Event":{"System":{"Provider":{"@Name":"PowerShell"},"EventID":{"@Qualifiers":"0","#text":"600"},"Version":"0","Level":"4","Task":"6","Opcode":"0","Keywords":"0x80000000000000","TimeCreated":{"@SystemTime":"2024-10-20 16:58:52.0306306"},"EventRecordID":"1118","Correlation":null,"Execution":{"@ProcessID":"0","@ThreadID":"0"},"Channel":"Windows PowerShell","Computer":"Server002","Security":null},"EventData":{"Data":"FileSystem, Started, \tProviderName=FileSystem\r\n\tNewProviderState=Started\r\n\r\n\tSequenceNumber=7\r\n\r\n\tHostName=ConsoleHost\r\n\tHostVersion=5.1.19041.5007\r\n\tHostId=620ac38b-3823-4e87-8309-b3757fda19a0\r\n\tHostApplication=powershell.exe &amp; {Get-Content \"C:\\Users\\ADMIN_~1\\AppData\\Local\\Temp\\file\\data.002\\bin\\data.002.jpg\", \"$env:PUBLIC\\Downloads\\data.002.tarz\" -Encoding byte -ReadCount 0 | Set-Content \"$env:PUBLIC\\Downloads\\data.002New.jpg\" -Encoding byte}\r\n\tEngineVersion=\r\n\tRunspaceId=\r\n\tPipelineId=\r\n\tCommandName=\r\n\tCommandType=\r\n\tScriptName=\r\n\tCommandPath=\r\n\tCommandLine=","Binary":""}}}
{"Event":{"System":{"Provider":{"@Name":"PowerShell"},"EventID":{"@Qualifiers":"0","#text":"600"},"Version":"0","Level":"4","Task":"6","Opcode":"0","Keywords":"0x80000000000000","TimeCreated":{"@SystemTime":"2024-10-20 16:58:52.0306306"},"EventRecordID":"1119","Correlation":null,"Execution":{"@ProcessID":"0","@ThreadID":"0"},"Channel":"Windows PowerShell","Computer":"Server002","Security":null},"EventData":{"Data":"Function, Started, \tProviderName=Function\r\n\tNewProviderState=Started\r\n\r\n\tSequenceNumber=9\r\n\r\n\tHostName=ConsoleHost\r\n\tHostVersion=5.1.19041.5007\r\n\tHostId=620ac38b-3823-4e87-8309-b3757fda19a0\r\n\tHostApplication=powershell.exe &amp; {Get-Content \"C:\\Users\\ADMIN_~1\\AppData\\Local\\Temp\\file\\data.002\\bin\\data.002.jpg\", \"$env:PUBLIC\\Downloads\\data.002.tarz\" -Encoding byte -ReadCount 0 | Set-Content \"$env:PUBLIC\\Downloads\\data.002New.jpg\" -Encoding byte}\r\n\tEngineVersion=\r\n\tRunspaceId=\r\n\tPipelineId=\r\n\tCommandName=\r\n\tCommandType=\r\n\tScriptName=\r\n\tCommandPath=\r\n\tCommandLine=","Binary":""}}}
{"Event":{"System":{"Provider":{"@Name":"PowerShell"},"EventID":{"@Qualifiers":"0","#text":"600"},"Version":"0","Level":"4","Task":"6","Opcode":"0","Keywords":"0x80000000000000","TimeCreated":{"@SystemTime":"2024-10-20 16:58:52.0306306"},"EventRecordID":"1120","Correlation":null,"Execution":{"@ProcessID":"0","@ThreadID":"0"},"Channel":"Windows PowerShell","Computer":"Server002","Security":null},"EventData":{"Data":"Variable, Started, \tProviderName=Variable\r\n\tNewProviderState=Started\r\n\r\n\tSequenceNumber=11\r\n\r\n\tHostName=ConsoleHost\r\n\tHostVersion=5.1.19041.5007\r\n\tHostId=620ac38b-3823-4e87-8309-b3757fda19a0\r\n\tHostApplication=powershell.exe &amp; {Get-Content \"C:\\Users\\ADMIN_~1\\AppData\\Local\\Temp\\file\\data.002\\bin\\data.002.jpg\", \"$env:PUBLIC\\Downloads\\data.002.tarz\" -Encoding byte -ReadCount 0 | Set-Content \"$env:PUBLIC\\Downloads\\data.002New.jpg\" -Encoding byte}\r\n\tEngineVersion=\r\n\tRunspaceId=\r\n\tPipelineId=\r\n\tCommandName=\r\n\tCommandType=\r\n\tScriptName=\r\n\tCommandPath=\r\n\tCommandLine=","Binary":""}}}
{"Event":{"System":{"Provider":{"@Name":"PowerShell"},"EventID":{"@Qualifiers":"0","#text":"400"},"Version":"0","Level":"4","Task":"4","Opcode":"0","Keywords":"0x80000000000000","TimeCreated":{"@SystemTime":"2024-10-20 16:58:52.1947004"},"EventRecordID":"1121","Correlation":null,"Execution":{"@ProcessID":"0","@ThreadID":"0"},"Channel":"Windows PowerShell","Computer":"Server002","Security":null},"EventData":{"Data":"Available, None, \tNewEngineState=Available\r\n\tPreviousEngineState=None\r\n\r\n\tSequenceNumber=13\r\n\r\n\tHostName=ConsoleHost\r\n\tHostVersion=5.1.19041.5007\r\n\tHostId=620ac38b-3823-4e87-8309-b3757fda19a0\r\n\tHostApplication=powershell.exe &amp; {Get-Content \"C:\\Users\\ADMIN_~1\\AppData\\Local\\Temp\\file\\data.002\\bin\\data.002.jpg\", \"$env:PUBLIC\\Downloads\\data.002.tarz\" -Encoding byte -ReadCount 0 | Set-Content \"$env:PUBLIC\\Downloads\\data.002New.jpg\" -Encoding byte}\r\n\tEngineVersion=5.1.19041.5007\r\n\tRunspaceId=6f8910c0-36d4-4ca3-a7a2-ffceef3bf065\r\n\tPipelineId=\r\n\tCommandName=\r\n\tCommandType=\r\n\tScriptName=\r\n\tCommandPath=\r\n\tCommandLine=","Binary":""}}}
{"Event":{"System":{"Provider":{"@Name":"PowerShell"},"EventID":{"@Qualifiers":"0","#text":"403"},"Version":"0","Level":"4","Task":"4","Opcode":"0","Keywords":"0x80000000000000","TimeCreated":{"@SystemTime":"2024-10-20 16:58:52.7100619"},"EventRecordID":"1122","Correlation":null,"Execution":{"@ProcessID":"0","@ThreadID":"0"},"Channel":"Windows PowerShell","Computer":"Server002","Security":null},"EventData":{"Data":"Stopped, Available, \tNewEngineState=Stopped\r\n\tPreviousEngineState=Available\r\n\r\n\tSequenceNumber=15\r\n\r\n\tHostName=ConsoleHost\r\n\tHostVersion=5.1.19041.5007\r\n\tHostId=620ac38b-3823-4e87-8309-b3757fda19a0\r\n\tHostApplication=powershell.exe &amp; {Get-Content \"C:\\Users\\ADMIN_~1\\AppData\\Local\\Temp\\file\\data.002\\bin\\data.002.jpg\", \"$env:PUBLIC\\Downloads\\data.002.tarz\" -Encoding byte -ReadCount 0 | Set-Content \"$env:PUBLIC\\Downloads\\data.002New.jpg\" -Encoding byte}\r\n\tEngineVersion=5.1.19041.5007\r\n\tRunspaceId=6f8910c0-36d4-4ca3-a7a2-ffceef3bf065\r\n\tPipelineId=\r\n\tCommandName=\r\n\tCommandType=\r\n\tScriptName=\r\n\tCommandPath=\r\n\tCommandLine=","Binary":""}}}
