{"Event":{"System":{"Provider":{"@Name":"PowerShell"},"EventID":{"@Qualifiers":"0","#text":"600"},"Version":"0","Level":"4","Task":"6","Opcode":"0","Keywords":"0x80000000000000","TimeCreated":{"@SystemTime":"2024-10-28 13:55:14.9218877"},"EventRecordID":"1067","Correlation":null,"Execution":{"@ProcessID":"0","@ThreadID":"0"},"Channel":"Windows PowerShell","Computer":"Server002","Security":null},"EventData":{"Data":"Registry, Started, \tProviderName=Registry\r\n\tNewProviderState=Started\r\n\r\n\tSequenceNumber=1\r\n\r\n\tHostName=ConsoleHost\r\n\tHostVersion=5.1.19041.5007\r\n\tHostId=4aa75009-e044-49e9-88f8-2e1aa97dadbe\r\n\tHostApplication=powershell.exe &amp; {echo \"test\" &gt; $env:TEMP\\data.004_has_ads_powershell.txt | set-content -path test.txt -stream adstest.txt -value \"test\"\r\nset-content -path $env:TEMP\\data.004_has_ads_powershell.txt -stream adstest.txt -value \"test2\"\r\nset-content -path . -stream adstest.txt -value \"test3\"}\r\n\tEngineVersion=\r\n\tRunspaceId=\r\n\tPipelineId=\r\n\tCommandName=\r\n\tCommandType=\r\n\tScriptName=\r\n\tCommandPath=\r\n\tCommandLine=","Binary":""}}}
{"Event":{"System":{"Provider":{"@Name":"PowerShell"},"EventID":{"@Qualifiers":"0","#text":"600"},"Version":"0","Level":"4","Task":"6","Opcode":"0","Keywords":"0x80000000000000","TimeCreated":{"@SystemTime":"2024-10-28 13:55:14.9418276"},"EventRecordID":"1068","Correlation":null,"Execution":{"@ProcessID":"0","@ThreadID":"0"},"Channel":"Windows PowerShell","Computer":"Server002","Security":null},"EventData":{"Data":"Alias, Started, \tProviderName=Alias\r\n\tNewProviderState=Started\r\n\r\n\tSequenceNumber=3\r\n\r\n\tHostName=ConsoleHost\r\n\tHostVersion=5.1.19041.5007\r\n\tHostId=4aa75009-e044-49e9-88f8-2e1aa97dadbe\r\n\tHostApplication=powershell.exe &amp; {echo \"test\" &gt; $env:TEMP\\data.004_has_ads_powershell.txt | set-content -path test.txt -stream adstest.txt -value \"test\"\r\nset-content -path $env:TEMP\\data.004_has_ads_powershell.txt -stream adstest.txt -value \"test2\"\r\nset-content -path . -stream adstest.txt -value \"test3\"}\r\n\tEngineVersion=\r\n\tRunspaceId=\r\n\tPipelineId=\r\n\tCommandName=\r\n\tCommandType=\r\n\tScriptName=\r\n\tCommandPath=\r\n\tCommandLine=","Binary":""}}}
{"Event":{"System":{"Provider":{"@Name":"PowerShell"},"EventID":{"@Qualifiers":"0","#text":"600"},"Version":"0","Level":"4","Task":"6","Opcode":"0","Keywords":"0x80000000000000","TimeCreated":{"@SystemTime":"2024-10-28 13:55:14.9418276"},"EventRecordID":"1069","Correlation":null,"Execution":{"@ProcessID":"0","@ThreadID":"0"},"Channel":"Windows PowerShell","Computer":"Server002","Security":null},"EventData":{"Data":"Environment, Started, \tProviderName=Environment\r\n\tNewProviderState=Started\r\n\r\n\tSequenceNumber=5\r\n\r\n\tHostName=ConsoleHost\r\n\tHostVersion=5.1.19041.5007\r\n\tHostId=4aa75009-e044-49e9-88f8-2e1aa97dadbe\r\n\tHostApplication=powershell.exe &amp; {echo \"test\" &gt; $env:TEMP\\data.004_has_ads_powershell.txt | set-content -path test.txt -stream adstest.txt -value \"test\"\r\nset-content -path $env:TEMP\\data.004_has_ads_powershell.txt -stream adstest.txt -value \"test2\"\r\nset-content -path . -stream adstest.txt -value \"test3\"}\r\n\tEngineVersion=\r\n\tRunspaceId=\r\n\tPipelineId=\r\n\tCommandName=\r\n\tCommandType=\r\n\tScriptName=\r\n\tCommandPath=\r\n\tCommandLine=","Binary":""}}}
{"Event":{"System":{"Provider":{"@Name":"PowerShell"},"EventID":{"@Qualifiers":"0","#text":"600"},"Version":"0","Level":"4","Task":"6","Opcode":"0","Keywords":"0x80000000000000","TimeCreated":{"@SystemTime":"2024-10-28 13:55:14.9418276"},"EventRecordID":"1070","Correlation":null,"Execution":{"@ProcessID":"0","@ThreadID":"0"},"Channel":"Windows PowerShell","Computer":"Server002","Security":null},"EventData":{"Data":"FileSystem, Started, \tProviderName=FileSystem\r\n\tNewProviderState=Started\r\n\r\n\tSequenceNumber=7\r\n\r\n\tHostName=ConsoleHost\r\n\tHostVersion=5.1.19041.5007\r\n\tHostId=4aa75009-e044-49e9-88f8-2e1aa97dadbe\r\n\tHostApplication=powershell.exe &amp; {echo \"test\" &gt; $env:TEMP\\data.004_has_ads_powershell.txt | set-content -path test.txt -stream adstest.txt -value \"test\"\r\nset-content -path $env:TEMP\\data.004_has_ads_powershell.txt -stream adstest.txt -value \"test2\"\r\nset-content -path . -stream adstest.txt -value \"test3\"}\r\n\tEngineVersion=\r\n\tRunspaceId=\r\n\tPipelineId=\r\n\tCommandName=\r\n\tCommandType=\r\n\tScriptName=\r\n\tCommandPath=\r\n\tCommandLine=","Binary":""}}}
{"Event":{"System":{"Provider":{"@Name":"PowerShell"},"EventID":{"@Qualifiers":"0","#text":"600"},"Version":"0","Level":"4","Task":"6","Opcode":"0","Keywords":"0x80000000000000","TimeCreated":{"@SystemTime":"2024-10-28 13:55:14.9418276"},"EventRecordID":"1071","Correlation":null,"Execution":{"@ProcessID":"0","@ThreadID":"0"},"Channel":"Windows PowerShell","Computer":"Server002","Security":null},"EventData":{"Data":"Function, Started, \tProviderName=Function\r\n\tNewProviderState=Started\r\n\r\n\tSequenceNumber=9\r\n\r\n\tHostName=ConsoleHost\r\n\tHostVersion=5.1.19041.5007\r\n\tHostId=4aa75009-e044-49e9-88f8-2e1aa97dadbe\r\n\tHostApplication=powershell.exe &amp; {echo \"test\" &gt; $env:TEMP\\data.004_has_ads_powershell.txt | set-content -path test.txt -stream adstest.txt -value \"test\"\r\nset-content -path $env:TEMP\\data.004_has_ads_powershell.txt -stream adstest.txt -value \"test2\"\r\nset-content -path . -stream adstest.txt -value \"test3\"}\r\n\tEngineVersion=\r\n\tRunspaceId=\r\n\tPipelineId=\r\n\tCommandName=\r\n\tCommandType=\r\n\tScriptName=\r\n\tCommandPath=\r\n\tCommandLine=","Binary":""}}}
{"Event":{"System":{"Provider":{"@Name":"PowerShell"},"EventID":{"@Qualifiers":"0","#text":"600"},"Version":"0","Level":"4","Task":"6","Opcode":"0","Keywords":"0x80000000000000","TimeCreated":{"@SystemTime":"2024-10-28 13:55:14.9418276"},"EventRecordID":"1072","Correlation":null,"Execution":{"@ProcessID":"0","@ThreadID":"0"},"Channel":"Windows PowerShell","Computer":"Server002","Security":null},"EventData":{"Data":"Variable, Started, \tProviderName=Variable\r\n\tNewProviderState=Started\r\n\r\n\tSequenceNumber=11\r\n\r\n\tHostName=ConsoleHost\r\n\tHostVersion=5.1.19041.5007\r\n\tHostId=4aa75009-e044-49e9-88f8-2e1aa97dadbe\r\n\tHostApplication=powershell.exe &amp; {echo \"test\" &gt; $env:TEMP\\data.004_has_ads_powershell.txt | set-content -path test.txt -stream adstest.txt -value \"test\"\r\nset-content -path $env:TEMP\\data.004_has_ads_powershell.txt -stream adstest.txt -value \"test2\"\r\nset-content -path . -stream adstest.txt -value \"test3\"}\r\n\tEngineVersion=\r\n\tRunspaceId=\r\n\tPipelineId=\r\n\tCommandName=\r\n\tCommandType=\r\n\tScriptName=\r\n\tCommandPath=\r\n\tCommandLine=","Binary":""}}}
{"Event":{"System":{"Provider":{"@Name":"PowerShell"},"EventID":{"@Qualifiers":"0","#text":"400"},"Version":"0","Level":"4","Task":"4","Opcode":"0","Keywords":"0x80000000000000","TimeCreated":{"@SystemTime":"2024-10-28 13:55:15.2662070"},"EventRecordID":"1073","Correlation":null,"Execution":{"@ProcessID":"0","@ThreadID":"0"},"Channel":"Windows PowerShell","Computer":"Server002","Security":null},"EventData":{"Data":"Available, None, \tNewEngineState=Available\r\n\tPreviousEngineState=None\r\n\r\n\tSequenceNumber=13\r\n\r\n\tHostName=ConsoleHost\r\n\tHostVersion=5.1.19041.5007\r\n\tHostId=4aa75009-e044-49e9-88f8-2e1aa97dadbe\r\n\tHostApplication=powershell.exe &amp; {echo \"test\" &gt; $env:TEMP\\data.004_has_ads_powershell.txt | set-content -path test.txt -stream adstest.txt -value \"test\"\r\nset-content -path $env:TEMP\\data.004_has_ads_powershell.txt -stream adstest.txt -value \"test2\"\r\nset-content -path . -stream adstest.txt -value \"test3\"}\r\n\tEngineVersion=5.1.19041.5007\r\n\tRunspaceId=52de9079-32d0-4c1d-bf30-e3a9a917f888\r\n\tPipelineId=\r\n\tCommandName=\r\n\tCommandType=\r\n\tScriptName=\r\n\tCommandPath=\r\n\tCommandLine=","Binary":""}}}
{"Event":{"System":{"Provider":{"@Name":"PowerShell"},"EventID":{"@Qualifiers":"0","#text":"403"},"Version":"0","Level":"4","Task":"4","Opcode":"0","Keywords":"0x80000000000000","TimeCreated":{"@SystemTime":"2024-10-28 13:55:16.3701879"},"EventRecordID":"1074","Correlation":null,"Execution":{"@ProcessID":"0","@ThreadID":"0"},"Channel":"Windows PowerShell","Computer":"Server002","Security":null},"EventData":{"Data":"Stopped, Available, \tNewEngineState=Stopped\r\n\tPreviousEngineState=Available\r\n\r\n\tSequenceNumber=15\r\n\r\n\tHostName=ConsoleHost\r\n\tHostVersion=5.1.19041.5007\r\n\tHostId=4aa75009-e044-49e9-88f8-2e1aa97dadbe\r\n\tHostApplication=powershell.exe &amp; {echo \"test\" &gt; $env:TEMP\\data.004_has_ads_powershell.txt | set-content -path test.txt -stream adstest.txt -value \"test\"\r\nset-content -path $env:TEMP\\data.004_has_ads_powershell.txt -stream adstest.txt -value \"test2\"\r\nset-content -path . -stream adstest.txt -value \"test3\"}\r\n\tEngineVersion=5.1.19041.5007\r\n\tRunspaceId=52de9079-32d0-4c1d-bf30-e3a9a917f888\r\n\tPipelineId=\r\n\tCommandName=\r\n\tCommandType=\r\n\tScriptName=\r\n\tCommandPath=\r\n\tCommandLine=","Binary":""}}}
