{"Event":{"System":{"Provider":{"@Name":"PowerShell"},"EventID":{"@Qualifiers":"0","#text":"600"},"Version":"0","Level":"4","Task":"6","Opcode":"0","Keywords":"0x80000000000000","TimeCreated":{"@SystemTime":"2024-10-24 11:59:08.7722151"},"EventRecordID":"1075","Correlation":null,"Execution":{"@ProcessID":"0","@ThreadID":"0"},"Channel":"Windows PowerShell","Computer":"Server002","Security":null},"EventData":{"Data":"Registry, Started, \tProviderName=Registry\r\n\tNewProviderState=Started\r\n\r\n\tSequenceNumber=1\r\n\r\n\tHostName=ConsoleHost\r\n\tHostVersion=5.1.19041.5007\r\n\tHostId=80012a16-d984-4076-8c1e-349e90035bc8\r\n\tHostApplication=powershell.exe &amp; {$machine_list = \"C:\\Users\\ADMIN_~1\\AppData\\Local\\Temp\\file\\..\\Externalfiles\\dataMachineList.txt\"\r\n$offline_list = \"C:\\Users\\ADMIN_~1\\AppData\\Local\\Temp\\file\\..\\Externalfiles\\dataOfflineHosts.txt\"\r\n$completed_list = \"C:\\Users\\ADMIN_~1\\AppData\\Local\\Temp\\file\\..\\Externalfiles\\dataCompletedHosts.txt\"\r\nforeach ($machine in get-content -path \"$machine_list\")\r\n{if (test-connection -Count 1 -computername $machine -quiet) \r\n{cmd /c copy \"$env:comspec\" \"\\\\$machine\\C$\\Windows\\Temp\\data.exe\"\r\necho $machine &gt;&gt; \"$completed_list\"\r\nwmic /node: \"$machine\" process call create \"regsvr32.exe /i C:\\Windows\\Temp\\data.exe\"}\r\nelse\r\n{echo $machine &gt;&gt; \"$offline_list\"}}}\r\n\tEngineVersion=\r\n\tRunspaceId=\r\n\tPipelineId=\r\n\tCommandName=\r\n\tCommandType=\r\n\tScriptName=\r\n\tCommandPath=\r\n\tCommandLine=","Binary":""}}}
{"Event":{"System":{"Provider":{"@Name":"PowerShell"},"EventID":{"@Qualifiers":"0","#text":"600"},"Version":"0","Level":"4","Task":"6","Opcode":"0","Keywords":"0x80000000000000","TimeCreated":{"@SystemTime":"2024-10-24 11:59:08.7722151"},"EventRecordID":"1076","Correlation":null,"Execution":{"@ProcessID":"0","@ThreadID":"0"},"Channel":"Windows PowerShell","Computer":"Server002","Security":null},"EventData":{"Data":"Alias, Started, \tProviderName=Alias\r\n\tNewProviderState=Started\r\n\r\n\tSequenceNumber=3\r\n\r\n\tHostName=ConsoleHost\r\n\tHostVersion=5.1.19041.5007\r\n\tHostId=80012a16-d984-4076-8c1e-349e90035bc8\r\n\tHostApplication=powershell.exe &amp; {$machine_list = \"C:\\Users\\ADMIN_~1\\AppData\\Local\\Temp\\file\\..\\Externalfiles\\dataMachineList.txt\"\r\n$offline_list = \"C:\\Users\\ADMIN_~1\\AppData\\Local\\Temp\\file\\..\\Externalfiles\\dataOfflineHosts.txt\"\r\n$completed_list = \"C:\\Users\\ADMIN_~1\\AppData\\Local\\Temp\\file\\..\\Externalfiles\\dataCompletedHosts.txt\"\r\nforeach ($machine in get-content -path \"$machine_list\")\r\n{if (test-connection -Count 1 -computername $machine -quiet) \r\n{cmd /c copy \"$env:comspec\" \"\\\\$machine\\C$\\Windows\\Temp\\data.exe\"\r\necho $machine &gt;&gt; \"$completed_list\"\r\nwmic /node: \"$machine\" process call create \"regsvr32.exe /i C:\\Windows\\Temp\\data.exe\"}\r\nelse\r\n{echo $machine &gt;&gt; \"$offline_list\"}}}\r\n\tEngineVersion=\r\n\tRunspaceId=\r\n\tPipelineId=\r\n\tCommandName=\r\n\tCommandType=\r\n\tScriptName=\r\n\tCommandPath=\r\n\tCommandLine=","Binary":""}}}
{"Event":{"System":{"Provider":{"@Name":"PowerShell"},"EventID":{"@Qualifiers":"0","#text":"600"},"Version":"0","Level":"4","Task":"6","Opcode":"0","Keywords":"0x80000000000000","TimeCreated":{"@SystemTime":"2024-10-24 11:59:08.7863316"},"EventRecordID":"1077","Correlation":null,"Execution":{"@ProcessID":"0","@ThreadID":"0"},"Channel":"Windows PowerShell","Computer":"Server002","Security":null},"EventData":{"Data":"Environment, Started, \tProviderName=Environment\r\n\tNewProviderState=Started\r\n\r\n\tSequenceNumber=5\r\n\r\n\tHostName=ConsoleHost\r\n\tHostVersion=5.1.19041.5007\r\n\tHostId=80012a16-d984-4076-8c1e-349e90035bc8\r\n\tHostApplication=powershell.exe &amp; {$machine_list = \"C:\\Users\\ADMIN_~1\\AppData\\Local\\Temp\\file\\..\\Externalfiles\\dataMachineList.txt\"\r\n$offline_list = \"C:\\Users\\ADMIN_~1\\AppData\\Local\\Temp\\file\\..\\Externalfiles\\dataOfflineHosts.txt\"\r\n$completed_list = \"C:\\Users\\ADMIN_~1\\AppData\\Local\\Temp\\file\\..\\Externalfiles\\dataCompletedHosts.txt\"\r\nforeach ($machine in get-content -path \"$machine_list\")\r\n{if (test-connection -Count 1 -computername $machine -quiet) \r\n{cmd /c copy \"$env:comspec\" \"\\\\$machine\\C$\\Windows\\Temp\\data.exe\"\r\necho $machine &gt;&gt; \"$completed_list\"\r\nwmic /node: \"$machine\" process call create \"regsvr32.exe /i C:\\Windows\\Temp\\data.exe\"}\r\nelse\r\n{echo $machine &gt;&gt; \"$offline_list\"}}}\r\n\tEngineVersion=\r\n\tRunspaceId=\r\n\tPipelineId=\r\n\tCommandName=\r\n\tCommandType=\r\n\tScriptName=\r\n\tCommandPath=\r\n\tCommandLine=","Binary":""}}}
{"Event":{"System":{"Provider":{"@Name":"PowerShell"},"EventID":{"@Qualifiers":"0","#text":"600"},"Version":"0","Level":"4","Task":"6","Opcode":"0","Keywords":"0x80000000000000","TimeCreated":{"@SystemTime":"2024-10-24 11:59:08.8015755"},"EventRecordID":"1078","Correlation":null,"Execution":{"@ProcessID":"0","@ThreadID":"0"},"Channel":"Windows PowerShell","Computer":"Server002","Security":null},"EventData":{"Data":"FileSystem, Started, \tProviderName=FileSystem\r\n\tNewProviderState=Started\r\n\r\n\tSequenceNumber=7\r\n\r\n\tHostName=ConsoleHost\r\n\tHostVersion=5.1.19041.5007\r\n\tHostId=80012a16-d984-4076-8c1e-349e90035bc8\r\n\tHostApplication=powershell.exe &amp; {$machine_list = \"C:\\Users\\ADMIN_~1\\AppData\\Local\\Temp\\file\\..\\Externalfiles\\dataMachineList.txt\"\r\n$offline_list = \"C:\\Users\\ADMIN_~1\\AppData\\Local\\Temp\\file\\..\\Externalfiles\\dataOfflineHosts.txt\"\r\n$completed_list = \"C:\\Users\\ADMIN_~1\\AppData\\Local\\Temp\\file\\..\\Externalfiles\\dataCompletedHosts.txt\"\r\nforeach ($machine in get-content -path \"$machine_list\")\r\n{if (test-connection -Count 1 -computername $machine -quiet) \r\n{cmd /c copy \"$env:comspec\" \"\\\\$machine\\C$\\Windows\\Temp\\data.exe\"\r\necho $machine &gt;&gt; \"$completed_list\"\r\nwmic /node: \"$machine\" process call create \"regsvr32.exe /i C:\\Windows\\Temp\\data.exe\"}\r\nelse\r\n{echo $machine &gt;&gt; \"$offline_list\"}}}\r\n\tEngineVersion=\r\n\tRunspaceId=\r\n\tPipelineId=\r\n\tCommandName=\r\n\tCommandType=\r\n\tScriptName=\r\n\tCommandPath=\r\n\tCommandLine=","Binary":""}}}
{"Event":{"System":{"Provider":{"@Name":"PowerShell"},"EventID":{"@Qualifiers":"0","#text":"600"},"Version":"0","Level":"4","Task":"6","Opcode":"0","Keywords":"0x80000000000000","TimeCreated":{"@SystemTime":"2024-10-24 11:59:08.8015755"},"EventRecordID":"1079","Correlation":null,"Execution":{"@ProcessID":"0","@ThreadID":"0"},"Channel":"Windows PowerShell","Computer":"Server002","Security":null},"EventData":{"Data":"Function, Started, \tProviderName=Function\r\n\tNewProviderState=Started\r\n\r\n\tSequenceNumber=9\r\n\r\n\tHostName=ConsoleHost\r\n\tHostVersion=5.1.19041.5007\r\n\tHostId=80012a16-d984-4076-8c1e-349e90035bc8\r\n\tHostApplication=powershell.exe &amp; {$machine_list = \"C:\\Users\\ADMIN_~1\\AppData\\Local\\Temp\\file\\..\\Externalfiles\\dataMachineList.txt\"\r\n$offline_list = \"C:\\Users\\ADMIN_~1\\AppData\\Local\\Temp\\file\\..\\Externalfiles\\dataOfflineHosts.txt\"\r\n$completed_list = \"C:\\Users\\ADMIN_~1\\AppData\\Local\\Temp\\file\\..\\Externalfiles\\dataCompletedHosts.txt\"\r\nforeach ($machine in get-content -path \"$machine_list\")\r\n{if (test-connection -Count 1 -computername $machine -quiet) \r\n{cmd /c copy \"$env:comspec\" \"\\\\$machine\\C$\\Windows\\Temp\\data.exe\"\r\necho $machine &gt;&gt; \"$completed_list\"\r\nwmic /node: \"$machine\" process call create \"regsvr32.exe /i C:\\Windows\\Temp\\data.exe\"}\r\nelse\r\n{echo $machine &gt;&gt; \"$offline_list\"}}}\r\n\tEngineVersion=\r\n\tRunspaceId=\r\n\tPipelineId=\r\n\tCommandName=\r\n\tCommandType=\r\n\tScriptName=\r\n\tCommandPath=\r\n\tCommandLine=","Binary":""}}}
{"Event":{"System":{"Provider":{"@Name":"PowerShell"},"EventID":{"@Qualifiers":"0","#text":"600"},"Version":"0","Level":"4","Task":"6","Opcode":"0","Keywords":"0x80000000000000","TimeCreated":{"@SystemTime":"2024-10-24 11:59:08.8015755"},"EventRecordID":"1080","Correlation":null,"Execution":{"@ProcessID":"0","@ThreadID":"0"},"Channel":"Windows PowerShell","Computer":"Server002","Security":null},"EventData":{"Data":"Variable, Started, \tProviderName=Variable\r\n\tNewProviderState=Started\r\n\r\n\tSequenceNumber=11\r\n\r\n\tHostName=ConsoleHost\r\n\tHostVersion=5.1.19041.5007\r\n\tHostId=80012a16-d984-4076-8c1e-349e90035bc8\r\n\tHostApplication=powershell.exe &amp; {$machine_list = \"C:\\Users\\ADMIN_~1\\AppData\\Local\\Temp\\file\\..\\Externalfiles\\dataMachineList.txt\"\r\n$offline_list = \"C:\\Users\\ADMIN_~1\\AppData\\Local\\Temp\\file\\..\\Externalfiles\\dataOfflineHosts.txt\"\r\n$completed_list = \"C:\\Users\\ADMIN_~1\\AppData\\Local\\Temp\\file\\..\\Externalfiles\\dataCompletedHosts.txt\"\r\nforeach ($machine in get-content -path \"$machine_list\")\r\n{if (test-connection -Count 1 -computername $machine -quiet) \r\n{cmd /c copy \"$env:comspec\" \"\\\\$machine\\C$\\Windows\\Temp\\data.exe\"\r\necho $machine &gt;&gt; \"$completed_list\"\r\nwmic /node: \"$machine\" process call create \"regsvr32.exe /i C:\\Windows\\Temp\\data.exe\"}\r\nelse\r\n{echo $machine &gt;&gt; \"$offline_list\"}}}\r\n\tEngineVersion=\r\n\tRunspaceId=\r\n\tPipelineId=\r\n\tCommandName=\r\n\tCommandType=\r\n\tScriptName=\r\n\tCommandPath=\r\n\tCommandLine=","Binary":""}}}
{"Event":{"System":{"Provider":{"@Name":"PowerShell"},"EventID":{"@Qualifiers":"0","#text":"400"},"Version":"0","Level":"4","Task":"4","Opcode":"0","Keywords":"0x80000000000000","TimeCreated":{"@SystemTime":"2024-10-24 11:59:09.0446814"},"EventRecordID":"1081","Correlation":null,"Execution":{"@ProcessID":"0","@ThreadID":"0"},"Channel":"Windows PowerShell","Computer":"Server002","Security":null},"EventData":{"Data":"Available, None, \tNewEngineState=Available\r\n\tPreviousEngineState=None\r\n\r\n\tSequenceNumber=13\r\n\r\n\tHostName=ConsoleHost\r\n\tHostVersion=5.1.19041.5007\r\n\tHostId=80012a16-d984-4076-8c1e-349e90035bc8\r\n\tHostApplication=powershell.exe &amp; {$machine_list = \"C:\\Users\\ADMIN_~1\\AppData\\Local\\Temp\\file\\..\\Externalfiles\\dataMachineList.txt\"\r\n$offline_list = \"C:\\Users\\ADMIN_~1\\AppData\\Local\\Temp\\file\\..\\Externalfiles\\dataOfflineHosts.txt\"\r\n$completed_list = \"C:\\Users\\ADMIN_~1\\AppData\\Local\\Temp\\file\\..\\Externalfiles\\dataCompletedHosts.txt\"\r\nforeach ($machine in get-content -path \"$machine_list\")\r\n{if (test-connection -Count 1 -computername $machine -quiet) \r\n{cmd /c copy \"$env:comspec\" \"\\\\$machine\\C$\\Windows\\Temp\\data.exe\"\r\necho $machine &gt;&gt; \"$completed_list\"\r\nwmic /node: \"$machine\" process call create \"regsvr32.exe /i C:\\Windows\\Temp\\data.exe\"}\r\nelse\r\n{echo $machine &gt;&gt; \"$offline_list\"}}}\r\n\tEngineVersion=5.1.19041.5007\r\n\tRunspaceId=3d37d038-b6b7-41bb-8472-bb21c3305492\r\n\tPipelineId=\r\n\tCommandName=\r\n\tCommandType=\r\n\tScriptName=\r\n\tCommandPath=\r\n\tCommandLine=","Binary":""}}}
{"Event":{"System":{"Provider":{"@Name":"PowerShell"},"EventID":{"@Qualifiers":"0","#text":"403"},"Version":"0","Level":"4","Task":"4","Opcode":"0","Keywords":"0x80000000000000","TimeCreated":{"@SystemTime":"2024-10-24 11:59:09.9195957"},"EventRecordID":"1082","Correlation":null,"Execution":{"@ProcessID":"0","@ThreadID":"0"},"Channel":"Windows PowerShell","Computer":"Server002","Security":null},"EventData":{"Data":"Stopped, Available, \tNewEngineState=Stopped\r\n\tPreviousEngineState=Available\r\n\r\n\tSequenceNumber=15\r\n\r\n\tHostName=ConsoleHost\r\n\tHostVersion=5.1.19041.5007\r\n\tHostId=80012a16-d984-4076-8c1e-349e90035bc8\r\n\tHostApplication=powershell.exe &amp; {$machine_list = \"C:\\Users\\ADMIN_~1\\AppData\\Local\\Temp\\file\\..\\Externalfiles\\dataMachineList.txt\"\r\n$offline_list = \"C:\\Users\\ADMIN_~1\\AppData\\Local\\Temp\\file\\..\\Externalfiles\\dataOfflineHosts.txt\"\r\n$completed_list = \"C:\\Users\\ADMIN_~1\\AppData\\Local\\Temp\\file\\..\\Externalfiles\\dataCompletedHosts.txt\"\r\nforeach ($machine in get-content -path \"$machine_list\")\r\n{if (test-connection -Count 1 -computername $machine -quiet) \r\n{cmd /c copy \"$env:comspec\" \"\\\\$machine\\C$\\Windows\\Temp\\data.exe\"\r\necho $machine &gt;&gt; \"$completed_list\"\r\nwmic /node: \"$machine\" process call create \"regsvr32.exe /i C:\\Windows\\Temp\\data.exe\"}\r\nelse\r\n{echo $machine &gt;&gt; \"$offline_list\"}}}\r\n\tEngineVersion=5.1.19041.5007\r\n\tRunspaceId=3d37d038-b6b7-41bb-8472-bb21c3305492\r\n\tPipelineId=\r\n\tCommandName=\r\n\tCommandType=\r\n\tScriptName=\r\n\tCommandPath=\r\n\tCommandLine=","Binary":""}}}
