

{"Event":{"System":{"Provider":{"@Name":"Microsoft-Windows-WindowsUpdateClient","@Guid":"945a8954-c147-4acd-923f-40c45405a658"},"EventID":"19","Version":"1","Level":"4","Task":"1","Opcode":"13","Keywords":"0x8000000000000018","TimeCreated":{"@SystemTime":"2024-10-20 20:55:21.6884467"},"EventRecordID":"3563","Correlation":null,"Execution":{"@ProcessID":"4448","@ThreadID":"2748"},"Channel":"System","Computer":"Server002","Security":{"@UserID":"S-1-5-18"}},"EventData":{"Data":[{"@Name":"updateTitle","#text":"2024-10 Update for Windows 10 Version 22H2 for x64-based Systems (KB5001716)"},{"@Name":"updateGuid","#text":"da899a52-6192-4d3a-b76d-53b212b02e6d"},{"@Name":"updateRevisionNumber","#text":"200"},{"@Name":"serviceGuid","#text":"9482f4b4-e343-43b6-b170-9a65bc822c77"}]}}}
{"Event":{"System":{"Provider":{"@Name":"Microsoft-Windows-Kernel-General","@Guid":"a68ca8b7-004f-d7b6-a698-07e2de0f1f5d"},"EventID":"15","Version":"0","Level":"4","Task":"10","Opcode":"0","Keywords":"0x8000000000000000","TimeCreated":{"@SystemTime":"2024-10-20 20:55:26.0711354"},"EventRecordID":"3564","Correlation":null,"Execution":{"@ProcessID":"1752","@ThreadID":"4304"},"Channel":"System","Computer":"Server002","Security":{"@UserID":"S-1-5-18"}},"EventData":{"Data":[{"@Name":"HiveNameLength","#text":"41"},{"@Name":"HiveName","#text":"\\??\\C:\\Windows\\System32\\config\\COMPONENTS"},{"@Name":"OriginalSize","#text":"54558720"},{"@Name":"NewSize","#text":"43536384"}]}}}
{"Event":{"System":{"Provider":{"@Name":"Microsoft-Windows-Kernel-General","@Guid":"a68ca8b7-004f-d7b6-a698-07e2de0f1f5d"},"EventID":"24","Version":"0","Level":"4","Task":"11","Opcode":"0","Keywords":"0x8000000000000010","TimeCreated":{"@SystemTime":"2024-10-20 20:55:23.6123863"},"EventRecordID":"3565","Correlation":null,"Execution":{"@ProcessID":"4996","@ThreadID":"5080"},"Channel":"System","Computer":"Server002","Security":{"@UserID":"S-1-5-19"}},"EventData":{"Data":[{"@Name":"ExitReason","#text":"0"},{"@Name":"CurrentBias","#text":"-60"},{"@Name":"CurrentTimeZoneID","#text":"2"},{"@Name":"TimeZoneInfoCacheUpdated","#text":"0"},{"@Name":"FirstRefresh","#text":"0"}]}}}
{"Event":{"System":{"Provider":{"@Name":"Microsoft-Windows-Kernel-General","@Guid":"a68ca8b7-004f-d7b6-a698-07e2de0f1f5d"},"EventID":"1","Version":"2","Level":"4","Task":"5","Opcode":"0","Keywords":"0x8000000000000010","TimeCreated":{"@SystemTime":"2024-10-20 20:55:23.6126580"},"EventRecordID":"3566","Correlation":null,"Execution":{"@ProcessID":"4996","@ThreadID":"5080"},"Channel":"System","Computer":"Server002","Security":{"@UserID":"S-1-5-19"}},"EventData":{"Data":[{"@Name":"NewTime","#text":"2024-10-20 20:55:23.6122209"},{"@Name":"OldTime","#text":"2024-10-20 20:55:26.0877713"},{"@Name":"Reason","#text":"1"},{"@Name":"ProcessName","#text":"\\Device\\HarddiskVolume2\\Windows\\System32\\svchost.exe"},{"@Name":"ProcessID","#text":"4996"}]}}}
{"Event":{"System":{"Provider":{"@Name":"Microsoft-Windows-Time-Service","@Guid":"06edcfeb-0fd0-4e53-acca-a6f8bbf81bcb"},"EventID":"35","Version":"0","Level":"4","Task":"0","Opcode":"0","Keywords":"0x8000000000000000","TimeCreated":{"@SystemTime":"2024-10-20 20:55:23.6131771"},"EventRecordID":"3567","Correlation":null,"Execution":{"@ProcessID":"4996","@ThreadID":"5504"},"Channel":"System","Computer":"Server002","Security":{"@UserID":"S-1-5-19"}},"EventData":{"@Name":"TMP_EVENT_TIME_SOURCE_CHOSEN","Data":[{"@Name":"TimeSource","#text":"time.windows.com,0x9 (ntp.m|0x9|0.0.0.0:123-&gt;20.101.57.9:123)"},{"@Name":"TimeSourceRefId","#text":"154756372"},{"@Name":"CurrentStratumNumber","#text":"4"}]}}}
{"Event":{"System":{"Provider":{"@Name":"Microsoft-Windows-Kernel-General","@Guid":"a68ca8b7-004f-d7b6-a698-07e2de0f1f5d"},"EventID":"24","Version":"0","Level":"4","Task":"11","Opcode":"0","Keywords":"0x8000000000000010","TimeCreated":{"@SystemTime":"2024-10-20 20:55:23.6134226"},"EventRecordID":"3568","Correlation":null,"Execution":{"@ProcessID":"4996","@ThreadID":"5080"},"Channel":"System","Computer":"Server002","Security":{"@UserID":"S-1-5-19"}},"EventData":{"Data":[{"@Name":"ExitReason","#text":"0"},{"@Name":"CurrentBias","#text":"-60"},{"@Name":"CurrentTimeZoneID","#text":"2"},{"@Name":"TimeZoneInfoCacheUpdated","#text":"0"},{"@Name":"FirstRefresh","#text":"0"}]}}}
{"Event":{"System":{"Provider":{"@Name":"Microsoft-Windows-Kernel-General","@Guid":"a68ca8b7-004f-d7b6-a698-07e2de0f1f5d"},"EventID":"1","Version":"2","Level":"4","Task":"5","Opcode":"0","Keywords":"0x8000000000000010","TimeCreated":{"@SystemTime":"2024-10-20 20:55:23.6135251"},"EventRecordID":"3569","Correlation":null,"Execution":{"@ProcessID":"4996","@ThreadID":"5080"},"Channel":"System","Computer":"Server002","Security":{"@UserID":"S-1-5-19"}},"EventData":{"Data":[{"@Name":"NewTime","#text":"2024-10-20 20:55:23.6132904"},{"@Name":"OldTime","#text":"2024-10-20 20:55:23.6122209"},{"@Name":"Reason","#text":"1"},{"@Name":"ProcessName","#text":"\\Device\\HarddiskVolume2\\Windows\\System32\\svchost.exe"},{"@Name":"ProcessID","#text":"4996"}]}}}
{"Event":{"System":{"Provider":{"@Name":"Microsoft-Windows-WindowsUpdateClient","@Guid":"945a8954-c147-4acd-923f-40c45405a658"},"EventID":"44","Version":"1","Level":"4","Task":"1","Opcode":"12","Keywords":"0x8000000000002004","TimeCreated":{"@SystemTime":"2024-10-20 20:55:37.1211132"},"EventRecordID":"3570","Correlation":null,"Execution":{"@ProcessID":"4448","@ThreadID":"4176"},"Channel":"System","Computer":"Server002","Security":{"@UserID":"S-1-5-18"}},"EventData":{"Data":[{"@Name":"updateTitle","#text":"Security Intelligence Update for Microsoft Defender Antivirus - KB2267602 (Version 1.419.608.0) - Current Channel (Broad)"},{"@Name":"updateGuid","#text":"249560cd-5fe5-4592-a627-47c979797583"},{"@Name":"updateRevisionNumber","#text":"200"}]}}}
{"Event":{"System":{"Provider":{"@Name":"Microsoft-Windows-WindowsUpdateClient","@Guid":"945a8954-c147-4acd-923f-40c45405a658"},"EventID":"43","Version":"1","Level":"4","Task":"1","Opcode":"13","Keywords":"0x8000000000002008","TimeCreated":{"@SystemTime":"2024-10-20 20:55:37.9614954"},"EventRecordID":"3571","Correlation":null,"Execution":{"@ProcessID":"4448","@ThreadID":"2748"},"Channel":"System","Computer":"Server002","Security":{"@UserID":"S-1-5-18"}},"EventData":{"Data":[{"@Name":"updateTitle","#text":"Security Intelligence Update for Microsoft Defender Antivirus - KB2267602 (Version 1.419.608.0) - Current Channel (Broad)"},{"@Name":"updateGuid","#text":"249560cd-5fe5-4592-a627-47c979797583"},{"@Name":"updateRevisionNumber","#text":"200"}]}}}
