
{"Event":{"System":{"Provider":{"@Name":"Microsoft-Windows-Security-Auditing","@Guid":"54849625-5478-4994-a5ba-3e3b0328c30d"},"EventID":"4624","Version":"2","Level":"0","Task":"12544","Opcode":"0","Keywords":"0x8020000000000000","TimeCreated":{"@SystemTime":"2024-10-20 20:55:23.2606500"},"EventRecordID":"30333","Correlation":{"@ActivityID":"d774116d-2342-0001-ab12-74d74223db01"},"Execution":{"@ProcessID":"680","@ThreadID":"784"},"Channel":"Security","Computer":"Server002","Security":null},"EventData":{"Data":[{"@Name":"SubjectUserSid","#text":"S-1-5-18"},{"@Name":"SubjectUserName","#text":"SERVER002$"},{"@Name":"SubjectDomainName","#text":"WORKGROUP"},{"@Name":"SubjectLogonId","#text":"0x3E7"},{"@Name":"TargetUserSid","#text":"S-1-5-18"},{"@Name":"TargetUserName","#text":"SYSTEM"},{"@Name":"TargetDomainName","#text":"NT AUTHORITY"},{"@Name":"TargetLogonId","#text":"0x3E7"},{"@Name":"LogonType","#text":"5"},{"@Name":"LogonProcessName","#text":"Advapi  "},{"@Name":"AuthenticationPackageName","#text":"Negotiate"},{"@Name":"WorkstationName","#text":"-"},{"@Name":"LogonGuid","#text":"00000000-0000-0000-0000-000000000000"},{"@Name":"TransmittedServices","#text":"-"},{"@Name":"LmPackageName","#text":"-"},{"@Name":"KeyLength","#text":"0"},{"@Name":"ProcessId","#text":"0x29C"},{"@Name":"ProcessName","#text":"C:\\Windows\\System32\\services.exe"},{"@Name":"IpAddress","#text":"-"},{"@Name":"IpPort","#text":"-"},{"@Name":"ImpersonationLevel","#text":"%%1833"},{"@Name":"RestrictedAdminMode","#text":"-"},{"@Name":"TargetOutboundUserName","#text":"-"},{"@Name":"TargetOutboundDomainName","#text":"-"},{"@Name":"VirtualAccount","#text":"%%1843"},{"@Name":"TargetLinkedLogonId","#text":"0x0"},{"@Name":"ElevatedToken","#text":"%%1842"}]}}}
{"Event":{"System":{"Provider":{"@Name":"Microsoft-Windows-Security-Auditing","@Guid":"54849625-5478-4994-a5ba-3e3b0328c30d"},"EventID":"4672","Version":"0","Level":"0","Task":"12548","Opcode":"0","Keywords":"0x8020000000000000","TimeCreated":{"@SystemTime":"2024-10-20 20:55:23.2606535"},"EventRecordID":"30334","Correlation":{"@ActivityID":"d774116d-2342-0001-ab12-74d74223db01"},"Execution":{"@ProcessID":"680","@ThreadID":"784"},"Channel":"Security","Computer":"Server002","Security":null},"EventData":{"Data":[{"@Name":"SubjectUserSid","#text":"S-1-5-18"},{"@Name":"SubjectUserName","#text":"SYSTEM"},{"@Name":"SubjectDomainName","#text":"NT AUTHORITY"},{"@Name":"SubjectLogonId","#text":"0x3E7"},{"@Name":"PrivilegeList","#text":"SeAssignPrimaryTokenPrivilege, SeTcbPrivilege, SeSecurityPrivilege, SeTakeOwnershipPrivilege, SeLoadDriverPrivilege, SeBackupPrivilege, SeRestorePrivilege, SeDebugPrivilege, SeAuditPrivilege, SeSystemEnvironmentPrivilege, SeImpersonatePrivilege, SeDelegateSessionUserImpersonatePrivilege"}]}}}
{"Event":{"System":{"Provider":{"@Name":"Microsoft-Windows-Security-Auditing","@Guid":"54849625-5478-4994-a5ba-3e3b0328c30d"},"EventID":"4616","Version":"1","Level":"0","Task":"12288","Opcode":"0","Keywords":"0x8020000000000000","TimeCreated":{"@SystemTime":"2024-10-20 20:55:23.6128422"},"EventRecordID":"30335","Correlation":null,"Execution":{"@ProcessID":"4","@ThreadID":"2188"},"Channel":"Security","Computer":"Server002","Security":null},"EventData":{"Data":[{"@Name":"SubjectUserSid","#text":"S-1-5-19"},{"@Name":"SubjectUserName","#text":"LOCAL SERVICE"},{"@Name":"SubjectDomainName","#text":"NT AUTHORITY"},{"@Name":"SubjectLogonId","#text":"0x3E5"},{"@Name":"PreviousTime","#text":"2024-10-20 20:55:26.0877713"},{"@Name":"NewTime","#text":"2024-10-20 20:55:23.6122209"},{"@Name":"ProcessId","#text":"0x1384"},{"@Name":"ProcessName","#text":"C:\\Windows\\System32\\svchost.exe"}]}}}
{"Event":{"System":{"Provider":{"@Name":"Microsoft-Windows-Security-Auditing","@Guid":"54849625-5478-4994-a5ba-3e3b0328c30d"},"EventID":"4616","Version":"1","Level":"0","Task":"12288","Opcode":"0","Keywords":"0x8020000000000000","TimeCreated":{"@SystemTime":"2024-10-20 20:55:23.6138635"},"EventRecordID":"30336","Correlation":null,"Execution":{"@ProcessID":"4","@ThreadID":"2188"},"Channel":"Security","Computer":"Server002","Security":null},"EventData":{"Data":[{"@Name":"SubjectUserSid","#text":"S-1-5-19"},{"@Name":"SubjectUserName","#text":"LOCAL SERVICE"},{"@Name":"SubjectDomainName","#text":"NT AUTHORITY"},{"@Name":"SubjectLogonId","#text":"0x3E5"},{"@Name":"PreviousTime","#text":"2024-10-20 20:55:23.6122209"},{"@Name":"NewTime","#text":"2024-10-20 20:55:23.6132904"},{"@Name":"ProcessId","#text":"0x1384"},{"@Name":"ProcessName","#text":"C:\\Windows\\System32\\svchost.exe"}]}}}
{"Event":{"System":{"Provider":{"@Name":"Microsoft-Windows-Security-Auditing","@Guid":"54849625-5478-4994-a5ba-3e3b0328c30d"},"EventID":"5379","Version":"0","Level":"0","Task":"13824","Opcode":"0","Keywords":"0x8020000000000000","TimeCreated":{"@SystemTime":"2024-10-20 20:55:28.0137383"},"EventRecordID":"30337","Correlation":{"@ActivityID":"d774116d-2342-0001-ab12-74d74223db01"},"Execution":{"@ProcessID":"680","@ThreadID":"736"},"Channel":"Security","Computer":"Server002","Security":null},"EventData":{"Data":[{"@Name":"SubjectUserSid","#text":"S-1-5-18"},{"@Name":"SubjectUserName","#text":"SERVER002$"},{"@Name":"SubjectDomainName","#text":"WORKGROUP"},{"@Name":"SubjectLogonId","#text":"0x3E7"},{"@Name":"TargetName","#text":"MicrosoftAccount:user=02txoixylodcstop"},{"@Name":"Type","#text":"0"},{"@Name":"CountOfCredentialsReturned","#text":"0"},{"@Name":"ReadOperation","#text":"%%8100"},{"@Name":"ReturnCode","#text":"3221226021"},{"@Name":"ProcessCreationTime","#text":"2024-10-20 20:53:42.4747551"},{"@Name":"ClientProcessId","#text":"4292"}]}}}
{"Event":{"System":{"Provider":{"@Name":"Microsoft-Windows-Security-Auditing","@Guid":"54849625-5478-4994-a5ba-3e3b0328c30d"},"EventID":"5379","Version":"0","Level":"0","Task":"13824","Opcode":"0","Keywords":"0x8020000000000000","TimeCreated":{"@SystemTime":"2024-10-20 20:55:28.0137985"},"EventRecordID":"30338","Correlation":{"@ActivityID":"d774116d-2342-0001-ab12-74d74223db01"},"Execution":{"@ProcessID":"680","@ThreadID":"736"},"Channel":"Security","Computer":"Server002","Security":null},"EventData":{"Data":[{"@Name":"SubjectUserSid","#text":"S-1-5-18"},{"@Name":"SubjectUserName","#text":"SERVER002$"},{"@Name":"SubjectDomainName","#text":"WORKGROUP"},{"@Name":"SubjectLogonId","#text":"0x3E7"},{"@Name":"TargetName","#text":"WindowsLive:(token):name=02txoixylodcstop;serviceuri=*"},{"@Name":"Type","#text":"0"},{"@Name":"CountOfCredentialsReturned","#text":"0"},{"@Name":"ReadOperation","#text":"%%8100"},{"@Name":"ReturnCode","#text":"3221226021"},{"@Name":"ProcessCreationTime","#text":"2024-10-20 20:53:42.4747551"},{"@Name":"ClientProcessId","#text":"4292"}]}}}
{"Event":{"System":{"Provider":{"@Name":"Microsoft-Windows-Security-Auditing","@Guid":"54849625-5478-4994-a5ba-3e3b0328c30d"},"EventID":"5379","Version":"0","Level":"0","Task":"13824","Opcode":"0","Keywords":"0x8020000000000000","TimeCreated":{"@SystemTime":"2024-10-20 20:55:28.0143938"},"EventRecordID":"30339","Correlation":{"@ActivityID":"d774116d-2342-0001-ab12-74d74223db01"},"Execution":{"@ProcessID":"680","@ThreadID":"736"},"Channel":"Security","Computer":"Server002","Security":null},"EventData":{"Data":[{"@Name":"SubjectUserSid","#text":"S-1-5-18"},{"@Name":"SubjectUserName","#text":"SERVER002$"},{"@Name":"SubjectDomainName","#text":"WORKGROUP"},{"@Name":"SubjectLogonId","#text":"0x3E7"},{"@Name":"TargetName","#text":"WindowsLive:(cert):name=02txoixylodcstop;serviceuri=*"},{"@Name":"Type","#text":"0"},{"@Name":"CountOfCredentialsReturned","#text":"0"},{"@Name":"ReadOperation","#text":"%%8100"},{"@Name":"ReturnCode","#text":"3221226021"},{"@Name":"ProcessCreationTime","#text":"2024-10-20 20:53:42.4747551"},{"@Name":"ClientProcessId","#text":"4292"}]}}}
{"Event":{"System":{"Provider":{"@Name":"Microsoft-Windows-Security-Auditing","@Guid":"54849625-5478-4994-a5ba-3e3b0328c30d"},"EventID":"5379","Version":"0","Level":"0","Task":"13824","Opcode":"0","Keywords":"0x8020000000000000","TimeCreated":{"@SystemTime":"2024-10-20 20:55:28.3355526"},"EventRecordID":"30340","Correlation":{"@ActivityID":"d774116d-2342-0001-ab12-74d74223db01"},"Execution":{"@ProcessID":"680","@ThreadID":"736"},"Channel":"Security","Computer":"Server002","Security":null},"EventData":{"Data":[{"@Name":"SubjectUserSid","#text":"S-1-5-18"},{"@Name":"SubjectUserName","#text":"SERVER002$"},{"@Name":"SubjectDomainName","#text":"WORKGROUP"},{"@Name":"SubjectLogonId","#text":"0x3E7"},{"@Name":"TargetName","#text":"MicrosoftAccount:user=02txoixylodcstop"},{"@Name":"Type","#text":"0"},{"@Name":"CountOfCredentialsReturned","#text":"0"},{"@Name":"ReadOperation","#text":"%%8100"},{"@Name":"ReturnCode","#text":"3221226021"},{"@Name":"ProcessCreationTime","#text":"2024-10-20 20:53:42.4747551"},{"@Name":"ClientProcessId","#text":"4292"}]}}}
{"Event":{"System":{"Provider":{"@Name":"Microsoft-Windows-Security-Auditing","@Guid":"54849625-5478-4994-a5ba-3e3b0328c30d"},"EventID":"5379","Version":"0","Level":"0","Task":"13824","Opcode":"0","Keywords":"0x8020000000000000","TimeCreated":{"@SystemTime":"2024-10-20 20:55:28.3359075"},"EventRecordID":"30341","Correlation":{"@ActivityID":"d774116d-2342-0001-ab12-74d74223db01"},"Execution":{"@ProcessID":"680","@ThreadID":"736"},"Channel":"Security","Computer":"Server002","Security":null},"EventData":{"Data":[{"@Name":"SubjectUserSid","#text":"S-1-5-18"},{"@Name":"SubjectUserName","#text":"SERVER002$"},{"@Name":"SubjectDomainName","#text":"WORKGROUP"},{"@Name":"SubjectLogonId","#text":"0x3E7"},{"@Name":"TargetName","#text":"MicrosoftAccount:user=02txoixylodcstop"},{"@Name":"Type","#text":"0"},{"@Name":"CountOfCredentialsReturned","#text":"0"},{"@Name":"ReadOperation","#text":"%%8100"},{"@Name":"ReturnCode","#text":"3221226021"},{"@Name":"ProcessCreationTime","#text":"2024-10-20 20:53:42.4747551"},{"@Name":"ClientProcessId","#text":"4292"}]}}}
{"Event":{"System":{"Provider":{"@Name":"Microsoft-Windows-Security-Auditing","@Guid":"54849625-5478-4994-a5ba-3e3b0328c30d"},"EventID":"5379","Version":"0","Level":"0","Task":"13824","Opcode":"0","Keywords":"0x8020000000000000","TimeCreated":{"@SystemTime":"2024-10-20 20:55:28.3410483"},"EventRecordID":"30342","Correlation":{"@ActivityID":"d774116d-2342-0001-ab12-74d74223db01"},"Execution":{"@ProcessID":"680","@ThreadID":"736"},"Channel":"Security","Computer":"Server002","Security":null},"EventData":{"Data":[{"@Name":"SubjectUserSid","#text":"S-1-5-18"},{"@Name":"SubjectUserName","#text":"SERVER002$"},{"@Name":"SubjectDomainName","#text":"WORKGROUP"},{"@Name":"SubjectLogonId","#text":"0x3E7"},{"@Name":"TargetName","#text":"MicrosoftAccount:user=02txoixylodcstop"},{"@Name":"Type","#text":"0"},{"@Name":"CountOfCredentialsReturned","#text":"0"},{"@Name":"ReadOperation","#text":"%%8100"},{"@Name":"ReturnCode","#text":"3221226021"},{"@Name":"ProcessCreationTime","#text":"2024-10-20 20:53:42.4747551"},{"@Name":"ClientProcessId","#text":"4292"}]}}}
{"Event":{"System":{"Provider":{"@Name":"Microsoft-Windows-Security-Auditing","@Guid":"54849625-5478-4994-a5ba-3e3b0328c30d"},"EventID":"5379","Version":"0","Level":"0","Task":"13824","Opcode":"0","Keywords":"0x8020000000000000","TimeCreated":{"@SystemTime":"2024-10-20 20:55:28.3411123"},"EventRecordID":"30343","Correlation":{"@ActivityID":"d774116d-2342-0001-ab12-74d74223db01"},"Execution":{"@ProcessID":"680","@ThreadID":"736"},"Channel":"Security","Computer":"Server002","Security":null},"EventData":{"Data":[{"@Name":"SubjectUserSid","#text":"S-1-5-18"},{"@Name":"SubjectUserName","#text":"SERVER002$"},{"@Name":"SubjectDomainName","#text":"WORKGROUP"},{"@Name":"SubjectLogonId","#text":"0x3E7"},{"@Name":"TargetName","#text":"MicrosoftAccount:user=02txoixylodcstop"},{"@Name":"Type","#text":"0"},{"@Name":"CountOfCredentialsReturned","#text":"0"},{"@Name":"ReadOperation","#text":"%%8100"},{"@Name":"ReturnCode","#text":"3221226021"},{"@Name":"ProcessCreationTime","#text":"2024-10-20 20:53:42.4747551"},{"@Name":"ClientProcessId","#text":"4292"}]}}}
