{"Event":{"System":{"Provider":{"@Name":"VSS"},"EventID":{"@Qualifiers":"0","#text":"13"},"Version":"0","Level":"2","Task":"0","Opcode":"0","Keywords":"0x80000000000000","TimeCreated":{"@SystemTime":"2024-10-20 20:21:45.8082363"},"EventRecordID":"2384","Correlation":null,"Execution":{"@ProcessID":"0","@ThreadID":"0"},"Channel":"Application","Computer":"Server002","Security":null},"EventData":{"Data":"{4e14fba2-2e22-11d1-9964-00c04fbbb345}, CEventSystem, 0x800401f0, CoInitialize has not been called.\r\n","Binary":"2D-20-43-6F-64-65-3A-20-57-52-54-57-52-54-49-43-30-30-30-30-34-39-32-33-2D-20-43-61-6C-6C-3A-20-57-52-54-57-52-54-49-43-30-30-30-30-34-39-31-36-2D-20-50-49-44-3A-20-20-30-30-30-30-33-37-39-36-2D-20-54-49-44-3A-20-20-30-30-30-30-33-38-30-38-2D-20-43-4D-44-3A-20-20-65-73-65-6E-74-75-74-6C-2E-65-78-65-20-20-2F-79-20-2F-76-73-73-20-63-3A-5C-77-69-6E-64-6F-77-73-5C-6E-74-64-73-5C-6E-74-64-73-2E-64-69-74-20-2F-64-20-63-3A-5C-6E-74-64-73-2E-64-69-74-20-20-20-2D-20-55-73-65-72-3A-20-4E-61-6D-65-3A-20-53-45-52-56-45-52-30-30-32-5C-61-64-6D-69-6E-5F-74-65-73-74-2C-20-53-49-44-3A-53-2D-31-2D-35-2D-32-31-2D-33-39-36-32-31-36-33-38-32-38-2D-32-38-30-33-34-31-35-37-31-34-2D-31-34-30-33-35-39-36-37-30-30-2D-31-30-30-36-20-20"}}}
{"Event":{"System":{"Provider":{"@Name":"VSS"},"EventID":{"@Qualifiers":"0","#text":"8193"},"Version":"0","Level":"2","Task":"0","Opcode":"0","Keywords":"0x80000000000000","TimeCreated":{"@SystemTime":"2024-10-20 20:21:45.8082363"},"EventRecordID":"2385","Correlation":null,"Execution":{"@ProcessID":"0","@ThreadID":"0"},"Channel":"Application","Computer":"Server002","Security":null},"EventData":{"Data":"CoCreateInstance, 0x800401f0, CoInitialize has not been called.\r\n","Binary":"2D-20-43-6F-64-65-3A-20-57-52-54-57-52-54-49-43-30-30-30-30-34-39-33-30-2D-20-43-61-6C-6C-3A-20-57-52-54-57-52-54-49-43-30-30-30-30-34-39-31-36-2D-20-50-49-44-3A-20-20-30-30-30-30-33-37-39-36-2D-20-54-49-44-3A-20-20-30-30-30-30-33-38-30-38-2D-20-43-4D-44-3A-20-20-65-73-65-6E-74-75-74-6C-2E-65-78-65-20-20-2F-79-20-2F-76-73-73-20-63-3A-5C-77-69-6E-64-6F-77-73-5C-6E-74-64-73-5C-6E-74-64-73-2E-64-69-74-20-2F-64-20-63-3A-5C-6E-74-64-73-2E-64-69-74-20-20-20-2D-20-55-73-65-72-3A-20-4E-61-6D-65-3A-20-53-45-52-56-45-52-30-30-32-5C-61-64-6D-69-6E-5F-74-65-73-74-2C-20-53-49-44-3A-53-2D-31-2D-35-2D-32-31-2D-33-39-36-32-31-36-33-38-32-38-2D-32-38-30-33-34-31-35-37-31-34-2D-31-34-30-33-35-39-36-37-30-30-2D-31-30-30-36-20-20"}}}
{"Event":{"System":{"Provider":{"@Name":"VSS"},"EventID":{"@Qualifiers":"0","#text":"13"},"Version":"0","Level":"2","Task":"0","Opcode":"0","Keywords":"0x80000000000000","TimeCreated":{"@SystemTime":"2024-10-20 20:21:45.8082363"},"EventRecordID":"2386","Correlation":null,"Execution":{"@ProcessID":"0","@ThreadID":"0"},"Channel":"Application","Computer":"Server002","Security":null},"EventData":{"Data":"{4e14fba2-2e22-11d1-9964-00c04fbbb345}, CEventSystem, 0x800401f0, CoInitialize has not been called.\r\n","Binary":"2D-20-43-6F-64-65-3A-20-57-52-54-57-52-54-49-43-30-30-30-30-34-39-32-33-2D-20-43-61-6C-6C-3A-20-57-52-54-57-52-54-49-43-30-30-30-30-34-39-31-36-2D-20-50-49-44-3A-20-20-30-30-30-30-33-37-39-36-2D-20-54-49-44-3A-20-20-30-30-30-30-33-38-30-38-2D-20-43-4D-44-3A-20-20-65-73-65-6E-74-75-74-6C-2E-65-78-65-20-20-2F-79-20-2F-76-73-73-20-63-3A-5C-77-69-6E-64-6F-77-73-5C-6E-74-64-73-5C-6E-74-64-73-2E-64-69-74-20-2F-64-20-63-3A-5C-6E-74-64-73-2E-64-69-74-20-20-20-2D-20-55-73-65-72-3A-20-4E-61-6D-65-3A-20-53-45-52-56-45-52-30-30-32-5C-61-64-6D-69-6E-5F-74-65-73-74-2C-20-53-49-44-3A-53-2D-31-2D-35-2D-32-31-2D-33-39-36-32-31-36-33-38-32-38-2D-32-38-30-33-34-31-35-37-31-34-2D-31-34-30-33-35-39-36-37-30-30-2D-31-30-30-36-20-20"}}}
{"Event":{"System":{"Provider":{"@Name":"VSS"},"EventID":{"@Qualifiers":"0","#text":"8193"},"Version":"0","Level":"2","Task":"0","Opcode":"0","Keywords":"0x80000000000000","TimeCreated":{"@SystemTime":"2024-10-20 20:21:45.8082363"},"EventRecordID":"2387","Correlation":null,"Execution":{"@ProcessID":"0","@ThreadID":"0"},"Channel":"Application","Computer":"Server002","Security":null},"EventData":{"Data":"CoCreateInstance, 0x800401f0, CoInitialize has not been called.\r\n","Binary":"2D-20-43-6F-64-65-3A-20-57-52-54-57-52-54-49-43-30-30-30-30-34-39-33-30-2D-20-43-61-6C-6C-3A-20-57-52-54-57-52-54-49-43-30-30-30-30-34-39-31-36-2D-20-50-49-44-3A-20-20-30-30-30-30-33-37-39-36-2D-20-54-49-44-3A-20-20-30-30-30-30-33-38-30-38-2D-20-43-4D-44-3A-20-20-65-73-65-6E-74-75-74-6C-2E-65-78-65-20-20-2F-79-20-2F-76-73-73-20-63-3A-5C-77-69-6E-64-6F-77-73-5C-6E-74-64-73-5C-6E-74-64-73-2E-64-69-74-20-2F-64-20-63-3A-5C-6E-74-64-73-2E-64-69-74-20-20-20-2D-20-55-73-65-72-3A-20-4E-61-6D-65-3A-20-53-45-52-56-45-52-30-30-32-5C-61-64-6D-69-6E-5F-74-65-73-74-2C-20-53-49-44-3A-53-2D-31-2D-35-2D-32-31-2D-33-39-36-32-31-36-33-38-32-38-2D-32-38-30-33-34-31-35-37-31-34-2D-31-34-30-33-35-39-36-37-30-30-2D-31-30-30-36-20-20"}}}
{"Event":{"System":{"Provider":{"@Name":"Microsoft-Windows-Security-SPP","@Guid":"{E23B33B0-C8C9-472C-A5F9-F2BDFEA0F156}","@EventSourceName":"Software Protection Platform Service"},"EventID":{"@Qualifiers":"16384","#text":"16384"},"Version":"0","Level":"4","Task":"0","Opcode":"0","Keywords":"0x80000000000000","TimeCreated":{"@SystemTime":"2024-10-20 20:22:20.6741683"},"EventRecordID":"2388","Correlation":null,"Execution":{"@ProcessID":"0","@ThreadID":"0"},"Channel":"Application","Computer":"Server002","Security":null},"EventData":{"Data":"2024-10-21T20:19:20Z, RulesEngine","Binary":""}}}
