{"Event":{"System":{"Provider":{"@Name":"PowerShell"},"EventID":{"@Qualifiers":"0","#text":"600"},"Version":"0","Level":"4","Task":"6","Opcode":"0","Keywords":"0x80000000000000","TimeCreated":{"@SystemTime":"2024-10-27 20:26:44.6298660"},"EventRecordID":"1043","Correlation":null,"Execution":{"@ProcessID":"0","@ThreadID":"0"},"Channel":"Windows PowerShell","Computer":"Server002","Security":null},"EventData":{"Data":"Registry, Started, \tProviderName=Registry\r\n\tNewProviderState=Started\r\n\r\n\tSequenceNumber=1\r\n\r\n\tHostName=ConsoleHost\r\n\tHostVersion=5.1.19041.5007\r\n\tHostId=722a5ad1-c38e-4b80-8aad-75b5579eb91a\r\n\tHostApplication=powershell.exe &amp; {Invoke-RestMethod -Headers @{\"Metadata\"=\"true\"} -Method GET -Uri \"http://169.254.169.254/metadata/instance?api-version=2021-02-01\" | ConvertTo-Json -Depth 64 &gt; $env:temp\\data.005Test2.txt}\r\n\tEngineVersion=\r\n\tRunspaceId=\r\n\tPipelineId=\r\n\tCommandName=\r\n\tCommandType=\r\n\tScriptName=\r\n\tCommandPath=\r\n\tCommandLine=","Binary":""}}}
{"Event":{"System":{"Provider":{"@Name":"PowerShell"},"EventID":{"@Qualifiers":"0","#text":"600"},"Version":"0","Level":"4","Task":"6","Opcode":"0","Keywords":"0x80000000000000","TimeCreated":{"@SystemTime":"2024-10-27 20:26:44.6335225"},"EventRecordID":"1044","Correlation":null,"Execution":{"@ProcessID":"0","@ThreadID":"0"},"Channel":"Windows PowerShell","Computer":"Server002","Security":null},"EventData":{"Data":"Alias, Started, \tProviderName=Alias\r\n\tNewProviderState=Started\r\n\r\n\tSequenceNumber=3\r\n\r\n\tHostName=ConsoleHost\r\n\tHostVersion=5.1.19041.5007\r\n\tHostId=722a5ad1-c38e-4b80-8aad-75b5579eb91a\r\n\tHostApplication=powershell.exe &amp; {Invoke-RestMethod -Headers @{\"Metadata\"=\"true\"} -Method GET -Uri \"http://169.254.169.254/metadata/instance?api-version=2021-02-01\" | ConvertTo-Json -Depth 64 &gt; $env:temp\\data.005Test2.txt}\r\n\tEngineVersion=\r\n\tRunspaceId=\r\n\tPipelineId=\r\n\tCommandName=\r\n\tCommandType=\r\n\tScriptName=\r\n\tCommandPath=\r\n\tCommandLine=","Binary":""}}}
{"Event":{"System":{"Provider":{"@Name":"PowerShell"},"EventID":{"@Qualifiers":"0","#text":"600"},"Version":"0","Level":"4","Task":"6","Opcode":"0","Keywords":"0x80000000000000","TimeCreated":{"@SystemTime":"2024-10-27 20:26:44.6335225"},"EventRecordID":"1045","Correlation":null,"Execution":{"@ProcessID":"0","@ThreadID":"0"},"Channel":"Windows PowerShell","Computer":"Server002","Security":null},"EventData":{"Data":"Environment, Started, \tProviderName=Environment\r\n\tNewProviderState=Started\r\n\r\n\tSequenceNumber=5\r\n\r\n\tHostName=ConsoleHost\r\n\tHostVersion=5.1.19041.5007\r\n\tHostId=722a5ad1-c38e-4b80-8aad-75b5579eb91a\r\n\tHostApplication=powershell.exe &amp; {Invoke-RestMethod -Headers @{\"Metadata\"=\"true\"} -Method GET -Uri \"http://169.254.169.254/metadata/instance?api-version=2021-02-01\" | ConvertTo-Json -Depth 64 &gt; $env:temp\\data.005Test2.txt}\r\n\tEngineVersion=\r\n\tRunspaceId=\r\n\tPipelineId=\r\n\tCommandName=\r\n\tCommandType=\r\n\tScriptName=\r\n\tCommandPath=\r\n\tCommandLine=","Binary":""}}}
{"Event":{"System":{"Provider":{"@Name":"PowerShell"},"EventID":{"@Qualifiers":"0","#text":"600"},"Version":"0","Level":"4","Task":"6","Opcode":"0","Keywords":"0x80000000000000","TimeCreated":{"@SystemTime":"2024-10-27 20:26:44.6335225"},"EventRecordID":"1046","Correlation":null,"Execution":{"@ProcessID":"0","@ThreadID":"0"},"Channel":"Windows PowerShell","Computer":"Server002","Security":null},"EventData":{"Data":"FileSystem, Started, \tProviderName=FileSystem\r\n\tNewProviderState=Started\r\n\r\n\tSequenceNumber=7\r\n\r\n\tHostName=ConsoleHost\r\n\tHostVersion=5.1.19041.5007\r\n\tHostId=722a5ad1-c38e-4b80-8aad-75b5579eb91a\r\n\tHostApplication=powershell.exe &amp; {Invoke-RestMethod -Headers @{\"Metadata\"=\"true\"} -Method GET -Uri \"http://169.254.169.254/metadata/instance?api-version=2021-02-01\" | ConvertTo-Json -Depth 64 &gt; $env:temp\\data.005Test2.txt}\r\n\tEngineVersion=\r\n\tRunspaceId=\r\n\tPipelineId=\r\n\tCommandName=\r\n\tCommandType=\r\n\tScriptName=\r\n\tCommandPath=\r\n\tCommandLine=","Binary":""}}}
{"Event":{"System":{"Provider":{"@Name":"PowerShell"},"EventID":{"@Qualifiers":"0","#text":"600"},"Version":"0","Level":"4","Task":"6","Opcode":"0","Keywords":"0x80000000000000","TimeCreated":{"@SystemTime":"2024-10-27 20:26:44.6417242"},"EventRecordID":"1047","Correlation":null,"Execution":{"@ProcessID":"0","@ThreadID":"0"},"Channel":"Windows PowerShell","Computer":"Server002","Security":null},"EventData":{"Data":"Function, Started, \tProviderName=Function\r\n\tNewProviderState=Started\r\n\r\n\tSequenceNumber=9\r\n\r\n\tHostName=ConsoleHost\r\n\tHostVersion=5.1.19041.5007\r\n\tHostId=722a5ad1-c38e-4b80-8aad-75b5579eb91a\r\n\tHostApplication=powershell.exe &amp; {Invoke-RestMethod -Headers @{\"Metadata\"=\"true\"} -Method GET -Uri \"http://169.254.169.254/metadata/instance?api-version=2021-02-01\" | ConvertTo-Json -Depth 64 &gt; $env:temp\\data.005Test2.txt}\r\n\tEngineVersion=\r\n\tRunspaceId=\r\n\tPipelineId=\r\n\tCommandName=\r\n\tCommandType=\r\n\tScriptName=\r\n\tCommandPath=\r\n\tCommandLine=","Binary":""}}}
{"Event":{"System":{"Provider":{"@Name":"PowerShell"},"EventID":{"@Qualifiers":"0","#text":"600"},"Version":"0","Level":"4","Task":"6","Opcode":"0","Keywords":"0x80000000000000","TimeCreated":{"@SystemTime":"2024-10-27 20:26:44.6417242"},"EventRecordID":"1048","Correlation":null,"Execution":{"@ProcessID":"0","@ThreadID":"0"},"Channel":"Windows PowerShell","Computer":"Server002","Security":null},"EventData":{"Data":"Variable, Started, \tProviderName=Variable\r\n\tNewProviderState=Started\r\n\r\n\tSequenceNumber=11\r\n\r\n\tHostName=ConsoleHost\r\n\tHostVersion=5.1.19041.5007\r\n\tHostId=722a5ad1-c38e-4b80-8aad-75b5579eb91a\r\n\tHostApplication=powershell.exe &amp; {Invoke-RestMethod -Headers @{\"Metadata\"=\"true\"} -Method GET -Uri \"http://169.254.169.254/metadata/instance?api-version=2021-02-01\" | ConvertTo-Json -Depth 64 &gt; $env:temp\\data.005Test2.txt}\r\n\tEngineVersion=\r\n\tRunspaceId=\r\n\tPipelineId=\r\n\tCommandName=\r\n\tCommandType=\r\n\tScriptName=\r\n\tCommandPath=\r\n\tCommandLine=","Binary":""}}}
{"Event":{"System":{"Provider":{"@Name":"PowerShell"},"EventID":{"@Qualifiers":"0","#text":"400"},"Version":"0","Level":"4","Task":"4","Opcode":"0","Keywords":"0x80000000000000","TimeCreated":{"@SystemTime":"2024-10-27 20:26:44.8006575"},"EventRecordID":"1049","Correlation":null,"Execution":{"@ProcessID":"0","@ThreadID":"0"},"Channel":"Windows PowerShell","Computer":"Server002","Security":null},"EventData":{"Data":"Available, None, \tNewEngineState=Available\r\n\tPreviousEngineState=None\r\n\r\n\tSequenceNumber=13\r\n\r\n\tHostName=ConsoleHost\r\n\tHostVersion=5.1.19041.5007\r\n\tHostId=722a5ad1-c38e-4b80-8aad-75b5579eb91a\r\n\tHostApplication=powershell.exe &amp; {Invoke-RestMethod -Headers @{\"Metadata\"=\"true\"} -Method GET -Uri \"http://169.254.169.254/metadata/instance?api-version=2021-02-01\" | ConvertTo-Json -Depth 64 &gt; $env:temp\\data.005Test2.txt}\r\n\tEngineVersion=5.1.19041.5007\r\n\tRunspaceId=355e8052-26c4-410b-91d4-59c65024e22d\r\n\tPipelineId=\r\n\tCommandName=\r\n\tCommandType=\r\n\tScriptName=\r\n\tCommandPath=\r\n\tCommandLine=","Binary":""}}}
{"Event":{"System":{"Provider":{"@Name":"PowerShell"},"EventID":{"@Qualifiers":"0","#text":"403"},"Version":"0","Level":"4","Task":"4","Opcode":"0","Keywords":"0x80000000000000","TimeCreated":{"@SystemTime":"2024-10-27 20:26:45.7222396"},"EventRecordID":"1050","Correlation":null,"Execution":{"@ProcessID":"0","@ThreadID":"0"},"Channel":"Windows PowerShell","Computer":"Server002","Security":null},"EventData":{"Data":"Stopped, Available, \tNewEngineState=Stopped\r\n\tPreviousEngineState=Available\r\n\r\n\tSequenceNumber=16\r\n\r\n\tHostName=ConsoleHost\r\n\tHostVersion=5.1.19041.5007\r\n\tHostId=722a5ad1-c38e-4b80-8aad-75b5579eb91a\r\n\tHostApplication=powershell.exe &amp; {Invoke-RestMethod -Headers @{\"Metadata\"=\"true\"} -Method GET -Uri \"http://169.254.169.254/metadata/instance?api-version=2021-02-01\" | ConvertTo-Json -Depth 64 &gt; $env:temp\\data.005Test2.txt}\r\n\tEngineVersion=5.1.19041.5007\r\n\tRunspaceId=355e8052-26c4-410b-91d4-59c65024e22d\r\n\tPipelineId=\r\n\tCommandName=\r\n\tCommandType=\r\n\tScriptName=\r\n\tCommandPath=\r\n\tCommandLine=","Binary":""}}}
