{"Event":{"System":{"Provider":{"@Name":"Microsoft-Windows-Sysmon","@Guid":"5770385f-c22a-43e0-bf4c-06f5698ffbd9"},"EventID":"5","Version":"3","Level":"4","Task":"5","Opcode":"0","Keywords":"0x8000000000000000","TimeCreated":{"@SystemTime":"2024-10-27 20:00:01.4695654"},"EventRecordID":"18029","Correlation":null,"Execution":{"@ProcessID":"3196","@ThreadID":"1064"},"Channel":"Microsoft-Windows-Sysmon/Operational","Computer":"Server002","Security":{"@UserID":"S-1-5-18"}},"EventData":{"Data":[{"@Name":"RuleName","#text":"-"},{"@Name":"UtcTime","#text":"2024-10-27 20:00:01.469"},{"@Name":"ProcessGuid","#text":"dbf410b3-9bc0-671e-e600-000000003900"},{"@Name":"ProcessId","#text":"4060"},{"@Name":"Image","#text":"C:\\Windows\\System32\\WindowsPowerShell\\v1.0\\powershell.exe"},{"@Name":"User","#text":"SERVER002\\admin_test"}]}}}
{"Event":{"System":{"Provider":{"@Name":"Microsoft-Windows-Sysmon","@Guid":"5770385f-c22a-43e0-bf4c-06f5698ffbd9"},"EventID":"5","Version":"3","Level":"4","Task":"5","Opcode":"0","Keywords":"0x8000000000000000","TimeCreated":{"@SystemTime":"2024-10-27 20:00:01.4759301"},"EventRecordID":"18030","Correlation":null,"Execution":{"@ProcessID":"3196","@ThreadID":"1064"},"Channel":"Microsoft-Windows-Sysmon/Operational","Computer":"Server002","Security":{"@UserID":"S-1-5-18"}},"EventData":{"Data":[{"@Name":"RuleName","#text":"-"},{"@Name":"UtcTime","#text":"2024-10-27 20:00:01.471"},{"@Name":"ProcessGuid","#text":"dbf410b3-9bc0-671e-e700-000000003900"},{"@Name":"ProcessId","#text":"3976"},{"@Name":"Image","#text":"C:\\Windows\\System32\\conhost.exe"},{"@Name":"User","#text":"SERVER002\\admin_test"}]}}}










{"Event":{"System":{"Provider":{"@Name":"Microsoft-Windows-Sysmon","@Guid":"5770385f-c22a-43e0-bf4c-06f5698ffbd9"},"EventID":"1","Version":"5","Level":"4","Task":"1","Opcode":"0","Keywords":"0x8000000000000000","TimeCreated":{"@SystemTime":"2024-10-27 20:00:02.0694948"},"EventRecordID":"18051","Correlation":null,"Execution":{"@ProcessID":"3196","@ThreadID":"1064"},"Channel":"Microsoft-Windows-Sysmon/Operational","Computer":"Server002","Security":{"@UserID":"S-1-5-18"}},"EventData":{"Data":[{"@Name":"RuleName","#text":"-"},{"@Name":"UtcTime","#text":"2024-10-27 20:00:02.066"},{"@Name":"ProcessGuid","#text":"dbf410b3-9bc2-671e-f200-000000003900"},{"@Name":"ProcessId","#text":"7012"},{"@Name":"Image","#text":"C:\\Windows\\System32\\HOSTNAME.EXE"},{"@Name":"FileVersion","#text":"10.0.19041.1 (WinBuild.160101.0800)"},{"@Name":"Description","#text":"Hostname APP"},{"@Name":"Product","#text":"Microsoft® Windows® Operating System"},{"@Name":"Company","#text":"Microsoft Corporation"},{"@Name":"OriginalFileName","#text":"hostname.exe"},{"@Name":"CommandLine","#text":"\"C:\\Windows\\system32\\HOSTNAME.EXE\""},{"@Name":"CurrentDirectory","#text":"C:\\Users\\admin_test\\Documents\\"},{"@Name":"User","#text":"SERVER002\\admin_test"},{"@Name":"LogonGuid","#text":"dbf410b3-9b3e-671e-fdab-130000000000"},{"@Name":"LogonId","#text":"0x13ABFD"},{"@Name":"TerminalSessionId","#text":"0"},{"@Name":"IntegrityLevel","#text":"High"},{"@Name":"Hashes","#text":"SHA256=A90C3FB350A11C6F6A6EFA9607987D924D1DE65E09CA9FAF2E0E0E00531EE335"},{"@Name":"ParentProcessGuid","#text":"dbf410b3-9b3f-671e-c800-000000003900"},{"@Name":"ParentProcessId","#text":"1476"},{"@Name":"ParentImage","#text":"C:\\Windows\\System32\\wsmprovhost.exe"},{"@Name":"ParentCommandLine","#text":"C:\\Windows\\system32\\wsmprovhost.exe -Embedding"},{"@Name":"ParentUser","#text":"SERVER002\\admin_test"}]}}}
{"Event":{"System":{"Provider":{"@Name":"Microsoft-Windows-Sysmon","@Guid":"5770385f-c22a-43e0-bf4c-06f5698ffbd9"},"EventID":"1","Version":"5","Level":"4","Task":"1","Opcode":"0","Keywords":"0x8000000000000000","TimeCreated":{"@SystemTime":"2024-10-27 20:00:02.0813263"},"EventRecordID":"18052","Correlation":null,"Execution":{"@ProcessID":"3196","@ThreadID":"1064"},"Channel":"Microsoft-Windows-Sysmon/Operational","Computer":"Server002","Security":{"@UserID":"S-1-5-18"}},"EventData":{"Data":[{"@Name":"RuleName","#text":"-"},{"@Name":"UtcTime","#text":"2024-10-27 20:00:02.074"},{"@Name":"ProcessGuid","#text":"dbf410b3-9bc2-671e-f300-000000003900"},{"@Name":"ProcessId","#text":"436"},{"@Name":"Image","#text":"C:\\Windows\\System32\\conhost.exe"},{"@Name":"FileVersion","#text":"10.0.19041.4355 (WinBuild.160101.0800)"},{"@Name":"Description","#text":"Console Window Host"},{"@Name":"Product","#text":"Microsoft® Windows® Operating System"},{"@Name":"Company","#text":"Microsoft Corporation"},{"@Name":"OriginalFileName","#text":"CONHOST.EXE"},{"@Name":"CommandLine","#text":"\\??\\C:\\Windows\\system32\\conhost.exe 0xffffffff -ForceV1"},{"@Name":"CurrentDirectory","#text":"C:\\Windows"},{"@Name":"User","#text":"SERVER002\\admin_test"},{"@Name":"LogonGuid","#text":"dbf410b3-9b3e-671e-fdab-130000000000"},{"@Name":"LogonId","#text":"0x13ABFD"},{"@Name":"TerminalSessionId","#text":"0"},{"@Name":"IntegrityLevel","#text":"High"},{"@Name":"Hashes","#text":"SHA256=CC0A60CD15FA21E54615E46CD0F10CFBE86F496DC64D14B31D9F3B415D120EE1"},{"@Name":"ParentProcessGuid","#text":"dbf410b3-9bc2-671e-f200-000000003900"},{"@Name":"ParentProcessId","#text":"7012"},{"@Name":"ParentImage","#text":"C:\\Windows\\System32\\HOSTNAME.EXE"},{"@Name":"ParentCommandLine","#text":"\"C:\\Windows\\system32\\HOSTNAME.EXE\""},{"@Name":"ParentUser","#text":"SERVER002\\admin_test"}]}}}
{"Event":{"System":{"Provider":{"@Name":"Microsoft-Windows-Sysmon","@Guid":"5770385f-c22a-43e0-bf4c-06f5698ffbd9"},"EventID":"5","Version":"3","Level":"4","Task":"5","Opcode":"0","Keywords":"0x8000000000000000","TimeCreated":{"@SystemTime":"2024-10-27 20:00:02.1529480"},"EventRecordID":"18053","Correlation":null,"Execution":{"@ProcessID":"3196","@ThreadID":"1064"},"Channel":"Microsoft-Windows-Sysmon/Operational","Computer":"Server002","Security":{"@UserID":"S-1-5-18"}},"EventData":{"Data":[{"@Name":"RuleName","#text":"-"},{"@Name":"UtcTime","#text":"2024-10-27 20:00:02.152"},{"@Name":"ProcessGuid","#text":"dbf410b3-9bc2-671e-f200-000000003900"},{"@Name":"ProcessId","#text":"7012"},{"@Name":"Image","#text":"C:\\Windows\\System32\\HOSTNAME.EXE"},{"@Name":"User","#text":"SERVER002\\admin_test"}]}}}
{"Event":{"System":{"Provider":{"@Name":"Microsoft-Windows-Sysmon","@Guid":"5770385f-c22a-43e0-bf4c-06f5698ffbd9"},"EventID":"5","Version":"3","Level":"4","Task":"5","Opcode":"0","Keywords":"0x8000000000000000","TimeCreated":{"@SystemTime":"2024-10-27 20:00:02.1574751"},"EventRecordID":"18054","Correlation":null,"Execution":{"@ProcessID":"3196","@ThreadID":"1064"},"Channel":"Microsoft-Windows-Sysmon/Operational","Computer":"Server002","Security":{"@UserID":"S-1-5-18"}},"EventData":{"Data":[{"@Name":"RuleName","#text":"-"},{"@Name":"UtcTime","#text":"2024-10-27 20:00:02.156"},{"@Name":"ProcessGuid","#text":"dbf410b3-9bc2-671e-f300-000000003900"},{"@Name":"ProcessId","#text":"436"},{"@Name":"Image","#text":"C:\\Windows\\System32\\conhost.exe"},{"@Name":"User","#text":"SERVER002\\admin_test"}]}}}
{"Event":{"System":{"Provider":{"@Name":"Microsoft-Windows-Sysmon","@Guid":"5770385f-c22a-43e0-bf4c-06f5698ffbd9"},"EventID":"1","Version":"5","Level":"4","Task":"1","Opcode":"0","Keywords":"0x8000000000000000","TimeCreated":{"@SystemTime":"2024-10-27 20:00:02.1636216"},"EventRecordID":"18055","Correlation":null,"Execution":{"@ProcessID":"3196","@ThreadID":"1064"},"Channel":"Microsoft-Windows-Sysmon/Operational","Computer":"Server002","Security":{"@UserID":"S-1-5-18"}},"EventData":{"Data":[{"@Name":"RuleName","#text":"-"},{"@Name":"UtcTime","#text":"2024-10-27 20:00:02.159"},{"@Name":"ProcessGuid","#text":"dbf410b3-9bc2-671e-f400-000000003900"},{"@Name":"ProcessId","#text":"4488"},{"@Name":"Image","#text":"C:\\Windows\\System32\\whoami.exe"},{"@Name":"FileVersion","#text":"10.0.19041.1 (WinBuild.160101.0800)"},{"@Name":"Description","#text":"whoami - displays logged on user information"},{"@Name":"Product","#text":"Microsoft® Windows® Operating System"},{"@Name":"Company","#text":"Microsoft Corporation"},{"@Name":"OriginalFileName","#text":"whoami.exe"},{"@Name":"CommandLine","#text":"\"C:\\Windows\\system32\\whoami.exe\""},{"@Name":"CurrentDirectory","#text":"C:\\Users\\admin_test\\Documents\\"},{"@Name":"User","#text":"SERVER002\\admin_test"},{"@Name":"LogonGuid","#text":"dbf410b3-9b3e-671e-fdab-130000000000"},{"@Name":"LogonId","#text":"0x13ABFD"},{"@Name":"TerminalSessionId","#text":"0"},{"@Name":"IntegrityLevel","#text":"High"},{"@Name":"Hashes","#text":"SHA256=1D4902A04D99E8CCBFE7085E63155955FEE397449D386453F6C452AE407B8743"},{"@Name":"ParentProcessGuid","#text":"dbf410b3-9b3f-671e-c800-000000003900"},{"@Name":"ParentProcessId","#text":"1476"},{"@Name":"ParentImage","#text":"C:\\Windows\\System32\\wsmprovhost.exe"},{"@Name":"ParentCommandLine","#text":"C:\\Windows\\system32\\wsmprovhost.exe -Embedding"},{"@Name":"ParentUser","#text":"SERVER002\\admin_test"}]}}}
{"Event":{"System":{"Provider":{"@Name":"Microsoft-Windows-Sysmon","@Guid":"5770385f-c22a-43e0-bf4c-06f5698ffbd9"},"EventID":"1","Version":"5","Level":"4","Task":"1","Opcode":"0","Keywords":"0x8000000000000000","TimeCreated":{"@SystemTime":"2024-10-27 20:00:02.1723582"},"EventRecordID":"18056","Correlation":null,"Execution":{"@ProcessID":"3196","@ThreadID":"1064"},"Channel":"Microsoft-Windows-Sysmon/Operational","Computer":"Server002","Security":{"@UserID":"S-1-5-18"}},"EventData":{"Data":[{"@Name":"RuleName","#text":"-"},{"@Name":"UtcTime","#text":"2024-10-27 20:00:02.170"},{"@Name":"ProcessGuid","#text":"dbf410b3-9bc2-671e-f500-000000003900"},{"@Name":"ProcessId","#text":"4564"},{"@Name":"Image","#text":"C:\\Windows\\System32\\conhost.exe"},{"@Name":"FileVersion","#text":"10.0.19041.4355 (WinBuild.160101.0800)"},{"@Name":"Description","#text":"Console Window Host"},{"@Name":"Product","#text":"Microsoft® Windows® Operating System"},{"@Name":"Company","#text":"Microsoft Corporation"},{"@Name":"OriginalFileName","#text":"CONHOST.EXE"},{"@Name":"CommandLine","#text":"\\??\\C:\\Windows\\system32\\conhost.exe 0xffffffff -ForceV1"},{"@Name":"CurrentDirectory","#text":"C:\\Windows"},{"@Name":"User","#text":"SERVER002\\admin_test"},{"@Name":"LogonGuid","#text":"dbf410b3-9b3e-671e-fdab-130000000000"},{"@Name":"LogonId","#text":"0x13ABFD"},{"@Name":"TerminalSessionId","#text":"0"},{"@Name":"IntegrityLevel","#text":"High"},{"@Name":"Hashes","#text":"SHA256=CC0A60CD15FA21E54615E46CD0F10CFBE86F496DC64D14B31D9F3B415D120EE1"},{"@Name":"ParentProcessGuid","#text":"dbf410b3-9bc2-671e-f400-000000003900"},{"@Name":"ParentProcessId","#text":"4488"},{"@Name":"ParentImage","#text":"C:\\Windows\\System32\\whoami.exe"},{"@Name":"ParentCommandLine","#text":"\"C:\\Windows\\system32\\whoami.exe\""},{"@Name":"ParentUser","#text":"SERVER002\\admin_test"}]}}}
{"Event":{"System":{"Provider":{"@Name":"Microsoft-Windows-Sysmon","@Guid":"5770385f-c22a-43e0-bf4c-06f5698ffbd9"},"EventID":"5","Version":"3","Level":"4","Task":"5","Opcode":"0","Keywords":"0x8000000000000000","TimeCreated":{"@SystemTime":"2024-10-27 20:00:02.2301937"},"EventRecordID":"18057","Correlation":null,"Execution":{"@ProcessID":"3196","@ThreadID":"1064"},"Channel":"Microsoft-Windows-Sysmon/Operational","Computer":"Server002","Security":{"@UserID":"S-1-5-18"}},"EventData":{"Data":[{"@Name":"RuleName","#text":"-"},{"@Name":"UtcTime","#text":"2024-10-27 20:00:02.219"},{"@Name":"ProcessGuid","#text":"dbf410b3-9bc2-671e-f400-000000003900"},{"@Name":"ProcessId","#text":"4488"},{"@Name":"Image","#text":"C:\\Windows\\System32\\whoami.exe"},{"@Name":"User","#text":"SERVER002\\admin_test"}]}}}
{"Event":{"System":{"Provider":{"@Name":"Microsoft-Windows-Sysmon","@Guid":"5770385f-c22a-43e0-bf4c-06f5698ffbd9"},"EventID":"5","Version":"3","Level":"4","Task":"5","Opcode":"0","Keywords":"0x8000000000000000","TimeCreated":{"@SystemTime":"2024-10-27 20:00:02.2338424"},"EventRecordID":"18058","Correlation":null,"Execution":{"@ProcessID":"3196","@ThreadID":"1064"},"Channel":"Microsoft-Windows-Sysmon/Operational","Computer":"Server002","Security":{"@UserID":"S-1-5-18"}},"EventData":{"Data":[{"@Name":"RuleName","#text":"-"},{"@Name":"UtcTime","#text":"2024-10-27 20:00:02.231"},{"@Name":"ProcessGuid","#text":"dbf410b3-9bc2-671e-f500-000000003900"},{"@Name":"ProcessId","#text":"4564"},{"@Name":"Image","#text":"C:\\Windows\\System32\\conhost.exe"},{"@Name":"User","#text":"SERVER002\\admin_test"}]}}}
{"Event":{"System":{"Provider":{"@Name":"Microsoft-Windows-Sysmon","@Guid":"5770385f-c22a-43e0-bf4c-06f5698ffbd9"},"EventID":"1","Version":"5","Level":"4","Task":"1","Opcode":"0","Keywords":"0x8000000000000000","TimeCreated":{"@SystemTime":"2024-10-27 20:00:02.3488780"},"EventRecordID":"18059","Correlation":null,"Execution":{"@ProcessID":"3196","@ThreadID":"1064"},"Channel":"Microsoft-Windows-Sysmon/Operational","Computer":"Server002","Security":{"@UserID":"S-1-5-18"}},"EventData":{"Data":[{"@Name":"RuleName","#text":"-"},{"@Name":"UtcTime","#text":"2024-10-27 20:00:02.343"},{"@Name":"ProcessGuid","#text":"dbf410b3-9bc2-671e-f600-000000003900"},{"@Name":"ProcessId","#text":"5172"},{"@Name":"Image","#text":"C:\\Windows\\System32\\WindowsPowerShell\\v1.0\\powershell.exe"},{"@Name":"FileVersion","#text":"10.0.19041.3996 (WinBuild.160101.0800)"},{"@Name":"Description","#text":"Windows PowerShell"},{"@Name":"Product","#text":"Microsoft® Windows® Operating System"},{"@Name":"Company","#text":"Microsoft Corporation"},{"@Name":"OriginalFileName","#text":"PowerShell.EXE"},{"@Name":"CommandLine","#text":"\"powershell.exe\" &amp; {Import-Module AADInternals -Force, Export-AADIntADFSCertificates, Get-ChildItem | Where-Object {$_ -like \\\"\"ADFS*\\\"\"}, Write-Host \\\"\"`nCertificates retrieved successfully\\\"\"}"},{"@Name":"CurrentDirectory","#text":"C:\\Users\\ADMIN_~1\\AppData\\Local\\Temp\\"},{"@Name":"User","#text":"SERVER002\\admin_test"},{"@Name":"LogonGuid","#text":"dbf410b3-9b3e-671e-fdab-130000000000"},{"@Name":"LogonId","#text":"0x13ABFD"},{"@Name":"TerminalSessionId","#text":"0"},{"@Name":"IntegrityLevel","#text":"High"},{"@Name":"Hashes","#text":"SHA256=9785001B0DCF755EDDB8AF294A373C0B87B2498660F724E76C4D53F9C217C7A3"},{"@Name":"ParentProcessGuid","#text":"dbf410b3-9b3f-671e-c800-000000003900"},{"@Name":"ParentProcessId","#text":"1476"},{"@Name":"ParentImage","#text":"C:\\Windows\\System32\\wsmprovhost.exe"},{"@Name":"ParentCommandLine","#text":"C:\\Windows\\system32\\wsmprovhost.exe -Embedding"},{"@Name":"ParentUser","#text":"SERVER002\\admin_test"}]}}}
{"Event":{"System":{"Provider":{"@Name":"Microsoft-Windows-Sysmon","@Guid":"5770385f-c22a-43e0-bf4c-06f5698ffbd9"},"EventID":"1","Version":"5","Level":"4","Task":"1","Opcode":"0","Keywords":"0x8000000000000000","TimeCreated":{"@SystemTime":"2024-10-27 20:00:02.3519369"},"EventRecordID":"18060","Correlation":null,"Execution":{"@ProcessID":"3196","@ThreadID":"1064"},"Channel":"Microsoft-Windows-Sysmon/Operational","Computer":"Server002","Security":{"@UserID":"S-1-5-18"}},"EventData":{"Data":[{"@Name":"RuleName","#text":"-"},{"@Name":"UtcTime","#text":"2024-10-27 20:00:02.350"},{"@Name":"ProcessGuid","#text":"dbf410b3-9bc2-671e-f700-000000003900"},{"@Name":"ProcessId","#text":"4872"},{"@Name":"Image","#text":"C:\\Windows\\System32\\conhost.exe"},{"@Name":"FileVersion","#text":"10.0.19041.4355 (WinBuild.160101.0800)"},{"@Name":"Description","#text":"Console Window Host"},{"@Name":"Product","#text":"Microsoft® Windows® Operating System"},{"@Name":"Company","#text":"Microsoft Corporation"},{"@Name":"OriginalFileName","#text":"CONHOST.EXE"},{"@Name":"CommandLine","#text":"\\??\\C:\\Windows\\system32\\conhost.exe 0xffffffff -ForceV1"},{"@Name":"CurrentDirectory","#text":"C:\\Windows"},{"@Name":"User","#text":"SERVER002\\admin_test"},{"@Name":"LogonGuid","#text":"dbf410b3-9b3e-671e-fdab-130000000000"},{"@Name":"LogonId","#text":"0x13ABFD"},{"@Name":"TerminalSessionId","#text":"0"},{"@Name":"IntegrityLevel","#text":"High"},{"@Name":"Hashes","#text":"SHA256=CC0A60CD15FA21E54615E46CD0F10CFBE86F496DC64D14B31D9F3B415D120EE1"},{"@Name":"ParentProcessGuid","#text":"dbf410b3-9bc2-671e-f600-000000003900"},{"@Name":"ParentProcessId","#text":"5172"},{"@Name":"ParentImage","#text":"C:\\Windows\\System32\\WindowsPowerShell\\v1.0\\powershell.exe"},{"@Name":"ParentCommandLine","#text":"\"powershell.exe\" &amp; {Import-Module AADInternals -Force, Export-AADIntADFSCertificates, Get-ChildItem | Where-Object {$_ -like \\\"\"ADFS*\\\"\"}, Write-Host \\\"\"`nCertificates retrieved successfully\\\"\"}"},{"@Name":"ParentUser","#text":"SERVER002\\admin_test"}]}}}
{"Event":{"System":{"Provider":{"@Name":"Microsoft-Windows-Sysmon","@Guid":"5770385f-c22a-43e0-bf4c-06f5698ffbd9"},"EventID":"5","Version":"3","Level":"4","Task":"5","Opcode":"0","Keywords":"0x8000000000000000","TimeCreated":{"@SystemTime":"2024-10-27 20:00:03.5481160"},"EventRecordID":"18061","Correlation":null,"Execution":{"@ProcessID":"3196","@ThreadID":"1064"},"Channel":"Microsoft-Windows-Sysmon/Operational","Computer":"Server002","Security":{"@UserID":"S-1-5-18"}},"EventData":{"Data":[{"@Name":"RuleName","#text":"-"},{"@Name":"UtcTime","#text":"2024-10-27 20:00:03.544"},{"@Name":"ProcessGuid","#text":"dbf410b3-9bc2-671e-f600-000000003900"},{"@Name":"ProcessId","#text":"5172"},{"@Name":"Image","#text":"C:\\Windows\\System32\\WindowsPowerShell\\v1.0\\powershell.exe"},{"@Name":"User","#text":"SERVER002\\admin_test"}]}}}
{"Event":{"System":{"Provider":{"@Name":"Microsoft-Windows-Sysmon","@Guid":"5770385f-c22a-43e0-bf4c-06f5698ffbd9"},"EventID":"5","Version":"3","Level":"4","Task":"5","Opcode":"0","Keywords":"0x8000000000000000","TimeCreated":{"@SystemTime":"2024-10-27 20:00:03.5516667"},"EventRecordID":"18062","Correlation":null,"Execution":{"@ProcessID":"3196","@ThreadID":"1064"},"Channel":"Microsoft-Windows-Sysmon/Operational","Computer":"Server002","Security":{"@UserID":"S-1-5-18"}},"EventData":{"Data":[{"@Name":"RuleName","#text":"-"},{"@Name":"UtcTime","#text":"2024-10-27 20:00:03.548"},{"@Name":"ProcessGuid","#text":"dbf410b3-9bc2-671e-f700-000000003900"},{"@Name":"ProcessId","#text":"4872"},{"@Name":"Image","#text":"C:\\Windows\\System32\\conhost.exe"},{"@Name":"User","#text":"SERVER002\\admin_test"}]}}}
{"Event":{"System":{"Provider":{"@Name":"Microsoft-Windows-Sysmon","@Guid":"5770385f-c22a-43e0-bf4c-06f5698ffbd9"},"EventID":"1","Version":"5","Level":"4","Task":"1","Opcode":"0","Keywords":"0x8000000000000000","TimeCreated":{"@SystemTime":"2024-10-27 20:00:03.7832526"},"EventRecordID":"18063","Correlation":null,"Execution":{"@ProcessID":"3196","@ThreadID":"1064"},"Channel":"Microsoft-Windows-Sysmon/Operational","Computer":"Server002","Security":{"@UserID":"S-1-5-18"}},"EventData":{"Data":[{"@Name":"RuleName","#text":"-"},{"@Name":"UtcTime","#text":"2024-10-27 20:00:03.673"},{"@Name":"ProcessGuid","#text":"dbf410b3-9bc3-671e-f800-000000003900"},{"@Name":"ProcessId","#text":"4476"},{"@Name":"Image","#text":"C:\\Program Files (x86)\\Microsoft\\EdgeUpdate\\Install\\{12702358-A7D4-4D2E-A0E2-AE0715F7253C}\\MicrosoftEdge_X64_130.0.2849.52_129.0.2792.89.exe"},{"@Name":"FileVersion","#text":"130.0.2849.52"},{"@Name":"Description","#text":"Microsoft Edge Installer"},{"@Name":"Product","#text":"Microsoft Edge Installer"},{"@Name":"Company","#text":"Microsoft Corporation"},{"@Name":"OriginalFileName","#text":"mini_installer.exe"},{"@Name":"CommandLine","#text":"\"C:\\Program Files (x86)\\Microsoft\\EdgeUpdate\\Install\\{12702358-A7D4-4D2E-A0E2-AE0715F7253C}\\MicrosoftEdge_X64_130.0.2849.52_129.0.2792.89.exe\" --msedgewebview --verbose-logging --do-not-launch-msedge --system-level"},{"@Name":"CurrentDirectory","#text":"C:\\Program Files (x86)\\Microsoft\\EdgeUpdate\\1.3.195.27\\"},{"@Name":"User","#text":"NT AUTHORITY\\SYSTEM"},{"@Name":"LogonGuid","#text":"dbf410b3-a8e0-671e-e703-000000000000"},{"@Name":"LogonId","#text":"0x3E7"},{"@Name":"TerminalSessionId","#text":"0"},{"@Name":"IntegrityLevel","#text":"System"},{"@Name":"Hashes","#text":"SHA256=4212DF577092F45B799963260F9C238FF124F8BBE3A8584B0C87737C8AFF06B6"},{"@Name":"ParentProcessGuid","#text":"dbf410b3-9b39-671e-c200-000000003900"},{"@Name":"ParentProcessId","#text":"2032"},{"@Name":"ParentImage","#text":"C:\\Program Files (x86)\\Microsoft\\EdgeUpdate\\MicrosoftEdgeUpdate.exe"},{"@Name":"ParentCommandLine","#text":"\"C:\\Program Files (x86)\\Microsoft\\EdgeUpdate\\MicrosoftEdgeUpdate.exe\" /svc"},{"@Name":"ParentUser","#text":"NT AUTHORITY\\SYSTEM"}]}}}
{"Event":{"System":{"Provider":{"@Name":"Microsoft-Windows-Sysmon","@Guid":"5770385f-c22a-43e0-bf4c-06f5698ffbd9"},"EventID":"1","Version":"5","Level":"4","Task":"1","Opcode":"0","Keywords":"0x8000000000000000","TimeCreated":{"@SystemTime":"2024-10-27 20:00:03.9394505"},"EventRecordID":"18064","Correlation":null,"Execution":{"@ProcessID":"3196","@ThreadID":"1064"},"Channel":"Microsoft-Windows-Sysmon/Operational","Computer":"Server002","Security":{"@UserID":"S-1-5-18"}},"EventData":{"Data":[{"@Name":"RuleName","#text":"-"},{"@Name":"UtcTime","#text":"2024-10-27 20:00:03.918"},{"@Name":"ProcessGuid","#text":"dbf410b3-9bc3-671e-f900-000000003900"},{"@Name":"ProcessId","#text":"5556"},{"@Name":"Image","#text":"C:\\Program Files (x86)\\Microsoft\\EdgeUpdate\\Install\\{12702358-A7D4-4D2E-A0E2-AE0715F7253C}\\EDGEMITMP_0B7B4.tmp\\setup.exe"},{"@Name":"FileVersion","#text":"130.0.2849.52"},{"@Name":"Description","#text":"Microsoft Edge Installer"},{"@Name":"Product","#text":"Microsoft Edge Installer"},{"@Name":"Company","#text":"Microsoft Corporation"},{"@Name":"OriginalFileName","#text":"setup.exe"},{"@Name":"CommandLine","#text":"\"C:\\Program Files (x86)\\Microsoft\\EdgeUpdate\\Install\\{12702358-A7D4-4D2E-A0E2-AE0715F7253C}\\EDGEMITMP_0B7B4.tmp\\setup.exe\" --install-archive=\"C:\\Program Files (x86)\\Microsoft\\EdgeUpdate\\Install\\{12702358-A7D4-4D2E-A0E2-AE0715F7253C}\\MicrosoftEdge_X64_130.0.2849.52_129.0.2792.89.exe\" --previous-version=\"129.0.2792.89\" --msedgewebview --verbose-logging --do-not-launch-msedge --system-level"},{"@Name":"CurrentDirectory","#text":"C:\\Program Files (x86)\\Microsoft\\EdgeUpdate\\1.3.195.27\\"},{"@Name":"User","#text":"NT AUTHORITY\\SYSTEM"},{"@Name":"LogonGuid","#text":"dbf410b3-a8e0-671e-e703-000000000000"},{"@Name":"LogonId","#text":"0x3E7"},{"@Name":"TerminalSessionId","#text":"0"},{"@Name":"IntegrityLevel","#text":"System"},{"@Name":"Hashes","#text":"SHA256=C4F2CEB49430FA117BD04737CB41BB6B52B27080A9DE611AAAC79BCE3C1EA80F"},{"@Name":"ParentProcessGuid","#text":"dbf410b3-9bc3-671e-f800-000000003900"},{"@Name":"ParentProcessId","#text":"4476"},{"@Name":"ParentImage","#text":"C:\\Program Files (x86)\\Microsoft\\EdgeUpdate\\Install\\{12702358-A7D4-4D2E-A0E2-AE0715F7253C}\\MicrosoftEdge_X64_130.0.2849.52_129.0.2792.89.exe"},{"@Name":"ParentCommandLine","#text":"\"C:\\Program Files (x86)\\Microsoft\\EdgeUpdate\\Install\\{12702358-A7D4-4D2E-A0E2-AE0715F7253C}\\MicrosoftEdge_X64_130.0.2849.52_129.0.2792.89.exe\" --msedgewebview --verbose-logging --do-not-launch-msedge --system-level"},{"@Name":"ParentUser","#text":"NT AUTHORITY\\SYSTEM"}]}}}
{"Event":{"System":{"Provider":{"@Name":"Microsoft-Windows-Sysmon","@Guid":"5770385f-c22a-43e0-bf4c-06f5698ffbd9"},"EventID":"1","Version":"5","Level":"4","Task":"1","Opcode":"0","Keywords":"0x8000000000000000","TimeCreated":{"@SystemTime":"2024-10-27 20:00:03.9751101"},"EventRecordID":"18065","Correlation":null,"Execution":{"@ProcessID":"3196","@ThreadID":"1064"},"Channel":"Microsoft-Windows-Sysmon/Operational","Computer":"Server002","Security":{"@UserID":"S-1-5-18"}},"EventData":{"Data":[{"@Name":"RuleName","#text":"-"},{"@Name":"UtcTime","#text":"2024-10-27 20:00:03.972"},{"@Name":"ProcessGuid","#text":"dbf410b3-9bc3-671e-fa00-000000003900"},{"@Name":"ProcessId","#text":"4624"},{"@Name":"Image","#text":"C:\\Program Files (x86)\\Microsoft\\EdgeUpdate\\Install\\{12702358-A7D4-4D2E-A0E2-AE0715F7253C}\\EDGEMITMP_0B7B4.tmp\\setup.exe"},{"@Name":"FileVersion","#text":"130.0.2849.52"},{"@Name":"Description","#text":"Microsoft Edge Installer"},{"@Name":"Product","#text":"Microsoft Edge Installer"},{"@Name":"Company","#text":"Microsoft Corporation"},{"@Name":"OriginalFileName","#text":"setup.exe"},{"@Name":"CommandLine","#text":"\"C:\\Program Files (x86)\\Microsoft\\EdgeUpdate\\Install\\{12702358-A7D4-4D2E-A0E2-AE0715F7253C}\\EDGEMITMP_0B7B4.tmp\\setup.exe\" --type=crashpad-handler /prefetch:4 --monitor-self-annotation=ptype=crashpad-handler --database=C:\\Windows\\SystemTemp\\MsEdgeCrashpad --annotation=IsOfficialBuild=1 --annotation=channel= --annotation=chromium-version=130.0.6723.59 \"--annotation=exe=C:\\Program Files (x86)\\Microsoft\\EdgeUpdate\\Install\\{12702358-A7D4-4D2E-A0E2-AE0715F7253C}\\EDGEMITMP_0B7B4.tmp\\setup.exe\" --annotation=plat=Win64 --annotation=prod=Edge --annotation=ver=130.0.2849.52 --initial-client-data=0x23c,0x240,0x244,0x218,0x248,0x7ff6315bd730,0x7ff6315bd73c,0x7ff6315bd748"},{"@Name":"CurrentDirectory","#text":"C:\\Program Files (x86)\\Microsoft\\EdgeUpdate\\1.3.195.27\\"},{"@Name":"User","#text":"NT AUTHORITY\\SYSTEM"},{"@Name":"LogonGuid","#text":"dbf410b3-a8e0-671e-e703-000000000000"},{"@Name":"LogonId","#text":"0x3E7"},{"@Name":"TerminalSessionId","#text":"0"},{"@Name":"IntegrityLevel","#text":"System"},{"@Name":"Hashes","#text":"SHA256=C4F2CEB49430FA117BD04737CB41BB6B52B27080A9DE611AAAC79BCE3C1EA80F"},{"@Name":"ParentProcessGuid","#text":"dbf410b3-9bc3-671e-f900-000000003900"},{"@Name":"ParentProcessId","#text":"5556"},{"@Name":"ParentImage","#text":"C:\\Program Files (x86)\\Microsoft\\EdgeUpdate\\Install\\{12702358-A7D4-4D2E-A0E2-AE0715F7253C}\\EDGEMITMP_0B7B4.tmp\\setup.exe"},{"@Name":"ParentCommandLine","#text":"\"C:\\Program Files (x86)\\Microsoft\\EdgeUpdate\\Install\\{12702358-A7D4-4D2E-A0E2-AE0715F7253C}\\EDGEMITMP_0B7B4.tmp\\setup.exe\" --install-archive=\"C:\\Program Files (x86)\\Microsoft\\EdgeUpdate\\Install\\{12702358-A7D4-4D2E-A0E2-AE0715F7253C}\\MicrosoftEdge_X64_130.0.2849.52_129.0.2792.89.exe\" --previous-version=\"129.0.2792.89\" --msedgewebview --verbose-logging --do-not-launch-msedge --system-level"},{"@Name":"ParentUser","#text":"NT AUTHORITY\\SYSTEM"}]}}}
{"Event":{"System":{"Provider":{"@Name":"Microsoft-Windows-Sysmon","@Guid":"5770385f-c22a-43e0-bf4c-06f5698ffbd9"},"EventID":"5","Version":"3","Level":"4","Task":"5","Opcode":"0","Keywords":"0x8000000000000000","TimeCreated":{"@SystemTime":"2024-10-27 20:00:04.4230691"},"EventRecordID":"18066","Correlation":null,"Execution":{"@ProcessID":"3196","@ThreadID":"1064"},"Channel":"Microsoft-Windows-Sysmon/Operational","Computer":"Server002","Security":{"@UserID":"S-1-5-18"}},"EventData":{"Data":[{"@Name":"RuleName","#text":"-"},{"@Name":"UtcTime","#text":"2024-10-27 20:00:04.418"},{"@Name":"ProcessGuid","#text":"dbf410b3-9bb1-671e-da00-000000003900"},{"@Name":"ProcessId","#text":"5768"},{"@Name":"Image","#text":"C:\\Windows\\System32\\svchost.exe"},{"@Name":"User","#text":"NT AUTHORITY\\SYSTEM"}]}}}
{"Event":{"System":{"Provider":{"@Name":"Microsoft-Windows-Sysmon","@Guid":"5770385f-c22a-43e0-bf4c-06f5698ffbd9"},"EventID":"5","Version":"3","Level":"4","Task":"5","Opcode":"0","Keywords":"0x8000000000000000","TimeCreated":{"@SystemTime":"2024-10-27 20:00:18.1575792"},"EventRecordID":"18067","Correlation":null,"Execution":{"@ProcessID":"3196","@ThreadID":"1064"},"Channel":"Microsoft-Windows-Sysmon/Operational","Computer":"Server002","Security":{"@UserID":"S-1-5-18"}},"EventData":{"Data":[{"@Name":"RuleName","#text":"-"},{"@Name":"UtcTime","#text":"2024-10-27 20:00:18.154"},{"@Name":"ProcessGuid","#text":"dbf410b3-9ade-671e-8700-000000003900"},{"@Name":"ProcessId","#text":"5188"},{"@Name":"Image","#text":"C:\\Windows\\System32\\svchost.exe"},{"@Name":"User","#text":"NT AUTHORITY\\SYSTEM"}]}}}
{"Event":{"System":{"Provider":{"@Name":"Microsoft-Windows-Sysmon","@Guid":"5770385f-c22a-43e0-bf4c-06f5698ffbd9"},"EventID":"5","Version":"3","Level":"4","Task":"5","Opcode":"0","Keywords":"0x8000000000000000","TimeCreated":{"@SystemTime":"2024-10-27 20:00:19.6628737"},"EventRecordID":"18068","Correlation":null,"Execution":{"@ProcessID":"3196","@ThreadID":"1064"},"Channel":"Microsoft-Windows-Sysmon/Operational","Computer":"Server002","Security":{"@UserID":"S-1-5-18"}},"EventData":{"Data":[{"@Name":"RuleName","#text":"-"},{"@Name":"UtcTime","#text":"2024-10-27 20:00:19.662"},{"@Name":"ProcessGuid","#text":"dbf410b3-9bb3-671e-e500-000000003900"},{"@Name":"ProcessId","#text":"6896"},{"@Name":"Image","#text":"C:\\Windows\\System32\\svchost.exe"},{"@Name":"User","#text":"NT AUTHORITY\\SYSTEM"}]}}}
