

{"Event":{"System":{"Provider":{"@Name":"Microsoft-Windows-WindowsUpdateClient","@Guid":"945a8954-c147-4acd-923f-40c45405a658"},"EventID":"44","Version":"1","Level":"4","Task":"1","Opcode":"12","Keywords":"0x8000000000002004","TimeCreated":{"@SystemTime":"2024-10-24 21:09:53.8797579"},"EventRecordID":"3575","Correlation":null,"Execution":{"@ProcessID":"4920","@ThreadID":"5148"},"Channel":"System","Computer":"Server002","Security":{"@UserID":"S-1-5-18"}},"EventData":{"Data":[{"@Name":"updateTitle","#text":"9NBLGGH3FRZM-Microsoft.VCLibs.140.00"},{"@Name":"updateGuid","#text":"7c4b0956-b3f1-40ac-a633-668abc5d6af2"},{"@Name":"updateRevisionNumber","#text":"1"}]}}}
{"Event":{"System":{"Provider":{"@Name":"Microsoft-Windows-WindowsUpdateClient","@Guid":"945a8954-c147-4acd-923f-40c45405a658"},"EventID":"44","Version":"1","Level":"4","Task":"1","Opcode":"12","Keywords":"0x8000000000002004","TimeCreated":{"@SystemTime":"2024-10-24 21:09:53.8797613"},"EventRecordID":"3576","Correlation":null,"Execution":{"@ProcessID":"4920","@ThreadID":"5148"},"Channel":"System","Computer":"Server002","Security":{"@UserID":"S-1-5-18"}},"EventData":{"Data":[{"@Name":"updateTitle","#text":"9PLL735RFDSM-Microsoft.NET.Native.Runtime.2.2"},{"@Name":"updateGuid","#text":"9c137291-4059-4cb8-b650-12b07bbe1da1"},{"@Name":"updateRevisionNumber","#text":"1"}]}}}
{"Event":{"System":{"Provider":{"@Name":"Microsoft-Windows-Kernel-General","@Guid":"a68ca8b7-004f-d7b6-a698-07e2de0f1f5d"},"EventID":"16","Version":"0","Level":"4","Task":"0","Opcode":"0","Keywords":"0x8000000000000000","TimeCreated":{"@SystemTime":"2024-10-24 21:09:58.7734979"},"EventRecordID":"3577","Correlation":null,"Execution":{"@ProcessID":"3968","@ThreadID":"5272"},"Channel":"System","Computer":"Server002","Security":{"@UserID":"S-1-5-18"}},"EventData":{"Data":[{"@Name":"HiveNameLength","#text":"140"},{"@Name":"HiveName","#text":"\\??\\C:\\ProgramData\\Microsoft\\Windows\\AppRepository\\Packages\\MicrosoftWindows.CrossDevice_0.24092.24.0_x64__cw5n1h2txyewy\\ActivationStore.dat"},{"@Name":"KeysUpdated","#text":"0"},{"@Name":"DirtyPages","#text":"0"}]}}}
{"Event":{"System":{"Provider":{"@Name":"Microsoft-Windows-WindowsUpdateClient","@Guid":"945a8954-c147-4acd-923f-40c45405a658"},"EventID":"44","Version":"1","Level":"4","Task":"1","Opcode":"12","Keywords":"0x8000000000002004","TimeCreated":{"@SystemTime":"2024-10-24 21:09:59.6977391"},"EventRecordID":"3578","Correlation":null,"Execution":{"@ProcessID":"4920","@ThreadID":"5148"},"Channel":"System","Computer":"Server002","Security":{"@UserID":"S-1-5-18"}},"EventData":{"Data":[{"@Name":"updateTitle","#text":"9NMPJ99VJBWV-Microsoft.YourPhone"},{"@Name":"updateGuid","#text":"398e8389-47af-4101-9e1b-de23a4cbc805"},{"@Name":"updateRevisionNumber","#text":"1"}]}}}
{"Event":{"System":{"Provider":{"@Name":"Microsoft-Windows-WindowsUpdateClient","@Guid":"945a8954-c147-4acd-923f-40c45405a658"},"EventID":"44","Version":"1","Level":"4","Task":"1","Opcode":"12","Keywords":"0x8000000000002004","TimeCreated":{"@SystemTime":"2024-10-24 21:09:59.6977433"},"EventRecordID":"3579","Correlation":null,"Execution":{"@ProcessID":"4920","@ThreadID":"5148"},"Channel":"System","Computer":"Server002","Security":{"@UserID":"S-1-5-18"}},"EventData":{"Data":[{"@Name":"updateTitle","#text":"9MW2LKJ0TPJF-Microsoft.NET.Native.Framework.2.2"},{"@Name":"updateGuid","#text":"bfa7d40d-2cdf-4c15-98cf-85c847517da3"},{"@Name":"updateRevisionNumber","#text":"1"}]}}}
{"Event":{"System":{"Provider":{"@Name":"Microsoft-Windows-WindowsUpdateClient","@Guid":"945a8954-c147-4acd-923f-40c45405a658"},"EventID":"44","Version":"1","Level":"4","Task":"1","Opcode":"12","Keywords":"0x8000000000002004","TimeCreated":{"@SystemTime":"2024-10-24 21:09:59.6977452"},"EventRecordID":"3580","Correlation":null,"Execution":{"@ProcessID":"4920","@ThreadID":"5148"},"Channel":"System","Computer":"Server002","Security":{"@UserID":"S-1-5-18"}},"EventData":{"Data":[{"@Name":"updateTitle","#text":"9NTXGKQ8P7N0-MicrosoftWindows.CrossDevice"},{"@Name":"updateGuid","#text":"1cb55d35-d5fb-4dbd-b3fd-73165ba33fb9"},{"@Name":"updateRevisionNumber","#text":"1"}]}}}
{"Event":{"System":{"Provider":{"@Name":"Microsoft-Windows-WindowsUpdateClient","@Guid":"945a8954-c147-4acd-923f-40c45405a658"},"EventID":"44","Version":"1","Level":"4","Task":"1","Opcode":"12","Keywords":"0x8000000000002004","TimeCreated":{"@SystemTime":"2024-10-24 21:10:04.2522072"},"EventRecordID":"3581","Correlation":null,"Execution":{"@ProcessID":"4920","@ThreadID":"5148"},"Channel":"System","Computer":"Server002","Security":{"@UserID":"S-1-5-18"}},"EventData":{"Data":[{"@Name":"updateTitle","#text":"9NMPJ99VJBWV-Microsoft.YourPhone"},{"@Name":"updateGuid","#text":"398e8389-47af-4101-9e1b-de23a4cbc805"},{"@Name":"updateRevisionNumber","#text":"1"}]}}}
{"Event":{"System":{"Provider":{"@Name":"Microsoft-Windows-WindowsUpdateClient","@Guid":"945a8954-c147-4acd-923f-40c45405a658"},"EventID":"44","Version":"1","Level":"4","Task":"1","Opcode":"12","Keywords":"0x8000000000002004","TimeCreated":{"@SystemTime":"2024-10-24 21:10:07.8137181"},"EventRecordID":"3582","Correlation":null,"Execution":{"@ProcessID":"4920","@ThreadID":"5148"},"Channel":"System","Computer":"Server002","Security":{"@UserID":"S-1-5-18"}},"EventData":{"Data":[{"@Name":"updateTitle","#text":"9NBLGGH3FRZM-Microsoft.VCLibs.140.00"},{"@Name":"updateGuid","#text":"7c4b0956-b3f1-40ac-a633-668abc5d6af2"},{"@Name":"updateRevisionNumber","#text":"1"}]}}}
{"Event":{"System":{"Provider":{"@Name":"Microsoft-Windows-WindowsUpdateClient","@Guid":"945a8954-c147-4acd-923f-40c45405a658"},"EventID":"44","Version":"1","Level":"4","Task":"1","Opcode":"12","Keywords":"0x8000000000002004","TimeCreated":{"@SystemTime":"2024-10-24 21:10:07.8137201"},"EventRecordID":"3583","Correlation":null,"Execution":{"@ProcessID":"4920","@ThreadID":"5148"},"Channel":"System","Computer":"Server002","Security":{"@UserID":"S-1-5-18"}},"EventData":{"Data":[{"@Name":"updateTitle","#text":"9NMPJ99VJBWV-Microsoft.YourPhone"},{"@Name":"updateGuid","#text":"398e8389-47af-4101-9e1b-de23a4cbc805"},{"@Name":"updateRevisionNumber","#text":"1"}]}}}
{"Event":{"System":{"Provider":{"@Name":"Microsoft-Windows-WindowsUpdateClient","@Guid":"945a8954-c147-4acd-923f-40c45405a658"},"EventID":"44","Version":"1","Level":"4","Task":"1","Opcode":"12","Keywords":"0x8000000000002004","TimeCreated":{"@SystemTime":"2024-10-24 21:10:07.8137227"},"EventRecordID":"3584","Correlation":null,"Execution":{"@ProcessID":"4920","@ThreadID":"5148"},"Channel":"System","Computer":"Server002","Security":{"@UserID":"S-1-5-18"}},"EventData":{"Data":[{"@Name":"updateTitle","#text":"9NBLGGH4RV3K-Microsoft.VCLibs.140.00.UWPDesktop"},{"@Name":"updateGuid","#text":"fcdd3b59-f41c-4595-b36b-245bacb749e8"},{"@Name":"updateRevisionNumber","#text":"1"}]}}}
{"Event":{"System":{"Provider":{"@Name":"Microsoft-Windows-WindowsUpdateClient","@Guid":"945a8954-c147-4acd-923f-40c45405a658"},"EventID":"44","Version":"1","Level":"4","Task":"1","Opcode":"12","Keywords":"0x8000000000002004","TimeCreated":{"@SystemTime":"2024-10-24 21:10:07.8137242"},"EventRecordID":"3585","Correlation":null,"Execution":{"@ProcessID":"4920","@ThreadID":"5148"},"Channel":"System","Computer":"Server002","Security":{"@UserID":"S-1-5-18"}},"EventData":{"Data":[{"@Name":"updateTitle","#text":"9NMPJ99VJBWV-Microsoft.YourPhone"},{"@Name":"updateGuid","#text":"398e8389-47af-4101-9e1b-de23a4cbc805"},{"@Name":"updateRevisionNumber","#text":"1"}]}}}
{"Event":{"System":{"Provider":{"@Name":"Microsoft-Windows-WindowsUpdateClient","@Guid":"945a8954-c147-4acd-923f-40c45405a658"},"EventID":"44","Version":"1","Level":"4","Task":"1","Opcode":"12","Keywords":"0x8000000000002004","TimeCreated":{"@SystemTime":"2024-10-24 21:10:11.4361915"},"EventRecordID":"3586","Correlation":null,"Execution":{"@ProcessID":"4920","@ThreadID":"5148"},"Channel":"System","Computer":"Server002","Security":{"@UserID":"S-1-5-18"}},"EventData":{"Data":[{"@Name":"updateTitle","#text":"9PLL735RFDSM-Microsoft.NET.Native.Runtime.2.2"},{"@Name":"updateGuid","#text":"9c137291-4059-4cb8-b650-12b07bbe1da1"},{"@Name":"updateRevisionNumber","#text":"1"}]}}}
{"Event":{"System":{"Provider":{"@Name":"Microsoft-Windows-WindowsUpdateClient","@Guid":"945a8954-c147-4acd-923f-40c45405a658"},"EventID":"44","Version":"1","Level":"4","Task":"1","Opcode":"12","Keywords":"0x8000000000002004","TimeCreated":{"@SystemTime":"2024-10-24 21:10:11.4361974"},"EventRecordID":"3587","Correlation":null,"Execution":{"@ProcessID":"4920","@ThreadID":"5148"},"Channel":"System","Computer":"Server002","Security":{"@UserID":"S-1-5-18"}},"EventData":{"Data":[{"@Name":"updateTitle","#text":"9WZDNCRFJBMP-MICROSOFT.WINDOWSSTORE"},{"@Name":"updateGuid","#text":"e6ef63c2-bd77-47ec-9643-42cf1f82b9b4"},{"@Name":"updateRevisionNumber","#text":"1"}]}}}
{"Event":{"System":{"Provider":{"@Name":"Microsoft-Windows-WindowsUpdateClient","@Guid":"945a8954-c147-4acd-923f-40c45405a658"},"EventID":"44","Version":"1","Level":"4","Task":"1","Opcode":"12","Keywords":"0x8000000000002004","TimeCreated":{"@SystemTime":"2024-10-24 21:10:13.8620744"},"EventRecordID":"3588","Correlation":null,"Execution":{"@ProcessID":"4920","@ThreadID":"5148"},"Channel":"System","Computer":"Server002","Security":{"@UserID":"S-1-5-18"}},"EventData":{"Data":[{"@Name":"updateTitle","#text":"9MW2LKJ0TPJF-Microsoft.NET.Native.Framework.2.2"},{"@Name":"updateGuid","#text":"bfa7d40d-2cdf-4c15-98cf-85c847517da3"},{"@Name":"updateRevisionNumber","#text":"1"}]}}}
{"Event":{"System":{"Provider":{"@Name":"Microsoft-Windows-WindowsUpdateClient","@Guid":"945a8954-c147-4acd-923f-40c45405a658"},"EventID":"44","Version":"1","Level":"4","Task":"1","Opcode":"12","Keywords":"0x8000000000002004","TimeCreated":{"@SystemTime":"2024-10-24 21:10:13.8620769"},"EventRecordID":"3589","Correlation":null,"Execution":{"@ProcessID":"4920","@ThreadID":"5148"},"Channel":"System","Computer":"Server002","Security":{"@UserID":"S-1-5-18"}},"EventData":{"Data":[{"@Name":"updateTitle","#text":"9WZDNCRFJBMP-MICROSOFT.WINDOWSSTORE"},{"@Name":"updateGuid","#text":"e6ef63c2-bd77-47ec-9643-42cf1f82b9b4"},{"@Name":"updateRevisionNumber","#text":"1"}]}}}
{"Event":{"System":{"Provider":{"@Name":"Microsoft-Windows-WindowsUpdateClient","@Guid":"945a8954-c147-4acd-923f-40c45405a658"},"EventID":"44","Version":"1","Level":"4","Task":"1","Opcode":"12","Keywords":"0x8000000000002004","TimeCreated":{"@SystemTime":"2024-10-24 21:10:13.8620808"},"EventRecordID":"3590","Correlation":null,"Execution":{"@ProcessID":"4920","@ThreadID":"5148"},"Channel":"System","Computer":"Server002","Security":{"@UserID":"S-1-5-18"}},"EventData":{"Data":[{"@Name":"updateTitle","#text":"9NFFX4SZZ23L-Microsoft.549981C3F5F10"},{"@Name":"updateGuid","#text":"57d05949-a23d-454d-a000-73dc257aa0e2"},{"@Name":"updateRevisionNumber","#text":"1"}]}}}
{"Event":{"System":{"Provider":{"@Name":"Microsoft-Windows-WindowsUpdateClient","@Guid":"945a8954-c147-4acd-923f-40c45405a658"},"EventID":"44","Version":"1","Level":"4","Task":"1","Opcode":"12","Keywords":"0x8000000000002004","TimeCreated":{"@SystemTime":"2024-10-24 21:10:26.1583169"},"EventRecordID":"3591","Correlation":null,"Execution":{"@ProcessID":"4920","@ThreadID":"5148"},"Channel":"System","Computer":"Server002","Security":{"@UserID":"S-1-5-18"}},"EventData":{"Data":[{"@Name":"updateTitle","#text":"9NBLGGH4RV3K-Microsoft.VCLibs.140.00.UWPDesktop"},{"@Name":"updateGuid","#text":"fcdd3b59-f41c-4595-b36b-245bacb749e8"},{"@Name":"updateRevisionNumber","#text":"1"}]}}}
{"Event":{"System":{"Provider":{"@Name":"Microsoft-Windows-WindowsUpdateClient","@Guid":"945a8954-c147-4acd-923f-40c45405a658"},"EventID":"44","Version":"1","Level":"4","Task":"1","Opcode":"12","Keywords":"0x8000000000002004","TimeCreated":{"@SystemTime":"2024-10-24 21:10:26.1583200"},"EventRecordID":"3592","Correlation":null,"Execution":{"@ProcessID":"4920","@ThreadID":"5148"},"Channel":"System","Computer":"Server002","Security":{"@UserID":"S-1-5-18"}},"EventData":{"Data":[{"@Name":"updateTitle","#text":"9NMPJ99VJBWV-Microsoft.YourPhone"},{"@Name":"updateGuid","#text":"398e8389-47af-4101-9e1b-de23a4cbc805"},{"@Name":"updateRevisionNumber","#text":"1"}]}}}
{"Event":{"System":{"Provider":{"@Name":"Microsoft-Windows-WindowsUpdateClient","@Guid":"945a8954-c147-4acd-923f-40c45405a658"},"EventID":"44","Version":"1","Level":"4","Task":"1","Opcode":"12","Keywords":"0x8000000000002004","TimeCreated":{"@SystemTime":"2024-10-24 21:10:26.1583213"},"EventRecordID":"3593","Correlation":null,"Execution":{"@ProcessID":"4920","@ThreadID":"5148"},"Channel":"System","Computer":"Server002","Security":{"@UserID":"S-1-5-18"}},"EventData":{"Data":[{"@Name":"updateTitle","#text":"9WZDNCRFJBMP-MICROSOFT.WINDOWSSTORE"},{"@Name":"updateGuid","#text":"e6ef63c2-bd77-47ec-9643-42cf1f82b9b4"},{"@Name":"updateRevisionNumber","#text":"1"}]}}}
{"Event":{"System":{"Provider":{"@Name":"Microsoft-Windows-WindowsUpdateClient","@Guid":"945a8954-c147-4acd-923f-40c45405a658"},"EventID":"44","Version":"1","Level":"4","Task":"1","Opcode":"12","Keywords":"0x8000000000002004","TimeCreated":{"@SystemTime":"2024-10-24 21:10:29.4245397"},"EventRecordID":"3594","Correlation":null,"Execution":{"@ProcessID":"4920","@ThreadID":"5148"},"Channel":"System","Computer":"Server002","Security":{"@UserID":"S-1-5-18"}},"EventData":{"Data":[{"@Name":"updateTitle","#text":"9NBLGGH3FRZM-Microsoft.VCLibs.140.00"},{"@Name":"updateGuid","#text":"7c4b0956-b3f1-40ac-a633-668abc5d6af2"},{"@Name":"updateRevisionNumber","#text":"1"}]}}}
{"Event":{"System":{"Provider":{"@Name":"Microsoft-Windows-WindowsUpdateClient","@Guid":"945a8954-c147-4acd-923f-40c45405a658"},"EventID":"44","Version":"1","Level":"4","Task":"1","Opcode":"12","Keywords":"0x8000000000002004","TimeCreated":{"@SystemTime":"2024-10-24 21:10:29.4245415"},"EventRecordID":"3595","Correlation":null,"Execution":{"@ProcessID":"4920","@ThreadID":"5148"},"Channel":"System","Computer":"Server002","Security":{"@UserID":"S-1-5-18"}},"EventData":{"Data":[{"@Name":"updateTitle","#text":"9NMPJ99VJBWV-Microsoft.YourPhone"},{"@Name":"updateGuid","#text":"398e8389-47af-4101-9e1b-de23a4cbc805"},{"@Name":"updateRevisionNumber","#text":"1"}]}}}
{"Event":{"System":{"Provider":{"@Name":"Microsoft-Windows-WindowsUpdateClient","@Guid":"945a8954-c147-4acd-923f-40c45405a658"},"EventID":"44","Version":"1","Level":"4","Task":"1","Opcode":"12","Keywords":"0x8000000000002004","TimeCreated":{"@SystemTime":"2024-10-24 21:10:29.4245434"},"EventRecordID":"3596","Correlation":null,"Execution":{"@ProcessID":"4920","@ThreadID":"5148"},"Channel":"System","Computer":"Server002","Security":{"@UserID":"S-1-5-18"}},"EventData":{"Data":[{"@Name":"updateTitle","#text":"9WZDNCRFJBMP-MICROSOFT.WINDOWSSTORE"},{"@Name":"updateGuid","#text":"e6ef63c2-bd77-47ec-9643-42cf1f82b9b4"},{"@Name":"updateRevisionNumber","#text":"1"}]}}}
